<?xml version="1.0" encoding="UTF-8"?>
<!-- Generated by org.testng.reporters.JUnitReportReporter -->
<testsuite hostname="DESKTOP-7AROHI4" failures="0" tests="1" name="workpulseapi.JournalNote" time="2.027" errors="0" timestamp="2024-02-13T12:24:37 IST" skipped="0">
  <testcase classname="workpulseapi.JournalNote" name="addjournalnote" time="2.027"/>
  <system-out/>
</testsuite> <!-- workpulseapi.JournalNote -->
