<?xml version="1.0" encoding="UTF-8"?>
<testsuite xmlns:xsi="http://www.w3.org/2001/XMLSchema-instance" xsi:noNamespaceSchemaLocation="https://maven.apache.org/surefire/maven-surefire-plugin/xsd/surefire-test-report-3.0.xsd" version="3.0" name="TestSuite" time="10.85" tests="3" errors="0" skipped="0" failures="0">
  <properties>
    <property name="java.specification.version" value="17"/>
    <property name="sun.cpu.isalist" value="amd64"/>
    <property name="sun.jnu.encoding" value="Cp1252"/>
    <property name="java.class.path" value="C:\Users\Dell\git\GITAPIRepo\WorkpulseAPIAutomationRepo\ApiAutomation\target\test-classes;C:\Users\Dell\git\GITAPIRepo\WorkpulseAPIAutomationRepo\ApiAutomation\target\classes;C:\WINDOWS\system32\config\systemprofile\.m2\repository\org\testng\testng\7.8.0\testng-7.8.0.jar;C:\WINDOWS\system32\config\systemprofile\.m2\repository\com\beust\jcommander\1.82\jcommander-1.82.jar;C:\WINDOWS\system32\config\systemprofile\.m2\repository\org\webjars\jquery\3.6.1\jquery-3.6.1.jar;C:\WINDOWS\system32\config\systemprofile\.m2\repository\org\json\json\20240205\json-20240205.jar;C:\WINDOWS\system32\config\systemprofile\.m2\repository\io\rest-assured\rest-assured\5.3.2\rest-assured-5.3.2.jar;C:\WINDOWS\system32\config\systemprofile\.m2\repository\org\apache\groovy\groovy\4.0.11\groovy-4.0.11.jar;C:\WINDOWS\system32\config\systemprofile\.m2\repository\org\apache\groovy\groovy-xml\4.0.11\groovy-xml-4.0.11.jar;C:\WINDOWS\system32\config\systemprofile\.m2\repository\org\apache\httpcomponents\httpclient\4.5.13\httpclient-4.5.13.jar;C:\WINDOWS\system32\config\systemprofile\.m2\repository\org\apache\httpcomponents\httpcore\4.4.13\httpcore-4.4.13.jar;C:\WINDOWS\system32\config\systemprofile\.m2\repository\commons-logging\commons-logging\1.2\commons-logging-1.2.jar;C:\WINDOWS\system32\config\systemprofile\.m2\repository\commons-codec\commons-codec\1.11\commons-codec-1.11.jar;C:\WINDOWS\system32\config\systemprofile\.m2\repository\org\apache\httpcomponents\httpmime\4.5.13\httpmime-4.5.13.jar;C:\WINDOWS\system32\config\systemprofile\.m2\repository\org\hamcrest\hamcrest\2.2\hamcrest-2.2.jar;C:\WINDOWS\system32\config\systemprofile\.m2\repository\org\ccil\cowan\tagsoup\tagsoup\1.2.1\tagsoup-1.2.1.jar;C:\WINDOWS\system32\config\systemprofile\.m2\repository\io\rest-assured\json-schema-validator\5.3.2\json-schema-validator-5.3.2.jar;C:\WINDOWS\system32\config\systemprofile\.m2\repository\com\github\java-json-tools\json-schema-validator\2.2.14\json-schema-validator-2.2.14.jar;C:\WINDOWS\system32\config\systemprofile\.m2\repository\com\github\java-json-tools\jackson-coreutils-equivalence\1.0\jackson-coreutils-equivalence-1.0.jar;C:\WINDOWS\system32\config\systemprofile\.m2\repository\com\fasterxml\jackson\core\jackson-databind\2.11.0\jackson-databind-2.11.0.jar;C:\WINDOWS\system32\config\systemprofile\.m2\repository\com\fasterxml\jackson\core\jackson-annotations\2.11.0\jackson-annotations-2.11.0.jar;C:\WINDOWS\system32\config\systemprofile\.m2\repository\com\fasterxml\jackson\core\jackson-core\2.11.0\jackson-core-2.11.0.jar;C:\WINDOWS\system32\config\systemprofile\.m2\repository\com\github\java-json-tools\jackson-coreutils\2.0\jackson-coreutils-2.0.jar;C:\WINDOWS\system32\config\systemprofile\.m2\repository\com\github\java-json-tools\msg-simple\1.2\msg-simple-1.2.jar;C:\WINDOWS\system32\config\systemprofile\.m2\repository\com\github\java-json-tools\btf\1.3\btf-1.3.jar;C:\WINDOWS\system32\config\systemprofile\.m2\repository\com\github\java-json-tools\json-schema-core\1.2.14\json-schema-core-1.2.14.jar;C:\WINDOWS\system32\config\systemprofile\.m2\repository\com\github\java-json-tools\uri-template\0.10\uri-template-0.10.jar;C:\WINDOWS\system32\config\systemprofile\.m2\repository\org\mozilla\rhino\1.7.7.2\rhino-1.7.7.2.jar;C:\WINDOWS\system32\config\systemprofile\.m2\repository\com\sun\mail\mailapi\1.6.2\mailapi-1.6.2.jar;C:\WINDOWS\system32\config\systemprofile\.m2\repository\joda-time\joda-time\2.10.5\joda-time-2.10.5.jar;C:\WINDOWS\system32\config\systemprofile\.m2\repository\com\googlecode\libphonenumber\libphonenumber\8.11.1\libphonenumber-8.11.1.jar;C:\WINDOWS\system32\config\systemprofile\.m2\repository\com\google\code\findbugs\jsr305\3.0.2\jsr305-3.0.2.jar;C:\WINDOWS\system32\config\systemprofile\.m2\repository\net\sf\jopt-simple\jopt-simple\5.0.4\jopt-simple-5.0.4.jar;C:\WINDOWS\system32\config\systemprofile\.m2\repository\com\google\guava\guava\32.0.1-jre\guava-32.0.1-jre.jar;C:\WINDOWS\system32\config\systemprofile\.m2\repository\com\google\guava\failureaccess\1.0.1\failureaccess-1.0.1.jar;C:\WINDOWS\system32\config\systemprofile\.m2\repository\com\google\guava\listenablefuture\9999.0-empty-to-avoid-conflict-with-guava\listenablefuture-9999.0-empty-to-avoid-conflict-with-guava.jar;C:\WINDOWS\system32\config\systemprofile\.m2\repository\org\checkerframework\checker-qual\3.33.0\checker-qual-3.33.0.jar;C:\WINDOWS\system32\config\systemprofile\.m2\repository\com\google\errorprone\error_prone_annotations\2.18.0\error_prone_annotations-2.18.0.jar;C:\WINDOWS\system32\config\systemprofile\.m2\repository\com\google\j2objc\j2objc-annotations\2.8\j2objc-annotations-2.8.jar;C:\WINDOWS\system32\config\systemprofile\.m2\repository\io\rest-assured\json-path\5.3.2\json-path-5.3.2.jar;C:\WINDOWS\system32\config\systemprofile\.m2\repository\org\apache\groovy\groovy-json\4.0.11\groovy-json-4.0.11.jar;C:\WINDOWS\system32\config\systemprofile\.m2\repository\io\rest-assured\rest-assured-common\5.3.2\rest-assured-common-5.3.2.jar;C:\WINDOWS\system32\config\systemprofile\.m2\repository\io\rest-assured\xml-path\5.3.2\xml-path-5.3.2.jar;C:\WINDOWS\system32\config\systemprofile\.m2\repository\org\apache\commons\commons-lang3\3.11\commons-lang3-3.11.jar;C:\WINDOWS\system32\config\systemprofile\.m2\repository\org\hamcrest\hamcrest-core\2.2\hamcrest-core-2.2.jar;C:\WINDOWS\system32\config\systemprofile\.m2\repository\org\hamcrest\hamcrest-library\2.2\hamcrest-library-2.2.jar;C:\WINDOWS\system32\config\systemprofile\.m2\repository\org\hamcrest\java-hamcrest\2.0.0.0\java-hamcrest-2.0.0.0.jar;C:\WINDOWS\system32\config\systemprofile\.m2\repository\org\hamcrest\hamcrest-all\1.3\hamcrest-all-1.3.jar;C:\WINDOWS\system32\config\systemprofile\.m2\repository\com\aventstack\extentreports\5.0.8\extentreports-5.0.8.jar;C:\WINDOWS\system32\config\systemprofile\.m2\repository\io\reactivex\rxjava3\rxjava\3.0.4\rxjava-3.0.4.jar;C:\WINDOWS\system32\config\systemprofile\.m2\repository\org\reactivestreams\reactive-streams\1.0.3\reactive-streams-1.0.3.jar;C:\WINDOWS\system32\config\systemprofile\.m2\repository\org\freemarker\freemarker\2.3.30\freemarker-2.3.30.jar;C:\WINDOWS\system32\config\systemprofile\.m2\repository\com\google\code\gson\gson\2.8.6\gson-2.8.6.jar;C:\WINDOWS\system32\config\systemprofile\.m2\repository\com\relevantcodes\extentreports\2.41.2\extentreports-2.41.2.jar;C:\WINDOWS\system32\config\systemprofile\.m2\repository\org\jsoup\jsoup\1.8.3\jsoup-1.8.3.jar;C:\WINDOWS\system32\config\systemprofile\.m2\repository\org\xerial\sqlite-jdbc\3.8.11.1\sqlite-jdbc-3.8.11.1.jar;C:\WINDOWS\system32\config\systemprofile\.m2\repository\org\mongodb\mongodb-driver\3.0.4\mongodb-driver-3.0.4.jar;C:\WINDOWS\system32\config\systemprofile\.m2\repository\org\mongodb\bson\3.0.4\bson-3.0.4.jar;C:\WINDOWS\system32\config\systemprofile\.m2\repository\org\mongodb\mongodb-driver-core\3.0.4\mongodb-driver-core-3.0.4.jar;C:\WINDOWS\system32\config\systemprofile\.m2\repository\org\apache\maven\plugins\maven-compiler-plugin\3.1\maven-compiler-plugin-3.1.jar;C:\WINDOWS\system32\config\systemprofile\.m2\repository\org\apache\maven\maven-plugin-api\2.0.9\maven-plugin-api-2.0.9.jar;C:\WINDOWS\system32\config\systemprofile\.m2\repository\org\apache\maven\maven-artifact\2.0.9\maven-artifact-2.0.9.jar;C:\WINDOWS\system32\config\systemprofile\.m2\repository\org\codehaus\plexus\plexus-utils\1.5.1\plexus-utils-1.5.1.jar;C:\WINDOWS\system32\config\systemprofile\.m2\repository\org\apache\maven\maven-core\2.0.9\maven-core-2.0.9.jar;C:\WINDOWS\system32\config\systemprofile\.m2\repository\org\apache\maven\maven-settings\2.0.9\maven-settings-2.0.9.jar;C:\WINDOWS\system32\config\systemprofile\.m2\repository\org\apache\maven\maven-plugin-parameter-documenter\2.0.9\maven-plugin-parameter-documenter-2.0.9.jar;C:\WINDOWS\system32\config\systemprofile\.m2\repository\org\apache\maven\wagon\wagon-webdav\1.0-beta-2\wagon-webdav-1.0-beta-2.jar;C:\WINDOWS\system32\config\systemprofile\.m2\repository\slide\slide-webdavlib\2.1\slide-webdavlib-2.1.jar;C:\WINDOWS\system32\config\systemprofile\.m2\repository\commons-httpclient\commons-httpclient\2.0.2\commons-httpclient-2.0.2.jar;C:\WINDOWS\system32\config\systemprofile\.m2\repository\jdom\jdom\1.0\jdom-1.0.jar;C:\WINDOWS\system32\config\systemprofile\.m2\repository\de\zeigermann\xml\xml-im-exporter\1.1\xml-im-exporter-1.1.jar;C:\WINDOWS\system32\config\systemprofile\.m2\repository\org\apache\maven\maven-profile\2.0.9\maven-profile-2.0.9.jar;C:\WINDOWS\system32\config\systemprofile\.m2\repository\org\apache\maven\maven-model\2.0.9\maven-model-2.0.9.jar;C:\WINDOWS\system32\config\systemprofile\.m2\repository\org\apache\maven\wagon\wagon-provider-api\1.0-beta-2\wagon-provider-api-1.0-beta-2.jar;C:\WINDOWS\system32\config\systemprofile\.m2\repository\org\apache\maven\maven-repository-metadata\2.0.9\maven-repository-metadata-2.0.9.jar;C:\WINDOWS\system32\config\systemprofile\.m2\repository\org\apache\maven\maven-error-diagnostics\2.0.9\maven-error-diagnostics-2.0.9.jar;C:\WINDOWS\system32\config\systemprofile\.m2\repository\org\apache\maven\maven-project\2.0.9\maven-project-2.0.9.jar;C:\WINDOWS\system32\config\systemprofile\.m2\repository\org\apache\maven\maven-plugin-registry\2.0.9\maven-plugin-registry-2.0.9.jar;C:\WINDOWS\system32\config\systemprofile\.m2\repository\org\apache\maven\maven-plugin-descriptor\2.0.9\maven-plugin-descriptor-2.0.9.jar;C:\WINDOWS\system32\config\systemprofile\.m2\repository\org\apache\maven\maven-artifact-manager\2.0.9\maven-artifact-manager-2.0.9.jar;C:\WINDOWS\system32\config\systemprofile\.m2\repository\org\apache\maven\maven-monitor\2.0.9\maven-monitor-2.0.9.jar;C:\WINDOWS\system32\config\systemprofile\.m2\repository\org\apache\maven\maven-toolchain\1.0\maven-toolchain-1.0.jar;C:\WINDOWS\system32\config\systemprofile\.m2\repository\org\apache\maven\shared\maven-shared-utils\0.1\maven-shared-utils-0.1.jar;C:\WINDOWS\system32\config\systemprofile\.m2\repository\org\apache\maven\shared\maven-shared-incremental\1.1\maven-shared-incremental-1.1.jar;C:\WINDOWS\system32\config\systemprofile\.m2\repository\org\codehaus\plexus\plexus-component-annotations\1.5.5\plexus-component-annotations-1.5.5.jar;C:\WINDOWS\system32\config\systemprofile\.m2\repository\org\codehaus\plexus\plexus-compiler-api\2.2\plexus-compiler-api-2.2.jar;C:\WINDOWS\system32\config\systemprofile\.m2\repository\org\codehaus\plexus\plexus-compiler-manager\2.2\plexus-compiler-manager-2.2.jar;C:\WINDOWS\system32\config\systemprofile\.m2\repository\org\codehaus\plexus\plexus-compiler-javac\2.2\plexus-compiler-javac-2.2.jar;C:\WINDOWS\system32\config\systemprofile\.m2\repository\org\codehaus\plexus\plexus-container-default\1.5.5\plexus-container-default-1.5.5.jar;C:\WINDOWS\system32\config\systemprofile\.m2\repository\org\codehaus\plexus\plexus-classworlds\2.2.2\plexus-classworlds-2.2.2.jar;C:\WINDOWS\system32\config\systemprofile\.m2\repository\org\apache\xbean\xbean-reflect\3.4\xbean-reflect-3.4.jar;C:\WINDOWS\system32\config\systemprofile\.m2\repository\log4j\log4j\1.2.12\log4j-1.2.12.jar;C:\WINDOWS\system32\config\systemprofile\.m2\repository\commons-logging\commons-logging-api\1.1\commons-logging-api-1.1.jar;C:\WINDOWS\system32\config\systemprofile\.m2\repository\com\google\collections\google-collections\1.0\google-collections-1.0.jar;C:\WINDOWS\system32\config\systemprofile\.m2\repository\junit\junit\3.8.2\junit-3.8.2.jar;C:\WINDOWS\system32\config\systemprofile\.m2\repository\org\projectlombok\lombok\1.18.28\lombok-1.18.28.jar;C:\WINDOWS\system32\config\systemprofile\.m2\repository\org\slf4j\slf4j-api\1.7.32\slf4j-api-1.7.32.jar;C:\WINDOWS\system32\config\systemprofile\.m2\repository\ch\qos\logback\logback-classic\1.2.6\logback-classic-1.2.6.jar;C:\WINDOWS\system32\config\systemprofile\.m2\repository\ch\qos\logback\logback-core\1.2.6\logback-core-1.2.6.jar;"/>
    <property name="java.vm.vendor" value="Oracle Corporation"/>
    <property name="sun.arch.data.model" value="64"/>
    <property name="user.variant" value=""/>
    <property name="java.vendor.url" value="https://java.oracle.com/"/>
    <property name="user.timezone" value="Asia/Calcutta"/>
    <property name="os.name" value="Windows 11"/>
    <property name="java.vm.specification.version" value="17"/>
    <property name="sun.java.launcher" value="SUN_STANDARD"/>
    <property name="user.country" value="IN"/>
    <property name="sun.boot.library.path" value="C:\Program Files\Java\jdk-17\bin"/>
    <property name="sun.java.command" value="C:\Windows\Temp\surefire5710010555633709053\surefirebooter18371118132447887476.jar C:\Windows\Temp\surefire5710010555633709053 2024-02-14T12-32-59_759-jvmRun1 surefire10774919005375554747tmp surefire_010451153613622309694tmp"/>
    <property name="jdk.debug" value="release"/>
    <property name="surefire.test.class.path" value="C:\Users\Dell\git\GITAPIRepo\WorkpulseAPIAutomationRepo\ApiAutomation\target\test-classes;C:\Users\Dell\git\GITAPIRepo\WorkpulseAPIAutomationRepo\ApiAutomation\target\classes;C:\WINDOWS\system32\config\systemprofile\.m2\repository\org\testng\testng\7.8.0\testng-7.8.0.jar;C:\WINDOWS\system32\config\systemprofile\.m2\repository\com\beust\jcommander\1.82\jcommander-1.82.jar;C:\WINDOWS\system32\config\systemprofile\.m2\repository\org\webjars\jquery\3.6.1\jquery-3.6.1.jar;C:\WINDOWS\system32\config\systemprofile\.m2\repository\org\json\json\20240205\json-20240205.jar;C:\WINDOWS\system32\config\systemprofile\.m2\repository\io\rest-assured\rest-assured\5.3.2\rest-assured-5.3.2.jar;C:\WINDOWS\system32\config\systemprofile\.m2\repository\org\apache\groovy\groovy\4.0.11\groovy-4.0.11.jar;C:\WINDOWS\system32\config\systemprofile\.m2\repository\org\apache\groovy\groovy-xml\4.0.11\groovy-xml-4.0.11.jar;C:\WINDOWS\system32\config\systemprofile\.m2\repository\org\apache\httpcomponents\httpclient\4.5.13\httpclient-4.5.13.jar;C:\WINDOWS\system32\config\systemprofile\.m2\repository\org\apache\httpcomponents\httpcore\4.4.13\httpcore-4.4.13.jar;C:\WINDOWS\system32\config\systemprofile\.m2\repository\commons-logging\commons-logging\1.2\commons-logging-1.2.jar;C:\WINDOWS\system32\config\systemprofile\.m2\repository\commons-codec\commons-codec\1.11\commons-codec-1.11.jar;C:\WINDOWS\system32\config\systemprofile\.m2\repository\org\apache\httpcomponents\httpmime\4.5.13\httpmime-4.5.13.jar;C:\WINDOWS\system32\config\systemprofile\.m2\repository\org\hamcrest\hamcrest\2.2\hamcrest-2.2.jar;C:\WINDOWS\system32\config\systemprofile\.m2\repository\org\ccil\cowan\tagsoup\tagsoup\1.2.1\tagsoup-1.2.1.jar;C:\WINDOWS\system32\config\systemprofile\.m2\repository\io\rest-assured\json-schema-validator\5.3.2\json-schema-validator-5.3.2.jar;C:\WINDOWS\system32\config\systemprofile\.m2\repository\com\github\java-json-tools\json-schema-validator\2.2.14\json-schema-validator-2.2.14.jar;C:\WINDOWS\system32\config\systemprofile\.m2\repository\com\github\java-json-tools\jackson-coreutils-equivalence\1.0\jackson-coreutils-equivalence-1.0.jar;C:\WINDOWS\system32\config\systemprofile\.m2\repository\com\fasterxml\jackson\core\jackson-databind\2.11.0\jackson-databind-2.11.0.jar;C:\WINDOWS\system32\config\systemprofile\.m2\repository\com\fasterxml\jackson\core\jackson-annotations\2.11.0\jackson-annotations-2.11.0.jar;C:\WINDOWS\system32\config\systemprofile\.m2\repository\com\fasterxml\jackson\core\jackson-core\2.11.0\jackson-core-2.11.0.jar;C:\WINDOWS\system32\config\systemprofile\.m2\repository\com\github\java-json-tools\jackson-coreutils\2.0\jackson-coreutils-2.0.jar;C:\WINDOWS\system32\config\systemprofile\.m2\repository\com\github\java-json-tools\msg-simple\1.2\msg-simple-1.2.jar;C:\WINDOWS\system32\config\systemprofile\.m2\repository\com\github\java-json-tools\btf\1.3\btf-1.3.jar;C:\WINDOWS\system32\config\systemprofile\.m2\repository\com\github\java-json-tools\json-schema-core\1.2.14\json-schema-core-1.2.14.jar;C:\WINDOWS\system32\config\systemprofile\.m2\repository\com\github\java-json-tools\uri-template\0.10\uri-template-0.10.jar;C:\WINDOWS\system32\config\systemprofile\.m2\repository\org\mozilla\rhino\1.7.7.2\rhino-1.7.7.2.jar;C:\WINDOWS\system32\config\systemprofile\.m2\repository\com\sun\mail\mailapi\1.6.2\mailapi-1.6.2.jar;C:\WINDOWS\system32\config\systemprofile\.m2\repository\joda-time\joda-time\2.10.5\joda-time-2.10.5.jar;C:\WINDOWS\system32\config\systemprofile\.m2\repository\com\googlecode\libphonenumber\libphonenumber\8.11.1\libphonenumber-8.11.1.jar;C:\WINDOWS\system32\config\systemprofile\.m2\repository\com\google\code\findbugs\jsr305\3.0.2\jsr305-3.0.2.jar;C:\WINDOWS\system32\config\systemprofile\.m2\repository\net\sf\jopt-simple\jopt-simple\5.0.4\jopt-simple-5.0.4.jar;C:\WINDOWS\system32\config\systemprofile\.m2\repository\com\google\guava\guava\32.0.1-jre\guava-32.0.1-jre.jar;C:\WINDOWS\system32\config\systemprofile\.m2\repository\com\google\guava\failureaccess\1.0.1\failureaccess-1.0.1.jar;C:\WINDOWS\system32\config\systemprofile\.m2\repository\com\google\guava\listenablefuture\9999.0-empty-to-avoid-conflict-with-guava\listenablefuture-9999.0-empty-to-avoid-conflict-with-guava.jar;C:\WINDOWS\system32\config\systemprofile\.m2\repository\org\checkerframework\checker-qual\3.33.0\checker-qual-3.33.0.jar;C:\WINDOWS\system32\config\systemprofile\.m2\repository\com\google\errorprone\error_prone_annotations\2.18.0\error_prone_annotations-2.18.0.jar;C:\WINDOWS\system32\config\systemprofile\.m2\repository\com\google\j2objc\j2objc-annotations\2.8\j2objc-annotations-2.8.jar;C:\WINDOWS\system32\config\systemprofile\.m2\repository\io\rest-assured\json-path\5.3.2\json-path-5.3.2.jar;C:\WINDOWS\system32\config\systemprofile\.m2\repository\org\apache\groovy\groovy-json\4.0.11\groovy-json-4.0.11.jar;C:\WINDOWS\system32\config\systemprofile\.m2\repository\io\rest-assured\rest-assured-common\5.3.2\rest-assured-common-5.3.2.jar;C:\WINDOWS\system32\config\systemprofile\.m2\repository\io\rest-assured\xml-path\5.3.2\xml-path-5.3.2.jar;C:\WINDOWS\system32\config\systemprofile\.m2\repository\org\apache\commons\commons-lang3\3.11\commons-lang3-3.11.jar;C:\WINDOWS\system32\config\systemprofile\.m2\repository\org\hamcrest\hamcrest-core\2.2\hamcrest-core-2.2.jar;C:\WINDOWS\system32\config\systemprofile\.m2\repository\org\hamcrest\hamcrest-library\2.2\hamcrest-library-2.2.jar;C:\WINDOWS\system32\config\systemprofile\.m2\repository\org\hamcrest\java-hamcrest\2.0.0.0\java-hamcrest-2.0.0.0.jar;C:\WINDOWS\system32\config\systemprofile\.m2\repository\org\hamcrest\hamcrest-all\1.3\hamcrest-all-1.3.jar;C:\WINDOWS\system32\config\systemprofile\.m2\repository\com\aventstack\extentreports\5.0.8\extentreports-5.0.8.jar;C:\WINDOWS\system32\config\systemprofile\.m2\repository\io\reactivex\rxjava3\rxjava\3.0.4\rxjava-3.0.4.jar;C:\WINDOWS\system32\config\systemprofile\.m2\repository\org\reactivestreams\reactive-streams\1.0.3\reactive-streams-1.0.3.jar;C:\WINDOWS\system32\config\systemprofile\.m2\repository\org\freemarker\freemarker\2.3.30\freemarker-2.3.30.jar;C:\WINDOWS\system32\config\systemprofile\.m2\repository\com\google\code\gson\gson\2.8.6\gson-2.8.6.jar;C:\WINDOWS\system32\config\systemprofile\.m2\repository\com\relevantcodes\extentreports\2.41.2\extentreports-2.41.2.jar;C:\WINDOWS\system32\config\systemprofile\.m2\repository\org\jsoup\jsoup\1.8.3\jsoup-1.8.3.jar;C:\WINDOWS\system32\config\systemprofile\.m2\repository\org\xerial\sqlite-jdbc\3.8.11.1\sqlite-jdbc-3.8.11.1.jar;C:\WINDOWS\system32\config\systemprofile\.m2\repository\org\mongodb\mongodb-driver\3.0.4\mongodb-driver-3.0.4.jar;C:\WINDOWS\system32\config\systemprofile\.m2\repository\org\mongodb\bson\3.0.4\bson-3.0.4.jar;C:\WINDOWS\system32\config\systemprofile\.m2\repository\org\mongodb\mongodb-driver-core\3.0.4\mongodb-driver-core-3.0.4.jar;C:\WINDOWS\system32\config\systemprofile\.m2\repository\org\apache\maven\plugins\maven-compiler-plugin\3.1\maven-compiler-plugin-3.1.jar;C:\WINDOWS\system32\config\systemprofile\.m2\repository\org\apache\maven\maven-plugin-api\2.0.9\maven-plugin-api-2.0.9.jar;C:\WINDOWS\system32\config\systemprofile\.m2\repository\org\apache\maven\maven-artifact\2.0.9\maven-artifact-2.0.9.jar;C:\WINDOWS\system32\config\systemprofile\.m2\repository\org\codehaus\plexus\plexus-utils\1.5.1\plexus-utils-1.5.1.jar;C:\WINDOWS\system32\config\systemprofile\.m2\repository\org\apache\maven\maven-core\2.0.9\maven-core-2.0.9.jar;C:\WINDOWS\system32\config\systemprofile\.m2\repository\org\apache\maven\maven-settings\2.0.9\maven-settings-2.0.9.jar;C:\WINDOWS\system32\config\systemprofile\.m2\repository\org\apache\maven\maven-plugin-parameter-documenter\2.0.9\maven-plugin-parameter-documenter-2.0.9.jar;C:\WINDOWS\system32\config\systemprofile\.m2\repository\org\apache\maven\wagon\wagon-webdav\1.0-beta-2\wagon-webdav-1.0-beta-2.jar;C:\WINDOWS\system32\config\systemprofile\.m2\repository\slide\slide-webdavlib\2.1\slide-webdavlib-2.1.jar;C:\WINDOWS\system32\config\systemprofile\.m2\repository\commons-httpclient\commons-httpclient\2.0.2\commons-httpclient-2.0.2.jar;C:\WINDOWS\system32\config\systemprofile\.m2\repository\jdom\jdom\1.0\jdom-1.0.jar;C:\WINDOWS\system32\config\systemprofile\.m2\repository\de\zeigermann\xml\xml-im-exporter\1.1\xml-im-exporter-1.1.jar;C:\WINDOWS\system32\config\systemprofile\.m2\repository\org\apache\maven\maven-profile\2.0.9\maven-profile-2.0.9.jar;C:\WINDOWS\system32\config\systemprofile\.m2\repository\org\apache\maven\maven-model\2.0.9\maven-model-2.0.9.jar;C:\WINDOWS\system32\config\systemprofile\.m2\repository\org\apache\maven\wagon\wagon-provider-api\1.0-beta-2\wagon-provider-api-1.0-beta-2.jar;C:\WINDOWS\system32\config\systemprofile\.m2\repository\org\apache\maven\maven-repository-metadata\2.0.9\maven-repository-metadata-2.0.9.jar;C:\WINDOWS\system32\config\systemprofile\.m2\repository\org\apache\maven\maven-error-diagnostics\2.0.9\maven-error-diagnostics-2.0.9.jar;C:\WINDOWS\system32\config\systemprofile\.m2\repository\org\apache\maven\maven-project\2.0.9\maven-project-2.0.9.jar;C:\WINDOWS\system32\config\systemprofile\.m2\repository\org\apache\maven\maven-plugin-registry\2.0.9\maven-plugin-registry-2.0.9.jar;C:\WINDOWS\system32\config\systemprofile\.m2\repository\org\apache\maven\maven-plugin-descriptor\2.0.9\maven-plugin-descriptor-2.0.9.jar;C:\WINDOWS\system32\config\systemprofile\.m2\repository\org\apache\maven\maven-artifact-manager\2.0.9\maven-artifact-manager-2.0.9.jar;C:\WINDOWS\system32\config\systemprofile\.m2\repository\org\apache\maven\maven-monitor\2.0.9\maven-monitor-2.0.9.jar;C:\WINDOWS\system32\config\systemprofile\.m2\repository\org\apache\maven\maven-toolchain\1.0\maven-toolchain-1.0.jar;C:\WINDOWS\system32\config\systemprofile\.m2\repository\org\apache\maven\shared\maven-shared-utils\0.1\maven-shared-utils-0.1.jar;C:\WINDOWS\system32\config\systemprofile\.m2\repository\org\apache\maven\shared\maven-shared-incremental\1.1\maven-shared-incremental-1.1.jar;C:\WINDOWS\system32\config\systemprofile\.m2\repository\org\codehaus\plexus\plexus-component-annotations\1.5.5\plexus-component-annotations-1.5.5.jar;C:\WINDOWS\system32\config\systemprofile\.m2\repository\org\codehaus\plexus\plexus-compiler-api\2.2\plexus-compiler-api-2.2.jar;C:\WINDOWS\system32\config\systemprofile\.m2\repository\org\codehaus\plexus\plexus-compiler-manager\2.2\plexus-compiler-manager-2.2.jar;C:\WINDOWS\system32\config\systemprofile\.m2\repository\org\codehaus\plexus\plexus-compiler-javac\2.2\plexus-compiler-javac-2.2.jar;C:\WINDOWS\system32\config\systemprofile\.m2\repository\org\codehaus\plexus\plexus-container-default\1.5.5\plexus-container-default-1.5.5.jar;C:\WINDOWS\system32\config\systemprofile\.m2\repository\org\codehaus\plexus\plexus-classworlds\2.2.2\plexus-classworlds-2.2.2.jar;C:\WINDOWS\system32\config\systemprofile\.m2\repository\org\apache\xbean\xbean-reflect\3.4\xbean-reflect-3.4.jar;C:\WINDOWS\system32\config\systemprofile\.m2\repository\log4j\log4j\1.2.12\log4j-1.2.12.jar;C:\WINDOWS\system32\config\systemprofile\.m2\repository\commons-logging\commons-logging-api\1.1\commons-logging-api-1.1.jar;C:\WINDOWS\system32\config\systemprofile\.m2\repository\com\google\collections\google-collections\1.0\google-collections-1.0.jar;C:\WINDOWS\system32\config\systemprofile\.m2\repository\junit\junit\3.8.2\junit-3.8.2.jar;C:\WINDOWS\system32\config\systemprofile\.m2\repository\org\projectlombok\lombok\1.18.28\lombok-1.18.28.jar;C:\WINDOWS\system32\config\systemprofile\.m2\repository\org\slf4j\slf4j-api\1.7.32\slf4j-api-1.7.32.jar;C:\WINDOWS\system32\config\systemprofile\.m2\repository\ch\qos\logback\logback-classic\1.2.6\logback-classic-1.2.6.jar;C:\WINDOWS\system32\config\systemprofile\.m2\repository\ch\qos\logback\logback-core\1.2.6\logback-core-1.2.6.jar;"/>
    <property name="sun.cpu.endian" value="little"/>
    <property name="user.home" value="C:\WINDOWS\system32\config\systemprofile"/>
    <property name="user.language" value="en"/>
    <property name="java.specification.vendor" value="Oracle Corporation"/>
    <property name="java.version.date" value="2023-07-18"/>
    <property name="java.home" value="C:\Program Files\Java\jdk-17"/>
    <property name="file.separator" value="\"/>
    <property name="basedir" value="C:\Users\Dell\git\GITAPIRepo\WorkpulseAPIAutomationRepo\ApiAutomation"/>
    <property name="java.vm.compressedOopsMode" value="Zero based"/>
    <property name="line.separator" value="&#10;"/>
    <property name="java.vm.specification.vendor" value="Oracle Corporation"/>
    <property name="java.specification.name" value="Java Platform API Specification"/>
    <property name="surefire.real.class.path" value="C:\Windows\Temp\surefire5710010555633709053\surefirebooter18371118132447887476.jar"/>
    <property name="user.script" value=""/>
    <property name="sun.management.compiler" value="HotSpot 64-Bit Tiered Compilers"/>
    <property name="java.runtime.version" value="17.0.8+9-LTS-211"/>
    <property name="user.name" value="DESKTOP-7AROHI4$"/>
    <property name="path.separator" value=";"/>
    <property name="os.version" value="10.0"/>
    <property name="java.runtime.name" value="Java(TM) SE Runtime Environment"/>
    <property name="file.encoding" value="Cp1252"/>
    <property name="java.vm.name" value="Java HotSpot(TM) 64-Bit Server VM"/>
    <property name="localRepository" value="C:\WINDOWS\system32\config\systemprofile\.m2\repository"/>
    <property name="java.vendor.url.bug" value="https://bugreport.java.com/bugreport/"/>
    <property name="java.io.tmpdir" value="C:\WINDOWS\TEMP\"/>
    <property name="java.version" value="17.0.8"/>
    <property name="user.dir" value="C:\Users\Dell\git\GITAPIRepo\WorkpulseAPIAutomationRepo\ApiAutomation"/>
    <property name="os.arch" value="amd64"/>
    <property name="java.vm.specification.name" value="Java Virtual Machine Specification"/>
    <property name="sun.os.patch.level" value=""/>
    <property name="native.encoding" value="Cp1252"/>
    <property name="java.library.path" value="C:\Program Files\Java\jdk-17\bin;C:\WINDOWS\Sun\Java\bin;C:\WINDOWS\system32;C:\WINDOWS;C:\ProgramData\Jenkins\.jenkins\tools\hudson.tasks.Maven_MavenInstallation\maven_tool/bin;C:\Program Files\Java\jdk-17/bin;C:\Program Files\Java\jdk-17/bin;C:\Program Files (x86)\Common Files\Oracle\Java\javapath;C:\Program Files\Microsoft SQL Server\Client SDK\ODBC\170\Tools\Binn\;C:\Program Files\dotnet\;C:\WINDOWS\system32;C:\WINDOWS;C:\WINDOWS\System32\Wbem;C:\WINDOWS\System32\WindowsPowerShell\v1.0\;C:\WINDOWS\System32\OpenSSH\;C:\Program Files\Git\cmd;C:\WINDOWS\system32\config\systemprofile\AppData\Local\Microsoft\WindowsApps;."/>
    <property name="java.vm.info" value="mixed mode, sharing"/>
    <property name="java.vendor" value="Oracle Corporation"/>
    <property name="java.vm.version" value="17.0.8+9-LTS-211"/>
    <property name="sun.io.unicode.encoding" value="UnicodeLittle"/>
    <property name="java.class.version" value="61.0"/>
  </properties>
  <testcase name="addnetworkdeskticket" classname="workpulseapi.AddDeskTicket" time="5.268">
    <system-out><![CDATA[12:33:00.689 [main] DEBUG org.testng.TestNG - suiteXmlPath: "C:\Users\Dell\git\GITAPIRepo\WorkpulseAPIAutomationRepo\ApiAutomation\testng.xml"
12:33:00.910 [main] WARN org.testng.internal.Configuration - Detected a static method [baseclass.ExtentReport.reportGenerate()]. Static configuration methods can cause  unexpected behavior.
12:33:00.912 [main] WARN org.testng.internal.Configuration - Detected a static method [baseclass.ExtentReport.reportflush()]. Static configuration methods can cause  unexpected behavior.
12:33:00.921 [main] WARN org.testng.internal.Configuration - Detected a static method [baseclass.ExtentReport.reportGenerate()]. Static configuration methods can cause  unexpected behavior.
12:33:00.922 [main] WARN org.testng.internal.Configuration - Detected a static method [baseclass.ExtentReport.reportflush()]. Static configuration methods can cause  unexpected behavior.
12:33:00.932 [main] WARN org.testng.internal.Configuration - Detected a static method [baseclass.ExtentReport.reportGenerate()]. Static configuration methods can cause  unexpected behavior.
12:33:00.932 [main] WARN org.testng.internal.Configuration - Detected a static method [baseclass.ExtentReport.reportflush()]. Static configuration methods can cause  unexpected behavior.
HTTP/1.1 200 OK
Content-Type: application/json; charset=utf-8
Date: Wed, 14 Feb 2024 07:03:03 GMT
Server: Microsoft-IIS/10.0
Cache-Control: no-store, no-cache, max-age=0, private
Content-Encoding: gzip
Pragma: no-cache
Transfer-Encoding: chunked
Vary: Accept-Encoding
X-AspNet-Version: 4.0.30319
X-Powered-By: ASP.NET

{
    "access_token": "1691d462937ab63ace00f9a15386b414",
    "expires_in": 1209600,
    "token_type": "Bearer"
}
Access Token: 1691d462937ab63ace00f9a15386b414
HTTP/1.1 200 OK
Content-Length: 136
Content-Type: application/json; charset=utf-8
Date: Wed, 14 Feb 2024 07:03:06 GMT
Server: Microsoft-IIS/10.0
Content-Encoding: gzip
Set-Cookie: ARRAffinity=17ffac1d0f928ba71e6ba3ddfde78e7d0d408b82230881d398995d1e8adbd5b1;Path=/;HttpOnly;Secure;Domain=opsapi.workpulse.com
Set-Cookie: ARRAffinitySameSite=17ffac1d0f928ba71e6ba3ddfde78e7d0d408b82230881d398995d1e8adbd5b1;Path=/;HttpOnly;SameSite=None;Secure;Domain=opsapi.workpulse.com
Vary: Accept-Encoding
X-Powered-By: ASP.NET

{
    "taskId": 8513
}
Ticket Id: 8513
]]></system-out>
    <system-err><![CDATA[log4j:WARN No appenders could be found for logger (org.apache.http.impl.conn.BasicClientConnectionManager).
log4j:WARN Please initialize the log4j system properly.
]]></system-err>
  </testcase>
  <testcase name="addjournalnote" classname="workpulseapi.JournalNote" time="1.932">
    <system-out><![CDATA[HTTP/1.1 200 OK
Content-Type: application/json; charset=utf-8
Date: Wed, 14 Feb 2024 07:03:06 GMT
Server: Microsoft-IIS/10.0
Cache-Control: no-store, no-cache, max-age=0, private
Content-Encoding: gzip
Pragma: no-cache
Transfer-Encoding: chunked
Vary: Accept-Encoding
X-AspNet-Version: 4.0.30319
X-Powered-By: ASP.NET

{
    "access_token": "1cd9e44883374f5fbb90a6ff91b14a78",
    "expires_in": 1209600,
    "token_type": "Bearer"
}
Access Token: 1cd9e44883374f5fbb90a6ff91b14a78
HTTP/1.1 200 OK
Content-Length: 351
Content-Type: application/json; charset=utf-8
Date: Wed, 14 Feb 2024 07:03:08 GMT
Server: Microsoft-IIS/10.0
Content-Encoding: gzip
Set-Cookie: ARRAffinity=17ffac1d0f928ba71e6ba3ddfde78e7d0d408b82230881d398995d1e8adbd5b1;Path=/;HttpOnly;Secure;Domain=opsapi.workpulse.com
Set-Cookie: ARRAffinitySameSite=17ffac1d0f928ba71e6ba3ddfde78e7d0d408b82230881d398995d1e8adbd5b1;Path=/;HttpOnly;SameSite=None;Secure;Domain=opsapi.workpulse.com
Vary: Accept-Encoding
X-Powered-By: ASP.NET

{
    "id": 1294,
    "accessID": "4444",
    "notes": "Note created by Automation",
    "journalNoteDateTime": "0001-01-01T00:00:00.000Z",
    "journalNoteDateTimeInternal": "0001-01-01T00:00:00.000",
    "scope": null,
    "scopeId": 1,
    "empId": 4254,
    "empName": null,
    "empTitle": null,
    "empImageId": null,
    "empImageUrl": null,
    "locations": null,
    "regions": null,
    "shifts": null,
    "locationIds": [
        
    ],
    "employeeIds": null,
    "regionIds": [
        
    ],
    "zoneIds": null,
    "subRegionIds": null,
    "shiftIds": [
        
    ],
    "comments": null,
    "attachedImages": [
        
    ]
}
Note Id: 1294
]]></system-out>
  </testcase>
  <testcase name="addbooktask" classname="workpulseapi.AddBookTask" time="2.732">
    <system-out><![CDATA[HTTP/1.1 200 OK
Content-Type: application/json; charset=utf-8
Date: Wed, 14 Feb 2024 07:03:08 GMT
Server: Microsoft-IIS/10.0
Cache-Control: no-store, no-cache, max-age=0, private
Content-Encoding: gzip
Pragma: no-cache
Transfer-Encoding: chunked
Vary: Accept-Encoding
X-AspNet-Version: 4.0.30319
X-Powered-By: ASP.NET

{
    "access_token": "3917b7e103a003bda2515d59c87ca3f9",
    "expires_in": 1209600,
    "token_type": "Bearer"
}
Access Token: 3917b7e103a003bda2515d59c87ca3f9
HTTP/1.1 200 OK
Content-Type: application/json; charset=utf-8
Date: Wed, 14 Feb 2024 07:03:10 GMT
Server: Microsoft-IIS/10.0
Content-Encoding: gzip
Set-Cookie: ARRAffinity=17ffac1d0f928ba71e6ba3ddfde78e7d0d408b82230881d398995d1e8adbd5b1;Path=/;HttpOnly;Secure;Domain=opsapi.workpulse.com
Set-Cookie: ARRAffinitySameSite=17ffac1d0f928ba71e6ba3ddfde78e7d0d408b82230881d398995d1e8adbd5b1;Path=/;HttpOnly;SameSite=None;Secure;Domain=opsapi.workpulse.com
Transfer-Encoding: chunked
Vary: Accept-Encoding
X-Powered-By: ASP.NET

{
    "id": 100392,
    "taskName": "Task Created by Automation_47",
    "categoryId": 2,
    "categories": [
        {
            "text": "None",
            "value": null
        },
        {
            "text": "Backroom Checklist 18",
            "value": 1
        },
        {
            "text": "Cold Holding",
            "value": 2
        },
        {
            "text": "Cooking Temp",
            "value": 6
        },
        {
            "text": "Dairy Dispenser",
            "value": 7
        },
        {
            "text": "Dining Room",
            "value": 8
        },
        {
            "text": "Espresso",
            "value": 10
        },
        {
            "text": "Exterior Checklist",
            "value": 11
        },
        {
            "text": "Flavor Shot Dispenser",
            "value": 23
        },
        {
            "text": "Food Prep Checklist",
            "value": 12
        },
        {
            "text": "Food Safety Checklist",
            "value": 13
        },
        {
            "text": "Frozen Beverage",
            "value": 5
        },
        {
            "text": "Golden Sanitation",
            "value": 31
        },
        {
            "text": "Health & Wellness",
            "value": 29
        },
        {
            "text": "Hot Beverage",
            "value": 4
        },
        {
            "text": "Hot Holding",
            "value": 3
        },
        {
            "text": "Ice Coffee",
            "value": 14
        },
        {
            "text": "Management Task",
            "value": 27
        },
        {
            "text": "Manager Checklist",
            "value": 15
        },
        {
            "text": "Master Sanitation",
            "value": 30
        },
        {
            "text": "Merchandising",
            "value": 9
        },
        {
            "text": "Miscellaneous",
            "value": 25
        },
        {
            "text": "Queuing Area Checklist",
            "value": 17
        },
        {
            "text": "Receiving Log",
            "value": 18
        },
        {
            "text": "Rest Room Checklist",
            "value": 16
        },
        {
            "text": "Safety Checklist",
            "value": 19
        },
        {
            "text": "Sanitizer",
            "value": 20
        },
        {
            "text": "Self Assessment",
            "value": 26
        },
        {
            "text": "Service Area Checklist",
            "value": 21
        },
        {
            "text": "Sugar Dispenser",
            "value": 22
        },
        {
            "text": "Thermometer Calibration",
            "value": 24
        },
        {
            "text": "Veterinary Drug Residues",
            "value": 28
        }
    ],
    "equipmentTypes": [
        {
            "text": "None",
            "value": null
        },
        {
            "text": "Coffee Art Measurements",
            "value": 2
        },
        {
            "text": "Coffee Art Shot Time",
            "value": 15
        },
        {
            "text": "Coke Cooler",
            "value": 13
        },
        {
            "text": "Coolatta",
            "value": 21
        },
        {
            "text": "Dairy Dispenser",
            "value": 7
        },
        {
            "text": "Dual Brewer",
            "value": 4
        },
        {
            "text": "Dual Grinder",
            "value": 1
        },
        {
            "text": "Espresso Machine (Barista)",
            "value": 32
        },
        {
            "text": "Espresso Machine (Coffee Art Touch)",
            "value": 33
        },
        {
            "text": "Flash Freezer",
            "value": 29
        },
        {
            "text": "Flavor Shot Dispenser",
            "value": 24
        },
        {
            "text": "Hash Brown Freezer",
            "value": 30
        },
        {
            "text": "Hot Brewer Calibration",
            "value": 14
        },
        {
            "text": "Hot Holding Unit",
            "value": 9
        },
        {
            "text": "Hot Water Dispenser",
            "value": 31
        },
        {
            "text": "Hot Winter Beverage",
            "value": 23
        },
        {
            "text": "IC Brewer",
            "value": 5
        },
        {
            "text": "Island Oasis",
            "value": 6
        },
        {
            "text": "KFC-Antunes Bun Toaster",
            "value": 156
        },
        {
            "text": "KFC-Ayrking Breading Table",
            "value": 170
        },
        {
            "text": "KFC-Blodgett Biscuit Oven",
            "value": 179
        },
        {
            "text": "KFC-BUNN Hot Water Dispensers ",
            "value": 175
        },
        {
            "text": "KFC-BUNN Tea Brewer",
            "value": 174
        },
        {
            "text": "KFC-BUNN Tea Urns",
            "value": 182
        },
        {
            "text": "KFC-Carter Hoffman Bun Holding Unit",
            "value": 154
        },
        {
            "text": "KFC-Carter Hoffman Fry Dump",
            "value": 162
        },
        {
            "text": "KFC-Carter Hoffman Sides Holding Unit",
            "value": 152
        },
        {
            "text": "KFC-Cold Well",
            "value": 158
        },
        {
            "text": "KFC-Delfield Under counter refrigerator",
            "value": 159
        },
        {
            "text": "KFC-Double Door Refrigerator",
            "value": 181
        },
        {
            "text": "KFC-Drive Thru Headsets ",
            "value": 173
        },
        {
            "text": "KFC-Excel Oven",
            "value": 184
        },
        {
            "text": "KFC-Frymaster Open Fryers",
            "value": 169
        },
        {
            "text": "KFC-Hand sink",
            "value": 177
        },
        {
            "text": "KFC-Henny Penny 1/2 Height Heated Cabinet",
            "value": 150
        },
        {
            "text": "KFC-Henny Penny Full Size Heated Cabinet",
            "value": 151
        },
        {
            "text": "KFC-Henny Penny Pressure Fryers",
            "value": 167
        },
        {
            "text": "KFC-Hot Well",
            "value": 157
        },
        {
            "text": "KFC-Manitowak Ice Maker",
            "value": 165
        },
        {
            "text": "KFC-Mop Sink",
            "value": 178
        },
        {
            "text": "KFC-One Compartment Utility Sink",
            "value": 180
        },
        {
            "text": "KFC-PAR POS System",
            "value": 164
        },
        {
            "text": "KFC-Pepsi Soda Machine",
            "value": 163
        },
        {
            "text": "KFC-Pitco Open Fryers",
            "value": 168
        },
        {
            "text": "KFC-Powersoak 3 Compartment Dishsink",
            "value": 166
        },
        {
            "text": "KFC-Prince Castle Bun Toaster",
            "value": 155
        },
        {
            "text": "KFC-Prince Castle Infared Heating Unit",
            "value": 153
        },
        {
            "text": "KFC-SHARP Microwave",
            "value": 176
        },
        {
            "text": "KFC-Single Door Refrigerator",
            "value": 183
        },
        {
            "text": "KFC-Stand up freezer",
            "value": 161
        },
        {
            "text": "KFC-Stand up Single Door Refrigerator",
            "value": 160
        },
        {
            "text": "KFC-Walk in Cooler",
            "value": 171
        },
        {
            "text": "KFC-Walk in Freezer",
            "value": 172
        },
        {
            "text": "Milk Cooler",
            "value": 37
        },
        {
            "text": "Reachin Cooler",
            "value": 18
        },
        {
            "text": "Reachin Freezer",
            "value": 19
        },
        {
            "text": "Reachin Freezer Combo",
            "value": 28
        },
        {
            "text": "Sandwich Station",
            "value": 12
        },
        {
            "text": "Single Brewer",
            "value": 25
        },
        {
            "text": "Single Grinder",
            "value": 26
        },
        {
            "text": "Softheat Dual Brewer",
            "value": 34
        },
        {
            "text": "Softheat Single Brewer",
            "value": 35
        },
        {
            "text": "Sugar Dispenser",
            "value": 17
        },
        {
            "text": "TAPS",
            "value": 36
        },
        {
            "text": "Thermometer",
            "value": 22
        },
        {
            "text": "Turbochef",
            "value": 8
        },
        {
            "text": "Walkin Cooler",
            "value": 10
        },
        {
            "text": "Walkin Freezer",
            "value": 11
        },
        {
            "text": "Walkin Freezer Combo",
            "value": 27
        },
        {
            "text": "WMF Measurements",
            "value": 3
        },
        {
            "text": "WMF Shot Time",
            "value": 16
        }
    ],
    "empTitles": [
        {
            "id": 3,
            "title": "Area Manager",
            "permissionGroupId": null,
            "permissionGroupIds": [
                4,
                8,
                9,
                10,
                17,
                18,
                20,
                21,
                22,
                23,
                24,
                25,
                27,
                28,
                29,
                30,
                32,
                36
            ],
            "manager": true,
            "inManageUser": true,
            "importUserType": 2,
            "laborAmountCoaId": null,
            "laborHoursCoaId": null,
            "titleDataViewSettings": {
                "book": {
                    "bookDataViewDaysLimit": 360,
                    "bookBluetoothDevice": true
                },
                "wow": {
                    "organizationPostAllowed": false,
                    "defaultRestrictionSelection": 0,
                    "restrictWowComment": true
                },
                "audit": {
                    "auditDataViewDaysLimit": 90,
                    "auditBluetoothDevice": true
                },
                "notes": {
                    "defaultNoteTypeId": 3
                }
            }
        },
        {
            "id": 6,
            "title": "Assistant Manager",
            "permissionGroupId": null,
            "permissionGroupIds": [
                7,
                8,
                20,
                22,
                23
            ],
            "manager": true,
            "inManageUser": true,
            "importUserType": 2,
            "laborAmountCoaId": null,
            "laborHoursCoaId": null,
            "titleDataViewSettings": {
                "book": {
                    "bookDataViewDaysLimit": 90,
                    "bookBluetoothDevice": true
                },
                "wow": {
                    "organizationPostAllowed": false,
                    "defaultRestrictionSelection": 0,
                    "restrictWowComment": true
                },
                "audit": {
                    "auditDataViewDaysLimit": 0,
                    "auditBluetoothDevice": false
                },
                "notes": {
                    "defaultNoteTypeId": 3
                }
            }
        },
        {
            "id": 13,
            "title": "BRV",
            "permissionGroupId": null,
            "permissionGroupIds": [
                4,
                9,
                10,
                21,
                24,
                32
            ],
            "manager": true,
            "inManageUser": true,
            "importUserType": 2,
            "laborAmountCoaId": null,
            "laborHoursCoaId": null,
            "titleDataViewSettings": {
                "book": {
                    "bookDataViewDaysLimit": 300,
                    "bookBluetoothDevice": true
                },
                "wow": {
                    "organizationPostAllowed": false,
                    "defaultRestrictionSelection": 0,
                    "restrictWowComment": true
                },
                "audit": {
                    "auditDataViewDaysLimit": 0,
                    "auditBluetoothDevice": true
                },
                "notes": {
                    "defaultNoteTypeId": 2
                }
            }
        },
        {
            "id": 2,
            "title": "Director Of Operations",
            "permissionGroupId": null,
            "permissionGroupIds": [
                4,
                32
            ],
            "manager": true,
            "inManageUser": true,
            "importUserType": 1,
            "laborAmountCoaId": null,
            "laborHoursCoaId": null,
            "titleDataViewSettings": {
                "book": {
                    "bookDataViewDaysLimit": 90,
                    "bookBluetoothDevice": true
                },
                "wow": {
                    "organizationPostAllowed": false,
                    "defaultRestrictionSelection": 0,
                    "restrictWowComment": false
                },
                "audit": {
                    "auditDataViewDaysLimit": 1500,
                    "auditBluetoothDevice": true
                },
                "notes": {
                    "defaultNoteTypeId": 3
                }
            }
        },
        {
            "id": 24,
            "title": "Director Of Operations",
            "permissionGroupId": null,
            "permissionGroupIds": [
                8,
                35
            ],
            "manager": false,
            "inManageUser": false,
            "importUserType": 2,
            "laborAmountCoaId": null,
            "laborHoursCoaId": null,
            "titleDataViewSettings": {
                "book": {
                    "bookDataViewDaysLimit": 0,
                    "bookBluetoothDevice": true
                },
                "wow": {
                    "organizationPostAllowed": false,
                    "defaultRestrictionSelection": 0,
                    "restrictWowComment": false
                },
                "audit": {
                    "auditDataViewDaysLimit": 0,
                    "auditBluetoothDevice": true
                },
                "notes": {
                    "defaultNoteTypeId": 3
                }
            }
        },
        {
            "id": 1,
            "title": "Franchisee",
            "permissionGroupId": 4,
            "permissionGroupIds": [
                4,
                26
            ],
            "manager": true,
            "inManageUser": true,
            "importUserType": 2,
            "laborAmountCoaId": null,
            "laborHoursCoaId": null,
            "titleDataViewSettings": {
                "book": {
                    "bookDataViewDaysLimit": 90,
                    "bookBluetoothDevice": true
                },
                "wow": {
                    "organizationPostAllowed": false,
                    "defaultRestrictionSelection": 0,
                    "restrictWowComment": false
                },
                "audit": {
                    "auditDataViewDaysLimit": 0,
                    "auditBluetoothDevice": true
                },
                "notes": {
                    "defaultNoteTypeId": 1
                }
            }
        },
        {
            "id": 22,
            "title": "HR and Management",
            "permissionGroupId": null,
            "permissionGroupIds": [
                24
            ],
            "manager": false,
            "inManageUser": false,
            "importUserType": 2,
            "laborAmountCoaId": null,
            "laborHoursCoaId": null,
            "titleDataViewSettings": {
                "book": {
                    "bookDataViewDaysLimit": 0,
                    "bookBluetoothDevice": true
                },
                "wow": {
                    "organizationPostAllowed": false,
                    "defaultRestrictionSelection": 0,
                    "restrictWowComment": false
                },
                "audit": {
                    "auditDataViewDaysLimit": 0,
                    "auditBluetoothDevice": true
                },
                "notes": {
                    "defaultNoteTypeId": 3
                }
            }
        },
        {
            "id": 17,
            "title": "Human Resource Specialist",
            "permissionGroupId": null,
            "permissionGroupIds": [
                24
            ],
            "manager": true,
            "inManageUser": true,
            "importUserType": 2,
            "laborAmountCoaId": null,
            "laborHoursCoaId": null,
            "titleDataViewSettings": {
                "book": {
                    "bookDataViewDaysLimit": 100,
                    "bookBluetoothDevice": true
                },
                "wow": {
                    "organizationPostAllowed": false,
                    "defaultRestrictionSelection": 0,
                    "restrictWowComment": true
                },
                "audit": {
                    "auditDataViewDaysLimit": 0,
                    "auditBluetoothDevice": false
                },
                "notes": {
                    "defaultNoteTypeId": 3
                }
            }
        },
        {
            "id": 21,
            "title": "Junior engineer",
            "permissionGroupId": null,
            "permissionGroupIds": [
                34
            ],
            "manager": true,
            "inManageUser": true,
            "importUserType": 2,
            "laborAmountCoaId": null,
            "laborHoursCoaId": null,
            "titleDataViewSettings": {
                "book": {
                    "bookDataViewDaysLimit": 0,
                    "bookBluetoothDevice": true
                },
                "wow": {
                    "organizationPostAllowed": false,
                    "defaultRestrictionSelection": 0,
                    "restrictWowComment": false
                },
                "audit": {
                    "auditDataViewDaysLimit": 0,
                    "auditBluetoothDevice": true
                },
                "notes": {
                    "defaultNoteTypeId": 1
                }
            }
        },
        {
            "id": 20,
            "title": "Junior manager",
            "permissionGroupId": null,
            "permissionGroupIds": [
                4,
                6,
                8,
                9,
                21,
                22
            ],
            "manager": false,
            "inManageUser": false,
            "importUserType": 0,
            "laborAmountCoaId": null,
            "laborHoursCoaId": null,
            "titleDataViewSettings": {
                "book": {
                    "bookDataViewDaysLimit": 0,
                    "bookBluetoothDevice": true
                },
                "wow": {
                    "organizationPostAllowed": false,
                    "defaultRestrictionSelection": 0,
                    "restrictWowComment": false
                },
                "audit": {
                    "auditDataViewDaysLimit": 0,
                    "auditBluetoothDevice": true
                },
                "notes": {
                    "defaultNoteTypeId": 2
                }
            }
        },
        {
            "id": 9,
            "title": "Learner",
            "permissionGroupId": null,
            "permissionGroupIds": [
                24
            ],
            "manager": true,
            "inManageUser": true,
            "importUserType": 2,
            "laborAmountCoaId": null,
            "laborHoursCoaId": null,
            "titleDataViewSettings": {
                "book": {
                    "bookDataViewDaysLimit": 0,
                    "bookBluetoothDevice": true
                },
                "wow": {
                    "organizationPostAllowed": false,
                    "defaultRestrictionSelection": 0,
                    "restrictWowComment": true
                },
                "audit": {
                    "auditDataViewDaysLimit": 0,
                    "auditBluetoothDevice": true
                },
                "notes": {
                    "defaultNoteTypeId": 3
                }
            }
        },
        {
            "id": 16,
            "title": "Maintence Technician",
            "permissionGroupId": null,
            "permissionGroupIds": [
                26
            ],
            "manager": true,
            "inManageUser": true,
            "importUserType": 2,
            "laborAmountCoaId": null,
            "laborHoursCoaId": null,
            "titleDataViewSettings": {
                "book": {
                    "bookDataViewDaysLimit": 0,
                    "bookBluetoothDevice": true
                },
                "wow": {
                    "organizationPostAllowed": false,
                    "defaultRestrictionSelection": 0,
                    "restrictWowComment": false
                },
                "audit": {
                    "auditDataViewDaysLimit": 0,
                    "auditBluetoothDevice": true
                },
                "notes": {
                    "defaultNoteTypeId": 2
                }
            }
        },
        {
            "id": 5,
            "title": "Multi-unit Manager",
            "permissionGroupId": null,
            "permissionGroupIds": [
                5,
                6,
                7
            ],
            "manager": true,
            "inManageUser": false,
            "importUserType": 1,
            "laborAmountCoaId": null,
            "laborHoursCoaId": null,
            "titleDataViewSettings": {
                "book": {
                    "bookDataViewDaysLimit": 0,
                    "bookBluetoothDevice": true
                },
                "wow": {
                    "organizationPostAllowed": false,
                    "defaultRestrictionSelection": 0,
                    "restrictWowComment": false
                },
                "audit": {
                    "auditDataViewDaysLimit": 0,
                    "auditBluetoothDevice": false
                },
                "notes": {
                    "defaultNoteTypeId": 3
                }
            }
        },
        {
            "id": 23,
            "title": "Quality manager",
            "permissionGroupId": null,
            "permissionGroupIds": [
                4,
                5,
                6,
                7,
                8,
                9,
                10,
                12,
                13,
                14,
                15,
                17,
                18,
                19,
                20,
                21,
                22,
                23,
                24,
                25,
                26,
                27,
                28,
                29,
                30,
                31,
                32,
                33,
                34,
                35
            ],
            "manager": true,
            "inManageUser": true,
            "importUserType": 1,
            "laborAmountCoaId": null,
            "laborHoursCoaId": null,
            "titleDataViewSettings": {
                "book": {
                    "bookDataViewDaysLimit": 0,
                    "bookBluetoothDevice": true
                },
                "wow": {
                    "organizationPostAllowed": false,
                    "defaultRestrictionSelection": 0,
                    "restrictWowComment": false
                },
                "audit": {
                    "auditDataViewDaysLimit": 0,
                    "auditBluetoothDevice": true
                },
                "notes": {
                    "defaultNoteTypeId": 3
                }
            }
        },
        {
            "id": 4,
            "title": "Restaurant General Manager",
            "permissionGroupId": null,
            "permissionGroupIds": [
                5,
                6,
                8,
                20,
                22
            ],
            "manager": true,
            "inManageUser": true,
            "importUserType": 2,
            "laborAmountCoaId": null,
            "laborHoursCoaId": null,
            "titleDataViewSettings": {
                "book": {
                    "bookDataViewDaysLimit": 0,
                    "bookBluetoothDevice": false
                },
                "wow": {
                    "organizationPostAllowed": false,
                    "defaultRestrictionSelection": 0,
                    "restrictWowComment": true
                },
                "audit": {
                    "auditDataViewDaysLimit": 0,
                    "auditBluetoothDevice": false
                },
                "notes": {
                    "defaultNoteTypeId": 2
                }
            }
        },
        {
            "id": 19,
            "title": "Senior Manager",
            "permissionGroupId": null,
            "permissionGroupIds": [
                5,
                6,
                7,
                10,
                14,
                17,
                19,
                22,
                23,
                24,
                26,
                27,
                28,
                29,
                31,
                32
            ],
            "manager": true,
            "inManageUser": true,
            "importUserType": 2,
            "laborAmountCoaId": null,
            "laborHoursCoaId": null,
            "titleDataViewSettings": {
                "book": {
                    "bookDataViewDaysLimit": 0,
                    "bookBluetoothDevice": true
                },
                "wow": {
                    "organizationPostAllowed": false,
                    "defaultRestrictionSelection": 0,
                    "restrictWowComment": true
                },
                "audit": {
                    "auditDataViewDaysLimit": 0,
                    "auditBluetoothDevice": true
                },
                "notes": {
                    "defaultNoteTypeId": 2
                }
            }
        },
        {
            "id": 7,
            "title": "Shift Leader",
            "permissionGroupId": null,
            "permissionGroupIds": [
                8,
                9,
                22
            ],
            "manager": true,
            "inManageUser": true,
            "importUserType": 1,
            "laborAmountCoaId": null,
            "laborHoursCoaId": null,
            "titleDataViewSettings": {
                "book": {
                    "bookDataViewDaysLimit": 0,
                    "bookBluetoothDevice": false
                },
                "wow": {
                    "organizationPostAllowed": false,
                    "defaultRestrictionSelection": 0,
                    "restrictWowComment": false
                },
                "audit": {
                    "auditDataViewDaysLimit": 0,
                    "auditBluetoothDevice": true
                },
                "notes": {
                    "defaultNoteTypeId": 2
                }
            }
        },
        {
            "id": 14,
            "title": "Store Manager",
            "permissionGroupId": null,
            "permissionGroupIds": [
                10
            ],
            "manager": true,
            "inManageUser": true,
            "importUserType": 2,
            "laborAmountCoaId": null,
            "laborHoursCoaId": null,
            "titleDataViewSettings": {
                "book": {
                    "bookDataViewDaysLimit": 0,
                    "bookBluetoothDevice": false
                },
                "wow": {
                    "organizationPostAllowed": false,
                    "defaultRestrictionSelection": 0,
                    "restrictWowComment": true
                },
                "audit": {
                    "auditDataViewDaysLimit": 0,
                    "auditBluetoothDevice": true
                },
                "notes": {
                    "defaultNoteTypeId": 1
                }
            }
        },
        {
            "id": 10,
            "title": "Team Lead",
            "permissionGroupId": 9,
            "permissionGroupIds": [
                24
            ],
            "manager": false,
            "inManageUser": false,
            "importUserType": 2,
            "laborAmountCoaId": null,
            "laborHoursCoaId": null,
            "titleDataViewSettings": {
                "book": {
                    "bookDataViewDaysLimit": 0,
                    "bookBluetoothDevice": true
                },
                "wow": {
                    "organizationPostAllowed": false,
                    "defaultRestrictionSelection": 0,
                    "restrictWowComment": false
                },
                "audit": {
                    "auditDataViewDaysLimit": 0,
                    "auditBluetoothDevice": false
                },
                "notes": {
                    "defaultNoteTypeId": 3
                }
            }
        },
        {
            "id": 8,
            "title": "Team Member",
            "permissionGroupId": null,
            "permissionGroupIds": [
                9
            ],
            "manager": true,
            "inManageUser": true,
            "importUserType": 2,
            "laborAmountCoaId": null,
            "laborHoursCoaId": null,
            "titleDataViewSettings": {
                "book": {
                    "bookDataViewDaysLimit": 95,
                    "bookBluetoothDevice": true
                },
                "wow": {
                    "organizationPostAllowed": false,
                    "defaultRestrictionSelection": 0,
                    "restrictWowComment": false
                },
                "audit": {
                    "auditDataViewDaysLimit": 0,
                    "auditBluetoothDevice": true
                },
                "notes": {
                    "defaultNoteTypeId": 3
                }
            }
        }
    ],
    "empRoles": [
        {
            "id": 13,
            "permissionGroupName": "Above Restaurant News",
            "description": "Above Restaurant news access",
            "permissionIds": [
                175
            ],
            "permissionDetails": [
                {
                    "id": 665,
                    "permissionGroupId": 13,
                    "permissionId": 175,
                    "permissionName": "General Task",
                    "sourceId": 1365,
                    "addPermission": false,
                    "updatePermission": false,
                    "deletePermission": false,
                    "postPermission": false,
                    "appId": 6,
                    "appName": "Book",
                    "operations": false
                }
            ],
            "appId": null,
            "appName": null,
            "master": false,
            "news": true,
            "sourceId": 13,
            "local": false
        },
        {
            "id": 8,
            "permissionGroupName": "App Admin",
            "description": "Ability to manage the application settings for the organization.",
            "permissionIds": [
                3,
                12,
                13,
                14,
                15,
                16,
                60,
                61,
                63,
                83,
                84,
                91,
                93,
                95,
                96,
                97,
                98,
                100,
                102,
                103,
                123,
                131,
                136,
                149,
                150,
                151,
                152,
                153,
                160,
                161,
                162,
                174,
                261,
                262
            ],
            "permissionDetails": [
                {
                    "id": 650,
                    "permissionGroupId": 8,
                    "permissionId": 261,
                    "permissionName": "Asset Instance",
                    "sourceId": 261,
                    "addPermission": false,
                    "updatePermission": false,
                    "deletePermission": false,
                    "postPermission": false,
                    "appId": 32,
                    "appName": "Asset",
                    "operations": false
                },
                {
                    "id": 653,
                    "permissionGroupId": 8,
                    "permissionId": 262,
                    "permissionName": "Asset Service Log",
                    "sourceId": 262,
                    "addPermission": false,
                    "updatePermission": false,
                    "deletePermission": false,
                    "postPermission": false,
                    "appId": 32,
                    "appName": "Asset",
                    "operations": false
                },
                {
                    "id": 262,
                    "permissionGroupId": 8,
                    "permissionId": 3,
                    "permissionName": "Wow Admin",
                    "sourceId": 1011,
                    "addPermission": false,
                    "updatePermission": false,
                    "deletePermission": false,
                    "postPermission": false,
                    "appId": 4,
                    "appName": "Wow",
                    "operations": false
                },
                {
                    "id": 263,
                    "permissionGroupId": 8,
                    "permissionId": 95,
                    "permissionName": "Task Management",
                    "sourceId": 1013,
                    "addPermission": false,
                    "updatePermission": false,
                    "deletePermission": false,
                    "postPermission": false,
                    "appId": 3,
                    "appName": "Task",
                    "operations": false
                },
                {
                    "id": 271,
                    "permissionGroupId": 8,
                    "permissionId": 96,
                    "permissionName": "Complaint Management",
                    "sourceId": 1023,
                    "addPermission": false,
                    "updatePermission": false,
                    "deletePermission": false,
                    "postPermission": false,
                    "appId": 1,
                    "appName": "GiSMo",
                    "operations": false
                },
                {
                    "id": 272,
                    "permissionGroupId": 8,
                    "permissionId": 98,
                    "permissionName": "Audit Management",
                    "sourceId": 1024,
                    "addPermission": false,
                    "updatePermission": false,
                    "deletePermission": false,
                    "postPermission": false,
                    "appId": 2,
                    "appName": "Audit",
                    "operations": false
                },
                {
                    "id": 273,
                    "permissionGroupId": 8,
                    "permissionId": 151,
                    "permissionName": "Critical Task",
                    "sourceId": 1025,
                    "addPermission": false,
                    "updatePermission": false,
                    "deletePermission": false,
                    "postPermission": false,
                    "appId": 6,
                    "appName": "Book",
                    "operations": false
                },
                {
                    "id": 274,
                    "permissionGroupId": 8,
                    "permissionId": 97,
                    "permissionName": "Quiz Management",
                    "sourceId": 1026,
                    "addPermission": false,
                    "updatePermission": false,
                    "deletePermission": false,
                    "postPermission": false,
                    "appId": 14,
                    "appName": "Quiz",
                    "operations": false
                },
                {
                    "id": 275,
                    "permissionGroupId": 8,
                    "permissionId": 93,
                    "permissionName": "Location Management",
                    "sourceId": 1027,
                    "addPermission": false,
                    "updatePermission": false,
                    "deletePermission": false,
                    "postPermission": false,
                    "appId": 29,
                    "appName": "Admin",
                    "operations": false
                },
                {
                    "id": 278,
                    "permissionGroupId": 8,
                    "permissionId": 131,
                    "permissionName": "Appendix Admin",
                    "sourceId": 1030,
                    "addPermission": false,
                    "updatePermission": false,
                    "deletePermission": false,
                    "postPermission": false,
                    "appId": 29,
                    "appName": "Admin",
                    "operations": false
                },
                {
                    "id": 279,
                    "permissionGroupId": 8,
                    "permissionId": 136,
                    "permissionName": "Unlinked Employee Admin",
                    "sourceId": 1031,
                    "addPermission": false,
                    "updatePermission": false,
                    "deletePermission": false,
                    "postPermission": false,
                    "appId": 29,
                    "appName": "Admin",
                    "operations": false
                },
                {
                    "id": 280,
                    "permissionGroupId": 8,
                    "permissionId": 153,
                    "permissionName": "Custom Audit Forms",
                    "sourceId": 1032,
                    "addPermission": false,
                    "updatePermission": false,
                    "deletePermission": false,
                    "postPermission": false,
                    "appId": 2,
                    "appName": "Audit",
                    "operations": false
                },
                {
                    "id": 281,
                    "permissionGroupId": 8,
                    "permissionId": 152,
                    "permissionName": "Email Summary Report",
                    "sourceId": 1033,
                    "addPermission": false,
                    "updatePermission": false,
                    "deletePermission": false,
                    "postPermission": false,
                    "appId": 29,
                    "appName": "Admin",
                    "operations": false
                },
                {
                    "id": 282,
                    "permissionGroupId": 8,
                    "permissionId": 83,
                    "permissionName": "Secure Information",
                    "sourceId": 1034,
                    "addPermission": false,
                    "updatePermission": false,
                    "deletePermission": false,
                    "postPermission": false,
                    "appId": 29,
                    "appName": "Admin",
                    "operations": false
                },
                {
                    "id": 283,
                    "permissionGroupId": 8,
                    "permissionId": 150,
                    "permissionName": "Geo Fence",
                    "sourceId": 1035,
                    "addPermission": false,
                    "updatePermission": false,
                    "deletePermission": false,
                    "postPermission": false,
                    "appId": 29,
                    "appName": "Admin",
                    "operations": false
                },
                {
                    "id": 284,
                    "permissionGroupId": 8,
                    "permissionId": 149,
                    "permissionName": "IoT",
                    "sourceId": 1036,
                    "addPermission": false,
                    "updatePermission": false,
                    "deletePermission": false,
                    "postPermission": false,
                    "appId": 29,
                    "appName": "Admin",
                    "operations": false
                },
                {
                    "id": 468,
                    "permissionGroupId": 8,
                    "permissionId": 174,
                    "permissionName": "Shift Task",
                    "sourceId": 1241,
                    "addPermission": false,
                    "updatePermission": false,
                    "deletePermission": false,
                    "postPermission": false,
                    "appId": 6,
                    "appName": "Book",
                    "operations": false
                },
                {
                    "id": 469,
                    "permissionGroupId": 8,
                    "permissionId": 162,
                    "permissionName": "Book Forms - Basic",
                    "sourceId": 1242,
                    "addPermission": false,
                    "updatePermission": false,
                    "deletePermission": false,
                    "postPermission": false,
                    "appId": 6,
                    "appName": "Book",
                    "operations": false
                },
                {
                    "id": 470,
                    "permissionGroupId": 8,
                    "permissionId": 160,
                    "permissionName": "Book Forms - Advanced",
                    "sourceId": 1243,
                    "addPermission": false,
                    "updatePermission": false,
                    "deletePermission": false,
                    "postPermission": false,
                    "appId": 6,
                    "appName": "Book",
                    "operations": false
                },
                {
                    "id": 471,
                    "permissionGroupId": 8,
                    "permissionId": 161,
                    "permissionName": "Book Forms - Reports",
                    "sourceId": 1244,
                    "addPermission": false,
                    "updatePermission": false,
                    "deletePermission": false,
                    "postPermission": false,
                    "appId": 6,
                    "appName": "Book",
                    "operations": false
                },
                {
                    "id": 290,
                    "permissionGroupId": 8,
                    "permissionId": 102,
                    "permissionName": "Clone-Inventory-Template",
                    "sourceId": 1045,
                    "addPermission": false,
                    "updatePermission": false,
                    "deletePermission": false,
                    "postPermission": false,
                    "appId": 18,
                    "appName": "Inventory",
                    "operations": false
                },
                {
                    "id": 291,
                    "permissionGroupId": 8,
                    "permissionId": 16,
                    "permissionName": "Inventory Bins",
                    "sourceId": 1046,
                    "addPermission": false,
                    "updatePermission": false,
                    "deletePermission": false,
                    "postPermission": false,
                    "appId": 18,
                    "appName": "Inventory",
                    "operations": true
                },
                {
                    "id": 292,
                    "permissionGroupId": 8,
                    "permissionId": 91,
                    "permissionName": "Inventory Dashboard",
                    "sourceId": 1047,
                    "addPermission": false,
                    "updatePermission": false,
                    "deletePermission": false,
                    "postPermission": false,
                    "appId": 18,
                    "appName": "Inventory",
                    "operations": false
                },
                {
                    "id": 293,
                    "permissionGroupId": 8,
                    "permissionId": 15,
                    "permissionName": "Inventory Departments",
                    "sourceId": 1048,
                    "addPermission": false,
                    "updatePermission": false,
                    "deletePermission": false,
                    "postPermission": false,
                    "appId": 18,
                    "appName": "Inventory",
                    "operations": true
                },
                {
                    "id": 294,
                    "permissionGroupId": 8,
                    "permissionId": 12,
                    "permissionName": "Inventory Items",
                    "sourceId": 1049,
                    "addPermission": false,
                    "updatePermission": false,
                    "deletePermission": false,
                    "postPermission": false,
                    "appId": 18,
                    "appName": "Inventory",
                    "operations": false
                },
                {
                    "id": 295,
                    "permissionGroupId": 8,
                    "permissionId": 14,
                    "permissionName": "Inventory Locations",
                    "sourceId": 1050,
                    "addPermission": false,
                    "updatePermission": false,
                    "deletePermission": false,
                    "postPermission": false,
                    "appId": 18,
                    "appName": "Inventory",
                    "operations": true
                },
                {
                    "id": 296,
                    "permissionGroupId": 8,
                    "permissionId": 13,
                    "permissionName": "Inventory Templates",
                    "sourceId": 1051,
                    "addPermission": false,
                    "updatePermission": false,
                    "deletePermission": false,
                    "postPermission": false,
                    "appId": 18,
                    "appName": "Inventory",
                    "operations": true
                },
                {
                    "id": 297,
                    "permissionGroupId": 8,
                    "permissionId": 103,
                    "permissionName": "Clone-Prep-Template",
                    "sourceId": 1052,
                    "addPermission": false,
                    "updatePermission": false,
                    "deletePermission": false,
                    "postPermission": false,
                    "appId": 20,
                    "appName": "Prep",
                    "operations": false
                },
                {
                    "id": 298,
                    "permissionGroupId": 8,
                    "permissionId": 61,
                    "permissionName": "ParLevel",
                    "sourceId": 1053,
                    "addPermission": false,
                    "updatePermission": false,
                    "deletePermission": false,
                    "postPermission": false,
                    "appId": 20,
                    "appName": "Prep",
                    "operations": true
                },
                {
                    "id": 299,
                    "permissionGroupId": 8,
                    "permissionId": 63,
                    "permissionName": "Prep Admin Settings",
                    "sourceId": 1054,
                    "addPermission": false,
                    "updatePermission": false,
                    "deletePermission": false,
                    "postPermission": false,
                    "appId": 20,
                    "appName": "Prep",
                    "operations": true
                },
                {
                    "id": 300,
                    "permissionGroupId": 8,
                    "permissionId": 123,
                    "permissionName": "Prep Forecast",
                    "sourceId": 1055,
                    "addPermission": false,
                    "updatePermission": false,
                    "deletePermission": false,
                    "postPermission": false,
                    "appId": 20,
                    "appName": "Prep",
                    "operations": false
                },
                {
                    "id": 301,
                    "permissionGroupId": 8,
                    "permissionId": 60,
                    "permissionName": "Template-Prep",
                    "sourceId": 1056,
                    "addPermission": false,
                    "updatePermission": false,
                    "deletePermission": false,
                    "postPermission": false,
                    "appId": 20,
                    "appName": "Prep",
                    "operations": true
                },
                {
                    "id": 302,
                    "permissionGroupId": 8,
                    "permissionId": 100,
                    "permissionName": "RMS Management",
                    "sourceId": 1057,
                    "addPermission": false,
                    "updatePermission": false,
                    "deletePermission": false,
                    "postPermission": false,
                    "appId": 23,
                    "appName": "RMS",
                    "operations": false
                },
                {
                    "id": 303,
                    "permissionGroupId": 8,
                    "permissionId": 84,
                    "permissionName": "Sales Admin Settings",
                    "sourceId": 1058,
                    "addPermission": false,
                    "updatePermission": false,
                    "deletePermission": false,
                    "postPermission": false,
                    "appId": 19,
                    "appName": "Sales",
                    "operations": false
                }
            ],
            "appId": null,
            "appName": null,
            "master": true,
            "news": false,
            "sourceId": 8,
            "local": false
        },
        {
            "id": 22,
            "permissionGroupName": "Audit Admin",
            "description": "Admin capabilities for audit",
            "permissionIds": [
                5,
                98
            ],
            "permissionDetails": [
                {
                    "id": 571,
                    "permissionGroupId": 22,
                    "permissionId": 5,
                    "permissionName": "Audit Admin",
                    "sourceId": 1384,
                    "addPermission": false,
                    "updatePermission": false,
                    "deletePermission": false,
                    "postPermission": false,
                    "appId": 2,
                    "appName": "Audit",
                    "operations": false
                },
                {
                    "id": 575,
                    "permissionGroupId": 22,
                    "permissionId": 98,
                    "permissionName": "Audit Management",
                    "sourceId": 1385,
                    "addPermission": false,
                    "updatePermission": false,
                    "deletePermission": false,
                    "postPermission": false,
                    "appId": 2,
                    "appName": "Audit",
                    "operations": false
                }
            ],
            "appId": 2,
            "appName": "Audit",
            "master": false,
            "news": false,
            "sourceId": 223,
            "local": false
        },
        {
            "id": 21,
            "permissionGroupName": "Audit Advanced",
            "description": "Advanced Audit user",
            "permissionIds": [
                98,
                113,
                135,
                153,
                154,
                183
            ],
            "permissionDetails": [
                {
                    "id": 579,
                    "permissionGroupId": 21,
                    "permissionId": 135,
                    "permissionName": "Audit Advance",
                    "sourceId": 1379,
                    "addPermission": false,
                    "updatePermission": false,
                    "deletePermission": false,
                    "postPermission": false,
                    "appId": 2,
                    "appName": "Audit",
                    "operations": false
                },
                {
                    "id": 559,
                    "permissionGroupId": 21,
                    "permissionId": 113,
                    "permissionName": "Audit Completion Report",
                    "sourceId": 1378,
                    "addPermission": false,
                    "updatePermission": false,
                    "deletePermission": false,
                    "postPermission": false,
                    "appId": 2,
                    "appName": "Audit",
                    "operations": false
                },
                {
                    "id": 539,
                    "permissionGroupId": 21,
                    "permissionId": 183,
                    "permissionName": "Audit Reassign and Pickup",
                    "sourceId": 1383,
                    "addPermission": false,
                    "updatePermission": false,
                    "deletePermission": false,
                    "postPermission": false,
                    "appId": 2,
                    "appName": "Audit",
                    "operations": false
                },
                {
                    "id": 541,
                    "permissionGroupId": 21,
                    "permissionId": 98,
                    "permissionName": "Audit Management",
                    "sourceId": 1377,
                    "addPermission": false,
                    "updatePermission": false,
                    "deletePermission": false,
                    "postPermission": false,
                    "appId": 2,
                    "appName": "Audit",
                    "operations": false
                },
                {
                    "id": 546,
                    "permissionGroupId": 21,
                    "permissionId": 154,
                    "permissionName": "Ad-hoc Audit",
                    "sourceId": 1380,
                    "addPermission": false,
                    "updatePermission": false,
                    "deletePermission": false,
                    "postPermission": false,
                    "appId": 2,
                    "appName": "Audit",
                    "operations": false
                },
                {
                    "id": 551,
                    "permissionGroupId": 21,
                    "permissionId": 153,
                    "permissionName": "Custom Audit Forms",
                    "sourceId": 1381,
                    "addPermission": false,
                    "updatePermission": false,
                    "deletePermission": false,
                    "postPermission": false,
                    "appId": 2,
                    "appName": "Audit",
                    "operations": false
                }
            ],
            "appId": 2,
            "appName": "Audit",
            "master": false,
            "news": false,
            "sourceId": 222,
            "local": false
        },
        {
            "id": 35,
            "permissionGroupName": "Audit Dashboard",
            "description": "Audit Dashboard Access",
            "permissionIds": [
                323
            ],
            "permissionDetails": [
                {
                    "id": 2038,
                    "permissionGroupId": 35,
                    "permissionId": 323,
                    "permissionName": "Audit Dashboard",
                    "sourceId": null,
                    "addPermission": false,
                    "updatePermission": false,
                    "deletePermission": false,
                    "postPermission": false,
                    "appId": 2,
                    "appName": "Audit",
                    "operations": false
                }
            ],
            "appId": null,
            "appName": null,
            "master": false,
            "news": false,
            "sourceId": null,
            "local": true
        },
        {
            "id": 9,
            "permissionGroupName": "Basic User",
            "description": "Basic application user.",
            "permissionIds": [
                106,
                107,
                108,
                109,
                129,
                162,
                215
            ],
            "permissionDetails": [
                {
                    "id": 289,
                    "permissionGroupId": 9,
                    "permissionId": 162,
                    "permissionName": "Book Forms - Basic",
                    "sourceId": 1042,
                    "addPermission": false,
                    "updatePermission": false,
                    "deletePermission": false,
                    "postPermission": false,
                    "appId": 6,
                    "appName": "Book",
                    "operations": false
                },
                {
                    "id": 454,
                    "permissionGroupId": 9,
                    "permissionId": 106,
                    "permissionName": "Waste - Iced Beverage",
                    "sourceId": 1209,
                    "addPermission": true,
                    "updatePermission": false,
                    "deletePermission": true,
                    "postPermission": true,
                    "appId": 18,
                    "appName": "Inventory",
                    "operations": true
                },
                {
                    "id": 455,
                    "permissionGroupId": 9,
                    "permissionId": 107,
                    "permissionName": "Waste - Hot Beverage",
                    "sourceId": 1210,
                    "addPermission": true,
                    "updatePermission": false,
                    "deletePermission": true,
                    "postPermission": true,
                    "appId": 18,
                    "appName": "Inventory",
                    "operations": true
                },
                {
                    "id": 456,
                    "permissionGroupId": 9,
                    "permissionId": 129,
                    "permissionName": "Inventory Review",
                    "sourceId": 1211,
                    "addPermission": false,
                    "updatePermission": false,
                    "deletePermission": false,
                    "postPermission": false,
                    "appId": 18,
                    "appName": "Inventory",
                    "operations": true
                },
                {
                    "id": 457,
                    "permissionGroupId": 9,
                    "permissionId": 108,
                    "permissionName": "Waste - Meat & Eggs",
                    "sourceId": 1212,
                    "addPermission": false,
                    "updatePermission": false,
                    "deletePermission": false,
                    "postPermission": false,
                    "appId": 18,
                    "appName": "Inventory",
                    "operations": true
                },
                {
                    "id": 458,
                    "permissionGroupId": 9,
                    "permissionId": 109,
                    "permissionName": "Physical Inventory - Iced Beverage",
                    "sourceId": 1213,
                    "addPermission": false,
                    "updatePermission": false,
                    "deletePermission": false,
                    "postPermission": false,
                    "appId": 18,
                    "appName": "Inventory",
                    "operations": true
                },
                {
                    "id": 532,
                    "permissionGroupId": 9,
                    "permissionId": 215,
                    "permissionName": "Assessment Permission",
                    "sourceId": 1317,
                    "addPermission": false,
                    "updatePermission": false,
                    "deletePermission": false,
                    "postPermission": false,
                    "appId": 7,
                    "appName": "People",
                    "operations": false
                }
            ],
            "appId": null,
            "appName": null,
            "master": true,
            "news": false,
            "sourceId": 9,
            "local": false
        },
        {
            "id": 20,
            "permissionGroupName": "Book Advanced",
            "description": "Advanced Book user",
            "permissionIds": [
                4,
                94,
                151,
                160,
                161,
                162,
                173,
                174,
                175,
                176
            ],
            "permissionDetails": [
                {
                    "id": 533,
                    "permissionGroupId": 20,
                    "permissionId": 174,
                    "permissionName": "Shift Task",
                    "sourceId": 1374,
                    "addPermission": false,
                    "updatePermission": false,
                    "deletePermission": false,
                    "postPermission": false,
                    "appId": 6,
                    "appName": "Book",
                    "operations": false
                },
                {
                    "id": 553,
                    "permissionGroupId": 20,
                    "permissionId": 175,
                    "permissionName": "General Task",
                    "sourceId": 1375,
                    "addPermission": false,
                    "updatePermission": false,
                    "deletePermission": false,
                    "postPermission": false,
                    "appId": 6,
                    "appName": "Book",
                    "operations": false
                },
                {
                    "id": 560,
                    "permissionGroupId": 20,
                    "permissionId": 176,
                    "permissionName": "Book Advance - CA",
                    "sourceId": 1376,
                    "addPermission": false,
                    "updatePermission": false,
                    "deletePermission": false,
                    "postPermission": false,
                    "appId": 6,
                    "appName": "Book",
                    "operations": false
                },
                {
                    "id": 561,
                    "permissionGroupId": 20,
                    "permissionId": 4,
                    "permissionName": "Book Management Task",
                    "sourceId": 1367,
                    "addPermission": false,
                    "updatePermission": false,
                    "deletePermission": false,
                    "postPermission": false,
                    "appId": 6,
                    "appName": "Book",
                    "operations": false
                },
                {
                    "id": 557,
                    "permissionGroupId": 20,
                    "permissionId": 162,
                    "permissionName": "Book Forms - Basic",
                    "sourceId": 1372,
                    "addPermission": false,
                    "updatePermission": false,
                    "deletePermission": false,
                    "postPermission": false,
                    "appId": 6,
                    "appName": "Book",
                    "operations": false
                },
                {
                    "id": 569,
                    "permissionGroupId": 20,
                    "permissionId": 160,
                    "permissionName": "Book Forms - Advanced",
                    "sourceId": 1370,
                    "addPermission": false,
                    "updatePermission": false,
                    "deletePermission": false,
                    "postPermission": false,
                    "appId": 6,
                    "appName": "Book",
                    "operations": false
                },
                {
                    "id": 565,
                    "permissionGroupId": 20,
                    "permissionId": 173,
                    "permissionName": "Book Dashboard",
                    "sourceId": 1373,
                    "addPermission": false,
                    "updatePermission": false,
                    "deletePermission": false,
                    "postPermission": false,
                    "appId": 6,
                    "appName": "Book",
                    "operations": false
                },
                {
                    "id": 550,
                    "permissionGroupId": 20,
                    "permissionId": 151,
                    "permissionName": "Critical Task",
                    "sourceId": 1369,
                    "addPermission": false,
                    "updatePermission": false,
                    "deletePermission": false,
                    "postPermission": false,
                    "appId": 6,
                    "appName": "Book",
                    "operations": false
                },
                {
                    "id": 584,
                    "permissionGroupId": 20,
                    "permissionId": 94,
                    "permissionName": "Book Management",
                    "sourceId": 1368,
                    "addPermission": false,
                    "updatePermission": false,
                    "deletePermission": false,
                    "postPermission": false,
                    "appId": 6,
                    "appName": "Book",
                    "operations": false
                },
                {
                    "id": 578,
                    "permissionGroupId": 20,
                    "permissionId": 161,
                    "permissionName": "Book Forms - Reports",
                    "sourceId": 1371,
                    "addPermission": false,
                    "updatePermission": false,
                    "deletePermission": false,
                    "postPermission": false,
                    "appId": 6,
                    "appName": "Book",
                    "operations": false
                }
            ],
            "appId": 6,
            "appName": "Book",
            "master": false,
            "news": false,
            "sourceId": 221,
            "local": false
        },
        {
            "id": 19,
            "permissionGroupName": "Book Basic",
            "description": "Basic user of Book application",
            "permissionIds": [
                162,
                174,
                175
            ],
            "permissionDetails": [
                {
                    "id": 576,
                    "permissionGroupId": 19,
                    "permissionId": 175,
                    "permissionName": "General Task",
                    "sourceId": 1365,
                    "addPermission": false,
                    "updatePermission": false,
                    "deletePermission": false,
                    "postPermission": false,
                    "appId": 6,
                    "appName": "Book",
                    "operations": false
                },
                {
                    "id": 567,
                    "permissionGroupId": 19,
                    "permissionId": 174,
                    "permissionName": "Shift Task",
                    "sourceId": 1364,
                    "addPermission": false,
                    "updatePermission": false,
                    "deletePermission": false,
                    "postPermission": false,
                    "appId": 6,
                    "appName": "Book",
                    "operations": false
                },
                {
                    "id": 544,
                    "permissionGroupId": 19,
                    "permissionId": 162,
                    "permissionName": "Book Forms - Basic",
                    "sourceId": 1366,
                    "addPermission": false,
                    "updatePermission": false,
                    "deletePermission": false,
                    "postPermission": false,
                    "appId": 6,
                    "appName": "Book",
                    "operations": false
                }
            ],
            "appId": 6,
            "appName": "Book",
            "master": false,
            "news": false,
            "sourceId": 220,
            "local": false
        },
        {
            "id": 33,
            "permissionGroupName": "Book Dasboard tab",
            "description": null,
            "permissionIds": [
                173
            ],
            "permissionDetails": [
                {
                    "id": 1191,
                    "permissionGroupId": 33,
                    "permissionId": 173,
                    "permissionName": "Book Dashboard",
                    "sourceId": null,
                    "addPermission": false,
                    "updatePermission": false,
                    "deletePermission": false,
                    "postPermission": false,
                    "appId": 6,
                    "appName": "Book",
                    "operations": false
                }
            ],
            "appId": null,
            "appName": null,
            "master": false,
            "news": false,
            "sourceId": null,
            "local": true
        },
        {
            "id": 15,
            "permissionGroupName": "Book Role",
            "description": "Book-only permissions",
            "permissionIds": [
                4,
                94
            ],
            "permissionDetails": [
                {
                    "id": 554,
                    "permissionGroupId": 15,
                    "permissionId": 94,
                    "permissionName": "Book Management",
                    "sourceId": 1341,
                    "addPermission": false,
                    "updatePermission": false,
                    "deletePermission": false,
                    "postPermission": false,
                    "appId": 6,
                    "appName": "Book",
                    "operations": false
                },
                {
                    "id": 534,
                    "permissionGroupId": 15,
                    "permissionId": 4,
                    "permissionName": "Book Management Task",
                    "sourceId": 1340,
                    "addPermission": false,
                    "updatePermission": false,
                    "deletePermission": false,
                    "postPermission": false,
                    "appId": 6,
                    "appName": "Book",
                    "operations": false
                }
            ],
            "appId": null,
            "appName": null,
            "master": false,
            "news": false,
            "sourceId": 210,
            "local": false
        },
        {
            "id": 31,
            "permissionGroupName": "desk app settings",
            "description": null,
            "permissionIds": [
                4,
                93,
                94,
                173,
                174,
                211
            ],
            "permissionDetails": [
                {
                    "id": 2021,
                    "permissionGroupId": 31,
                    "permissionId": 93,
                    "permissionName": "Location Management",
                    "sourceId": null,
                    "addPermission": false,
                    "updatePermission": false,
                    "deletePermission": false,
                    "postPermission": false,
                    "appId": 29,
                    "appName": "Admin",
                    "operations": false
                },
                {
                    "id": 2022,
                    "permissionGroupId": 31,
                    "permissionId": 211,
                    "permissionName": "Desk Setting Management",
                    "sourceId": null,
                    "addPermission": false,
                    "updatePermission": false,
                    "deletePermission": false,
                    "postPermission": false,
                    "appId": 31,
                    "appName": "Desk",
                    "operations": false
                },
                {
                    "id": 2650,
                    "permissionGroupId": 31,
                    "permissionId": 4,
                    "permissionName": "Book Management Task",
                    "sourceId": null,
                    "addPermission": false,
                    "updatePermission": false,
                    "deletePermission": false,
                    "postPermission": false,
                    "appId": 6,
                    "appName": "Book",
                    "operations": false
                },
                {
                    "id": 2651,
                    "permissionGroupId": 31,
                    "permissionId": 94,
                    "permissionName": "Book Management",
                    "sourceId": null,
                    "addPermission": false,
                    "updatePermission": false,
                    "deletePermission": false,
                    "postPermission": false,
                    "appId": 6,
                    "appName": "Book",
                    "operations": false
                },
                {
                    "id": 2652,
                    "permissionGroupId": 31,
                    "permissionId": 173,
                    "permissionName": "Book Dashboard",
                    "sourceId": null,
                    "addPermission": false,
                    "updatePermission": false,
                    "deletePermission": false,
                    "postPermission": false,
                    "appId": 6,
                    "appName": "Book",
                    "operations": false
                },
                {
                    "id": 2653,
                    "permissionGroupId": 31,
                    "permissionId": 174,
                    "permissionName": "Shift Task",
                    "sourceId": null,
                    "addPermission": false,
                    "updatePermission": false,
                    "deletePermission": false,
                    "postPermission": false,
                    "appId": 6,
                    "appName": "Book",
                    "operations": false
                }
            ],
            "appId": null,
            "appName": null,
            "master": false,
            "news": false,
            "sourceId": null,
            "local": true
        },
        {
            "id": 30,
            "permissionGroupName": "Desk basic ",
            "description": "Basic user",
            "permissionIds": [
                1,
                173,
                174,
                203,
                211
            ],
            "permissionDetails": [
                {
                    "id": 1886,
                    "permissionGroupId": 30,
                    "permissionId": 174,
                    "permissionName": "Shift Task",
                    "sourceId": null,
                    "addPermission": false,
                    "updatePermission": false,
                    "deletePermission": false,
                    "postPermission": false,
                    "appId": 6,
                    "appName": "Book",
                    "operations": false
                },
                {
                    "id": 1887,
                    "permissionGroupId": 30,
                    "permissionId": 173,
                    "permissionName": "Book Dashboard",
                    "sourceId": null,
                    "addPermission": false,
                    "updatePermission": false,
                    "deletePermission": false,
                    "postPermission": false,
                    "appId": 6,
                    "appName": "Book",
                    "operations": false
                },
                {
                    "id": 1218,
                    "permissionGroupId": 30,
                    "permissionId": 203,
                    "permissionName": "Network Service Board",
                    "sourceId": null,
                    "addPermission": true,
                    "updatePermission": true,
                    "deletePermission": true,
                    "postPermission": true,
                    "appId": 31,
                    "appName": "Desk",
                    "operations": true
                },
                {
                    "id": 1219,
                    "permissionGroupId": 30,
                    "permissionId": 1,
                    "permissionName": "Administration",
                    "sourceId": null,
                    "addPermission": false,
                    "updatePermission": false,
                    "deletePermission": false,
                    "postPermission": false,
                    "appId": 29,
                    "appName": "Admin",
                    "operations": false
                },
                {
                    "id": 1220,
                    "permissionGroupId": 30,
                    "permissionId": 211,
                    "permissionName": "Desk Setting Management",
                    "sourceId": null,
                    "addPermission": false,
                    "updatePermission": false,
                    "deletePermission": false,
                    "postPermission": false,
                    "appId": 31,
                    "appName": "Desk",
                    "operations": false
                }
            ],
            "appId": null,
            "appName": null,
            "master": false,
            "news": false,
            "sourceId": null,
            "local": true
        },
        {
            "id": 17,
            "permissionGroupName": "Desk Customer Management",
            "description": "",
            "permissionIds": [
                194
            ],
            "permissionDetails": [
                {
                    "id": 574,
                    "permissionGroupId": 17,
                    "permissionId": 194,
                    "permissionName": "Desk Subscription Management",
                    "sourceId": 1359,
                    "addPermission": false,
                    "updatePermission": false,
                    "deletePermission": false,
                    "postPermission": false,
                    "appId": 31,
                    "appName": "Desk",
                    "operations": false
                }
            ],
            "appId": 30,
            "appName": "NewsPublisher",
            "master": false,
            "news": false,
            "sourceId": 218,
            "local": false
        },
        {
            "id": 27,
            "permissionGroupName": "Desk Customer Service Board",
            "description": "Allow to manage the tickets of customer service board",
            "permissionIds": [
                1,
                205
            ],
            "permissionDetails": [
                {
                    "id": 1185,
                    "permissionGroupId": 27,
                    "permissionId": 1,
                    "permissionName": "Administration",
                    "sourceId": null,
                    "addPermission": false,
                    "updatePermission": false,
                    "deletePermission": false,
                    "postPermission": false,
                    "appId": 29,
                    "appName": "Admin",
                    "operations": false
                },
                {
                    "id": 1120,
                    "permissionGroupId": 27,
                    "permissionId": 205,
                    "permissionName": "Customer Service Board",
                    "sourceId": null,
                    "addPermission": true,
                    "updatePermission": true,
                    "deletePermission": true,
                    "postPermission": true,
                    "appId": 31,
                    "appName": "Desk",
                    "operations": true
                }
            ],
            "appId": null,
            "appName": null,
            "master": false,
            "news": false,
            "sourceId": null,
            "local": true
        },
        {
            "id": 29,
            "permissionGroupName": "Desk Network Service Board",
            "description": "Allow to manage tickets of Network service board",
            "permissionIds": [
                1,
                203,
                211
            ],
            "permissionDetails": [
                {
                    "id": 1189,
                    "permissionGroupId": 29,
                    "permissionId": 211,
                    "permissionName": "Desk Setting Management",
                    "sourceId": null,
                    "addPermission": false,
                    "updatePermission": false,
                    "deletePermission": false,
                    "postPermission": false,
                    "appId": 31,
                    "appName": "Desk",
                    "operations": false
                },
                {
                    "id": 1122,
                    "permissionGroupId": 29,
                    "permissionId": 203,
                    "permissionName": "Network Service Board",
                    "sourceId": null,
                    "addPermission": true,
                    "updatePermission": true,
                    "deletePermission": true,
                    "postPermission": true,
                    "appId": 31,
                    "appName": "Desk",
                    "operations": true
                },
                {
                    "id": 1186,
                    "permissionGroupId": 29,
                    "permissionId": 1,
                    "permissionName": "Administration",
                    "sourceId": null,
                    "addPermission": false,
                    "updatePermission": false,
                    "deletePermission": false,
                    "postPermission": false,
                    "appId": 29,
                    "appName": "Admin",
                    "operations": false
                }
            ],
            "appId": null,
            "appName": null,
            "master": false,
            "news": false,
            "sourceId": null,
            "local": true
        },
        {
            "id": 38,
            "permissionGroupName": "Desk Recall Service Board",
            "description": "Allow users to access recall tickets in desk app",
            "permissionIds": [
                436
            ],
            "permissionDetails": [
                {
                    "id": 2697,
                    "permissionGroupId": 38,
                    "permissionId": 436,
                    "permissionName": "Recall Service Board",
                    "sourceId": null,
                    "addPermission": false,
                    "updatePermission": false,
                    "deletePermission": false,
                    "postPermission": false,
                    "appId": 31,
                    "appName": "Desk",
                    "operations": true
                }
            ],
            "appId": null,
            "appName": null,
            "master": false,
            "news": false,
            "sourceId": null,
            "local": true
        },
        {
            "id": 18,
            "permissionGroupName": "Desk Vendor Management",
            "description": "",
            "permissionIds": [
                193
            ],
            "permissionDetails": [
                {
                    "id": 535,
                    "permissionGroupId": 18,
                    "permissionId": 193,
                    "permissionName": "Desk Service Board Management",
                    "sourceId": 1363,
                    "addPermission": false,
                    "updatePermission": false,
                    "deletePermission": false,
                    "postPermission": false,
                    "appId": 31,
                    "appName": "Desk",
                    "operations": false
                }
            ],
            "appId": 2,
            "appName": "Audit",
            "master": false,
            "news": false,
            "sourceId": 219,
            "local": false
        },
        {
            "id": 28,
            "permissionGroupName": "Desk Vendor Service Board",
            "description": "Allow to manage the tickets of Vendor service boards",
            "permissionIds": [
                1,
                204,
                211
            ],
            "permissionDetails": [
                {
                    "id": 1187,
                    "permissionGroupId": 28,
                    "permissionId": 1,
                    "permissionName": "Administration",
                    "sourceId": null,
                    "addPermission": false,
                    "updatePermission": false,
                    "deletePermission": false,
                    "postPermission": false,
                    "appId": 29,
                    "appName": "Admin",
                    "operations": false
                },
                {
                    "id": 1188,
                    "permissionGroupId": 28,
                    "permissionId": 211,
                    "permissionName": "Desk Setting Management",
                    "sourceId": null,
                    "addPermission": false,
                    "updatePermission": false,
                    "deletePermission": false,
                    "postPermission": false,
                    "appId": 31,
                    "appName": "Desk",
                    "operations": false
                },
                {
                    "id": 1121,
                    "permissionGroupId": 28,
                    "permissionId": 204,
                    "permissionName": "Vendor Service Board",
                    "sourceId": null,
                    "addPermission": true,
                    "updatePermission": true,
                    "deletePermission": true,
                    "postPermission": true,
                    "appId": 31,
                    "appName": "Desk",
                    "operations": true
                }
            ],
            "appId": null,
            "appName": null,
            "master": false,
            "news": false,
            "sourceId": null,
            "local": true
        },
        {
            "id": 12,
            "permissionGroupName": "Franchisee News",
            "description": "Franchisee news access",
            "permissionIds": [
                199,
                223,
                224
            ],
            "permissionDetails": [
                {
                    "id": 616,
                    "permissionGroupId": 12,
                    "permissionId": 199,
                    "permissionName": "Evaluation Permission",
                    "sourceId": null,
                    "addPermission": true,
                    "updatePermission": true,
                    "deletePermission": true,
                    "postPermission": false,
                    "appId": 7,
                    "appName": "People",
                    "operations": false
                },
                {
                    "id": 617,
                    "permissionGroupId": 12,
                    "permissionId": 223,
                    "permissionName": "People-Training Pathway Management",
                    "sourceId": null,
                    "addPermission": true,
                    "updatePermission": true,
                    "deletePermission": true,
                    "postPermission": false,
                    "appId": 7,
                    "appName": "People",
                    "operations": false
                },
                {
                    "id": 618,
                    "permissionGroupId": 12,
                    "permissionId": 224,
                    "permissionName": "People-Training Pathway Learner",
                    "sourceId": null,
                    "addPermission": true,
                    "updatePermission": true,
                    "deletePermission": true,
                    "postPermission": false,
                    "appId": 7,
                    "appName": "People",
                    "operations": false
                }
            ],
            "appId": null,
            "appName": null,
            "master": false,
            "news": true,
            "sourceId": 12,
            "local": false
        },
        {
            "id": 23,
            "permissionGroupName": "knowledgeRole",
            "description": "Ability to manage knowledge",
            "permissionIds": [
                165
            ],
            "permissionDetails": [
                {
                    "id": 663,
                    "permissionGroupId": 23,
                    "permissionId": 165,
                    "permissionName": "Knowledge Operations",
                    "sourceId": 1041,
                    "addPermission": true,
                    "updatePermission": true,
                    "deletePermission": true,
                    "postPermission": true,
                    "appId": 17,
                    "appName": "Knowledge",
                    "operations": false
                }
            ],
            "appId": 17,
            "appName": "Knowledge",
            "master": false,
            "news": false,
            "sourceId": 165,
            "local": false
        },
        {
            "id": 10,
            "permissionGroupName": "Learner",
            "description": "Learners -  who can take the knowledge courses.",
            "permissionIds": [
                1,
                2,
                96,
                195,
                223,
                224,
                225
            ],
            "permissionDetails": [
                {
                    "id": 601,
                    "permissionGroupId": 10,
                    "permissionId": 223,
                    "permissionName": "People-Training Pathway Management",
                    "sourceId": null,
                    "addPermission": true,
                    "updatePermission": true,
                    "deletePermission": false,
                    "postPermission": false,
                    "appId": 7,
                    "appName": "People",
                    "operations": false
                },
                {
                    "id": 602,
                    "permissionGroupId": 10,
                    "permissionId": 224,
                    "permissionName": "People-Training Pathway Learner",
                    "sourceId": null,
                    "addPermission": true,
                    "updatePermission": true,
                    "deletePermission": false,
                    "postPermission": false,
                    "appId": 7,
                    "appName": "People",
                    "operations": false
                },
                {
                    "id": 604,
                    "permissionGroupId": 10,
                    "permissionId": 1,
                    "permissionName": "Administration",
                    "sourceId": null,
                    "addPermission": true,
                    "updatePermission": true,
                    "deletePermission": false,
                    "postPermission": false,
                    "appId": 29,
                    "appName": "Admin",
                    "operations": false
                },
                {
                    "id": 605,
                    "permissionGroupId": 10,
                    "permissionId": 2,
                    "permissionName": "Basic User Admin",
                    "sourceId": null,
                    "addPermission": true,
                    "updatePermission": true,
                    "deletePermission": false,
                    "postPermission": false,
                    "appId": 29,
                    "appName": "Admin",
                    "operations": false
                },
                {
                    "id": 607,
                    "permissionGroupId": 10,
                    "permissionId": 225,
                    "permissionName": "People-Training Pathway Observer",
                    "sourceId": null,
                    "addPermission": true,
                    "updatePermission": true,
                    "deletePermission": true,
                    "postPermission": true,
                    "appId": 7,
                    "appName": "People",
                    "operations": false
                },
                {
                    "id": 608,
                    "permissionGroupId": 10,
                    "permissionId": 195,
                    "permissionName": "Manage People App Form",
                    "sourceId": null,
                    "addPermission": true,
                    "updatePermission": true,
                    "deletePermission": true,
                    "postPermission": true,
                    "appId": 7,
                    "appName": "People",
                    "operations": false
                },
                {
                    "id": 459,
                    "permissionGroupId": 10,
                    "permissionId": 96,
                    "permissionName": "Complaint Management",
                    "sourceId": 1215,
                    "addPermission": false,
                    "updatePermission": false,
                    "deletePermission": false,
                    "postPermission": false,
                    "appId": 1,
                    "appName": "GiSMo",
                    "operations": false
                }
            ],
            "appId": null,
            "appName": null,
            "master": false,
            "news": false,
            "sourceId": 200,
            "local": false
        },
        {
            "id": 7,
            "permissionGroupName": "Location User",
            "description": "Ability to perform functions necessary for your location, like a location manager, and manage the app settings of the location.",
            "permissionIds": [
                4,
                7,
                8,
                9,
                10,
                11,
                17,
                18,
                19,
                20,
                21,
                22,
                23,
                24,
                25,
                26,
                27,
                28,
                29,
                30,
                31,
                32,
                33,
                34,
                35,
                36,
                37,
                38,
                39,
                40,
                41,
                42,
                43,
                44,
                45,
                46,
                48,
                49,
                50,
                53,
                54,
                55,
                56,
                57,
                58,
                59,
                62,
                73,
                74,
                75,
                76,
                77,
                78,
                79,
                80,
                81,
                86,
                87,
                88,
                89,
                90,
                93,
                105,
                106,
                107,
                108,
                109,
                129,
                132,
                133,
                134,
                135,
                139,
                148,
                159,
                160,
                161,
                197,
                198,
                199,
                215
            ],
            "permissionDetails": [
                {
                    "id": 517,
                    "permissionGroupId": 7,
                    "permissionId": 197,
                    "permissionName": "People Reports",
                    "sourceId": 1302,
                    "addPermission": false,
                    "updatePermission": false,
                    "deletePermission": false,
                    "postPermission": false,
                    "appId": 7,
                    "appName": "People",
                    "operations": false
                },
                {
                    "id": 518,
                    "permissionGroupId": 7,
                    "permissionId": 199,
                    "permissionName": "Evaluation Permission",
                    "sourceId": 1303,
                    "addPermission": false,
                    "updatePermission": false,
                    "deletePermission": false,
                    "postPermission": false,
                    "appId": 7,
                    "appName": "People",
                    "operations": false
                },
                {
                    "id": 519,
                    "permissionGroupId": 7,
                    "permissionId": 215,
                    "permissionName": "Assessment Permission",
                    "sourceId": 1304,
                    "addPermission": false,
                    "updatePermission": false,
                    "deletePermission": false,
                    "postPermission": false,
                    "appId": 7,
                    "appName": "People",
                    "operations": false
                },
                {
                    "id": 520,
                    "permissionGroupId": 7,
                    "permissionId": 198,
                    "permissionName": "Dashboard Report",
                    "sourceId": 1305,
                    "addPermission": false,
                    "updatePermission": false,
                    "deletePermission": false,
                    "postPermission": false,
                    "appId": 7,
                    "appName": "People",
                    "operations": false
                },
                {
                    "id": 260,
                    "permissionGroupId": 7,
                    "permissionId": 160,
                    "permissionName": "Book Forms - Advanced",
                    "sourceId": 1008,
                    "addPermission": false,
                    "updatePermission": false,
                    "deletePermission": false,
                    "postPermission": false,
                    "appId": 6,
                    "appName": "Book",
                    "operations": false
                },
                {
                    "id": 261,
                    "permissionGroupId": 7,
                    "permissionId": 161,
                    "permissionName": "Book Forms - Reports",
                    "sourceId": 1009,
                    "addPermission": false,
                    "updatePermission": false,
                    "deletePermission": false,
                    "postPermission": false,
                    "appId": 6,
                    "appName": "Book",
                    "operations": false
                },
                {
                    "id": 255,
                    "permissionGroupId": 7,
                    "permissionId": 93,
                    "permissionName": "Location Management",
                    "sourceId": 1001,
                    "addPermission": false,
                    "updatePermission": false,
                    "deletePermission": false,
                    "postPermission": false,
                    "appId": 29,
                    "appName": "Admin",
                    "operations": false
                },
                {
                    "id": 264,
                    "permissionGroupId": 7,
                    "permissionId": 134,
                    "permissionName": "GiSMo Reports",
                    "sourceId": 1014,
                    "addPermission": false,
                    "updatePermission": false,
                    "deletePermission": false,
                    "postPermission": false,
                    "appId": 1,
                    "appName": "GiSMo",
                    "operations": false
                },
                {
                    "id": 265,
                    "permissionGroupId": 7,
                    "permissionId": 135,
                    "permissionName": "Audit Advance",
                    "sourceId": 1015,
                    "addPermission": false,
                    "updatePermission": false,
                    "deletePermission": false,
                    "postPermission": false,
                    "appId": 2,
                    "appName": "Audit",
                    "operations": false
                },
                {
                    "id": 266,
                    "permissionGroupId": 7,
                    "permissionId": 159,
                    "permissionName": "Employee Health Summary",
                    "sourceId": 1016,
                    "addPermission": false,
                    "updatePermission": false,
                    "deletePermission": false,
                    "postPermission": false,
                    "appId": 2,
                    "appName": "Audit",
                    "operations": false
                },
                {
                    "id": 267,
                    "permissionGroupId": 7,
                    "permissionId": 133,
                    "permissionName": "Task Reports",
                    "sourceId": 1018,
                    "addPermission": false,
                    "updatePermission": false,
                    "deletePermission": false,
                    "postPermission": false,
                    "appId": 3,
                    "appName": "Task",
                    "operations": false
                },
                {
                    "id": 268,
                    "permissionGroupId": 7,
                    "permissionId": 139,
                    "permissionName": "WOW Report",
                    "sourceId": 1019,
                    "addPermission": false,
                    "updatePermission": false,
                    "deletePermission": false,
                    "postPermission": false,
                    "appId": 4,
                    "appName": "Wow",
                    "operations": false
                },
                {
                    "id": 269,
                    "permissionGroupId": 7,
                    "permissionId": 4,
                    "permissionName": "Book Management Task",
                    "sourceId": 1020,
                    "addPermission": false,
                    "updatePermission": false,
                    "deletePermission": false,
                    "postPermission": false,
                    "appId": 6,
                    "appName": "Book",
                    "operations": false
                },
                {
                    "id": 270,
                    "permissionGroupId": 7,
                    "permissionId": 132,
                    "permissionName": "Quiz Reports",
                    "sourceId": 1022,
                    "addPermission": false,
                    "updatePermission": false,
                    "deletePermission": false,
                    "postPermission": false,
                    "appId": 14,
                    "appName": "Quiz",
                    "operations": false
                },
                {
                    "id": 387,
                    "permissionGroupId": 7,
                    "permissionId": 75,
                    "permissionName": "Actual Food Usage Report",
                    "sourceId": 1142,
                    "addPermission": false,
                    "updatePermission": false,
                    "deletePermission": false,
                    "postPermission": false,
                    "appId": 18,
                    "appName": "Inventory",
                    "operations": false
                },
                {
                    "id": 388,
                    "permissionGroupId": 7,
                    "permissionId": 17,
                    "permissionName": "Actual Inventory Usage Report",
                    "sourceId": 1143,
                    "addPermission": false,
                    "updatePermission": false,
                    "deletePermission": false,
                    "postPermission": false,
                    "appId": 18,
                    "appName": "Inventory",
                    "operations": false
                },
                {
                    "id": 389,
                    "permissionGroupId": 7,
                    "permissionId": 24,
                    "permissionName": "Bakery Variance Report",
                    "sourceId": 1144,
                    "addPermission": false,
                    "updatePermission": false,
                    "deletePermission": false,
                    "postPermission": false,
                    "appId": 18,
                    "appName": "Inventory",
                    "operations": false
                },
                {
                    "id": 390,
                    "permissionGroupId": 7,
                    "permissionId": 25,
                    "permissionName": "Bakery Variance by Week Report",
                    "sourceId": 1145,
                    "addPermission": false,
                    "updatePermission": false,
                    "deletePermission": false,
                    "postPermission": false,
                    "appId": 18,
                    "appName": "Inventory",
                    "operations": false
                },
                {
                    "id": 391,
                    "permissionGroupId": 7,
                    "permissionId": 53,
                    "permissionName": "Donut/Bakery Adjustments",
                    "sourceId": 1146,
                    "addPermission": false,
                    "updatePermission": false,
                    "deletePermission": false,
                    "postPermission": false,
                    "appId": 18,
                    "appName": "Inventory",
                    "operations": true
                },
                {
                    "id": 392,
                    "permissionGroupId": 7,
                    "permissionId": 55,
                    "permissionName": "Donut/Bakery Show CarryOver",
                    "sourceId": 1147,
                    "addPermission": false,
                    "updatePermission": false,
                    "deletePermission": false,
                    "postPermission": false,
                    "appId": 18,
                    "appName": "Inventory",
                    "operations": false
                },
                {
                    "id": 393,
                    "permissionGroupId": 7,
                    "permissionId": 54,
                    "permissionName": "Donut/Bakery Transfers",
                    "sourceId": 1148,
                    "addPermission": false,
                    "updatePermission": false,
                    "deletePermission": false,
                    "postPermission": false,
                    "appId": 18,
                    "appName": "Inventory",
                    "operations": true
                },
                {
                    "id": 394,
                    "permissionGroupId": 7,
                    "permissionId": 8,
                    "permissionName": "Ingredient Adjustments",
                    "sourceId": 1149,
                    "addPermission": false,
                    "updatePermission": false,
                    "deletePermission": false,
                    "postPermission": false,
                    "appId": 18,
                    "appName": "Inventory",
                    "operations": true
                },
                {
                    "id": 395,
                    "permissionGroupId": 7,
                    "permissionId": 9,
                    "permissionName": "Ingredient Transfers",
                    "sourceId": 1150,
                    "addPermission": false,
                    "updatePermission": false,
                    "deletePermission": false,
                    "postPermission": false,
                    "appId": 18,
                    "appName": "Inventory",
                    "operations": true
                },
                {
                    "id": 396,
                    "permissionGroupId": 7,
                    "permissionId": 19,
                    "permissionName": "Ingredient Usage by Day Report",
                    "sourceId": 1151,
                    "addPermission": false,
                    "updatePermission": false,
                    "deletePermission": false,
                    "postPermission": false,
                    "appId": 18,
                    "appName": "Inventory",
                    "operations": false
                },
                {
                    "id": 397,
                    "permissionGroupId": 7,
                    "permissionId": 20,
                    "permissionName": "Ingredient Usage by Week Report",
                    "sourceId": 1152,
                    "addPermission": false,
                    "updatePermission": false,
                    "deletePermission": false,
                    "postPermission": false,
                    "appId": 18,
                    "appName": "Inventory",
                    "operations": false
                },
                {
                    "id": 398,
                    "permissionGroupId": 7,
                    "permissionId": 79,
                    "permissionName": "Inventory Journal Items Report",
                    "sourceId": 1153,
                    "addPermission": false,
                    "updatePermission": false,
                    "deletePermission": false,
                    "postPermission": false,
                    "appId": 18,
                    "appName": "Inventory",
                    "operations": false
                },
                {
                    "id": 399,
                    "permissionGroupId": 7,
                    "permissionId": 129,
                    "permissionName": "Inventory Review",
                    "sourceId": 1154,
                    "addPermission": true,
                    "updatePermission": true,
                    "deletePermission": true,
                    "postPermission": true,
                    "appId": 18,
                    "appName": "Inventory",
                    "operations": true
                },
                {
                    "id": 400,
                    "permissionGroupId": 7,
                    "permissionId": 109,
                    "permissionName": "Physical Inventory - Iced Beverage",
                    "sourceId": 1155,
                    "addPermission": true,
                    "updatePermission": true,
                    "deletePermission": true,
                    "postPermission": true,
                    "appId": 18,
                    "appName": "Inventory",
                    "operations": true
                },
                {
                    "id": 401,
                    "permissionGroupId": 7,
                    "permissionId": 7,
                    "permissionName": "Physical Inventory - Ingredient",
                    "sourceId": 1156,
                    "addPermission": true,
                    "updatePermission": true,
                    "deletePermission": true,
                    "postPermission": true,
                    "appId": 18,
                    "appName": "Inventory",
                    "operations": true
                },
                {
                    "id": 402,
                    "permissionGroupId": 7,
                    "permissionId": 73,
                    "permissionName": "Prep Usage by Day Report",
                    "sourceId": 1157,
                    "addPermission": false,
                    "updatePermission": false,
                    "deletePermission": false,
                    "postPermission": false,
                    "appId": 18,
                    "appName": "Inventory",
                    "operations": false
                },
                {
                    "id": 403,
                    "permissionGroupId": 7,
                    "permissionId": 74,
                    "permissionName": "Prep Usage by Week Report",
                    "sourceId": 1158,
                    "addPermission": false,
                    "updatePermission": false,
                    "deletePermission": false,
                    "postPermission": false,
                    "appId": 18,
                    "appName": "Inventory",
                    "operations": false
                },
                {
                    "id": 404,
                    "permissionGroupId": 7,
                    "permissionId": 18,
                    "permissionName": "Retail Food Variance Report",
                    "sourceId": 1159,
                    "addPermission": false,
                    "updatePermission": false,
                    "deletePermission": false,
                    "postPermission": false,
                    "appId": 18,
                    "appName": "Inventory",
                    "operations": false
                },
                {
                    "id": 405,
                    "permissionGroupId": 7,
                    "permissionId": 10,
                    "permissionName": "Waste - Donuts/Bakery",
                    "sourceId": 1160,
                    "addPermission": false,
                    "updatePermission": false,
                    "deletePermission": false,
                    "postPermission": false,
                    "appId": 18,
                    "appName": "Inventory",
                    "operations": true
                },
                {
                    "id": 406,
                    "permissionGroupId": 7,
                    "permissionId": 107,
                    "permissionName": "Waste - Hot Beverage",
                    "sourceId": 1161,
                    "addPermission": false,
                    "updatePermission": false,
                    "deletePermission": false,
                    "postPermission": false,
                    "appId": 18,
                    "appName": "Inventory",
                    "operations": true
                },
                {
                    "id": 407,
                    "permissionGroupId": 7,
                    "permissionId": 106,
                    "permissionName": "Waste - Iced Beverage",
                    "sourceId": 1162,
                    "addPermission": false,
                    "updatePermission": false,
                    "deletePermission": false,
                    "postPermission": false,
                    "appId": 18,
                    "appName": "Inventory",
                    "operations": true
                },
                {
                    "id": 408,
                    "permissionGroupId": 7,
                    "permissionId": 11,
                    "permissionName": "Waste - Ingredient",
                    "sourceId": 1163,
                    "addPermission": false,
                    "updatePermission": false,
                    "deletePermission": false,
                    "postPermission": false,
                    "appId": 18,
                    "appName": "Inventory",
                    "operations": true
                },
                {
                    "id": 409,
                    "permissionGroupId": 7,
                    "permissionId": 108,
                    "permissionName": "Waste - Meat & Eggs",
                    "sourceId": 1164,
                    "addPermission": false,
                    "updatePermission": false,
                    "deletePermission": false,
                    "postPermission": false,
                    "appId": 18,
                    "appName": "Inventory",
                    "operations": true
                },
                {
                    "id": 410,
                    "permissionGroupId": 7,
                    "permissionId": 22,
                    "permissionName": "Waste Cost by Day Report",
                    "sourceId": 1165,
                    "addPermission": false,
                    "updatePermission": false,
                    "deletePermission": false,
                    "postPermission": false,
                    "appId": 18,
                    "appName": "Inventory",
                    "operations": false
                },
                {
                    "id": 411,
                    "permissionGroupId": 7,
                    "permissionId": 23,
                    "permissionName": "Waste Cost by Week Report",
                    "sourceId": 1166,
                    "addPermission": false,
                    "updatePermission": false,
                    "deletePermission": false,
                    "postPermission": false,
                    "appId": 18,
                    "appName": "Inventory",
                    "operations": false
                },
                {
                    "id": 412,
                    "permissionGroupId": 7,
                    "permissionId": 21,
                    "permissionName": "Waste Cost Report",
                    "sourceId": 1167,
                    "addPermission": false,
                    "updatePermission": false,
                    "deletePermission": false,
                    "postPermission": false,
                    "appId": 18,
                    "appName": "Inventory",
                    "operations": false
                },
                {
                    "id": 413,
                    "permissionGroupId": 7,
                    "permissionId": 56,
                    "permissionName": "Dashboard-Prep",
                    "sourceId": 1168,
                    "addPermission": false,
                    "updatePermission": false,
                    "deletePermission": false,
                    "postPermission": false,
                    "appId": 20,
                    "appName": "Prep",
                    "operations": false
                },
                {
                    "id": 414,
                    "permissionGroupId": 7,
                    "permissionId": 77,
                    "permissionName": "Donut/Bakery Prep",
                    "sourceId": 1169,
                    "addPermission": false,
                    "updatePermission": false,
                    "deletePermission": false,
                    "postPermission": false,
                    "appId": 20,
                    "appName": "Prep",
                    "operations": true
                },
                {
                    "id": 415,
                    "permissionGroupId": 7,
                    "permissionId": 62,
                    "permissionName": "Items-Prep",
                    "sourceId": 1170,
                    "addPermission": false,
                    "updatePermission": false,
                    "deletePermission": false,
                    "postPermission": false,
                    "appId": 20,
                    "appName": "Prep",
                    "operations": false
                },
                {
                    "id": 416,
                    "permissionGroupId": 7,
                    "permissionId": 58,
                    "permissionName": "Meat & Eggs Prep",
                    "sourceId": 1171,
                    "addPermission": false,
                    "updatePermission": false,
                    "deletePermission": false,
                    "postPermission": false,
                    "appId": 20,
                    "appName": "Prep",
                    "operations": true
                },
                {
                    "id": 417,
                    "permissionGroupId": 7,
                    "permissionId": 57,
                    "permissionName": "Physical Inventory - Meat & Eggs",
                    "sourceId": 1172,
                    "addPermission": false,
                    "updatePermission": false,
                    "deletePermission": false,
                    "postPermission": false,
                    "appId": 20,
                    "appName": "Prep",
                    "operations": true
                },
                {
                    "id": 418,
                    "permissionGroupId": 7,
                    "permissionId": 105,
                    "permissionName": "Prep Hot Beverage",
                    "sourceId": 1173,
                    "addPermission": false,
                    "updatePermission": false,
                    "deletePermission": false,
                    "postPermission": false,
                    "appId": 20,
                    "appName": "Prep",
                    "operations": false
                },
                {
                    "id": 419,
                    "permissionGroupId": 7,
                    "permissionId": 87,
                    "permissionName": "Prep Hot Beverage Demand",
                    "sourceId": 1174,
                    "addPermission": false,
                    "updatePermission": false,
                    "deletePermission": false,
                    "postPermission": false,
                    "appId": 20,
                    "appName": "Prep",
                    "operations": false
                },
                {
                    "id": 420,
                    "permissionGroupId": 7,
                    "permissionId": 80,
                    "permissionName": "Prep Hot Holding Demands (Report)",
                    "sourceId": 1175,
                    "addPermission": false,
                    "updatePermission": false,
                    "deletePermission": false,
                    "postPermission": false,
                    "appId": 20,
                    "appName": "Prep",
                    "operations": false
                },
                {
                    "id": 421,
                    "permissionGroupId": 7,
                    "permissionId": 88,
                    "permissionName": "Prep Iced Beverage",
                    "sourceId": 1176,
                    "addPermission": false,
                    "updatePermission": false,
                    "deletePermission": false,
                    "postPermission": false,
                    "appId": 20,
                    "appName": "Prep",
                    "operations": false
                },
                {
                    "id": 422,
                    "permissionGroupId": 7,
                    "permissionId": 86,
                    "permissionName": "Prep Iced Beverage Demand",
                    "sourceId": 1177,
                    "addPermission": false,
                    "updatePermission": false,
                    "deletePermission": false,
                    "postPermission": false,
                    "appId": 20,
                    "appName": "Prep",
                    "operations": false
                },
                {
                    "id": 423,
                    "permissionGroupId": 7,
                    "permissionId": 59,
                    "permissionName": "Prep Usage by Day (Report)",
                    "sourceId": 1178,
                    "addPermission": false,
                    "updatePermission": false,
                    "deletePermission": false,
                    "postPermission": false,
                    "appId": 20,
                    "appName": "Prep",
                    "operations": false
                },
                {
                    "id": 424,
                    "permissionGroupId": 7,
                    "permissionId": 78,
                    "permissionName": "Prep Usage by Week (Report)",
                    "sourceId": 1179,
                    "addPermission": false,
                    "updatePermission": false,
                    "deletePermission": false,
                    "postPermission": false,
                    "appId": 20,
                    "appName": "Prep",
                    "operations": false
                },
                {
                    "id": 425,
                    "permissionGroupId": 7,
                    "permissionId": 81,
                    "permissionName": "Bank Deposit Tracker",
                    "sourceId": 1180,
                    "addPermission": false,
                    "updatePermission": false,
                    "deletePermission": false,
                    "postPermission": false,
                    "appId": 19,
                    "appName": "Sales",
                    "operations": false
                },
                {
                    "id": 426,
                    "permissionGroupId": 7,
                    "permissionId": 32,
                    "permissionName": "Bank Deposits",
                    "sourceId": 1181,
                    "addPermission": false,
                    "updatePermission": false,
                    "deletePermission": false,
                    "postPermission": false,
                    "appId": 19,
                    "appName": "Sales",
                    "operations": true
                },
                {
                    "id": 427,
                    "permissionGroupId": 7,
                    "permissionId": 42,
                    "permissionName": "Cash Short/Over",
                    "sourceId": 1182,
                    "addPermission": false,
                    "updatePermission": false,
                    "deletePermission": false,
                    "postPermission": false,
                    "appId": 19,
                    "appName": "Sales",
                    "operations": false
                },
                {
                    "id": 428,
                    "permissionGroupId": 7,
                    "permissionId": 27,
                    "permissionName": "Daily Sales",
                    "sourceId": 1183,
                    "addPermission": false,
                    "updatePermission": false,
                    "deletePermission": false,
                    "postPermission": false,
                    "appId": 19,
                    "appName": "Sales",
                    "operations": false
                },
                {
                    "id": 429,
                    "permissionGroupId": 7,
                    "permissionId": 34,
                    "permissionName": "Daily Sales Summary",
                    "sourceId": 1184,
                    "addPermission": false,
                    "updatePermission": false,
                    "deletePermission": false,
                    "postPermission": false,
                    "appId": 19,
                    "appName": "Sales",
                    "operations": false
                },
                {
                    "id": 430,
                    "permissionGroupId": 7,
                    "permissionId": 26,
                    "permissionName": "Dashboard",
                    "sourceId": 1185,
                    "addPermission": false,
                    "updatePermission": false,
                    "deletePermission": false,
                    "postPermission": false,
                    "appId": 19,
                    "appName": "Sales",
                    "operations": false
                },
                {
                    "id": 431,
                    "permissionGroupId": 7,
                    "permissionId": 31,
                    "permissionName": "End of Day",
                    "sourceId": 1186,
                    "addPermission": false,
                    "updatePermission": false,
                    "deletePermission": false,
                    "postPermission": false,
                    "appId": 19,
                    "appName": "Sales",
                    "operations": true
                },
                {
                    "id": 432,
                    "permissionGroupId": 7,
                    "permissionId": 29,
                    "permissionName": "Enter Cash Count",
                    "sourceId": 1187,
                    "addPermission": false,
                    "updatePermission": false,
                    "deletePermission": false,
                    "postPermission": false,
                    "appId": 19,
                    "appName": "Sales",
                    "operations": true
                },
                {
                    "id": 433,
                    "permissionGroupId": 7,
                    "permissionId": 90,
                    "permissionName": "Gross Margin By Time Report",
                    "sourceId": 1188,
                    "addPermission": false,
                    "updatePermission": false,
                    "deletePermission": false,
                    "postPermission": false,
                    "appId": 19,
                    "appName": "Sales",
                    "operations": false
                },
                {
                    "id": 434,
                    "permissionGroupId": 7,
                    "permissionId": 89,
                    "permissionName": "Labor By Time Report",
                    "sourceId": 1189,
                    "addPermission": false,
                    "updatePermission": false,
                    "deletePermission": false,
                    "postPermission": false,
                    "appId": 19,
                    "appName": "Sales",
                    "operations": false
                },
                {
                    "id": 435,
                    "permissionGroupId": 7,
                    "permissionId": 48,
                    "permissionName": "Labor Trends vs Prior Year",
                    "sourceId": 1190,
                    "addPermission": false,
                    "updatePermission": false,
                    "deletePermission": false,
                    "postPermission": false,
                    "appId": 19,
                    "appName": "Sales",
                    "operations": false
                },
                {
                    "id": 436,
                    "permissionGroupId": 7,
                    "permissionId": 50,
                    "permissionName": "Loss Prevention Trends",
                    "sourceId": 1191,
                    "addPermission": false,
                    "updatePermission": false,
                    "deletePermission": false,
                    "postPermission": false,
                    "appId": 19,
                    "appName": "Sales",
                    "operations": false
                },
                {
                    "id": 437,
                    "permissionGroupId": 7,
                    "permissionId": 41,
                    "permissionName": "Menu Analysis",
                    "sourceId": 1192,
                    "addPermission": false,
                    "updatePermission": false,
                    "deletePermission": false,
                    "postPermission": false,
                    "appId": 19,
                    "appName": "Sales",
                    "operations": false
                },
                {
                    "id": 438,
                    "permissionGroupId": 7,
                    "permissionId": 33,
                    "permissionName": "Paid In/Out",
                    "sourceId": 1193,
                    "addPermission": false,
                    "updatePermission": false,
                    "deletePermission": false,
                    "postPermission": false,
                    "appId": 19,
                    "appName": "Sales",
                    "operations": true
                },
                {
                    "id": 439,
                    "permissionGroupId": 7,
                    "permissionId": 38,
                    "permissionName": "POS Transaction Viewer",
                    "sourceId": 1194,
                    "addPermission": false,
                    "updatePermission": false,
                    "deletePermission": false,
                    "postPermission": false,
                    "appId": 19,
                    "appName": "Sales",
                    "operations": false
                },
                {
                    "id": 440,
                    "permissionGroupId": 7,
                    "permissionId": 37,
                    "permissionName": "Product Mix-Report",
                    "sourceId": 1195,
                    "addPermission": false,
                    "updatePermission": false,
                    "deletePermission": false,
                    "postPermission": false,
                    "appId": 19,
                    "appName": "Sales",
                    "operations": false
                },
                {
                    "id": 441,
                    "permissionGroupId": 7,
                    "permissionId": 28,
                    "permissionName": "Product Mix-Task",
                    "sourceId": 1196,
                    "addPermission": false,
                    "updatePermission": false,
                    "deletePermission": false,
                    "postPermission": false,
                    "appId": 19,
                    "appName": "Sales",
                    "operations": false
                },
                {
                    "id": 442,
                    "permissionGroupId": 7,
                    "permissionId": 49,
                    "permissionName": "COGS Actual",
                    "sourceId": 1197,
                    "addPermission": false,
                    "updatePermission": false,
                    "deletePermission": false,
                    "postPermission": false,
                    "appId": 19,
                    "appName": "Sales",
                    "operations": false
                },
                {
                    "id": 443,
                    "permissionGroupId": 7,
                    "permissionId": 36,
                    "permissionName": "Sales by Day part",
                    "sourceId": 1198,
                    "addPermission": false,
                    "updatePermission": false,
                    "deletePermission": false,
                    "postPermission": false,
                    "appId": 19,
                    "appName": "Sales",
                    "operations": false
                },
                {
                    "id": 444,
                    "permissionGroupId": 7,
                    "permissionId": 35,
                    "permissionName": "Sales by Destination",
                    "sourceId": 1199,
                    "addPermission": false,
                    "updatePermission": false,
                    "deletePermission": false,
                    "postPermission": false,
                    "appId": 19,
                    "appName": "Sales",
                    "operations": false
                },
                {
                    "id": 445,
                    "permissionGroupId": 7,
                    "permissionId": 39,
                    "permissionName": "Sales by Employee",
                    "sourceId": 1200,
                    "addPermission": false,
                    "updatePermission": false,
                    "deletePermission": false,
                    "postPermission": false,
                    "appId": 19,
                    "appName": "Sales",
                    "operations": false
                },
                {
                    "id": 446,
                    "permissionGroupId": 7,
                    "permissionId": 46,
                    "permissionName": "Sales by Revenue Center-Consolidated",
                    "sourceId": 1201,
                    "addPermission": false,
                    "updatePermission": false,
                    "deletePermission": false,
                    "postPermission": false,
                    "appId": 19,
                    "appName": "Sales",
                    "operations": false
                },
                {
                    "id": 447,
                    "permissionGroupId": 7,
                    "permissionId": 40,
                    "permissionName": "Sales by Tender Type",
                    "sourceId": 1202,
                    "addPermission": false,
                    "updatePermission": false,
                    "deletePermission": false,
                    "postPermission": false,
                    "appId": 19,
                    "appName": "Sales",
                    "operations": false
                },
                {
                    "id": 448,
                    "permissionGroupId": 7,
                    "permissionId": 43,
                    "permissionName": "Sales by Terminal",
                    "sourceId": 1203,
                    "addPermission": false,
                    "updatePermission": false,
                    "deletePermission": false,
                    "postPermission": false,
                    "appId": 19,
                    "appName": "Sales",
                    "operations": false
                },
                {
                    "id": 449,
                    "permissionGroupId": 7,
                    "permissionId": 44,
                    "permissionName": "Sales by Time",
                    "sourceId": 1204,
                    "addPermission": false,
                    "updatePermission": false,
                    "deletePermission": false,
                    "postPermission": false,
                    "appId": 19,
                    "appName": "Sales",
                    "operations": false
                },
                {
                    "id": 450,
                    "permissionGroupId": 7,
                    "permissionId": 45,
                    "permissionName": "Sales Summary",
                    "sourceId": 1205,
                    "addPermission": false,
                    "updatePermission": false,
                    "deletePermission": false,
                    "postPermission": false,
                    "appId": 19,
                    "appName": "Sales",
                    "operations": false
                },
                {
                    "id": 451,
                    "permissionGroupId": 7,
                    "permissionId": 30,
                    "permissionName": "Shift Cash Reconciliation",
                    "sourceId": 1206,
                    "addPermission": false,
                    "updatePermission": false,
                    "deletePermission": false,
                    "postPermission": false,
                    "appId": 19,
                    "appName": "Sales",
                    "operations": true
                },
                {
                    "id": 452,
                    "permissionGroupId": 7,
                    "permissionId": 148,
                    "permissionName": "Sales Vendor",
                    "sourceId": 1207,
                    "addPermission": false,
                    "updatePermission": false,
                    "deletePermission": false,
                    "postPermission": false,
                    "appId": 19,
                    "appName": "Sales",
                    "operations": false
                },
                {
                    "id": 453,
                    "permissionGroupId": 7,
                    "permissionId": 76,
                    "permissionName": "Web based Cash Management",
                    "sourceId": 1208,
                    "addPermission": false,
                    "updatePermission": false,
                    "deletePermission": false,
                    "postPermission": false,
                    "appId": 19,
                    "appName": "Sales",
                    "operations": false
                }
            ],
            "appId": null,
            "appName": null,
            "master": true,
            "news": false,
            "sourceId": 7,
            "local": false
        },
        {
            "id": 5,
            "permissionGroupName": "Multi-Unit User",
            "description": "Ability to utilize the functionality to operate at a multi-unit level.",
            "permissionIds": [
                4,
                7,
                8,
                9,
                10,
                11,
                17,
                19,
                20,
                21,
                22,
                23,
                24,
                25,
                26,
                27,
                28,
                29,
                30,
                31,
                32,
                33,
                34,
                35,
                36,
                37,
                38,
                39,
                40,
                41,
                42,
                43,
                44,
                45,
                46,
                47,
                48,
                49,
                50,
                51,
                52,
                53,
                54,
                55,
                56,
                57,
                58,
                59,
                62,
                73,
                74,
                75,
                76,
                77,
                78,
                79,
                80,
                81,
                84,
                85,
                86,
                87,
                88,
                89,
                90,
                93,
                100,
                105,
                106,
                107,
                108,
                109,
                110,
                112,
                113,
                121,
                124,
                129,
                130,
                132,
                133,
                134,
                135,
                139,
                140,
                141,
                142,
                143,
                144,
                145,
                148,
                152,
                153,
                154,
                156,
                159,
                160,
                161,
                193,
                194,
                195,
                196,
                197,
                198,
                199,
                202,
                207,
                211,
                212,
                213,
                214,
                215,
                218,
                229,
                261,
                262,
                266,
                273
            ],
            "permissionDetails": [
                {
                    "id": 304,
                    "permissionGroupId": 5,
                    "permissionId": 75,
                    "permissionName": "Actual Food Usage Report",
                    "sourceId": 1059,
                    "addPermission": false,
                    "updatePermission": false,
                    "deletePermission": false,
                    "postPermission": false,
                    "appId": 18,
                    "appName": "Inventory",
                    "operations": false
                },
                {
                    "id": 305,
                    "permissionGroupId": 5,
                    "permissionId": 17,
                    "permissionName": "Actual Inventory Usage Report",
                    "sourceId": 1060,
                    "addPermission": false,
                    "updatePermission": false,
                    "deletePermission": false,
                    "postPermission": false,
                    "appId": 18,
                    "appName": "Inventory",
                    "operations": false
                },
                {
                    "id": 306,
                    "permissionGroupId": 5,
                    "permissionId": 24,
                    "permissionName": "Bakery Variance Report",
                    "sourceId": 1061,
                    "addPermission": false,
                    "updatePermission": false,
                    "deletePermission": false,
                    "postPermission": false,
                    "appId": 18,
                    "appName": "Inventory",
                    "operations": false
                },
                {
                    "id": 307,
                    "permissionGroupId": 5,
                    "permissionId": 25,
                    "permissionName": "Bakery Variance by Week Report",
                    "sourceId": 1062,
                    "addPermission": false,
                    "updatePermission": false,
                    "deletePermission": false,
                    "postPermission": false,
                    "appId": 18,
                    "appName": "Inventory",
                    "operations": false
                },
                {
                    "id": 308,
                    "permissionGroupId": 5,
                    "permissionId": 53,
                    "permissionName": "Donut/Bakery Adjustments",
                    "sourceId": 1063,
                    "addPermission": false,
                    "updatePermission": false,
                    "deletePermission": false,
                    "postPermission": false,
                    "appId": 18,
                    "appName": "Inventory",
                    "operations": true
                },
                {
                    "id": 309,
                    "permissionGroupId": 5,
                    "permissionId": 55,
                    "permissionName": "Donut/Bakery Show CarryOver",
                    "sourceId": 1064,
                    "addPermission": false,
                    "updatePermission": false,
                    "deletePermission": false,
                    "postPermission": false,
                    "appId": 18,
                    "appName": "Inventory",
                    "operations": false
                },
                {
                    "id": 310,
                    "permissionGroupId": 5,
                    "permissionId": 54,
                    "permissionName": "Donut/Bakery Transfers",
                    "sourceId": 1065,
                    "addPermission": false,
                    "updatePermission": false,
                    "deletePermission": false,
                    "postPermission": false,
                    "appId": 18,
                    "appName": "Inventory",
                    "operations": true
                },
                {
                    "id": 311,
                    "permissionGroupId": 5,
                    "permissionId": 8,
                    "permissionName": "Ingredient Adjustments",
                    "sourceId": 1066,
                    "addPermission": false,
                    "updatePermission": false,
                    "deletePermission": false,
                    "postPermission": false,
                    "appId": 18,
                    "appName": "Inventory",
                    "operations": true
                },
                {
                    "id": 312,
                    "permissionGroupId": 5,
                    "permissionId": 9,
                    "permissionName": "Ingredient Transfers",
                    "sourceId": 1067,
                    "addPermission": false,
                    "updatePermission": false,
                    "deletePermission": false,
                    "postPermission": false,
                    "appId": 18,
                    "appName": "Inventory",
                    "operations": true
                },
                {
                    "id": 313,
                    "permissionGroupId": 5,
                    "permissionId": 19,
                    "permissionName": "Ingredient Usage by Day Report",
                    "sourceId": 1068,
                    "addPermission": false,
                    "updatePermission": false,
                    "deletePermission": false,
                    "postPermission": false,
                    "appId": 18,
                    "appName": "Inventory",
                    "operations": false
                },
                {
                    "id": 314,
                    "permissionGroupId": 5,
                    "permissionId": 20,
                    "permissionName": "Ingredient Usage by Week Report",
                    "sourceId": 1069,
                    "addPermission": false,
                    "updatePermission": false,
                    "deletePermission": false,
                    "postPermission": false,
                    "appId": 18,
                    "appName": "Inventory",
                    "operations": false
                },
                {
                    "id": 315,
                    "permissionGroupId": 5,
                    "permissionId": 79,
                    "permissionName": "Inventory Journal Items Report",
                    "sourceId": 1070,
                    "addPermission": false,
                    "updatePermission": false,
                    "deletePermission": false,
                    "postPermission": false,
                    "appId": 18,
                    "appName": "Inventory",
                    "operations": false
                },
                {
                    "id": 316,
                    "permissionGroupId": 5,
                    "permissionId": 129,
                    "permissionName": "Inventory Review",
                    "sourceId": 1071,
                    "addPermission": false,
                    "updatePermission": false,
                    "deletePermission": false,
                    "postPermission": false,
                    "appId": 18,
                    "appName": "Inventory",
                    "operations": true
                },
                {
                    "id": 317,
                    "permissionGroupId": 5,
                    "permissionId": 109,
                    "permissionName": "Physical Inventory - Iced Beverage",
                    "sourceId": 1072,
                    "addPermission": false,
                    "updatePermission": false,
                    "deletePermission": false,
                    "postPermission": false,
                    "appId": 18,
                    "appName": "Inventory",
                    "operations": true
                },
                {
                    "id": 318,
                    "permissionGroupId": 5,
                    "permissionId": 7,
                    "permissionName": "Physical Inventory - Ingredient",
                    "sourceId": 1073,
                    "addPermission": false,
                    "updatePermission": false,
                    "deletePermission": false,
                    "postPermission": false,
                    "appId": 18,
                    "appName": "Inventory",
                    "operations": true
                },
                {
                    "id": 319,
                    "permissionGroupId": 5,
                    "permissionId": 59,
                    "permissionName": "Prep Usage by Day (Report)",
                    "sourceId": 1074,
                    "addPermission": false,
                    "updatePermission": false,
                    "deletePermission": false,
                    "postPermission": false,
                    "appId": 20,
                    "appName": "Prep",
                    "operations": false
                },
                {
                    "id": 320,
                    "permissionGroupId": 5,
                    "permissionId": 78,
                    "permissionName": "Prep Usage by Week (Report)",
                    "sourceId": 1075,
                    "addPermission": false,
                    "updatePermission": false,
                    "deletePermission": false,
                    "postPermission": false,
                    "appId": 20,
                    "appName": "Prep",
                    "operations": false
                },
                {
                    "id": 321,
                    "permissionGroupId": 5,
                    "permissionId": 73,
                    "permissionName": "Prep Usage by Day Report",
                    "sourceId": 1076,
                    "addPermission": false,
                    "updatePermission": false,
                    "deletePermission": false,
                    "postPermission": false,
                    "appId": 18,
                    "appName": "Inventory",
                    "operations": false
                },
                {
                    "id": 322,
                    "permissionGroupId": 5,
                    "permissionId": 74,
                    "permissionName": "Prep Usage by Week Report",
                    "sourceId": 1077,
                    "addPermission": false,
                    "updatePermission": false,
                    "deletePermission": false,
                    "postPermission": false,
                    "appId": 18,
                    "appName": "Inventory",
                    "operations": false
                },
                {
                    "id": 323,
                    "permissionGroupId": 5,
                    "permissionId": 10,
                    "permissionName": "Waste - Donuts/Bakery",
                    "sourceId": 1078,
                    "addPermission": false,
                    "updatePermission": false,
                    "deletePermission": false,
                    "postPermission": false,
                    "appId": 18,
                    "appName": "Inventory",
                    "operations": true
                },
                {
                    "id": 324,
                    "permissionGroupId": 5,
                    "permissionId": 107,
                    "permissionName": "Waste - Hot Beverage",
                    "sourceId": 1079,
                    "addPermission": false,
                    "updatePermission": false,
                    "deletePermission": false,
                    "postPermission": false,
                    "appId": 18,
                    "appName": "Inventory",
                    "operations": true
                },
                {
                    "id": 325,
                    "permissionGroupId": 5,
                    "permissionId": 106,
                    "permissionName": "Waste - Iced Beverage",
                    "sourceId": 1080,
                    "addPermission": false,
                    "updatePermission": false,
                    "deletePermission": false,
                    "postPermission": false,
                    "appId": 18,
                    "appName": "Inventory",
                    "operations": true
                },
                {
                    "id": 326,
                    "permissionGroupId": 5,
                    "permissionId": 11,
                    "permissionName": "Waste - Ingredient",
                    "sourceId": 1081,
                    "addPermission": false,
                    "updatePermission": false,
                    "deletePermission": false,
                    "postPermission": false,
                    "appId": 18,
                    "appName": "Inventory",
                    "operations": true
                },
                {
                    "id": 327,
                    "permissionGroupId": 5,
                    "permissionId": 108,
                    "permissionName": "Waste - Meat & Eggs",
                    "sourceId": 1082,
                    "addPermission": false,
                    "updatePermission": false,
                    "deletePermission": false,
                    "postPermission": false,
                    "appId": 18,
                    "appName": "Inventory",
                    "operations": true
                },
                {
                    "id": 328,
                    "permissionGroupId": 5,
                    "permissionId": 22,
                    "permissionName": "Waste Cost by Day Report",
                    "sourceId": 1083,
                    "addPermission": false,
                    "updatePermission": false,
                    "deletePermission": false,
                    "postPermission": false,
                    "appId": 18,
                    "appName": "Inventory",
                    "operations": false
                },
                {
                    "id": 329,
                    "permissionGroupId": 5,
                    "permissionId": 23,
                    "permissionName": "Waste Cost by Week Report",
                    "sourceId": 1084,
                    "addPermission": false,
                    "updatePermission": false,
                    "deletePermission": false,
                    "postPermission": false,
                    "appId": 18,
                    "appName": "Inventory",
                    "operations": false
                },
                {
                    "id": 330,
                    "permissionGroupId": 5,
                    "permissionId": 21,
                    "permissionName": "Waste Cost Report",
                    "sourceId": 1085,
                    "addPermission": false,
                    "updatePermission": false,
                    "deletePermission": false,
                    "postPermission": false,
                    "appId": 18,
                    "appName": "Inventory",
                    "operations": false
                },
                {
                    "id": 331,
                    "permissionGroupId": 5,
                    "permissionId": 56,
                    "permissionName": "Dashboard-Prep",
                    "sourceId": 1086,
                    "addPermission": false,
                    "updatePermission": false,
                    "deletePermission": false,
                    "postPermission": false,
                    "appId": 20,
                    "appName": "Prep",
                    "operations": false
                },
                {
                    "id": 332,
                    "permissionGroupId": 5,
                    "permissionId": 77,
                    "permissionName": "Donut/Bakery Prep",
                    "sourceId": 1087,
                    "addPermission": false,
                    "updatePermission": false,
                    "deletePermission": false,
                    "postPermission": false,
                    "appId": 20,
                    "appName": "Prep",
                    "operations": true
                },
                {
                    "id": 333,
                    "permissionGroupId": 5,
                    "permissionId": 62,
                    "permissionName": "Items-Prep",
                    "sourceId": 1088,
                    "addPermission": false,
                    "updatePermission": false,
                    "deletePermission": false,
                    "postPermission": false,
                    "appId": 20,
                    "appName": "Prep",
                    "operations": false
                },
                {
                    "id": 334,
                    "permissionGroupId": 5,
                    "permissionId": 58,
                    "permissionName": "Meat & Eggs Prep",
                    "sourceId": 1089,
                    "addPermission": false,
                    "updatePermission": false,
                    "deletePermission": false,
                    "postPermission": false,
                    "appId": 20,
                    "appName": "Prep",
                    "operations": true
                },
                {
                    "id": 335,
                    "permissionGroupId": 5,
                    "permissionId": 57,
                    "permissionName": "Physical Inventory - Meat & Eggs",
                    "sourceId": 1090,
                    "addPermission": false,
                    "updatePermission": false,
                    "deletePermission": false,
                    "postPermission": false,
                    "appId": 20,
                    "appName": "Prep",
                    "operations": true
                },
                {
                    "id": 336,
                    "permissionGroupId": 5,
                    "permissionId": 105,
                    "permissionName": "Prep Hot Beverage",
                    "sourceId": 1091,
                    "addPermission": false,
                    "updatePermission": false,
                    "deletePermission": false,
                    "postPermission": false,
                    "appId": 20,
                    "appName": "Prep",
                    "operations": false
                },
                {
                    "id": 337,
                    "permissionGroupId": 5,
                    "permissionId": 87,
                    "permissionName": "Prep Hot Beverage Demand",
                    "sourceId": 1092,
                    "addPermission": false,
                    "updatePermission": false,
                    "deletePermission": false,
                    "postPermission": false,
                    "appId": 20,
                    "appName": "Prep",
                    "operations": false
                },
                {
                    "id": 338,
                    "permissionGroupId": 5,
                    "permissionId": 80,
                    "permissionName": "Prep Hot Holding Demands (Report)",
                    "sourceId": 1093,
                    "addPermission": false,
                    "updatePermission": false,
                    "deletePermission": false,
                    "postPermission": false,
                    "appId": 20,
                    "appName": "Prep",
                    "operations": false
                },
                {
                    "id": 339,
                    "permissionGroupId": 5,
                    "permissionId": 88,
                    "permissionName": "Prep Iced Beverage",
                    "sourceId": 1094,
                    "addPermission": false,
                    "updatePermission": false,
                    "deletePermission": false,
                    "postPermission": false,
                    "appId": 20,
                    "appName": "Prep",
                    "operations": false
                },
                {
                    "id": 340,
                    "permissionGroupId": 5,
                    "permissionId": 86,
                    "permissionName": "Prep Iced Beverage Demand",
                    "sourceId": 1095,
                    "addPermission": false,
                    "updatePermission": false,
                    "deletePermission": false,
                    "postPermission": false,
                    "appId": 20,
                    "appName": "Prep",
                    "operations": false
                },
                {
                    "id": 341,
                    "permissionGroupId": 5,
                    "permissionId": 130,
                    "permissionName": "Admin user can update Accounting",
                    "sourceId": 1096,
                    "addPermission": false,
                    "updatePermission": false,
                    "deletePermission": false,
                    "postPermission": false,
                    "appId": 23,
                    "appName": "RMS",
                    "operations": false
                },
                {
                    "id": 342,
                    "permissionGroupId": 5,
                    "permissionId": 81,
                    "permissionName": "Bank Deposit Tracker",
                    "sourceId": 1097,
                    "addPermission": false,
                    "updatePermission": false,
                    "deletePermission": false,
                    "postPermission": false,
                    "appId": 19,
                    "appName": "Sales",
                    "operations": false
                },
                {
                    "id": 343,
                    "permissionGroupId": 5,
                    "permissionId": 32,
                    "permissionName": "Bank Deposits",
                    "sourceId": 1098,
                    "addPermission": false,
                    "updatePermission": false,
                    "deletePermission": false,
                    "postPermission": false,
                    "appId": 19,
                    "appName": "Sales",
                    "operations": true
                },
                {
                    "id": 344,
                    "permissionGroupId": 5,
                    "permissionId": 100,
                    "permissionName": "RMS Management",
                    "sourceId": 1099,
                    "addPermission": false,
                    "updatePermission": false,
                    "deletePermission": false,
                    "postPermission": false,
                    "appId": 23,
                    "appName": "RMS",
                    "operations": false
                },
                {
                    "id": 345,
                    "permissionGroupId": 5,
                    "permissionId": 42,
                    "permissionName": "Cash Short/Over",
                    "sourceId": 1100,
                    "addPermission": false,
                    "updatePermission": false,
                    "deletePermission": false,
                    "postPermission": false,
                    "appId": 19,
                    "appName": "Sales",
                    "operations": false
                },
                {
                    "id": 346,
                    "permissionGroupId": 5,
                    "permissionId": 144,
                    "permissionName": "Catalogs-Sales",
                    "sourceId": 1101,
                    "addPermission": false,
                    "updatePermission": false,
                    "deletePermission": false,
                    "postPermission": false,
                    "appId": 19,
                    "appName": "Sales",
                    "operations": false
                },
                {
                    "id": 347,
                    "permissionGroupId": 5,
                    "permissionId": 145,
                    "permissionName": "Customer-Sales",
                    "sourceId": 1102,
                    "addPermission": false,
                    "updatePermission": false,
                    "deletePermission": false,
                    "postPermission": false,
                    "appId": 19,
                    "appName": "Sales",
                    "operations": false
                },
                {
                    "id": 348,
                    "permissionGroupId": 5,
                    "permissionId": 27,
                    "permissionName": "Daily Sales",
                    "sourceId": 1103,
                    "addPermission": false,
                    "updatePermission": false,
                    "deletePermission": false,
                    "postPermission": false,
                    "appId": 19,
                    "appName": "Sales",
                    "operations": false
                },
                {
                    "id": 349,
                    "permissionGroupId": 5,
                    "permissionId": 34,
                    "permissionName": "Daily Sales Summary",
                    "sourceId": 1104,
                    "addPermission": false,
                    "updatePermission": false,
                    "deletePermission": false,
                    "postPermission": false,
                    "appId": 19,
                    "appName": "Sales",
                    "operations": false
                },
                {
                    "id": 350,
                    "permissionGroupId": 5,
                    "permissionId": 141,
                    "permissionName": "Delivery-Sales",
                    "sourceId": 1105,
                    "addPermission": false,
                    "updatePermission": false,
                    "deletePermission": false,
                    "postPermission": false,
                    "appId": 19,
                    "appName": "Sales",
                    "operations": false
                },
                {
                    "id": 351,
                    "permissionGroupId": 5,
                    "permissionId": 26,
                    "permissionName": "Dashboard",
                    "sourceId": 1106,
                    "addPermission": false,
                    "updatePermission": false,
                    "deletePermission": false,
                    "postPermission": false,
                    "appId": 19,
                    "appName": "Sales",
                    "operations": false
                },
                {
                    "id": 352,
                    "permissionGroupId": 5,
                    "permissionId": 110,
                    "permissionName": "Edit Item Sales Recipe",
                    "sourceId": 1107,
                    "addPermission": false,
                    "updatePermission": false,
                    "deletePermission": false,
                    "postPermission": false,
                    "appId": 19,
                    "appName": "Sales",
                    "operations": false
                },
                {
                    "id": 353,
                    "permissionGroupId": 5,
                    "permissionId": 52,
                    "permissionName": "Employee",
                    "sourceId": 1108,
                    "addPermission": false,
                    "updatePermission": false,
                    "deletePermission": false,
                    "postPermission": false,
                    "appId": 19,
                    "appName": "Sales",
                    "operations": true
                },
                {
                    "id": 354,
                    "permissionGroupId": 5,
                    "permissionId": 31,
                    "permissionName": "End of Day",
                    "sourceId": 1109,
                    "addPermission": false,
                    "updatePermission": false,
                    "deletePermission": false,
                    "postPermission": false,
                    "appId": 19,
                    "appName": "Sales",
                    "operations": true
                },
                {
                    "id": 355,
                    "permissionGroupId": 5,
                    "permissionId": 29,
                    "permissionName": "Enter Cash Count",
                    "sourceId": 1110,
                    "addPermission": false,
                    "updatePermission": false,
                    "deletePermission": false,
                    "postPermission": false,
                    "appId": 19,
                    "appName": "Sales",
                    "operations": true
                },
                {
                    "id": 356,
                    "permissionGroupId": 5,
                    "permissionId": 90,
                    "permissionName": "Gross Margin By Time Report",
                    "sourceId": 1111,
                    "addPermission": false,
                    "updatePermission": false,
                    "deletePermission": false,
                    "postPermission": false,
                    "appId": 19,
                    "appName": "Sales",
                    "operations": false
                },
                {
                    "id": 357,
                    "permissionGroupId": 5,
                    "permissionId": 51,
                    "permissionName": "Items",
                    "sourceId": 1112,
                    "addPermission": false,
                    "updatePermission": false,
                    "deletePermission": false,
                    "postPermission": false,
                    "appId": 19,
                    "appName": "Sales",
                    "operations": false
                },
                {
                    "id": 358,
                    "permissionGroupId": 5,
                    "permissionId": 89,
                    "permissionName": "Labor By Time Report",
                    "sourceId": 1113,
                    "addPermission": false,
                    "updatePermission": false,
                    "deletePermission": false,
                    "postPermission": false,
                    "appId": 19,
                    "appName": "Sales",
                    "operations": false
                },
                {
                    "id": 359,
                    "permissionGroupId": 5,
                    "permissionId": 48,
                    "permissionName": "Labor Trends vs Prior Year",
                    "sourceId": 1114,
                    "addPermission": false,
                    "updatePermission": false,
                    "deletePermission": false,
                    "postPermission": false,
                    "appId": 19,
                    "appName": "Sales",
                    "operations": false
                },
                {
                    "id": 360,
                    "permissionGroupId": 5,
                    "permissionId": 50,
                    "permissionName": "Loss Prevention Trends",
                    "sourceId": 1115,
                    "addPermission": false,
                    "updatePermission": false,
                    "deletePermission": false,
                    "postPermission": false,
                    "appId": 19,
                    "appName": "Sales",
                    "operations": false
                },
                {
                    "id": 361,
                    "permissionGroupId": 5,
                    "permissionId": 41,
                    "permissionName": "Menu Analysis",
                    "sourceId": 1116,
                    "addPermission": false,
                    "updatePermission": false,
                    "deletePermission": false,
                    "postPermission": false,
                    "appId": 19,
                    "appName": "Sales",
                    "operations": false
                },
                {
                    "id": 362,
                    "permissionGroupId": 5,
                    "permissionId": 33,
                    "permissionName": "Paid In/Out",
                    "sourceId": 1117,
                    "addPermission": false,
                    "updatePermission": false,
                    "deletePermission": false,
                    "postPermission": false,
                    "appId": 19,
                    "appName": "Sales",
                    "operations": true
                },
                {
                    "id": 363,
                    "permissionGroupId": 5,
                    "permissionId": 38,
                    "permissionName": "POS Transaction Viewer",
                    "sourceId": 1118,
                    "addPermission": false,
                    "updatePermission": false,
                    "deletePermission": false,
                    "postPermission": false,
                    "appId": 19,
                    "appName": "Sales",
                    "operations": false
                },
                {
                    "id": 364,
                    "permissionGroupId": 5,
                    "permissionId": 142,
                    "permissionName": "PriceStructure-Sales",
                    "sourceId": 1119,
                    "addPermission": false,
                    "updatePermission": false,
                    "deletePermission": false,
                    "postPermission": false,
                    "appId": 19,
                    "appName": "Sales",
                    "operations": false
                },
                {
                    "id": 365,
                    "permissionGroupId": 5,
                    "permissionId": 37,
                    "permissionName": "Product Mix-Report",
                    "sourceId": 1120,
                    "addPermission": false,
                    "updatePermission": false,
                    "deletePermission": false,
                    "postPermission": false,
                    "appId": 19,
                    "appName": "Sales",
                    "operations": false
                },
                {
                    "id": 366,
                    "permissionGroupId": 5,
                    "permissionId": 28,
                    "permissionName": "Product Mix-Task",
                    "sourceId": 1121,
                    "addPermission": false,
                    "updatePermission": false,
                    "deletePermission": false,
                    "postPermission": false,
                    "appId": 19,
                    "appName": "Sales",
                    "operations": false
                },
                {
                    "id": 367,
                    "permissionGroupId": 5,
                    "permissionId": 49,
                    "permissionName": "COGS Actual",
                    "sourceId": 1122,
                    "addPermission": false,
                    "updatePermission": false,
                    "deletePermission": false,
                    "postPermission": false,
                    "appId": 19,
                    "appName": "Sales",
                    "operations": false
                },
                {
                    "id": 368,
                    "permissionGroupId": 5,
                    "permissionId": 124,
                    "permissionName": "Daily Sales Edit",
                    "sourceId": 1123,
                    "addPermission": false,
                    "updatePermission": false,
                    "deletePermission": false,
                    "postPermission": false,
                    "appId": 19,
                    "appName": "Sales",
                    "operations": false
                },
                {
                    "id": 369,
                    "permissionGroupId": 5,
                    "permissionId": 85,
                    "permissionName": "Sales Upload",
                    "sourceId": 1124,
                    "addPermission": false,
                    "updatePermission": false,
                    "deletePermission": false,
                    "postPermission": false,
                    "appId": 19,
                    "appName": "Sales",
                    "operations": false
                },
                {
                    "id": 370,
                    "permissionGroupId": 5,
                    "permissionId": 121,
                    "permissionName": "Recipe-Sales",
                    "sourceId": 1125,
                    "addPermission": false,
                    "updatePermission": false,
                    "deletePermission": false,
                    "postPermission": false,
                    "appId": 19,
                    "appName": "Sales",
                    "operations": false
                },
                {
                    "id": 371,
                    "permissionGroupId": 5,
                    "permissionId": 140,
                    "permissionName": "Route-Sales",
                    "sourceId": 1126,
                    "addPermission": false,
                    "updatePermission": false,
                    "deletePermission": false,
                    "postPermission": false,
                    "appId": 19,
                    "appName": "Sales",
                    "operations": false
                },
                {
                    "id": 372,
                    "permissionGroupId": 5,
                    "permissionId": 84,
                    "permissionName": "Sales Admin Settings",
                    "sourceId": 1127,
                    "addPermission": false,
                    "updatePermission": false,
                    "deletePermission": false,
                    "postPermission": false,
                    "appId": 19,
                    "appName": "Sales",
                    "operations": false
                },
                {
                    "id": 373,
                    "permissionGroupId": 5,
                    "permissionId": 36,
                    "permissionName": "Sales by Day part",
                    "sourceId": 1128,
                    "addPermission": false,
                    "updatePermission": false,
                    "deletePermission": false,
                    "postPermission": false,
                    "appId": 19,
                    "appName": "Sales",
                    "operations": false
                },
                {
                    "id": 374,
                    "permissionGroupId": 5,
                    "permissionId": 35,
                    "permissionName": "Sales by Destination",
                    "sourceId": 1129,
                    "addPermission": false,
                    "updatePermission": false,
                    "deletePermission": false,
                    "postPermission": false,
                    "appId": 19,
                    "appName": "Sales",
                    "operations": false
                },
                {
                    "id": 375,
                    "permissionGroupId": 5,
                    "permissionId": 39,
                    "permissionName": "Sales by Employee",
                    "sourceId": 1130,
                    "addPermission": false,
                    "updatePermission": false,
                    "deletePermission": false,
                    "postPermission": false,
                    "appId": 19,
                    "appName": "Sales",
                    "operations": false
                },
                {
                    "id": 376,
                    "permissionGroupId": 5,
                    "permissionId": 46,
                    "permissionName": "Sales by Revenue Center-Consolidated",
                    "sourceId": 1131,
                    "addPermission": false,
                    "updatePermission": false,
                    "deletePermission": false,
                    "postPermission": false,
                    "appId": 19,
                    "appName": "Sales",
                    "operations": false
                },
                {
                    "id": 377,
                    "permissionGroupId": 5,
                    "permissionId": 40,
                    "permissionName": "Sales by Tender Type",
                    "sourceId": 1132,
                    "addPermission": false,
                    "updatePermission": false,
                    "deletePermission": false,
                    "postPermission": false,
                    "appId": 19,
                    "appName": "Sales",
                    "operations": false
                },
                {
                    "id": 378,
                    "permissionGroupId": 5,
                    "permissionId": 43,
                    "permissionName": "Sales by Terminal",
                    "sourceId": 1133,
                    "addPermission": false,
                    "updatePermission": false,
                    "deletePermission": false,
                    "postPermission": false,
                    "appId": 19,
                    "appName": "Sales",
                    "operations": false
                },
                {
                    "id": 379,
                    "permissionGroupId": 5,
                    "permissionId": 44,
                    "permissionName": "Sales by Time",
                    "sourceId": 1134,
                    "addPermission": false,
                    "updatePermission": false,
                    "deletePermission": false,
                    "postPermission": false,
                    "appId": 19,
                    "appName": "Sales",
                    "operations": false
                },
                {
                    "id": 380,
                    "permissionGroupId": 5,
                    "permissionId": 156,
                    "permissionName": "Sales Order",
                    "sourceId": 1135,
                    "addPermission": false,
                    "updatePermission": false,
                    "deletePermission": false,
                    "postPermission": false,
                    "appId": 19,
                    "appName": "Sales",
                    "operations": false
                },
                {
                    "id": 381,
                    "permissionGroupId": 5,
                    "permissionId": 45,
                    "permissionName": "Sales Summary",
                    "sourceId": 1136,
                    "addPermission": false,
                    "updatePermission": false,
                    "deletePermission": false,
                    "postPermission": false,
                    "appId": 19,
                    "appName": "Sales",
                    "operations": false
                },
                {
                    "id": 382,
                    "permissionGroupId": 5,
                    "permissionId": 47,
                    "permissionName": "Sales Trends",
                    "sourceId": 1137,
                    "addPermission": false,
                    "updatePermission": false,
                    "deletePermission": false,
                    "postPermission": false,
                    "appId": 19,
                    "appName": "Sales",
                    "operations": false
                },
                {
                    "id": 383,
                    "permissionGroupId": 5,
                    "permissionId": 148,
                    "permissionName": "Sales Vendor",
                    "sourceId": 1138,
                    "addPermission": false,
                    "updatePermission": false,
                    "deletePermission": false,
                    "postPermission": false,
                    "appId": 19,
                    "appName": "Sales",
                    "operations": false
                },
                {
                    "id": 384,
                    "permissionGroupId": 5,
                    "permissionId": 30,
                    "permissionName": "Shift Cash Reconciliation",
                    "sourceId": 1139,
                    "addPermission": false,
                    "updatePermission": false,
                    "deletePermission": false,
                    "postPermission": false,
                    "appId": 19,
                    "appName": "Sales",
                    "operations": true
                },
                {
                    "id": 385,
                    "permissionGroupId": 5,
                    "permissionId": 143,
                    "permissionName": "Trucks-Sales",
                    "sourceId": 1140,
                    "addPermission": false,
                    "updatePermission": false,
                    "deletePermission": false,
                    "postPermission": false,
                    "appId": 19,
                    "appName": "Sales",
                    "operations": false
                },
                {
                    "id": 386,
                    "permissionGroupId": 5,
                    "permissionId": 76,
                    "permissionName": "Web based Cash Management",
                    "sourceId": 1141,
                    "addPermission": false,
                    "updatePermission": false,
                    "deletePermission": false,
                    "postPermission": false,
                    "appId": 19,
                    "appName": "Sales",
                    "operations": false
                },
                {
                    "id": 243,
                    "permissionGroupId": 5,
                    "permissionId": 134,
                    "permissionName": "GiSMo Reports",
                    "sourceId": 724,
                    "addPermission": false,
                    "updatePermission": false,
                    "deletePermission": false,
                    "postPermission": false,
                    "appId": 1,
                    "appName": "GiSMo",
                    "operations": false
                },
                {
                    "id": 244,
                    "permissionGroupId": 5,
                    "permissionId": 135,
                    "permissionName": "Audit Advance",
                    "sourceId": 725,
                    "addPermission": false,
                    "updatePermission": false,
                    "deletePermission": false,
                    "postPermission": false,
                    "appId": 2,
                    "appName": "Audit",
                    "operations": false
                },
                {
                    "id": 245,
                    "permissionGroupId": 5,
                    "permissionId": 153,
                    "permissionName": "Custom Audit Forms",
                    "sourceId": 726,
                    "addPermission": false,
                    "updatePermission": false,
                    "deletePermission": false,
                    "postPermission": false,
                    "appId": 2,
                    "appName": "Audit",
                    "operations": false
                },
                {
                    "id": 246,
                    "permissionGroupId": 5,
                    "permissionId": 154,
                    "permissionName": "Ad-hoc Audit",
                    "sourceId": 727,
                    "addPermission": false,
                    "updatePermission": false,
                    "deletePermission": false,
                    "postPermission": false,
                    "appId": 2,
                    "appName": "Audit",
                    "operations": false
                },
                {
                    "id": 247,
                    "permissionGroupId": 5,
                    "permissionId": 159,
                    "permissionName": "Employee Health Summary",
                    "sourceId": 728,
                    "addPermission": false,
                    "updatePermission": false,
                    "deletePermission": false,
                    "postPermission": false,
                    "appId": 2,
                    "appName": "Audit",
                    "operations": false
                },
                {
                    "id": 248,
                    "permissionGroupId": 5,
                    "permissionId": 113,
                    "permissionName": "Audit Completion Report",
                    "sourceId": 729,
                    "addPermission": false,
                    "updatePermission": false,
                    "deletePermission": false,
                    "postPermission": false,
                    "appId": 2,
                    "appName": "Audit",
                    "operations": false
                },
                {
                    "id": 249,
                    "permissionGroupId": 5,
                    "permissionId": 133,
                    "permissionName": "Task Reports",
                    "sourceId": 731,
                    "addPermission": false,
                    "updatePermission": false,
                    "deletePermission": false,
                    "postPermission": false,
                    "appId": 3,
                    "appName": "Task",
                    "operations": false
                },
                {
                    "id": 250,
                    "permissionGroupId": 5,
                    "permissionId": 139,
                    "permissionName": "WOW Report",
                    "sourceId": 732,
                    "addPermission": false,
                    "updatePermission": false,
                    "deletePermission": false,
                    "postPermission": false,
                    "appId": 4,
                    "appName": "Wow",
                    "operations": false
                },
                {
                    "id": 251,
                    "permissionGroupId": 5,
                    "permissionId": 4,
                    "permissionName": "Book Management Task",
                    "sourceId": 734,
                    "addPermission": false,
                    "updatePermission": false,
                    "deletePermission": false,
                    "postPermission": false,
                    "appId": 6,
                    "appName": "Book",
                    "operations": false
                },
                {
                    "id": 252,
                    "permissionGroupId": 5,
                    "permissionId": 112,
                    "permissionName": "Book Completion Report",
                    "sourceId": 735,
                    "addPermission": false,
                    "updatePermission": false,
                    "deletePermission": false,
                    "postPermission": false,
                    "appId": 6,
                    "appName": "Book",
                    "operations": false
                },
                {
                    "id": 253,
                    "permissionGroupId": 5,
                    "permissionId": 132,
                    "permissionName": "Quiz Reports",
                    "sourceId": 736,
                    "addPermission": false,
                    "updatePermission": false,
                    "deletePermission": false,
                    "postPermission": false,
                    "appId": 14,
                    "appName": "Quiz",
                    "operations": false
                },
                {
                    "id": 258,
                    "permissionGroupId": 5,
                    "permissionId": 160,
                    "permissionName": "Book Forms - Advanced",
                    "sourceId": 1006,
                    "addPermission": false,
                    "updatePermission": false,
                    "deletePermission": false,
                    "postPermission": false,
                    "appId": 6,
                    "appName": "Book",
                    "operations": false
                },
                {
                    "id": 259,
                    "permissionGroupId": 5,
                    "permissionId": 161,
                    "permissionName": "Book Forms - Reports",
                    "sourceId": 1007,
                    "addPermission": false,
                    "updatePermission": false,
                    "deletePermission": false,
                    "postPermission": false,
                    "appId": 6,
                    "appName": "Book",
                    "operations": false
                },
                {
                    "id": 276,
                    "permissionGroupId": 5,
                    "permissionId": 152,
                    "permissionName": "Email Summary Report",
                    "sourceId": 1028,
                    "addPermission": false,
                    "updatePermission": false,
                    "deletePermission": false,
                    "postPermission": false,
                    "appId": 29,
                    "appName": "Admin",
                    "operations": false
                },
                {
                    "id": 277,
                    "permissionGroupId": 5,
                    "permissionId": 93,
                    "permissionName": "Location Management",
                    "sourceId": 1029,
                    "addPermission": false,
                    "updatePermission": false,
                    "deletePermission": false,
                    "postPermission": false,
                    "appId": 29,
                    "appName": "Admin",
                    "operations": false
                },
                {
                    "id": 549,
                    "permissionGroupId": 5,
                    "permissionId": 218,
                    "permissionName": "Menu Analysis Trends",
                    "sourceId": 1318,
                    "addPermission": false,
                    "updatePermission": false,
                    "deletePermission": false,
                    "postPermission": false,
                    "appId": 19,
                    "appName": "Sales",
                    "operations": false
                },
                {
                    "id": 521,
                    "permissionGroupId": 5,
                    "permissionId": 215,
                    "permissionName": "Assessment Permission",
                    "sourceId": 1306,
                    "addPermission": false,
                    "updatePermission": false,
                    "deletePermission": false,
                    "postPermission": false,
                    "appId": 7,
                    "appName": "People",
                    "operations": false
                },
                {
                    "id": 522,
                    "permissionGroupId": 5,
                    "permissionId": 207,
                    "permissionName": "People Review",
                    "sourceId": 1307,
                    "addPermission": false,
                    "updatePermission": false,
                    "deletePermission": false,
                    "postPermission": false,
                    "appId": 7,
                    "appName": "People",
                    "operations": false
                },
                {
                    "id": 523,
                    "permissionGroupId": 5,
                    "permissionId": 202,
                    "permissionName": "People Management",
                    "sourceId": 1308,
                    "addPermission": false,
                    "updatePermission": false,
                    "deletePermission": false,
                    "postPermission": false,
                    "appId": 7,
                    "appName": "People",
                    "operations": false
                },
                {
                    "id": 524,
                    "permissionGroupId": 5,
                    "permissionId": 199,
                    "permissionName": "Evaluation Permission",
                    "sourceId": 1309,
                    "addPermission": false,
                    "updatePermission": false,
                    "deletePermission": false,
                    "postPermission": false,
                    "appId": 7,
                    "appName": "People",
                    "operations": false
                },
                {
                    "id": 525,
                    "permissionGroupId": 5,
                    "permissionId": 198,
                    "permissionName": "Dashboard Report",
                    "sourceId": 1310,
                    "addPermission": false,
                    "updatePermission": false,
                    "deletePermission": false,
                    "postPermission": false,
                    "appId": 7,
                    "appName": "People",
                    "operations": false
                },
                {
                    "id": 526,
                    "permissionGroupId": 5,
                    "permissionId": 197,
                    "permissionName": "People Reports",
                    "sourceId": 1311,
                    "addPermission": false,
                    "updatePermission": false,
                    "deletePermission": false,
                    "postPermission": false,
                    "appId": 7,
                    "appName": "People",
                    "operations": false
                },
                {
                    "id": 527,
                    "permissionGroupId": 5,
                    "permissionId": 196,
                    "permissionName": "People App Admin",
                    "sourceId": 1312,
                    "addPermission": false,
                    "updatePermission": false,
                    "deletePermission": false,
                    "postPermission": false,
                    "appId": 7,
                    "appName": "People",
                    "operations": false
                },
                {
                    "id": 528,
                    "permissionGroupId": 5,
                    "permissionId": 195,
                    "permissionName": "Manage People App Form",
                    "sourceId": 1313,
                    "addPermission": false,
                    "updatePermission": false,
                    "deletePermission": false,
                    "postPermission": false,
                    "appId": 7,
                    "appName": "People",
                    "operations": false
                },
                {
                    "id": 649,
                    "permissionGroupId": 5,
                    "permissionId": 261,
                    "permissionName": "Asset Instance",
                    "sourceId": 261,
                    "addPermission": false,
                    "updatePermission": false,
                    "deletePermission": false,
                    "postPermission": false,
                    "appId": 32,
                    "appName": "Asset",
                    "operations": false
                },
                {
                    "id": 657,
                    "permissionGroupId": 5,
                    "permissionId": 266,
                    "permissionName": "Team Screening",
                    "sourceId": 266,
                    "addPermission": false,
                    "updatePermission": false,
                    "deletePermission": false,
                    "postPermission": false,
                    "appId": 34,
                    "appName": "Health & Screening",
                    "operations": false
                },
                {
                    "id": 659,
                    "permissionGroupId": 5,
                    "permissionId": 273,
                    "permissionName": "Health Verification",
                    "sourceId": 273,
                    "addPermission": false,
                    "updatePermission": false,
                    "deletePermission": false,
                    "postPermission": false,
                    "appId": 34,
                    "appName": "Health & Screening",
                    "operations": false
                },
                {
                    "id": 652,
                    "permissionGroupId": 5,
                    "permissionId": 262,
                    "permissionName": "Asset Service Log",
                    "sourceId": 262,
                    "addPermission": false,
                    "updatePermission": false,
                    "deletePermission": false,
                    "postPermission": false,
                    "appId": 32,
                    "appName": "Asset",
                    "operations": false
                },
                {
                    "id": 585,
                    "permissionGroupId": 5,
                    "permissionId": 229,
                    "permissionName": "Employee Import",
                    "sourceId": 1339,
                    "addPermission": false,
                    "updatePermission": false,
                    "deletePermission": false,
                    "postPermission": false,
                    "appId": 29,
                    "appName": "Admin",
                    "operations": false
                },
                {
                    "id": 592,
                    "permissionGroupId": 5,
                    "permissionId": 193,
                    "permissionName": "Desk Service Board Management",
                    "sourceId": null,
                    "addPermission": true,
                    "updatePermission": false,
                    "deletePermission": false,
                    "postPermission": false,
                    "appId": 31,
                    "appName": "Desk",
                    "operations": false
                },
                {
                    "id": 593,
                    "permissionGroupId": 5,
                    "permissionId": 194,
                    "permissionName": "Desk Subscription Management",
                    "sourceId": null,
                    "addPermission": true,
                    "updatePermission": false,
                    "deletePermission": false,
                    "postPermission": false,
                    "appId": 31,
                    "appName": "Desk",
                    "operations": false
                },
                {
                    "id": 597,
                    "permissionGroupId": 5,
                    "permissionId": 211,
                    "permissionName": "Desk Setting Management",
                    "sourceId": null,
                    "addPermission": true,
                    "updatePermission": false,
                    "deletePermission": false,
                    "postPermission": false,
                    "appId": 31,
                    "appName": "Desk",
                    "operations": false
                },
                {
                    "id": 598,
                    "permissionGroupId": 5,
                    "permissionId": 212,
                    "permissionName": "Desk Reports",
                    "sourceId": null,
                    "addPermission": true,
                    "updatePermission": false,
                    "deletePermission": false,
                    "postPermission": false,
                    "appId": 31,
                    "appName": "Desk",
                    "operations": false
                },
                {
                    "id": 599,
                    "permissionGroupId": 5,
                    "permissionId": 213,
                    "permissionName": "Desk Ticket Expiry",
                    "sourceId": null,
                    "addPermission": true,
                    "updatePermission": false,
                    "deletePermission": false,
                    "postPermission": false,
                    "appId": 31,
                    "appName": "Desk",
                    "operations": false
                },
                {
                    "id": 600,
                    "permissionGroupId": 5,
                    "permissionId": 214,
                    "permissionName": "Desk Ticket Verification",
                    "sourceId": null,
                    "addPermission": true,
                    "updatePermission": false,
                    "deletePermission": false,
                    "postPermission": false,
                    "appId": 31,
                    "appName": "Desk",
                    "operations": false
                }
            ],
            "appId": null,
            "appName": null,
            "master": true,
            "news": false,
            "sourceId": 5,
            "local": false
        },
        {
            "id": 26,
            "permissionGroupName": "Non Report",
            "description": null,
            "permissionIds": [
                1,
                2,
                3,
                4,
                6,
                64,
                65,
                66,
                67,
                68,
                69,
                70,
                71,
                72,
                82,
                83,
                92,
                93,
                94,
                95,
                96,
                104,
                111,
                112,
                114,
                131,
                133,
                134,
                135,
                136,
                137,
                138,
                139,
                149,
                150,
                151,
                152,
                160,
                161,
                162,
                163,
                164,
                165,
                171,
                172,
                173,
                174,
                175,
                176,
                178,
                179,
                180,
                181,
                182,
                184,
                187,
                191,
                192,
                193,
                194,
                200,
                201,
                203,
                204,
                205,
                208,
                211,
                212,
                213,
                214,
                216,
                220,
                221,
                222,
                229,
                240,
                243,
                244,
                245,
                246,
                247,
                259,
                260,
                261,
                262,
                266,
                271,
                272,
                273,
                279,
                281,
                282,
                286,
                300,
                301,
                321,
                330,
                377,
                378,
                379,
                380,
                381,
                382
            ],
            "permissionDetails": [
                {
                    "id": 2489,
                    "permissionGroupId": 26,
                    "permissionId": 175,
                    "permissionName": "General Task",
                    "sourceId": null,
                    "addPermission": false,
                    "updatePermission": false,
                    "deletePermission": false,
                    "postPermission": false,
                    "appId": 6,
                    "appName": "Book",
                    "operations": false
                },
                {
                    "id": 2490,
                    "permissionGroupId": 26,
                    "permissionId": 174,
                    "permissionName": "Shift Task",
                    "sourceId": null,
                    "addPermission": false,
                    "updatePermission": false,
                    "deletePermission": false,
                    "postPermission": false,
                    "appId": 6,
                    "appName": "Book",
                    "operations": false
                },
                {
                    "id": 2491,
                    "permissionGroupId": 26,
                    "permissionId": 173,
                    "permissionName": "Book Dashboard",
                    "sourceId": null,
                    "addPermission": false,
                    "updatePermission": false,
                    "deletePermission": false,
                    "postPermission": false,
                    "appId": 6,
                    "appName": "Book",
                    "operations": false
                },
                {
                    "id": 2492,
                    "permissionGroupId": 26,
                    "permissionId": 162,
                    "permissionName": "Book Forms - Basic",
                    "sourceId": null,
                    "addPermission": false,
                    "updatePermission": false,
                    "deletePermission": false,
                    "postPermission": false,
                    "appId": 6,
                    "appName": "Book",
                    "operations": false
                },
                {
                    "id": 2493,
                    "permissionGroupId": 26,
                    "permissionId": 161,
                    "permissionName": "Book Forms - Reports",
                    "sourceId": null,
                    "addPermission": false,
                    "updatePermission": false,
                    "deletePermission": false,
                    "postPermission": false,
                    "appId": 6,
                    "appName": "Book",
                    "operations": false
                },
                {
                    "id": 2494,
                    "permissionGroupId": 26,
                    "permissionId": 160,
                    "permissionName": "Book Forms - Advanced",
                    "sourceId": null,
                    "addPermission": false,
                    "updatePermission": false,
                    "deletePermission": false,
                    "postPermission": false,
                    "appId": 6,
                    "appName": "Book",
                    "operations": false
                },
                {
                    "id": 2495,
                    "permissionGroupId": 26,
                    "permissionId": 151,
                    "permissionName": "Critical Task",
                    "sourceId": null,
                    "addPermission": false,
                    "updatePermission": false,
                    "deletePermission": false,
                    "postPermission": false,
                    "appId": 6,
                    "appName": "Book",
                    "operations": false
                },
                {
                    "id": 2496,
                    "permissionGroupId": 26,
                    "permissionId": 112,
                    "permissionName": "Book Completion Report",
                    "sourceId": null,
                    "addPermission": false,
                    "updatePermission": false,
                    "deletePermission": false,
                    "postPermission": false,
                    "appId": 6,
                    "appName": "Book",
                    "operations": false
                },
                {
                    "id": 2497,
                    "permissionGroupId": 26,
                    "permissionId": 94,
                    "permissionName": "Book Management",
                    "sourceId": null,
                    "addPermission": false,
                    "updatePermission": false,
                    "deletePermission": false,
                    "postPermission": false,
                    "appId": 6,
                    "appName": "Book",
                    "operations": false
                },
                {
                    "id": 2498,
                    "permissionGroupId": 26,
                    "permissionId": 4,
                    "permissionName": "Book Management Task",
                    "sourceId": null,
                    "addPermission": false,
                    "updatePermission": false,
                    "deletePermission": false,
                    "postPermission": false,
                    "appId": 6,
                    "appName": "Book",
                    "operations": false
                },
                {
                    "id": 2499,
                    "permissionGroupId": 26,
                    "permissionId": 330,
                    "permissionName": "Report Scheduler",
                    "sourceId": null,
                    "addPermission": false,
                    "updatePermission": false,
                    "deletePermission": false,
                    "postPermission": false,
                    "appId": 29,
                    "appName": "Admin",
                    "operations": false
                },
                {
                    "id": 2500,
                    "permissionGroupId": 26,
                    "permissionId": 279,
                    "permissionName": "Add Location",
                    "sourceId": null,
                    "addPermission": false,
                    "updatePermission": false,
                    "deletePermission": false,
                    "postPermission": false,
                    "appId": 29,
                    "appName": "Admin",
                    "operations": false
                },
                {
                    "id": 2501,
                    "permissionGroupId": 26,
                    "permissionId": 176,
                    "permissionName": "Book Advance - CA",
                    "sourceId": null,
                    "addPermission": false,
                    "updatePermission": false,
                    "deletePermission": false,
                    "postPermission": false,
                    "appId": 6,
                    "appName": "Book",
                    "operations": false
                },
                {
                    "id": 2502,
                    "permissionGroupId": 26,
                    "permissionId": 191,
                    "permissionName": "Log Form Permission",
                    "sourceId": null,
                    "addPermission": false,
                    "updatePermission": false,
                    "deletePermission": false,
                    "postPermission": false,
                    "appId": 6,
                    "appName": "Book",
                    "operations": true
                },
                {
                    "id": 2503,
                    "permissionGroupId": 26,
                    "permissionId": 192,
                    "permissionName": "Manage Log Form",
                    "sourceId": null,
                    "addPermission": false,
                    "updatePermission": false,
                    "deletePermission": false,
                    "postPermission": false,
                    "appId": 6,
                    "appName": "Book",
                    "operations": false
                },
                {
                    "id": 2504,
                    "permissionGroupId": 26,
                    "permissionId": 220,
                    "permissionName": "Manager Sign-Off Permission",
                    "sourceId": null,
                    "addPermission": false,
                    "updatePermission": false,
                    "deletePermission": false,
                    "postPermission": false,
                    "appId": 6,
                    "appName": "Book",
                    "operations": false
                },
                {
                    "id": 2505,
                    "permissionGroupId": 26,
                    "permissionId": 221,
                    "permissionName": "PCQI Sign-Off Permission",
                    "sourceId": null,
                    "addPermission": false,
                    "updatePermission": false,
                    "deletePermission": false,
                    "postPermission": false,
                    "appId": 6,
                    "appName": "Book",
                    "operations": false
                },
                {
                    "id": 2506,
                    "permissionGroupId": 26,
                    "permissionId": 259,
                    "permissionName": "Generate Ticket in Corrective Action",
                    "sourceId": null,
                    "addPermission": false,
                    "updatePermission": false,
                    "deletePermission": false,
                    "postPermission": false,
                    "appId": 6,
                    "appName": "Book",
                    "operations": false
                },
                {
                    "id": 2507,
                    "permissionGroupId": 26,
                    "permissionId": 193,
                    "permissionName": "Desk Service Board Management",
                    "sourceId": null,
                    "addPermission": false,
                    "updatePermission": false,
                    "deletePermission": false,
                    "postPermission": false,
                    "appId": 31,
                    "appName": "Desk",
                    "operations": false
                },
                {
                    "id": 2508,
                    "permissionGroupId": 26,
                    "permissionId": 194,
                    "permissionName": "Desk Subscription Management",
                    "sourceId": null,
                    "addPermission": false,
                    "updatePermission": false,
                    "deletePermission": false,
                    "postPermission": false,
                    "appId": 31,
                    "appName": "Desk",
                    "operations": false
                },
                {
                    "id": 2509,
                    "permissionGroupId": 26,
                    "permissionId": 204,
                    "permissionName": "Vendor Service Board",
                    "sourceId": null,
                    "addPermission": false,
                    "updatePermission": false,
                    "deletePermission": false,
                    "postPermission": false,
                    "appId": 31,
                    "appName": "Desk",
                    "operations": true
                },
                {
                    "id": 2510,
                    "permissionGroupId": 26,
                    "permissionId": 205,
                    "permissionName": "Customer Service Board",
                    "sourceId": null,
                    "addPermission": false,
                    "updatePermission": false,
                    "deletePermission": false,
                    "postPermission": false,
                    "appId": 31,
                    "appName": "Desk",
                    "operations": true
                },
                {
                    "id": 2511,
                    "permissionGroupId": 26,
                    "permissionId": 211,
                    "permissionName": "Desk Setting Management",
                    "sourceId": null,
                    "addPermission": false,
                    "updatePermission": false,
                    "deletePermission": false,
                    "postPermission": false,
                    "appId": 31,
                    "appName": "Desk",
                    "operations": false
                },
                {
                    "id": 2512,
                    "permissionGroupId": 26,
                    "permissionId": 213,
                    "permissionName": "Desk Ticket Expiry",
                    "sourceId": null,
                    "addPermission": false,
                    "updatePermission": false,
                    "deletePermission": false,
                    "postPermission": false,
                    "appId": 31,
                    "appName": "Desk",
                    "operations": false
                },
                {
                    "id": 2513,
                    "permissionGroupId": 26,
                    "permissionId": 214,
                    "permissionName": "Desk Ticket Verification",
                    "sourceId": null,
                    "addPermission": false,
                    "updatePermission": false,
                    "deletePermission": false,
                    "postPermission": false,
                    "appId": 31,
                    "appName": "Desk",
                    "operations": false
                },
                {
                    "id": 2514,
                    "permissionGroupId": 26,
                    "permissionId": 165,
                    "permissionName": "Knowledge Operations",
                    "sourceId": null,
                    "addPermission": false,
                    "updatePermission": false,
                    "deletePermission": false,
                    "postPermission": false,
                    "appId": 17,
                    "appName": "Knowledge",
                    "operations": false
                },
                {
                    "id": 2517,
                    "permissionGroupId": 26,
                    "permissionId": 377,
                    "permissionName": "Vendors",
                    "sourceId": null,
                    "addPermission": false,
                    "updatePermission": false,
                    "deletePermission": false,
                    "postPermission": false,
                    "appId": 22,
                    "appName": "Purchasing",
                    "operations": false
                },
                {
                    "id": 2518,
                    "permissionGroupId": 26,
                    "permissionId": 378,
                    "permissionName": "Vendor Weekly Purchase Summary (Qty)",
                    "sourceId": null,
                    "addPermission": false,
                    "updatePermission": false,
                    "deletePermission": false,
                    "postPermission": false,
                    "appId": 22,
                    "appName": "Purchasing",
                    "operations": false
                },
                {
                    "id": 2519,
                    "permissionGroupId": 26,
                    "permissionId": 379,
                    "permissionName": "Vendor Weekly Purchase Summary ($)",
                    "sourceId": null,
                    "addPermission": false,
                    "updatePermission": false,
                    "deletePermission": false,
                    "postPermission": false,
                    "appId": 22,
                    "appName": "Purchasing",
                    "operations": false
                },
                {
                    "id": 2520,
                    "permissionGroupId": 26,
                    "permissionId": 380,
                    "permissionName": "Vendor Weekly Purchase Analysis",
                    "sourceId": null,
                    "addPermission": false,
                    "updatePermission": false,
                    "deletePermission": false,
                    "postPermission": false,
                    "appId": 22,
                    "appName": "Purchasing",
                    "operations": false
                },
                {
                    "id": 2521,
                    "permissionGroupId": 26,
                    "permissionId": 381,
                    "permissionName": "Vendor Purchases by Category",
                    "sourceId": null,
                    "addPermission": false,
                    "updatePermission": false,
                    "deletePermission": false,
                    "postPermission": false,
                    "appId": 22,
                    "appName": "Purchasing",
                    "operations": false
                },
                {
                    "id": 2522,
                    "permissionGroupId": 26,
                    "permissionId": 382,
                    "permissionName": "Vendor List",
                    "sourceId": null,
                    "addPermission": false,
                    "updatePermission": false,
                    "deletePermission": false,
                    "postPermission": false,
                    "appId": 22,
                    "appName": "Purchasing",
                    "operations": false
                },
                {
                    "id": 1599,
                    "permissionGroupId": 26,
                    "permissionId": 1,
                    "permissionName": "Administration",
                    "sourceId": null,
                    "addPermission": false,
                    "updatePermission": false,
                    "deletePermission": false,
                    "postPermission": false,
                    "appId": 29,
                    "appName": "Admin",
                    "operations": false
                },
                {
                    "id": 1600,
                    "permissionGroupId": 26,
                    "permissionId": 2,
                    "permissionName": "Basic User Admin",
                    "sourceId": null,
                    "addPermission": false,
                    "updatePermission": false,
                    "deletePermission": false,
                    "postPermission": false,
                    "appId": 29,
                    "appName": "Admin",
                    "operations": false
                },
                {
                    "id": 1601,
                    "permissionGroupId": 26,
                    "permissionId": 83,
                    "permissionName": "Secure Information",
                    "sourceId": null,
                    "addPermission": false,
                    "updatePermission": false,
                    "deletePermission": false,
                    "postPermission": false,
                    "appId": 29,
                    "appName": "Admin",
                    "operations": false
                },
                {
                    "id": 1602,
                    "permissionGroupId": 26,
                    "permissionId": 92,
                    "permissionName": "Advance User Admin",
                    "sourceId": null,
                    "addPermission": false,
                    "updatePermission": false,
                    "deletePermission": false,
                    "postPermission": false,
                    "appId": 29,
                    "appName": "Admin",
                    "operations": false
                },
                {
                    "id": 1603,
                    "permissionGroupId": 26,
                    "permissionId": 93,
                    "permissionName": "Location Management",
                    "sourceId": null,
                    "addPermission": false,
                    "updatePermission": false,
                    "deletePermission": false,
                    "postPermission": false,
                    "appId": 29,
                    "appName": "Admin",
                    "operations": false
                },
                {
                    "id": 1604,
                    "permissionGroupId": 26,
                    "permissionId": 131,
                    "permissionName": "Appendix Admin",
                    "sourceId": null,
                    "addPermission": false,
                    "updatePermission": false,
                    "deletePermission": false,
                    "postPermission": false,
                    "appId": 29,
                    "appName": "Admin",
                    "operations": false
                },
                {
                    "id": 1605,
                    "permissionGroupId": 26,
                    "permissionId": 136,
                    "permissionName": "Unlinked Employee Admin",
                    "sourceId": null,
                    "addPermission": false,
                    "updatePermission": false,
                    "deletePermission": false,
                    "postPermission": false,
                    "appId": 29,
                    "appName": "Admin",
                    "operations": false
                },
                {
                    "id": 1606,
                    "permissionGroupId": 26,
                    "permissionId": 149,
                    "permissionName": "IoT",
                    "sourceId": null,
                    "addPermission": false,
                    "updatePermission": false,
                    "deletePermission": false,
                    "postPermission": false,
                    "appId": 29,
                    "appName": "Admin",
                    "operations": false
                },
                {
                    "id": 1607,
                    "permissionGroupId": 26,
                    "permissionId": 150,
                    "permissionName": "Geo Fence",
                    "sourceId": null,
                    "addPermission": false,
                    "updatePermission": false,
                    "deletePermission": false,
                    "postPermission": false,
                    "appId": 29,
                    "appName": "Admin",
                    "operations": false
                },
                {
                    "id": 1608,
                    "permissionGroupId": 26,
                    "permissionId": 152,
                    "permissionName": "Email Summary Report",
                    "sourceId": null,
                    "addPermission": false,
                    "updatePermission": false,
                    "deletePermission": false,
                    "postPermission": false,
                    "appId": 29,
                    "appName": "Admin",
                    "operations": false
                },
                {
                    "id": 1609,
                    "permissionGroupId": 26,
                    "permissionId": 178,
                    "permissionName": "User Activity Log",
                    "sourceId": null,
                    "addPermission": false,
                    "updatePermission": false,
                    "deletePermission": false,
                    "postPermission": false,
                    "appId": 29,
                    "appName": "Admin",
                    "operations": false
                },
                {
                    "id": 1610,
                    "permissionGroupId": 26,
                    "permissionId": 179,
                    "permissionName": "Device Management",
                    "sourceId": null,
                    "addPermission": false,
                    "updatePermission": false,
                    "deletePermission": false,
                    "postPermission": false,
                    "appId": 29,
                    "appName": "Admin",
                    "operations": false
                },
                {
                    "id": 1611,
                    "permissionGroupId": 26,
                    "permissionId": 229,
                    "permissionName": "Employee Import",
                    "sourceId": null,
                    "addPermission": false,
                    "updatePermission": false,
                    "deletePermission": false,
                    "postPermission": false,
                    "appId": 29,
                    "appName": "Admin",
                    "operations": false
                },
                {
                    "id": 1612,
                    "permissionGroupId": 26,
                    "permissionId": 243,
                    "permissionName": "Add PIN-Only Users",
                    "sourceId": null,
                    "addPermission": false,
                    "updatePermission": false,
                    "deletePermission": false,
                    "postPermission": false,
                    "appId": 29,
                    "appName": "Admin",
                    "operations": false
                },
                {
                    "id": 1614,
                    "permissionGroupId": 26,
                    "permissionId": 286,
                    "permissionName": "Export Setting",
                    "sourceId": null,
                    "addPermission": false,
                    "updatePermission": false,
                    "deletePermission": false,
                    "postPermission": false,
                    "appId": 29,
                    "appName": "Admin",
                    "operations": true
                },
                {
                    "id": 1615,
                    "permissionGroupId": 26,
                    "permissionId": 261,
                    "permissionName": "Asset Instance",
                    "sourceId": null,
                    "addPermission": false,
                    "updatePermission": false,
                    "deletePermission": false,
                    "postPermission": false,
                    "appId": 32,
                    "appName": "Asset",
                    "operations": false
                },
                {
                    "id": 1616,
                    "permissionGroupId": 26,
                    "permissionId": 262,
                    "permissionName": "Asset Service Log",
                    "sourceId": null,
                    "addPermission": false,
                    "updatePermission": false,
                    "deletePermission": false,
                    "postPermission": false,
                    "appId": 32,
                    "appName": "Asset",
                    "operations": false
                },
                {
                    "id": 1645,
                    "permissionGroupId": 26,
                    "permissionId": 300,
                    "permissionName": "Vendor News Publisher",
                    "sourceId": null,
                    "addPermission": false,
                    "updatePermission": false,
                    "deletePermission": false,
                    "postPermission": false,
                    "appId": 35,
                    "appName": "Vendor News Publisher",
                    "operations": false
                },
                {
                    "id": 1646,
                    "permissionGroupId": 26,
                    "permissionId": 163,
                    "permissionName": "Communication News",
                    "sourceId": null,
                    "addPermission": false,
                    "updatePermission": false,
                    "deletePermission": false,
                    "postPermission": false,
                    "appId": 30,
                    "appName": "NewsPublisher",
                    "operations": false
                },
                {
                    "id": 1647,
                    "permissionGroupId": 26,
                    "permissionId": 164,
                    "permissionName": "Communication Content",
                    "sourceId": null,
                    "addPermission": false,
                    "updatePermission": false,
                    "deletePermission": false,
                    "postPermission": false,
                    "appId": 30,
                    "appName": "NewsPublisher",
                    "operations": false
                },
                {
                    "id": 1648,
                    "permissionGroupId": 26,
                    "permissionId": 240,
                    "permissionName": "Allow Vendor to add News",
                    "sourceId": null,
                    "addPermission": false,
                    "updatePermission": false,
                    "deletePermission": false,
                    "postPermission": false,
                    "appId": 30,
                    "appName": "NewsPublisher",
                    "operations": false
                },
                {
                    "id": 1651,
                    "permissionGroupId": 26,
                    "permissionId": 203,
                    "permissionName": "Network Service Board",
                    "sourceId": null,
                    "addPermission": false,
                    "updatePermission": false,
                    "deletePermission": false,
                    "postPermission": false,
                    "appId": 31,
                    "appName": "Desk",
                    "operations": true
                },
                {
                    "id": 1655,
                    "permissionGroupId": 26,
                    "permissionId": 212,
                    "permissionName": "Desk Reports",
                    "sourceId": null,
                    "addPermission": false,
                    "updatePermission": false,
                    "deletePermission": false,
                    "postPermission": false,
                    "appId": 31,
                    "appName": "Desk",
                    "operations": false
                },
                {
                    "id": 1658,
                    "permissionGroupId": 26,
                    "permissionId": 6,
                    "permissionName": "Master Products",
                    "sourceId": null,
                    "addPermission": false,
                    "updatePermission": false,
                    "deletePermission": false,
                    "postPermission": false,
                    "appId": 29,
                    "appName": "Admin",
                    "operations": false
                },
                {
                    "id": 1659,
                    "permissionGroupId": 26,
                    "permissionId": 96,
                    "permissionName": "Complaint Management",
                    "sourceId": null,
                    "addPermission": false,
                    "updatePermission": false,
                    "deletePermission": false,
                    "postPermission": false,
                    "appId": 1,
                    "appName": "GiSMo",
                    "operations": false
                },
                {
                    "id": 1660,
                    "permissionGroupId": 26,
                    "permissionId": 134,
                    "permissionName": "GiSMo Reports",
                    "sourceId": null,
                    "addPermission": false,
                    "updatePermission": false,
                    "deletePermission": false,
                    "postPermission": false,
                    "appId": 1,
                    "appName": "GiSMo",
                    "operations": false
                },
                {
                    "id": 1661,
                    "permissionGroupId": 26,
                    "permissionId": 266,
                    "permissionName": "Team Screening",
                    "sourceId": null,
                    "addPermission": false,
                    "updatePermission": false,
                    "deletePermission": false,
                    "postPermission": false,
                    "appId": 34,
                    "appName": "Health & Screening",
                    "operations": false
                },
                {
                    "id": 1662,
                    "permissionGroupId": 26,
                    "permissionId": 273,
                    "permissionName": "Health Verification",
                    "sourceId": null,
                    "addPermission": false,
                    "updatePermission": false,
                    "deletePermission": false,
                    "postPermission": false,
                    "appId": 34,
                    "appName": "Health & Screening",
                    "operations": false
                },
                {
                    "id": 1677,
                    "permissionGroupId": 26,
                    "permissionId": 64,
                    "permissionName": "Dashboard-Purchasing",
                    "sourceId": null,
                    "addPermission": false,
                    "updatePermission": false,
                    "deletePermission": false,
                    "postPermission": false,
                    "appId": 22,
                    "appName": "Purchasing",
                    "operations": false
                },
                {
                    "id": 1678,
                    "permissionGroupId": 26,
                    "permissionId": 65,
                    "permissionName": "PurchaseOrder",
                    "sourceId": null,
                    "addPermission": false,
                    "updatePermission": false,
                    "deletePermission": false,
                    "postPermission": false,
                    "appId": 22,
                    "appName": "Purchasing",
                    "operations": true
                },
                {
                    "id": 1679,
                    "permissionGroupId": 26,
                    "permissionId": 66,
                    "permissionName": "CreditRequest",
                    "sourceId": null,
                    "addPermission": false,
                    "updatePermission": false,
                    "deletePermission": false,
                    "postPermission": false,
                    "appId": 22,
                    "appName": "Purchasing",
                    "operations": false
                },
                {
                    "id": 1680,
                    "permissionGroupId": 26,
                    "permissionId": 67,
                    "permissionName": "ReportPurchaseOrder",
                    "sourceId": null,
                    "addPermission": false,
                    "updatePermission": false,
                    "deletePermission": false,
                    "postPermission": false,
                    "appId": 22,
                    "appName": "Purchasing",
                    "operations": false
                },
                {
                    "id": 1681,
                    "permissionGroupId": 26,
                    "permissionId": 68,
                    "permissionName": "Product-Purchasing",
                    "sourceId": null,
                    "addPermission": false,
                    "updatePermission": false,
                    "deletePermission": false,
                    "postPermission": false,
                    "appId": 22,
                    "appName": "Purchasing",
                    "operations": false
                },
                {
                    "id": 1682,
                    "permissionGroupId": 26,
                    "permissionId": 69,
                    "permissionName": "Template-Purchasing",
                    "sourceId": null,
                    "addPermission": false,
                    "updatePermission": false,
                    "deletePermission": false,
                    "postPermission": false,
                    "appId": 22,
                    "appName": "Purchasing",
                    "operations": true
                },
                {
                    "id": 1683,
                    "permissionGroupId": 26,
                    "permissionId": 70,
                    "permissionName": "ParLevel-Purchasing",
                    "sourceId": null,
                    "addPermission": false,
                    "updatePermission": false,
                    "deletePermission": false,
                    "postPermission": false,
                    "appId": 22,
                    "appName": "Purchasing",
                    "operations": true
                },
                {
                    "id": 1684,
                    "permissionGroupId": 26,
                    "permissionId": 71,
                    "permissionName": "ProductCatalog-Purchasing",
                    "sourceId": null,
                    "addPermission": false,
                    "updatePermission": false,
                    "deletePermission": false,
                    "postPermission": false,
                    "appId": 22,
                    "appName": "Purchasing",
                    "operations": false
                },
                {
                    "id": 1685,
                    "permissionGroupId": 26,
                    "permissionId": 72,
                    "permissionName": "Vendor-Purchasing",
                    "sourceId": null,
                    "addPermission": false,
                    "updatePermission": false,
                    "deletePermission": false,
                    "postPermission": false,
                    "appId": 22,
                    "appName": "Purchasing",
                    "operations": false
                },
                {
                    "id": 1686,
                    "permissionGroupId": 26,
                    "permissionId": 82,
                    "permissionName": "Blackout Date",
                    "sourceId": null,
                    "addPermission": false,
                    "updatePermission": false,
                    "deletePermission": false,
                    "postPermission": false,
                    "appId": 22,
                    "appName": "Purchasing",
                    "operations": true
                },
                {
                    "id": 1687,
                    "permissionGroupId": 26,
                    "permissionId": 104,
                    "permissionName": "Clone-Purchase-Template",
                    "sourceId": null,
                    "addPermission": false,
                    "updatePermission": false,
                    "deletePermission": false,
                    "postPermission": false,
                    "appId": 22,
                    "appName": "Purchasing",
                    "operations": false
                },
                {
                    "id": 1688,
                    "permissionGroupId": 26,
                    "permissionId": 111,
                    "permissionName": "Auto-Order",
                    "sourceId": null,
                    "addPermission": false,
                    "updatePermission": false,
                    "deletePermission": false,
                    "postPermission": false,
                    "appId": 22,
                    "appName": "Purchasing",
                    "operations": false
                },
                {
                    "id": 1689,
                    "permissionGroupId": 26,
                    "permissionId": 114,
                    "permissionName": "Delivery-Purchasing",
                    "sourceId": null,
                    "addPermission": false,
                    "updatePermission": false,
                    "deletePermission": false,
                    "postPermission": false,
                    "appId": 22,
                    "appName": "Purchasing",
                    "operations": false
                },
                {
                    "id": 1690,
                    "permissionGroupId": 26,
                    "permissionId": 137,
                    "permissionName": "Purchasing Admin Settings",
                    "sourceId": null,
                    "addPermission": false,
                    "updatePermission": false,
                    "deletePermission": false,
                    "postPermission": false,
                    "appId": 22,
                    "appName": "Purchasing",
                    "operations": true
                },
                {
                    "id": 1691,
                    "permissionGroupId": 26,
                    "permissionId": 138,
                    "permissionName": "Purchasing Forecast",
                    "sourceId": null,
                    "addPermission": false,
                    "updatePermission": false,
                    "deletePermission": false,
                    "postPermission": false,
                    "appId": 22,
                    "appName": "Purchasing",
                    "operations": false
                },
                {
                    "id": 1692,
                    "permissionGroupId": 26,
                    "permissionId": 171,
                    "permissionName": "Order History",
                    "sourceId": null,
                    "addPermission": false,
                    "updatePermission": false,
                    "deletePermission": false,
                    "postPermission": false,
                    "appId": 22,
                    "appName": "Purchasing",
                    "operations": true
                },
                {
                    "id": 1693,
                    "permissionGroupId": 26,
                    "permissionId": 180,
                    "permissionName": "View AP Invoice",
                    "sourceId": null,
                    "addPermission": false,
                    "updatePermission": false,
                    "deletePermission": false,
                    "postPermission": false,
                    "appId": 22,
                    "appName": "Purchasing",
                    "operations": false
                },
                {
                    "id": 1694,
                    "permissionGroupId": 26,
                    "permissionId": 181,
                    "permissionName": "View AP Invoice Detail",
                    "sourceId": null,
                    "addPermission": false,
                    "updatePermission": false,
                    "deletePermission": false,
                    "postPermission": false,
                    "appId": 22,
                    "appName": "Purchasing",
                    "operations": false
                },
                {
                    "id": 1695,
                    "permissionGroupId": 26,
                    "permissionId": 182,
                    "permissionName": "View Customer Statement",
                    "sourceId": null,
                    "addPermission": false,
                    "updatePermission": false,
                    "deletePermission": false,
                    "postPermission": false,
                    "appId": 22,
                    "appName": "Purchasing",
                    "operations": false
                },
                {
                    "id": 1696,
                    "permissionGroupId": 26,
                    "permissionId": 184,
                    "permissionName": "Task Purchase Invoice",
                    "sourceId": null,
                    "addPermission": false,
                    "updatePermission": false,
                    "deletePermission": false,
                    "postPermission": false,
                    "appId": 22,
                    "appName": "Purchasing",
                    "operations": false
                },
                {
                    "id": 1697,
                    "permissionGroupId": 26,
                    "permissionId": 200,
                    "permissionName": "Throwaway Minimum",
                    "sourceId": null,
                    "addPermission": false,
                    "updatePermission": false,
                    "deletePermission": false,
                    "postPermission": false,
                    "appId": 22,
                    "appName": "Purchasing",
                    "operations": false
                },
                {
                    "id": 1698,
                    "permissionGroupId": 26,
                    "permissionId": 201,
                    "permissionName": "Throwaway Minimum Detail",
                    "sourceId": null,
                    "addPermission": false,
                    "updatePermission": false,
                    "deletePermission": false,
                    "postPermission": false,
                    "appId": 22,
                    "appName": "Purchasing",
                    "operations": false
                },
                {
                    "id": 1699,
                    "permissionGroupId": 26,
                    "permissionId": 208,
                    "permissionName": "Update Auto Order Status",
                    "sourceId": null,
                    "addPermission": false,
                    "updatePermission": false,
                    "deletePermission": false,
                    "postPermission": false,
                    "appId": 22,
                    "appName": "Purchasing",
                    "operations": false
                },
                {
                    "id": 1700,
                    "permissionGroupId": 26,
                    "permissionId": 216,
                    "permissionName": "Orders Threshold",
                    "sourceId": null,
                    "addPermission": false,
                    "updatePermission": false,
                    "deletePermission": false,
                    "postPermission": false,
                    "appId": 22,
                    "appName": "Purchasing",
                    "operations": false
                },
                {
                    "id": 1701,
                    "permissionGroupId": 26,
                    "permissionId": 222,
                    "permissionName": "Calculate Payment setup",
                    "sourceId": null,
                    "addPermission": false,
                    "updatePermission": false,
                    "deletePermission": false,
                    "postPermission": false,
                    "appId": 22,
                    "appName": "Purchasing",
                    "operations": true
                },
                {
                    "id": 1702,
                    "permissionGroupId": 26,
                    "permissionId": 244,
                    "permissionName": "View Purchase Category Summary",
                    "sourceId": null,
                    "addPermission": false,
                    "updatePermission": false,
                    "deletePermission": false,
                    "postPermission": false,
                    "appId": 22,
                    "appName": "Purchasing",
                    "operations": false
                },
                {
                    "id": 1703,
                    "permissionGroupId": 26,
                    "permissionId": 245,
                    "permissionName": "View Day by Day Weekly",
                    "sourceId": null,
                    "addPermission": false,
                    "updatePermission": false,
                    "deletePermission": false,
                    "postPermission": false,
                    "appId": 22,
                    "appName": "Purchasing",
                    "operations": false
                },
                {
                    "id": 1704,
                    "permissionGroupId": 26,
                    "permissionId": 246,
                    "permissionName": "View Weekly Product Trend",
                    "sourceId": null,
                    "addPermission": false,
                    "updatePermission": false,
                    "deletePermission": false,
                    "postPermission": false,
                    "appId": 22,
                    "appName": "Purchasing",
                    "operations": false
                },
                {
                    "id": 1705,
                    "permissionGroupId": 26,
                    "permissionId": 247,
                    "permissionName": "View Invoice by Date",
                    "sourceId": null,
                    "addPermission": false,
                    "updatePermission": false,
                    "deletePermission": false,
                    "postPermission": false,
                    "appId": 22,
                    "appName": "Purchasing",
                    "operations": false
                },
                {
                    "id": 1706,
                    "permissionGroupId": 26,
                    "permissionId": 260,
                    "permissionName": "Export orderdetail by Category Product",
                    "sourceId": null,
                    "addPermission": false,
                    "updatePermission": false,
                    "deletePermission": false,
                    "postPermission": false,
                    "appId": 22,
                    "appName": "Purchasing",
                    "operations": false
                },
                {
                    "id": 1707,
                    "permissionGroupId": 26,
                    "permissionId": 271,
                    "permissionName": "Generate Fee Card",
                    "sourceId": null,
                    "addPermission": false,
                    "updatePermission": false,
                    "deletePermission": false,
                    "postPermission": false,
                    "appId": 22,
                    "appName": "Purchasing",
                    "operations": false
                },
                {
                    "id": 1708,
                    "permissionGroupId": 26,
                    "permissionId": 272,
                    "permissionName": "Vendor Customer Number",
                    "sourceId": null,
                    "addPermission": false,
                    "updatePermission": false,
                    "deletePermission": false,
                    "postPermission": false,
                    "appId": 22,
                    "appName": "Purchasing",
                    "operations": true
                },
                {
                    "id": 1709,
                    "permissionGroupId": 26,
                    "permissionId": 281,
                    "permissionName": "Product History",
                    "sourceId": null,
                    "addPermission": false,
                    "updatePermission": false,
                    "deletePermission": false,
                    "postPermission": false,
                    "appId": 22,
                    "appName": "Purchasing",
                    "operations": false
                },
                {
                    "id": 1710,
                    "permissionGroupId": 26,
                    "permissionId": 282,
                    "permissionName": "Export Weekly Invoice",
                    "sourceId": null,
                    "addPermission": false,
                    "updatePermission": false,
                    "deletePermission": false,
                    "postPermission": false,
                    "appId": 22,
                    "appName": "Purchasing",
                    "operations": false
                },
                {
                    "id": 1711,
                    "permissionGroupId": 26,
                    "permissionId": 301,
                    "permissionName": "Delivery Ticket",
                    "sourceId": null,
                    "addPermission": false,
                    "updatePermission": false,
                    "deletePermission": false,
                    "postPermission": false,
                    "appId": 22,
                    "appName": "Purchasing",
                    "operations": false
                },
                {
                    "id": 1712,
                    "permissionGroupId": 26,
                    "permissionId": 321,
                    "permissionName": "Import Intacct Invoice",
                    "sourceId": null,
                    "addPermission": false,
                    "updatePermission": false,
                    "deletePermission": false,
                    "postPermission": false,
                    "appId": 22,
                    "appName": "Purchasing",
                    "operations": false
                },
                {
                    "id": 1715,
                    "permissionGroupId": 26,
                    "permissionId": 95,
                    "permissionName": "Task Management",
                    "sourceId": null,
                    "addPermission": false,
                    "updatePermission": false,
                    "deletePermission": false,
                    "postPermission": false,
                    "appId": 3,
                    "appName": "Task",
                    "operations": false
                },
                {
                    "id": 1716,
                    "permissionGroupId": 26,
                    "permissionId": 133,
                    "permissionName": "Task Reports",
                    "sourceId": null,
                    "addPermission": false,
                    "updatePermission": false,
                    "deletePermission": false,
                    "postPermission": false,
                    "appId": 3,
                    "appName": "Task",
                    "operations": false
                },
                {
                    "id": 1717,
                    "permissionGroupId": 26,
                    "permissionId": 172,
                    "permissionName": "Task Expiry",
                    "sourceId": null,
                    "addPermission": false,
                    "updatePermission": false,
                    "deletePermission": false,
                    "postPermission": false,
                    "appId": 3,
                    "appName": "Task",
                    "operations": false
                },
                {
                    "id": 1718,
                    "permissionGroupId": 26,
                    "permissionId": 187,
                    "permissionName": "Task Verification",
                    "sourceId": null,
                    "addPermission": false,
                    "updatePermission": false,
                    "deletePermission": false,
                    "postPermission": false,
                    "appId": 3,
                    "appName": "Task",
                    "operations": false
                },
                {
                    "id": 1719,
                    "permissionGroupId": 26,
                    "permissionId": 3,
                    "permissionName": "Wow Admin",
                    "sourceId": null,
                    "addPermission": false,
                    "updatePermission": false,
                    "deletePermission": false,
                    "postPermission": false,
                    "appId": 4,
                    "appName": "Wow",
                    "operations": false
                },
                {
                    "id": 1720,
                    "permissionGroupId": 26,
                    "permissionId": 139,
                    "permissionName": "WOW Report",
                    "sourceId": null,
                    "addPermission": false,
                    "updatePermission": false,
                    "deletePermission": false,
                    "postPermission": false,
                    "appId": 4,
                    "appName": "Wow",
                    "operations": false
                },
                {
                    "id": 2620,
                    "permissionGroupId": 26,
                    "permissionId": 135,
                    "permissionName": "Audit Advance",
                    "sourceId": null,
                    "addPermission": false,
                    "updatePermission": false,
                    "deletePermission": false,
                    "postPermission": false,
                    "appId": 2,
                    "appName": "Audit",
                    "operations": false
                }
            ],
            "appId": null,
            "appName": null,
            "master": false,
            "news": false,
            "sourceId": null,
            "local": true
        },
        {
            "id": 32,
            "permissionGroupName": "People learner",
            "description": null,
            "permissionIds": [
                224
            ],
            "permissionDetails": [
                {
                    "id": 2297,
                    "permissionGroupId": 32,
                    "permissionId": 224,
                    "permissionName": "People-Training Pathway Learner",
                    "sourceId": null,
                    "addPermission": false,
                    "updatePermission": false,
                    "deletePermission": false,
                    "postPermission": false,
                    "appId": 7,
                    "appName": "People",
                    "operations": false
                }
            ],
            "appId": null,
            "appName": null,
            "master": false,
            "news": false,
            "sourceId": null,
            "local": true
        },
        {
            "id": 11,
            "permissionGroupName": "Picking ",
            "description": "",
            "permissionIds": [
                157
            ],
            "permissionDetails": [
                {
                    "id": 460,
                    "permissionGroupId": 11,
                    "permissionId": 157,
                    "permissionName": "Picking",
                    "sourceId": 1233,
                    "addPermission": false,
                    "updatePermission": false,
                    "deletePermission": false,
                    "postPermission": false,
                    "appId": 27,
                    "appName": "Picking",
                    "operations": false
                }
            ],
            "appId": 27,
            "appName": "Picking",
            "master": true,
            "news": false,
            "sourceId": 11,
            "local": false
        },
        {
            "id": 14,
            "permissionGroupName": "Restaurant News",
            "description": "Restaurant news access",
            "permissionIds": [
                
            ],
            "permissionDetails": [
                
            ],
            "appId": null,
            "appName": null,
            "master": false,
            "news": true,
            "sourceId": 14,
            "local": false
        },
        {
            "id": 34,
            "permissionGroupName": "Senior manager",
            "description": null,
            "permissionIds": [
                1,
                2,
                3,
                4,
                5,
                6,
                64,
                65,
                66,
                67,
                68,
                69,
                70,
                71,
                72,
                82,
                83,
                92,
                93,
                94,
                95,
                96,
                97,
                98,
                104,
                111,
                112,
                113,
                114,
                131,
                132,
                133,
                134,
                135,
                136,
                137,
                138,
                139,
                149,
                150,
                151,
                152,
                153,
                154,
                159,
                160,
                161,
                162,
                163,
                164,
                166,
                171,
                172,
                173,
                174,
                175,
                176,
                178,
                179,
                180,
                181,
                182,
                183,
                184,
                187,
                191,
                192,
                193,
                194,
                195,
                196,
                197,
                198,
                199,
                200,
                201,
                202,
                203,
                204,
                205,
                207,
                208,
                211,
                212,
                213,
                214,
                215,
                216,
                217,
                220,
                221,
                222,
                223,
                224,
                225,
                229,
                240,
                243,
                244,
                245,
                246,
                247,
                259,
                260,
                261,
                262,
                266,
                271,
                272,
                273,
                279,
                281,
                282,
                286,
                300,
                301,
                321,
                322,
                323,
                324,
                325,
                330,
                377,
                378,
                379,
                380,
                381,
                382,
                424,
                425
            ],
            "permissionDetails": [
                {
                    "id": 2314,
                    "permissionGroupId": 34,
                    "permissionId": 1,
                    "permissionName": "Administration",
                    "sourceId": null,
                    "addPermission": false,
                    "updatePermission": false,
                    "deletePermission": false,
                    "postPermission": false,
                    "appId": 29,
                    "appName": "Admin",
                    "operations": false
                },
                {
                    "id": 2315,
                    "permissionGroupId": 34,
                    "permissionId": 2,
                    "permissionName": "Basic User Admin",
                    "sourceId": null,
                    "addPermission": false,
                    "updatePermission": false,
                    "deletePermission": false,
                    "postPermission": false,
                    "appId": 29,
                    "appName": "Admin",
                    "operations": false
                },
                {
                    "id": 2316,
                    "permissionGroupId": 34,
                    "permissionId": 83,
                    "permissionName": "Secure Information",
                    "sourceId": null,
                    "addPermission": false,
                    "updatePermission": false,
                    "deletePermission": false,
                    "postPermission": false,
                    "appId": 29,
                    "appName": "Admin",
                    "operations": false
                },
                {
                    "id": 2317,
                    "permissionGroupId": 34,
                    "permissionId": 92,
                    "permissionName": "Advance User Admin",
                    "sourceId": null,
                    "addPermission": false,
                    "updatePermission": false,
                    "deletePermission": false,
                    "postPermission": false,
                    "appId": 29,
                    "appName": "Admin",
                    "operations": false
                },
                {
                    "id": 2318,
                    "permissionGroupId": 34,
                    "permissionId": 93,
                    "permissionName": "Location Management",
                    "sourceId": null,
                    "addPermission": false,
                    "updatePermission": false,
                    "deletePermission": false,
                    "postPermission": false,
                    "appId": 29,
                    "appName": "Admin",
                    "operations": false
                },
                {
                    "id": 2319,
                    "permissionGroupId": 34,
                    "permissionId": 131,
                    "permissionName": "Appendix Admin",
                    "sourceId": null,
                    "addPermission": false,
                    "updatePermission": false,
                    "deletePermission": false,
                    "postPermission": false,
                    "appId": 29,
                    "appName": "Admin",
                    "operations": false
                },
                {
                    "id": 2320,
                    "permissionGroupId": 34,
                    "permissionId": 136,
                    "permissionName": "Unlinked Employee Admin",
                    "sourceId": null,
                    "addPermission": false,
                    "updatePermission": false,
                    "deletePermission": false,
                    "postPermission": false,
                    "appId": 29,
                    "appName": "Admin",
                    "operations": false
                },
                {
                    "id": 2321,
                    "permissionGroupId": 34,
                    "permissionId": 149,
                    "permissionName": "IoT",
                    "sourceId": null,
                    "addPermission": false,
                    "updatePermission": false,
                    "deletePermission": false,
                    "postPermission": false,
                    "appId": 29,
                    "appName": "Admin",
                    "operations": false
                },
                {
                    "id": 2322,
                    "permissionGroupId": 34,
                    "permissionId": 150,
                    "permissionName": "Geo Fence",
                    "sourceId": null,
                    "addPermission": false,
                    "updatePermission": false,
                    "deletePermission": false,
                    "postPermission": false,
                    "appId": 29,
                    "appName": "Admin",
                    "operations": false
                },
                {
                    "id": 2323,
                    "permissionGroupId": 34,
                    "permissionId": 152,
                    "permissionName": "Email Summary Report",
                    "sourceId": null,
                    "addPermission": false,
                    "updatePermission": false,
                    "deletePermission": false,
                    "postPermission": false,
                    "appId": 29,
                    "appName": "Admin",
                    "operations": false
                },
                {
                    "id": 2324,
                    "permissionGroupId": 34,
                    "permissionId": 178,
                    "permissionName": "User Activity Log",
                    "sourceId": null,
                    "addPermission": false,
                    "updatePermission": false,
                    "deletePermission": false,
                    "postPermission": false,
                    "appId": 29,
                    "appName": "Admin",
                    "operations": false
                },
                {
                    "id": 2325,
                    "permissionGroupId": 34,
                    "permissionId": 179,
                    "permissionName": "Device Management",
                    "sourceId": null,
                    "addPermission": false,
                    "updatePermission": false,
                    "deletePermission": false,
                    "postPermission": false,
                    "appId": 29,
                    "appName": "Admin",
                    "operations": false
                },
                {
                    "id": 2326,
                    "permissionGroupId": 34,
                    "permissionId": 229,
                    "permissionName": "Employee Import",
                    "sourceId": null,
                    "addPermission": false,
                    "updatePermission": false,
                    "deletePermission": false,
                    "postPermission": false,
                    "appId": 29,
                    "appName": "Admin",
                    "operations": false
                },
                {
                    "id": 2327,
                    "permissionGroupId": 34,
                    "permissionId": 243,
                    "permissionName": "Add PIN-Only Users",
                    "sourceId": null,
                    "addPermission": false,
                    "updatePermission": false,
                    "deletePermission": false,
                    "postPermission": false,
                    "appId": 29,
                    "appName": "Admin",
                    "operations": false
                },
                {
                    "id": 2328,
                    "permissionGroupId": 34,
                    "permissionId": 279,
                    "permissionName": "Add Location",
                    "sourceId": null,
                    "addPermission": false,
                    "updatePermission": false,
                    "deletePermission": false,
                    "postPermission": false,
                    "appId": 29,
                    "appName": "Admin",
                    "operations": false
                },
                {
                    "id": 2329,
                    "permissionGroupId": 34,
                    "permissionId": 286,
                    "permissionName": "Export Setting",
                    "sourceId": null,
                    "addPermission": false,
                    "updatePermission": false,
                    "deletePermission": false,
                    "postPermission": false,
                    "appId": 29,
                    "appName": "Admin",
                    "operations": true
                },
                {
                    "id": 2330,
                    "permissionGroupId": 34,
                    "permissionId": 330,
                    "permissionName": "Report Scheduler",
                    "sourceId": null,
                    "addPermission": false,
                    "updatePermission": false,
                    "deletePermission": false,
                    "postPermission": false,
                    "appId": 29,
                    "appName": "Admin",
                    "operations": false
                },
                {
                    "id": 2331,
                    "permissionGroupId": 34,
                    "permissionId": 261,
                    "permissionName": "Asset Instance",
                    "sourceId": null,
                    "addPermission": false,
                    "updatePermission": false,
                    "deletePermission": false,
                    "postPermission": false,
                    "appId": 32,
                    "appName": "Asset",
                    "operations": false
                },
                {
                    "id": 2332,
                    "permissionGroupId": 34,
                    "permissionId": 262,
                    "permissionName": "Asset Service Log",
                    "sourceId": null,
                    "addPermission": false,
                    "updatePermission": false,
                    "deletePermission": false,
                    "postPermission": false,
                    "appId": 32,
                    "appName": "Asset",
                    "operations": false
                },
                {
                    "id": 2334,
                    "permissionGroupId": 34,
                    "permissionId": 153,
                    "permissionName": "Custom Audit Forms",
                    "sourceId": null,
                    "addPermission": false,
                    "updatePermission": false,
                    "deletePermission": false,
                    "postPermission": false,
                    "appId": 2,
                    "appName": "Audit",
                    "operations": false
                },
                {
                    "id": 2340,
                    "permissionGroupId": 34,
                    "permissionId": 4,
                    "permissionName": "Book Management Task",
                    "sourceId": null,
                    "addPermission": false,
                    "updatePermission": false,
                    "deletePermission": false,
                    "postPermission": false,
                    "appId": 6,
                    "appName": "Book",
                    "operations": false
                },
                {
                    "id": 2341,
                    "permissionGroupId": 34,
                    "permissionId": 94,
                    "permissionName": "Book Management",
                    "sourceId": null,
                    "addPermission": false,
                    "updatePermission": false,
                    "deletePermission": false,
                    "postPermission": false,
                    "appId": 6,
                    "appName": "Book",
                    "operations": false
                },
                {
                    "id": 2342,
                    "permissionGroupId": 34,
                    "permissionId": 112,
                    "permissionName": "Book Completion Report",
                    "sourceId": null,
                    "addPermission": false,
                    "updatePermission": false,
                    "deletePermission": false,
                    "postPermission": false,
                    "appId": 6,
                    "appName": "Book",
                    "operations": false
                },
                {
                    "id": 2343,
                    "permissionGroupId": 34,
                    "permissionId": 151,
                    "permissionName": "Critical Task",
                    "sourceId": null,
                    "addPermission": false,
                    "updatePermission": false,
                    "deletePermission": false,
                    "postPermission": false,
                    "appId": 6,
                    "appName": "Book",
                    "operations": false
                },
                {
                    "id": 2344,
                    "permissionGroupId": 34,
                    "permissionId": 160,
                    "permissionName": "Book Forms - Advanced",
                    "sourceId": null,
                    "addPermission": false,
                    "updatePermission": false,
                    "deletePermission": false,
                    "postPermission": false,
                    "appId": 6,
                    "appName": "Book",
                    "operations": false
                },
                {
                    "id": 2345,
                    "permissionGroupId": 34,
                    "permissionId": 161,
                    "permissionName": "Book Forms - Reports",
                    "sourceId": null,
                    "addPermission": false,
                    "updatePermission": false,
                    "deletePermission": false,
                    "postPermission": false,
                    "appId": 6,
                    "appName": "Book",
                    "operations": false
                },
                {
                    "id": 2346,
                    "permissionGroupId": 34,
                    "permissionId": 162,
                    "permissionName": "Book Forms - Basic",
                    "sourceId": null,
                    "addPermission": false,
                    "updatePermission": false,
                    "deletePermission": false,
                    "postPermission": false,
                    "appId": 6,
                    "appName": "Book",
                    "operations": false
                },
                {
                    "id": 2347,
                    "permissionGroupId": 34,
                    "permissionId": 173,
                    "permissionName": "Book Dashboard",
                    "sourceId": null,
                    "addPermission": false,
                    "updatePermission": false,
                    "deletePermission": false,
                    "postPermission": false,
                    "appId": 6,
                    "appName": "Book",
                    "operations": false
                },
                {
                    "id": 2348,
                    "permissionGroupId": 34,
                    "permissionId": 174,
                    "permissionName": "Shift Task",
                    "sourceId": null,
                    "addPermission": false,
                    "updatePermission": false,
                    "deletePermission": false,
                    "postPermission": false,
                    "appId": 6,
                    "appName": "Book",
                    "operations": false
                },
                {
                    "id": 2349,
                    "permissionGroupId": 34,
                    "permissionId": 175,
                    "permissionName": "General Task",
                    "sourceId": null,
                    "addPermission": false,
                    "updatePermission": false,
                    "deletePermission": false,
                    "postPermission": false,
                    "appId": 6,
                    "appName": "Book",
                    "operations": false
                },
                {
                    "id": 2350,
                    "permissionGroupId": 34,
                    "permissionId": 176,
                    "permissionName": "Book Advance - CA",
                    "sourceId": null,
                    "addPermission": false,
                    "updatePermission": false,
                    "deletePermission": false,
                    "postPermission": false,
                    "appId": 6,
                    "appName": "Book",
                    "operations": false
                },
                {
                    "id": 2351,
                    "permissionGroupId": 34,
                    "permissionId": 191,
                    "permissionName": "Log Form Permission",
                    "sourceId": null,
                    "addPermission": false,
                    "updatePermission": false,
                    "deletePermission": false,
                    "postPermission": false,
                    "appId": 6,
                    "appName": "Book",
                    "operations": true
                },
                {
                    "id": 2352,
                    "permissionGroupId": 34,
                    "permissionId": 192,
                    "permissionName": "Manage Log Form",
                    "sourceId": null,
                    "addPermission": false,
                    "updatePermission": false,
                    "deletePermission": false,
                    "postPermission": false,
                    "appId": 6,
                    "appName": "Book",
                    "operations": false
                },
                {
                    "id": 2353,
                    "permissionGroupId": 34,
                    "permissionId": 220,
                    "permissionName": "Manager Sign-Off Permission",
                    "sourceId": null,
                    "addPermission": false,
                    "updatePermission": false,
                    "deletePermission": false,
                    "postPermission": false,
                    "appId": 6,
                    "appName": "Book",
                    "operations": false
                },
                {
                    "id": 2354,
                    "permissionGroupId": 34,
                    "permissionId": 221,
                    "permissionName": "PCQI Sign-Off Permission",
                    "sourceId": null,
                    "addPermission": false,
                    "updatePermission": false,
                    "deletePermission": false,
                    "postPermission": false,
                    "appId": 6,
                    "appName": "Book",
                    "operations": false
                },
                {
                    "id": 2355,
                    "permissionGroupId": 34,
                    "permissionId": 259,
                    "permissionName": "Generate Ticket in Corrective Action",
                    "sourceId": null,
                    "addPermission": false,
                    "updatePermission": false,
                    "deletePermission": false,
                    "postPermission": false,
                    "appId": 6,
                    "appName": "Book",
                    "operations": false
                },
                {
                    "id": 2356,
                    "permissionGroupId": 34,
                    "permissionId": 300,
                    "permissionName": "Vendor News Publisher",
                    "sourceId": null,
                    "addPermission": false,
                    "updatePermission": false,
                    "deletePermission": false,
                    "postPermission": false,
                    "appId": 35,
                    "appName": "Vendor News Publisher",
                    "operations": false
                },
                {
                    "id": 2357,
                    "permissionGroupId": 34,
                    "permissionId": 163,
                    "permissionName": "Communication News",
                    "sourceId": null,
                    "addPermission": false,
                    "updatePermission": false,
                    "deletePermission": false,
                    "postPermission": false,
                    "appId": 30,
                    "appName": "NewsPublisher",
                    "operations": false
                },
                {
                    "id": 2358,
                    "permissionGroupId": 34,
                    "permissionId": 164,
                    "permissionName": "Communication Content",
                    "sourceId": null,
                    "addPermission": false,
                    "updatePermission": false,
                    "deletePermission": false,
                    "postPermission": false,
                    "appId": 30,
                    "appName": "NewsPublisher",
                    "operations": false
                },
                {
                    "id": 2359,
                    "permissionGroupId": 34,
                    "permissionId": 240,
                    "permissionName": "Allow Vendor to add News",
                    "sourceId": null,
                    "addPermission": false,
                    "updatePermission": false,
                    "deletePermission": false,
                    "postPermission": false,
                    "appId": 30,
                    "appName": "NewsPublisher",
                    "operations": false
                },
                {
                    "id": 2360,
                    "permissionGroupId": 34,
                    "permissionId": 193,
                    "permissionName": "Desk Service Board Management",
                    "sourceId": null,
                    "addPermission": false,
                    "updatePermission": false,
                    "deletePermission": false,
                    "postPermission": false,
                    "appId": 31,
                    "appName": "Desk",
                    "operations": false
                },
                {
                    "id": 2361,
                    "permissionGroupId": 34,
                    "permissionId": 194,
                    "permissionName": "Desk Subscription Management",
                    "sourceId": null,
                    "addPermission": false,
                    "updatePermission": false,
                    "deletePermission": false,
                    "postPermission": false,
                    "appId": 31,
                    "appName": "Desk",
                    "operations": false
                },
                {
                    "id": 2362,
                    "permissionGroupId": 34,
                    "permissionId": 203,
                    "permissionName": "Network Service Board",
                    "sourceId": null,
                    "addPermission": false,
                    "updatePermission": false,
                    "deletePermission": false,
                    "postPermission": false,
                    "appId": 31,
                    "appName": "Desk",
                    "operations": true
                },
                {
                    "id": 2363,
                    "permissionGroupId": 34,
                    "permissionId": 204,
                    "permissionName": "Vendor Service Board",
                    "sourceId": null,
                    "addPermission": false,
                    "updatePermission": false,
                    "deletePermission": false,
                    "postPermission": false,
                    "appId": 31,
                    "appName": "Desk",
                    "operations": true
                },
                {
                    "id": 2364,
                    "permissionGroupId": 34,
                    "permissionId": 205,
                    "permissionName": "Customer Service Board",
                    "sourceId": null,
                    "addPermission": false,
                    "updatePermission": false,
                    "deletePermission": false,
                    "postPermission": false,
                    "appId": 31,
                    "appName": "Desk",
                    "operations": true
                },
                {
                    "id": 2365,
                    "permissionGroupId": 34,
                    "permissionId": 211,
                    "permissionName": "Desk Setting Management",
                    "sourceId": null,
                    "addPermission": false,
                    "updatePermission": false,
                    "deletePermission": false,
                    "postPermission": false,
                    "appId": 31,
                    "appName": "Desk",
                    "operations": false
                },
                {
                    "id": 2366,
                    "permissionGroupId": 34,
                    "permissionId": 212,
                    "permissionName": "Desk Reports",
                    "sourceId": null,
                    "addPermission": false,
                    "updatePermission": false,
                    "deletePermission": false,
                    "postPermission": false,
                    "appId": 31,
                    "appName": "Desk",
                    "operations": false
                },
                {
                    "id": 2367,
                    "permissionGroupId": 34,
                    "permissionId": 213,
                    "permissionName": "Desk Ticket Expiry",
                    "sourceId": null,
                    "addPermission": false,
                    "updatePermission": false,
                    "deletePermission": false,
                    "postPermission": false,
                    "appId": 31,
                    "appName": "Desk",
                    "operations": false
                },
                {
                    "id": 2368,
                    "permissionGroupId": 34,
                    "permissionId": 214,
                    "permissionName": "Desk Ticket Verification",
                    "sourceId": null,
                    "addPermission": false,
                    "updatePermission": false,
                    "deletePermission": false,
                    "postPermission": false,
                    "appId": 31,
                    "appName": "Desk",
                    "operations": false
                },
                {
                    "id": 2369,
                    "permissionGroupId": 34,
                    "permissionId": 6,
                    "permissionName": "Master Products",
                    "sourceId": null,
                    "addPermission": false,
                    "updatePermission": false,
                    "deletePermission": false,
                    "postPermission": false,
                    "appId": 29,
                    "appName": "Admin",
                    "operations": false
                },
                {
                    "id": 2370,
                    "permissionGroupId": 34,
                    "permissionId": 96,
                    "permissionName": "Complaint Management",
                    "sourceId": null,
                    "addPermission": false,
                    "updatePermission": false,
                    "deletePermission": false,
                    "postPermission": false,
                    "appId": 1,
                    "appName": "GiSMo",
                    "operations": false
                },
                {
                    "id": 2371,
                    "permissionGroupId": 34,
                    "permissionId": 134,
                    "permissionName": "GiSMo Reports",
                    "sourceId": null,
                    "addPermission": false,
                    "updatePermission": false,
                    "deletePermission": false,
                    "postPermission": false,
                    "appId": 1,
                    "appName": "GiSMo",
                    "operations": false
                },
                {
                    "id": 2372,
                    "permissionGroupId": 34,
                    "permissionId": 266,
                    "permissionName": "Team Screening",
                    "sourceId": null,
                    "addPermission": false,
                    "updatePermission": false,
                    "deletePermission": false,
                    "postPermission": false,
                    "appId": 34,
                    "appName": "Health & Screening",
                    "operations": false
                },
                {
                    "id": 2373,
                    "permissionGroupId": 34,
                    "permissionId": 273,
                    "permissionName": "Health Verification",
                    "sourceId": null,
                    "addPermission": false,
                    "updatePermission": false,
                    "deletePermission": false,
                    "postPermission": false,
                    "appId": 34,
                    "appName": "Health & Screening",
                    "operations": false
                },
                {
                    "id": 2375,
                    "permissionGroupId": 34,
                    "permissionId": 195,
                    "permissionName": "Manage People App Form",
                    "sourceId": null,
                    "addPermission": false,
                    "updatePermission": false,
                    "deletePermission": false,
                    "postPermission": false,
                    "appId": 7,
                    "appName": "People",
                    "operations": false
                },
                {
                    "id": 2376,
                    "permissionGroupId": 34,
                    "permissionId": 196,
                    "permissionName": "People App Admin",
                    "sourceId": null,
                    "addPermission": false,
                    "updatePermission": false,
                    "deletePermission": false,
                    "postPermission": false,
                    "appId": 7,
                    "appName": "People",
                    "operations": false
                },
                {
                    "id": 2377,
                    "permissionGroupId": 34,
                    "permissionId": 197,
                    "permissionName": "People Reports",
                    "sourceId": null,
                    "addPermission": false,
                    "updatePermission": false,
                    "deletePermission": false,
                    "postPermission": false,
                    "appId": 7,
                    "appName": "People",
                    "operations": false
                },
                {
                    "id": 2378,
                    "permissionGroupId": 34,
                    "permissionId": 198,
                    "permissionName": "Dashboard Report",
                    "sourceId": null,
                    "addPermission": false,
                    "updatePermission": false,
                    "deletePermission": false,
                    "postPermission": false,
                    "appId": 7,
                    "appName": "People",
                    "operations": false
                },
                {
                    "id": 2379,
                    "permissionGroupId": 34,
                    "permissionId": 199,
                    "permissionName": "Evaluation Permission",
                    "sourceId": null,
                    "addPermission": false,
                    "updatePermission": false,
                    "deletePermission": false,
                    "postPermission": false,
                    "appId": 7,
                    "appName": "People",
                    "operations": false
                },
                {
                    "id": 2380,
                    "permissionGroupId": 34,
                    "permissionId": 202,
                    "permissionName": "People Management",
                    "sourceId": null,
                    "addPermission": false,
                    "updatePermission": false,
                    "deletePermission": false,
                    "postPermission": false,
                    "appId": 7,
                    "appName": "People",
                    "operations": false
                },
                {
                    "id": 2381,
                    "permissionGroupId": 34,
                    "permissionId": 207,
                    "permissionName": "People Review",
                    "sourceId": null,
                    "addPermission": false,
                    "updatePermission": false,
                    "deletePermission": false,
                    "postPermission": false,
                    "appId": 7,
                    "appName": "People",
                    "operations": false
                },
                {
                    "id": 2382,
                    "permissionGroupId": 34,
                    "permissionId": 215,
                    "permissionName": "Assessment Permission",
                    "sourceId": null,
                    "addPermission": false,
                    "updatePermission": false,
                    "deletePermission": false,
                    "postPermission": false,
                    "appId": 7,
                    "appName": "People",
                    "operations": false
                },
                {
                    "id": 2383,
                    "permissionGroupId": 34,
                    "permissionId": 217,
                    "permissionName": "Development Plan",
                    "sourceId": null,
                    "addPermission": false,
                    "updatePermission": false,
                    "deletePermission": false,
                    "postPermission": false,
                    "appId": 7,
                    "appName": "People",
                    "operations": true
                },
                {
                    "id": 2384,
                    "permissionGroupId": 34,
                    "permissionId": 223,
                    "permissionName": "People-Training Pathway Management",
                    "sourceId": null,
                    "addPermission": false,
                    "updatePermission": false,
                    "deletePermission": false,
                    "postPermission": false,
                    "appId": 7,
                    "appName": "People",
                    "operations": false
                },
                {
                    "id": 2385,
                    "permissionGroupId": 34,
                    "permissionId": 224,
                    "permissionName": "People-Training Pathway Learner",
                    "sourceId": null,
                    "addPermission": false,
                    "updatePermission": false,
                    "deletePermission": false,
                    "postPermission": false,
                    "appId": 7,
                    "appName": "People",
                    "operations": false
                },
                {
                    "id": 2386,
                    "permissionGroupId": 34,
                    "permissionId": 225,
                    "permissionName": "People-Training Pathway Observer",
                    "sourceId": null,
                    "addPermission": false,
                    "updatePermission": false,
                    "deletePermission": false,
                    "postPermission": false,
                    "appId": 7,
                    "appName": "People",
                    "operations": false
                },
                {
                    "id": 2387,
                    "permissionGroupId": 34,
                    "permissionId": 325,
                    "permissionName": "People-Training Pathway Skip Step",
                    "sourceId": null,
                    "addPermission": false,
                    "updatePermission": false,
                    "deletePermission": false,
                    "postPermission": false,
                    "appId": 7,
                    "appName": "People",
                    "operations": false
                },
                {
                    "id": 2389,
                    "permissionGroupId": 34,
                    "permissionId": 64,
                    "permissionName": "Dashboard-Purchasing",
                    "sourceId": null,
                    "addPermission": false,
                    "updatePermission": false,
                    "deletePermission": false,
                    "postPermission": false,
                    "appId": 22,
                    "appName": "Purchasing",
                    "operations": false
                },
                {
                    "id": 2390,
                    "permissionGroupId": 34,
                    "permissionId": 65,
                    "permissionName": "PurchaseOrder",
                    "sourceId": null,
                    "addPermission": false,
                    "updatePermission": false,
                    "deletePermission": false,
                    "postPermission": false,
                    "appId": 22,
                    "appName": "Purchasing",
                    "operations": true
                },
                {
                    "id": 2391,
                    "permissionGroupId": 34,
                    "permissionId": 66,
                    "permissionName": "CreditRequest",
                    "sourceId": null,
                    "addPermission": false,
                    "updatePermission": false,
                    "deletePermission": false,
                    "postPermission": false,
                    "appId": 22,
                    "appName": "Purchasing",
                    "operations": false
                },
                {
                    "id": 2392,
                    "permissionGroupId": 34,
                    "permissionId": 67,
                    "permissionName": "ReportPurchaseOrder",
                    "sourceId": null,
                    "addPermission": false,
                    "updatePermission": false,
                    "deletePermission": false,
                    "postPermission": false,
                    "appId": 22,
                    "appName": "Purchasing",
                    "operations": false
                },
                {
                    "id": 2393,
                    "permissionGroupId": 34,
                    "permissionId": 68,
                    "permissionName": "Product-Purchasing",
                    "sourceId": null,
                    "addPermission": false,
                    "updatePermission": false,
                    "deletePermission": false,
                    "postPermission": false,
                    "appId": 22,
                    "appName": "Purchasing",
                    "operations": false
                },
                {
                    "id": 2394,
                    "permissionGroupId": 34,
                    "permissionId": 69,
                    "permissionName": "Template-Purchasing",
                    "sourceId": null,
                    "addPermission": false,
                    "updatePermission": false,
                    "deletePermission": false,
                    "postPermission": false,
                    "appId": 22,
                    "appName": "Purchasing",
                    "operations": true
                },
                {
                    "id": 2395,
                    "permissionGroupId": 34,
                    "permissionId": 70,
                    "permissionName": "ParLevel-Purchasing",
                    "sourceId": null,
                    "addPermission": false,
                    "updatePermission": false,
                    "deletePermission": false,
                    "postPermission": false,
                    "appId": 22,
                    "appName": "Purchasing",
                    "operations": true
                },
                {
                    "id": 2396,
                    "permissionGroupId": 34,
                    "permissionId": 71,
                    "permissionName": "ProductCatalog-Purchasing",
                    "sourceId": null,
                    "addPermission": false,
                    "updatePermission": false,
                    "deletePermission": false,
                    "postPermission": false,
                    "appId": 22,
                    "appName": "Purchasing",
                    "operations": false
                },
                {
                    "id": 2397,
                    "permissionGroupId": 34,
                    "permissionId": 72,
                    "permissionName": "Vendor-Purchasing",
                    "sourceId": null,
                    "addPermission": false,
                    "updatePermission": false,
                    "deletePermission": false,
                    "postPermission": false,
                    "appId": 22,
                    "appName": "Purchasing",
                    "operations": false
                },
                {
                    "id": 2398,
                    "permissionGroupId": 34,
                    "permissionId": 82,
                    "permissionName": "Blackout Date",
                    "sourceId": null,
                    "addPermission": false,
                    "updatePermission": false,
                    "deletePermission": false,
                    "postPermission": false,
                    "appId": 22,
                    "appName": "Purchasing",
                    "operations": true
                },
                {
                    "id": 2399,
                    "permissionGroupId": 34,
                    "permissionId": 104,
                    "permissionName": "Clone-Purchase-Template",
                    "sourceId": null,
                    "addPermission": false,
                    "updatePermission": false,
                    "deletePermission": false,
                    "postPermission": false,
                    "appId": 22,
                    "appName": "Purchasing",
                    "operations": false
                },
                {
                    "id": 2400,
                    "permissionGroupId": 34,
                    "permissionId": 111,
                    "permissionName": "Auto-Order",
                    "sourceId": null,
                    "addPermission": false,
                    "updatePermission": false,
                    "deletePermission": false,
                    "postPermission": false,
                    "appId": 22,
                    "appName": "Purchasing",
                    "operations": false
                },
                {
                    "id": 2401,
                    "permissionGroupId": 34,
                    "permissionId": 114,
                    "permissionName": "Delivery-Purchasing",
                    "sourceId": null,
                    "addPermission": false,
                    "updatePermission": false,
                    "deletePermission": false,
                    "postPermission": false,
                    "appId": 22,
                    "appName": "Purchasing",
                    "operations": false
                },
                {
                    "id": 2402,
                    "permissionGroupId": 34,
                    "permissionId": 137,
                    "permissionName": "Purchasing Admin Settings",
                    "sourceId": null,
                    "addPermission": false,
                    "updatePermission": false,
                    "deletePermission": false,
                    "postPermission": false,
                    "appId": 22,
                    "appName": "Purchasing",
                    "operations": true
                },
                {
                    "id": 2403,
                    "permissionGroupId": 34,
                    "permissionId": 138,
                    "permissionName": "Purchasing Forecast",
                    "sourceId": null,
                    "addPermission": false,
                    "updatePermission": false,
                    "deletePermission": false,
                    "postPermission": false,
                    "appId": 22,
                    "appName": "Purchasing",
                    "operations": false
                },
                {
                    "id": 2404,
                    "permissionGroupId": 34,
                    "permissionId": 171,
                    "permissionName": "Order History",
                    "sourceId": null,
                    "addPermission": false,
                    "updatePermission": false,
                    "deletePermission": false,
                    "postPermission": false,
                    "appId": 22,
                    "appName": "Purchasing",
                    "operations": true
                },
                {
                    "id": 2405,
                    "permissionGroupId": 34,
                    "permissionId": 180,
                    "permissionName": "View AP Invoice",
                    "sourceId": null,
                    "addPermission": false,
                    "updatePermission": false,
                    "deletePermission": false,
                    "postPermission": false,
                    "appId": 22,
                    "appName": "Purchasing",
                    "operations": false
                },
                {
                    "id": 2406,
                    "permissionGroupId": 34,
                    "permissionId": 181,
                    "permissionName": "View AP Invoice Detail",
                    "sourceId": null,
                    "addPermission": false,
                    "updatePermission": false,
                    "deletePermission": false,
                    "postPermission": false,
                    "appId": 22,
                    "appName": "Purchasing",
                    "operations": false
                },
                {
                    "id": 2407,
                    "permissionGroupId": 34,
                    "permissionId": 182,
                    "permissionName": "View Customer Statement",
                    "sourceId": null,
                    "addPermission": false,
                    "updatePermission": false,
                    "deletePermission": false,
                    "postPermission": false,
                    "appId": 22,
                    "appName": "Purchasing",
                    "operations": false
                },
                {
                    "id": 2408,
                    "permissionGroupId": 34,
                    "permissionId": 184,
                    "permissionName": "Task Purchase Invoice",
                    "sourceId": null,
                    "addPermission": false,
                    "updatePermission": false,
                    "deletePermission": false,
                    "postPermission": false,
                    "appId": 22,
                    "appName": "Purchasing",
                    "operations": false
                },
                {
                    "id": 2409,
                    "permissionGroupId": 34,
                    "permissionId": 200,
                    "permissionName": "Throwaway Minimum",
                    "sourceId": null,
                    "addPermission": false,
                    "updatePermission": false,
                    "deletePermission": false,
                    "postPermission": false,
                    "appId": 22,
                    "appName": "Purchasing",
                    "operations": false
                },
                {
                    "id": 2410,
                    "permissionGroupId": 34,
                    "permissionId": 201,
                    "permissionName": "Throwaway Minimum Detail",
                    "sourceId": null,
                    "addPermission": false,
                    "updatePermission": false,
                    "deletePermission": false,
                    "postPermission": false,
                    "appId": 22,
                    "appName": "Purchasing",
                    "operations": false
                },
                {
                    "id": 2411,
                    "permissionGroupId": 34,
                    "permissionId": 208,
                    "permissionName": "Update Auto Order Status",
                    "sourceId": null,
                    "addPermission": false,
                    "updatePermission": false,
                    "deletePermission": false,
                    "postPermission": false,
                    "appId": 22,
                    "appName": "Purchasing",
                    "operations": false
                },
                {
                    "id": 2412,
                    "permissionGroupId": 34,
                    "permissionId": 216,
                    "permissionName": "Orders Threshold",
                    "sourceId": null,
                    "addPermission": false,
                    "updatePermission": false,
                    "deletePermission": false,
                    "postPermission": false,
                    "appId": 22,
                    "appName": "Purchasing",
                    "operations": false
                },
                {
                    "id": 2413,
                    "permissionGroupId": 34,
                    "permissionId": 222,
                    "permissionName": "Calculate Payment setup",
                    "sourceId": null,
                    "addPermission": false,
                    "updatePermission": false,
                    "deletePermission": false,
                    "postPermission": false,
                    "appId": 22,
                    "appName": "Purchasing",
                    "operations": true
                },
                {
                    "id": 2414,
                    "permissionGroupId": 34,
                    "permissionId": 244,
                    "permissionName": "View Purchase Category Summary",
                    "sourceId": null,
                    "addPermission": false,
                    "updatePermission": false,
                    "deletePermission": false,
                    "postPermission": false,
                    "appId": 22,
                    "appName": "Purchasing",
                    "operations": false
                },
                {
                    "id": 2415,
                    "permissionGroupId": 34,
                    "permissionId": 245,
                    "permissionName": "View Day by Day Weekly",
                    "sourceId": null,
                    "addPermission": false,
                    "updatePermission": false,
                    "deletePermission": false,
                    "postPermission": false,
                    "appId": 22,
                    "appName": "Purchasing",
                    "operations": false
                },
                {
                    "id": 2416,
                    "permissionGroupId": 34,
                    "permissionId": 246,
                    "permissionName": "View Weekly Product Trend",
                    "sourceId": null,
                    "addPermission": false,
                    "updatePermission": false,
                    "deletePermission": false,
                    "postPermission": false,
                    "appId": 22,
                    "appName": "Purchasing",
                    "operations": false
                },
                {
                    "id": 2417,
                    "permissionGroupId": 34,
                    "permissionId": 247,
                    "permissionName": "View Invoice by Date",
                    "sourceId": null,
                    "addPermission": false,
                    "updatePermission": false,
                    "deletePermission": false,
                    "postPermission": false,
                    "appId": 22,
                    "appName": "Purchasing",
                    "operations": false
                },
                {
                    "id": 2418,
                    "permissionGroupId": 34,
                    "permissionId": 260,
                    "permissionName": "Export orderdetail by Category Product",
                    "sourceId": null,
                    "addPermission": false,
                    "updatePermission": false,
                    "deletePermission": false,
                    "postPermission": false,
                    "appId": 22,
                    "appName": "Purchasing",
                    "operations": false
                },
                {
                    "id": 2419,
                    "permissionGroupId": 34,
                    "permissionId": 271,
                    "permissionName": "Generate Fee Card",
                    "sourceId": null,
                    "addPermission": false,
                    "updatePermission": false,
                    "deletePermission": false,
                    "postPermission": false,
                    "appId": 22,
                    "appName": "Purchasing",
                    "operations": false
                },
                {
                    "id": 2420,
                    "permissionGroupId": 34,
                    "permissionId": 272,
                    "permissionName": "Vendor Customer Number",
                    "sourceId": null,
                    "addPermission": false,
                    "updatePermission": false,
                    "deletePermission": false,
                    "postPermission": false,
                    "appId": 22,
                    "appName": "Purchasing",
                    "operations": true
                },
                {
                    "id": 2421,
                    "permissionGroupId": 34,
                    "permissionId": 281,
                    "permissionName": "Product History",
                    "sourceId": null,
                    "addPermission": false,
                    "updatePermission": false,
                    "deletePermission": false,
                    "postPermission": false,
                    "appId": 22,
                    "appName": "Purchasing",
                    "operations": false
                },
                {
                    "id": 2422,
                    "permissionGroupId": 34,
                    "permissionId": 282,
                    "permissionName": "Export Weekly Invoice",
                    "sourceId": null,
                    "addPermission": false,
                    "updatePermission": false,
                    "deletePermission": false,
                    "postPermission": false,
                    "appId": 22,
                    "appName": "Purchasing",
                    "operations": false
                },
                {
                    "id": 2423,
                    "permissionGroupId": 34,
                    "permissionId": 301,
                    "permissionName": "Delivery Ticket",
                    "sourceId": null,
                    "addPermission": false,
                    "updatePermission": false,
                    "deletePermission": false,
                    "postPermission": false,
                    "appId": 22,
                    "appName": "Purchasing",
                    "operations": false
                },
                {
                    "id": 2424,
                    "permissionGroupId": 34,
                    "permissionId": 321,
                    "permissionName": "Import Intacct Invoice",
                    "sourceId": null,
                    "addPermission": false,
                    "updatePermission": false,
                    "deletePermission": false,
                    "postPermission": false,
                    "appId": 22,
                    "appName": "Purchasing",
                    "operations": false
                },
                {
                    "id": 2425,
                    "permissionGroupId": 34,
                    "permissionId": 377,
                    "permissionName": "Vendors",
                    "sourceId": null,
                    "addPermission": false,
                    "updatePermission": false,
                    "deletePermission": false,
                    "postPermission": false,
                    "appId": 22,
                    "appName": "Purchasing",
                    "operations": false
                },
                {
                    "id": 2426,
                    "permissionGroupId": 34,
                    "permissionId": 378,
                    "permissionName": "Vendor Weekly Purchase Summary (Qty)",
                    "sourceId": null,
                    "addPermission": false,
                    "updatePermission": false,
                    "deletePermission": false,
                    "postPermission": false,
                    "appId": 22,
                    "appName": "Purchasing",
                    "operations": false
                },
                {
                    "id": 2427,
                    "permissionGroupId": 34,
                    "permissionId": 379,
                    "permissionName": "Vendor Weekly Purchase Summary ($)",
                    "sourceId": null,
                    "addPermission": false,
                    "updatePermission": false,
                    "deletePermission": false,
                    "postPermission": false,
                    "appId": 22,
                    "appName": "Purchasing",
                    "operations": false
                },
                {
                    "id": 2428,
                    "permissionGroupId": 34,
                    "permissionId": 380,
                    "permissionName": "Vendor Weekly Purchase Analysis",
                    "sourceId": null,
                    "addPermission": false,
                    "updatePermission": false,
                    "deletePermission": false,
                    "postPermission": false,
                    "appId": 22,
                    "appName": "Purchasing",
                    "operations": false
                },
                {
                    "id": 2429,
                    "permissionGroupId": 34,
                    "permissionId": 381,
                    "permissionName": "Vendor Purchases by Category",
                    "sourceId": null,
                    "addPermission": false,
                    "updatePermission": false,
                    "deletePermission": false,
                    "postPermission": false,
                    "appId": 22,
                    "appName": "Purchasing",
                    "operations": false
                },
                {
                    "id": 2430,
                    "permissionGroupId": 34,
                    "permissionId": 382,
                    "permissionName": "Vendor List",
                    "sourceId": null,
                    "addPermission": false,
                    "updatePermission": false,
                    "deletePermission": false,
                    "postPermission": false,
                    "appId": 22,
                    "appName": "Purchasing",
                    "operations": false
                },
                {
                    "id": 2431,
                    "permissionGroupId": 34,
                    "permissionId": 97,
                    "permissionName": "Quiz Management",
                    "sourceId": null,
                    "addPermission": false,
                    "updatePermission": false,
                    "deletePermission": false,
                    "postPermission": false,
                    "appId": 14,
                    "appName": "Quiz",
                    "operations": false
                },
                {
                    "id": 2432,
                    "permissionGroupId": 34,
                    "permissionId": 132,
                    "permissionName": "Quiz Reports",
                    "sourceId": null,
                    "addPermission": false,
                    "updatePermission": false,
                    "deletePermission": false,
                    "postPermission": false,
                    "appId": 14,
                    "appName": "Quiz",
                    "operations": false
                },
                {
                    "id": 2433,
                    "permissionGroupId": 34,
                    "permissionId": 95,
                    "permissionName": "Task Management",
                    "sourceId": null,
                    "addPermission": false,
                    "updatePermission": false,
                    "deletePermission": false,
                    "postPermission": false,
                    "appId": 3,
                    "appName": "Task",
                    "operations": false
                },
                {
                    "id": 2434,
                    "permissionGroupId": 34,
                    "permissionId": 133,
                    "permissionName": "Task Reports",
                    "sourceId": null,
                    "addPermission": false,
                    "updatePermission": false,
                    "deletePermission": false,
                    "postPermission": false,
                    "appId": 3,
                    "appName": "Task",
                    "operations": false
                },
                {
                    "id": 2435,
                    "permissionGroupId": 34,
                    "permissionId": 172,
                    "permissionName": "Task Expiry",
                    "sourceId": null,
                    "addPermission": false,
                    "updatePermission": false,
                    "deletePermission": false,
                    "postPermission": false,
                    "appId": 3,
                    "appName": "Task",
                    "operations": false
                },
                {
                    "id": 2436,
                    "permissionGroupId": 34,
                    "permissionId": 187,
                    "permissionName": "Task Verification",
                    "sourceId": null,
                    "addPermission": false,
                    "updatePermission": false,
                    "deletePermission": false,
                    "postPermission": false,
                    "appId": 3,
                    "appName": "Task",
                    "operations": false
                },
                {
                    "id": 2437,
                    "permissionGroupId": 34,
                    "permissionId": 3,
                    "permissionName": "Wow Admin",
                    "sourceId": null,
                    "addPermission": false,
                    "updatePermission": false,
                    "deletePermission": false,
                    "postPermission": false,
                    "appId": 4,
                    "appName": "Wow",
                    "operations": false
                },
                {
                    "id": 2438,
                    "permissionGroupId": 34,
                    "permissionId": 139,
                    "permissionName": "WOW Report",
                    "sourceId": null,
                    "addPermission": false,
                    "updatePermission": false,
                    "deletePermission": false,
                    "postPermission": false,
                    "appId": 4,
                    "appName": "Wow",
                    "operations": false
                },
                {
                    "id": 2461,
                    "permissionGroupId": 34,
                    "permissionId": 322,
                    "permissionName": "Audit Answer History",
                    "sourceId": null,
                    "addPermission": false,
                    "updatePermission": false,
                    "deletePermission": false,
                    "postPermission": false,
                    "appId": 2,
                    "appName": "Audit",
                    "operations": false
                },
                {
                    "id": 2465,
                    "permissionGroupId": 34,
                    "permissionId": 324,
                    "permissionName": "Audit-Action Step",
                    "sourceId": null,
                    "addPermission": false,
                    "updatePermission": false,
                    "deletePermission": false,
                    "postPermission": false,
                    "appId": 2,
                    "appName": "Audit",
                    "operations": false
                },
                {
                    "id": 2466,
                    "permissionGroupId": 34,
                    "permissionId": 323,
                    "permissionName": "Audit Dashboard",
                    "sourceId": null,
                    "addPermission": false,
                    "updatePermission": false,
                    "deletePermission": false,
                    "postPermission": false,
                    "appId": 2,
                    "appName": "Audit",
                    "operations": false
                },
                {
                    "id": 2467,
                    "permissionGroupId": 34,
                    "permissionId": 183,
                    "permissionName": "Audit Reassign and Pickup",
                    "sourceId": null,
                    "addPermission": false,
                    "updatePermission": false,
                    "deletePermission": false,
                    "postPermission": false,
                    "appId": 2,
                    "appName": "Audit",
                    "operations": false
                },
                {
                    "id": 2468,
                    "permissionGroupId": 34,
                    "permissionId": 98,
                    "permissionName": "Audit Management",
                    "sourceId": null,
                    "addPermission": false,
                    "updatePermission": false,
                    "deletePermission": false,
                    "postPermission": false,
                    "appId": 2,
                    "appName": "Audit",
                    "operations": false
                },
                {
                    "id": 2476,
                    "permissionGroupId": 34,
                    "permissionId": 424,
                    "permissionName": "Learning Path Dashboard",
                    "sourceId": null,
                    "addPermission": false,
                    "updatePermission": false,
                    "deletePermission": false,
                    "postPermission": false,
                    "appId": 7,
                    "appName": "People",
                    "operations": false
                },
                {
                    "id": 2548,
                    "permissionGroupId": 34,
                    "permissionId": 5,
                    "permissionName": "Audit Admin",
                    "sourceId": null,
                    "addPermission": false,
                    "updatePermission": false,
                    "deletePermission": false,
                    "postPermission": false,
                    "appId": 2,
                    "appName": "Audit",
                    "operations": false
                },
                {
                    "id": 2549,
                    "permissionGroupId": 34,
                    "permissionId": 113,
                    "permissionName": "Audit Completion Report",
                    "sourceId": null,
                    "addPermission": false,
                    "updatePermission": false,
                    "deletePermission": false,
                    "postPermission": false,
                    "appId": 2,
                    "appName": "Audit",
                    "operations": false
                },
                {
                    "id": 2550,
                    "permissionGroupId": 34,
                    "permissionId": 135,
                    "permissionName": "Audit Advance",
                    "sourceId": null,
                    "addPermission": false,
                    "updatePermission": false,
                    "deletePermission": false,
                    "postPermission": false,
                    "appId": 2,
                    "appName": "Audit",
                    "operations": false
                },
                {
                    "id": 2551,
                    "permissionGroupId": 34,
                    "permissionId": 154,
                    "permissionName": "Ad-hoc Audit",
                    "sourceId": null,
                    "addPermission": false,
                    "updatePermission": false,
                    "deletePermission": false,
                    "postPermission": false,
                    "appId": 2,
                    "appName": "Audit",
                    "operations": false
                },
                {
                    "id": 2552,
                    "permissionGroupId": 34,
                    "permissionId": 159,
                    "permissionName": "Employee Health Summary",
                    "sourceId": null,
                    "addPermission": false,
                    "updatePermission": false,
                    "deletePermission": false,
                    "postPermission": false,
                    "appId": 2,
                    "appName": "Audit",
                    "operations": false
                },
                {
                    "id": 2553,
                    "permissionGroupId": 34,
                    "permissionId": 166,
                    "permissionName": "Validation Audit",
                    "sourceId": null,
                    "addPermission": false,
                    "updatePermission": false,
                    "deletePermission": false,
                    "postPermission": false,
                    "appId": 2,
                    "appName": "Audit",
                    "operations": false
                },
                {
                    "id": 2618,
                    "permissionGroupId": 34,
                    "permissionId": 425,
                    "permissionName": "People-Training Skill Assign",
                    "sourceId": null,
                    "addPermission": false,
                    "updatePermission": false,
                    "deletePermission": false,
                    "postPermission": false,
                    "appId": 7,
                    "appName": "People",
                    "operations": false
                }
            ],
            "appId": null,
            "appName": null,
            "master": false,
            "news": false,
            "sourceId": null,
            "local": true
        },
        {
            "id": 24,
            "permissionGroupName": "Shift Only",
            "description": "Only shift task permission on location",
            "permissionIds": [
                1,
                2,
                6,
                83,
                92,
                93,
                100,
                130,
                131,
                136,
                150,
                152,
                163,
                164,
                176,
                178,
                179,
                193,
                194,
                195,
                196,
                197,
                198,
                199,
                202,
                203,
                204,
                205,
                207,
                211,
                212,
                213,
                214,
                215,
                217,
                223,
                224,
                225,
                226,
                227,
                229,
                240,
                243,
                279,
                286,
                300,
                325,
                330,
                424,
                425
            ],
            "permissionDetails": [
                {
                    "id": 2635,
                    "permissionGroupId": 24,
                    "permissionId": 176,
                    "permissionName": "Book Advance - CA",
                    "sourceId": null,
                    "addPermission": false,
                    "updatePermission": false,
                    "deletePermission": false,
                    "postPermission": false,
                    "appId": 6,
                    "appName": "Book",
                    "operations": false
                },
                {
                    "id": 2636,
                    "permissionGroupId": 24,
                    "permissionId": 300,
                    "permissionName": "Vendor News Publisher",
                    "sourceId": null,
                    "addPermission": false,
                    "updatePermission": false,
                    "deletePermission": false,
                    "postPermission": false,
                    "appId": 35,
                    "appName": "Vendor News Publisher",
                    "operations": false
                },
                {
                    "id": 2637,
                    "permissionGroupId": 24,
                    "permissionId": 163,
                    "permissionName": "Communication News",
                    "sourceId": null,
                    "addPermission": false,
                    "updatePermission": false,
                    "deletePermission": false,
                    "postPermission": false,
                    "appId": 30,
                    "appName": "NewsPublisher",
                    "operations": false
                },
                {
                    "id": 2638,
                    "permissionGroupId": 24,
                    "permissionId": 164,
                    "permissionName": "Communication Content",
                    "sourceId": null,
                    "addPermission": false,
                    "updatePermission": false,
                    "deletePermission": false,
                    "postPermission": false,
                    "appId": 30,
                    "appName": "NewsPublisher",
                    "operations": false
                },
                {
                    "id": 2639,
                    "permissionGroupId": 24,
                    "permissionId": 240,
                    "permissionName": "Allow Vendor to add News",
                    "sourceId": null,
                    "addPermission": false,
                    "updatePermission": false,
                    "deletePermission": false,
                    "postPermission": false,
                    "appId": 30,
                    "appName": "NewsPublisher",
                    "operations": false
                },
                {
                    "id": 2640,
                    "permissionGroupId": 24,
                    "permissionId": 193,
                    "permissionName": "Desk Service Board Management",
                    "sourceId": null,
                    "addPermission": false,
                    "updatePermission": false,
                    "deletePermission": false,
                    "postPermission": false,
                    "appId": 31,
                    "appName": "Desk",
                    "operations": false
                },
                {
                    "id": 2641,
                    "permissionGroupId": 24,
                    "permissionId": 194,
                    "permissionName": "Desk Subscription Management",
                    "sourceId": null,
                    "addPermission": false,
                    "updatePermission": false,
                    "deletePermission": false,
                    "postPermission": false,
                    "appId": 31,
                    "appName": "Desk",
                    "operations": false
                },
                {
                    "id": 2642,
                    "permissionGroupId": 24,
                    "permissionId": 203,
                    "permissionName": "Network Service Board",
                    "sourceId": null,
                    "addPermission": true,
                    "updatePermission": false,
                    "deletePermission": false,
                    "postPermission": false,
                    "appId": 31,
                    "appName": "Desk",
                    "operations": true
                },
                {
                    "id": 2643,
                    "permissionGroupId": 24,
                    "permissionId": 204,
                    "permissionName": "Vendor Service Board",
                    "sourceId": null,
                    "addPermission": true,
                    "updatePermission": false,
                    "deletePermission": false,
                    "postPermission": false,
                    "appId": 31,
                    "appName": "Desk",
                    "operations": true
                },
                {
                    "id": 2644,
                    "permissionGroupId": 24,
                    "permissionId": 205,
                    "permissionName": "Customer Service Board",
                    "sourceId": null,
                    "addPermission": true,
                    "updatePermission": false,
                    "deletePermission": false,
                    "postPermission": false,
                    "appId": 31,
                    "appName": "Desk",
                    "operations": true
                },
                {
                    "id": 2645,
                    "permissionGroupId": 24,
                    "permissionId": 211,
                    "permissionName": "Desk Setting Management",
                    "sourceId": null,
                    "addPermission": false,
                    "updatePermission": false,
                    "deletePermission": false,
                    "postPermission": false,
                    "appId": 31,
                    "appName": "Desk",
                    "operations": false
                },
                {
                    "id": 2646,
                    "permissionGroupId": 24,
                    "permissionId": 212,
                    "permissionName": "Desk Reports",
                    "sourceId": null,
                    "addPermission": false,
                    "updatePermission": false,
                    "deletePermission": false,
                    "postPermission": false,
                    "appId": 31,
                    "appName": "Desk",
                    "operations": false
                },
                {
                    "id": 2647,
                    "permissionGroupId": 24,
                    "permissionId": 213,
                    "permissionName": "Desk Ticket Expiry",
                    "sourceId": null,
                    "addPermission": false,
                    "updatePermission": false,
                    "deletePermission": false,
                    "postPermission": false,
                    "appId": 31,
                    "appName": "Desk",
                    "operations": false
                },
                {
                    "id": 2648,
                    "permissionGroupId": 24,
                    "permissionId": 214,
                    "permissionName": "Desk Ticket Verification",
                    "sourceId": null,
                    "addPermission": false,
                    "updatePermission": false,
                    "deletePermission": false,
                    "postPermission": false,
                    "appId": 31,
                    "appName": "Desk",
                    "operations": false
                },
                {
                    "id": 2656,
                    "permissionGroupId": 24,
                    "permissionId": 198,
                    "permissionName": "Dashboard Report",
                    "sourceId": null,
                    "addPermission": false,
                    "updatePermission": false,
                    "deletePermission": false,
                    "postPermission": false,
                    "appId": 7,
                    "appName": "People",
                    "operations": false
                },
                {
                    "id": 2657,
                    "permissionGroupId": 24,
                    "permissionId": 195,
                    "permissionName": "Manage People App Form",
                    "sourceId": null,
                    "addPermission": false,
                    "updatePermission": false,
                    "deletePermission": false,
                    "postPermission": false,
                    "appId": 7,
                    "appName": "People",
                    "operations": false
                },
                {
                    "id": 2658,
                    "permissionGroupId": 24,
                    "permissionId": 196,
                    "permissionName": "People App Admin",
                    "sourceId": null,
                    "addPermission": false,
                    "updatePermission": false,
                    "deletePermission": false,
                    "postPermission": false,
                    "appId": 7,
                    "appName": "People",
                    "operations": false
                },
                {
                    "id": 2659,
                    "permissionGroupId": 24,
                    "permissionId": 197,
                    "permissionName": "People Reports",
                    "sourceId": null,
                    "addPermission": false,
                    "updatePermission": false,
                    "deletePermission": false,
                    "postPermission": false,
                    "appId": 7,
                    "appName": "People",
                    "operations": false
                },
                {
                    "id": 2660,
                    "permissionGroupId": 24,
                    "permissionId": 202,
                    "permissionName": "People Management",
                    "sourceId": null,
                    "addPermission": false,
                    "updatePermission": false,
                    "deletePermission": false,
                    "postPermission": false,
                    "appId": 7,
                    "appName": "People",
                    "operations": false
                },
                {
                    "id": 2661,
                    "permissionGroupId": 24,
                    "permissionId": 207,
                    "permissionName": "People Review",
                    "sourceId": null,
                    "addPermission": false,
                    "updatePermission": false,
                    "deletePermission": false,
                    "postPermission": false,
                    "appId": 7,
                    "appName": "People",
                    "operations": false
                },
                {
                    "id": 2662,
                    "permissionGroupId": 24,
                    "permissionId": 217,
                    "permissionName": "Development Plan",
                    "sourceId": null,
                    "addPermission": false,
                    "updatePermission": false,
                    "deletePermission": false,
                    "postPermission": false,
                    "appId": 7,
                    "appName": "People",
                    "operations": true
                },
                {
                    "id": 2663,
                    "permissionGroupId": 24,
                    "permissionId": 223,
                    "permissionName": "People-Training Pathway Management",
                    "sourceId": null,
                    "addPermission": false,
                    "updatePermission": false,
                    "deletePermission": false,
                    "postPermission": false,
                    "appId": 7,
                    "appName": "People",
                    "operations": false
                },
                {
                    "id": 2664,
                    "permissionGroupId": 24,
                    "permissionId": 224,
                    "permissionName": "People-Training Pathway Learner",
                    "sourceId": null,
                    "addPermission": false,
                    "updatePermission": false,
                    "deletePermission": false,
                    "postPermission": false,
                    "appId": 7,
                    "appName": "People",
                    "operations": false
                },
                {
                    "id": 2665,
                    "permissionGroupId": 24,
                    "permissionId": 225,
                    "permissionName": "People-Training Pathway Observer",
                    "sourceId": null,
                    "addPermission": false,
                    "updatePermission": false,
                    "deletePermission": false,
                    "postPermission": false,
                    "appId": 7,
                    "appName": "People",
                    "operations": false
                },
                {
                    "id": 2666,
                    "permissionGroupId": 24,
                    "permissionId": 325,
                    "permissionName": "People-Training Pathway Skip Step",
                    "sourceId": null,
                    "addPermission": false,
                    "updatePermission": false,
                    "deletePermission": false,
                    "postPermission": false,
                    "appId": 7,
                    "appName": "People",
                    "operations": false
                },
                {
                    "id": 2667,
                    "permissionGroupId": 24,
                    "permissionId": 424,
                    "permissionName": "Learning Path Dashboard",
                    "sourceId": null,
                    "addPermission": false,
                    "updatePermission": false,
                    "deletePermission": false,
                    "postPermission": false,
                    "appId": 7,
                    "appName": "People",
                    "operations": false
                },
                {
                    "id": 2668,
                    "permissionGroupId": 24,
                    "permissionId": 425,
                    "permissionName": "People-Training Skill Assign",
                    "sourceId": null,
                    "addPermission": false,
                    "updatePermission": false,
                    "deletePermission": false,
                    "postPermission": false,
                    "appId": 7,
                    "appName": "People",
                    "operations": false
                },
                {
                    "id": 2669,
                    "permissionGroupId": 24,
                    "permissionId": 199,
                    "permissionName": "Evaluation Permission",
                    "sourceId": null,
                    "addPermission": false,
                    "updatePermission": false,
                    "deletePermission": false,
                    "postPermission": false,
                    "appId": 7,
                    "appName": "People",
                    "operations": false
                },
                {
                    "id": 2672,
                    "permissionGroupId": 24,
                    "permissionId": 130,
                    "permissionName": "Admin user can update Accounting",
                    "sourceId": null,
                    "addPermission": false,
                    "updatePermission": false,
                    "deletePermission": false,
                    "postPermission": false,
                    "appId": 23,
                    "appName": "RMS",
                    "operations": false
                },
                {
                    "id": 2673,
                    "permissionGroupId": 24,
                    "permissionId": 100,
                    "permissionName": "RMS Management",
                    "sourceId": null,
                    "addPermission": false,
                    "updatePermission": false,
                    "deletePermission": false,
                    "postPermission": false,
                    "appId": 23,
                    "appName": "RMS",
                    "operations": false
                },
                {
                    "id": 2674,
                    "permissionGroupId": 24,
                    "permissionId": 226,
                    "permissionName": "Mobile My Task for RMS",
                    "sourceId": null,
                    "addPermission": false,
                    "updatePermission": false,
                    "deletePermission": false,
                    "postPermission": false,
                    "appId": 23,
                    "appName": "RMS",
                    "operations": false
                },
                {
                    "id": 2675,
                    "permissionGroupId": 24,
                    "permissionId": 227,
                    "permissionName": "Mobile Purchasing for RMS",
                    "sourceId": null,
                    "addPermission": false,
                    "updatePermission": false,
                    "deletePermission": false,
                    "postPermission": false,
                    "appId": 23,
                    "appName": "RMS",
                    "operations": false
                },
                {
                    "id": 2677,
                    "permissionGroupId": 24,
                    "permissionId": 2,
                    "permissionName": "Basic User Admin",
                    "sourceId": null,
                    "addPermission": false,
                    "updatePermission": false,
                    "deletePermission": false,
                    "postPermission": false,
                    "appId": 29,
                    "appName": "Admin",
                    "operations": false
                },
                {
                    "id": 2678,
                    "permissionGroupId": 24,
                    "permissionId": 92,
                    "permissionName": "Advance User Admin",
                    "sourceId": null,
                    "addPermission": false,
                    "updatePermission": false,
                    "deletePermission": false,
                    "postPermission": false,
                    "appId": 29,
                    "appName": "Admin",
                    "operations": false
                },
                {
                    "id": 2679,
                    "permissionGroupId": 24,
                    "permissionId": 1,
                    "permissionName": "Administration",
                    "sourceId": null,
                    "addPermission": false,
                    "updatePermission": false,
                    "deletePermission": false,
                    "postPermission": false,
                    "appId": 29,
                    "appName": "Admin",
                    "operations": false
                },
                {
                    "id": 2680,
                    "permissionGroupId": 24,
                    "permissionId": 83,
                    "permissionName": "Secure Information",
                    "sourceId": null,
                    "addPermission": false,
                    "updatePermission": false,
                    "deletePermission": false,
                    "postPermission": false,
                    "appId": 29,
                    "appName": "Admin",
                    "operations": false
                },
                {
                    "id": 2681,
                    "permissionGroupId": 24,
                    "permissionId": 93,
                    "permissionName": "Location Management",
                    "sourceId": null,
                    "addPermission": false,
                    "updatePermission": false,
                    "deletePermission": false,
                    "postPermission": false,
                    "appId": 29,
                    "appName": "Admin",
                    "operations": false
                },
                {
                    "id": 2682,
                    "permissionGroupId": 24,
                    "permissionId": 131,
                    "permissionName": "Appendix Admin",
                    "sourceId": null,
                    "addPermission": false,
                    "updatePermission": false,
                    "deletePermission": false,
                    "postPermission": false,
                    "appId": 29,
                    "appName": "Admin",
                    "operations": false
                },
                {
                    "id": 2683,
                    "permissionGroupId": 24,
                    "permissionId": 136,
                    "permissionName": "Unlinked Employee Admin",
                    "sourceId": null,
                    "addPermission": false,
                    "updatePermission": false,
                    "deletePermission": false,
                    "postPermission": false,
                    "appId": 29,
                    "appName": "Admin",
                    "operations": false
                },
                {
                    "id": 2684,
                    "permissionGroupId": 24,
                    "permissionId": 150,
                    "permissionName": "Geo Fence",
                    "sourceId": null,
                    "addPermission": false,
                    "updatePermission": false,
                    "deletePermission": false,
                    "postPermission": false,
                    "appId": 29,
                    "appName": "Admin",
                    "operations": false
                },
                {
                    "id": 2685,
                    "permissionGroupId": 24,
                    "permissionId": 179,
                    "permissionName": "Device Management",
                    "sourceId": null,
                    "addPermission": false,
                    "updatePermission": false,
                    "deletePermission": false,
                    "postPermission": false,
                    "appId": 29,
                    "appName": "Admin",
                    "operations": false
                },
                {
                    "id": 2686,
                    "permissionGroupId": 24,
                    "permissionId": 178,
                    "permissionName": "User Activity Log",
                    "sourceId": null,
                    "addPermission": false,
                    "updatePermission": false,
                    "deletePermission": false,
                    "postPermission": false,
                    "appId": 29,
                    "appName": "Admin",
                    "operations": false
                },
                {
                    "id": 2687,
                    "permissionGroupId": 24,
                    "permissionId": 152,
                    "permissionName": "Email Summary Report",
                    "sourceId": null,
                    "addPermission": false,
                    "updatePermission": false,
                    "deletePermission": false,
                    "postPermission": false,
                    "appId": 29,
                    "appName": "Admin",
                    "operations": false
                },
                {
                    "id": 2688,
                    "permissionGroupId": 24,
                    "permissionId": 243,
                    "permissionName": "Add PIN-Only Users",
                    "sourceId": null,
                    "addPermission": false,
                    "updatePermission": false,
                    "deletePermission": false,
                    "postPermission": false,
                    "appId": 29,
                    "appName": "Admin",
                    "operations": false
                },
                {
                    "id": 2689,
                    "permissionGroupId": 24,
                    "permissionId": 229,
                    "permissionName": "Employee Import",
                    "sourceId": null,
                    "addPermission": false,
                    "updatePermission": false,
                    "deletePermission": false,
                    "postPermission": false,
                    "appId": 29,
                    "appName": "Admin",
                    "operations": false
                },
                {
                    "id": 2690,
                    "permissionGroupId": 24,
                    "permissionId": 279,
                    "permissionName": "Add Location",
                    "sourceId": null,
                    "addPermission": false,
                    "updatePermission": false,
                    "deletePermission": false,
                    "postPermission": false,
                    "appId": 29,
                    "appName": "Admin",
                    "operations": false
                },
                {
                    "id": 2691,
                    "permissionGroupId": 24,
                    "permissionId": 286,
                    "permissionName": "Export Setting",
                    "sourceId": null,
                    "addPermission": false,
                    "updatePermission": false,
                    "deletePermission": false,
                    "postPermission": false,
                    "appId": 29,
                    "appName": "Admin",
                    "operations": true
                },
                {
                    "id": 2692,
                    "permissionGroupId": 24,
                    "permissionId": 330,
                    "permissionName": "Report Scheduler",
                    "sourceId": null,
                    "addPermission": false,
                    "updatePermission": false,
                    "deletePermission": false,
                    "postPermission": false,
                    "appId": 29,
                    "appName": "Admin",
                    "operations": false
                },
                {
                    "id": 2693,
                    "permissionGroupId": 24,
                    "permissionId": 6,
                    "permissionName": "Master Products",
                    "sourceId": null,
                    "addPermission": false,
                    "updatePermission": false,
                    "deletePermission": false,
                    "postPermission": false,
                    "appId": 29,
                    "appName": "Admin",
                    "operations": false
                },
                {
                    "id": 2694,
                    "permissionGroupId": 24,
                    "permissionId": 215,
                    "permissionName": "Assessment Permission",
                    "sourceId": null,
                    "addPermission": false,
                    "updatePermission": false,
                    "deletePermission": false,
                    "postPermission": false,
                    "appId": 7,
                    "appName": "People",
                    "operations": false
                }
            ],
            "appId": null,
            "appName": null,
            "master": false,
            "news": false,
            "sourceId": null,
            "local": true
        },
        {
            "id": 4,
            "permissionGroupName": "Super Admin",
            "description": "Super admin for whole organization. ",
            "permissionIds": [
                1,
                2,
                3,
                4,
                5,
                6,
                7,
                8,
                9,
                10,
                11,
                12,
                13,
                14,
                15,
                16,
                17,
                18,
                19,
                20,
                21,
                22,
                23,
                24,
                25,
                26,
                27,
                28,
                29,
                30,
                31,
                32,
                33,
                34,
                35,
                36,
                37,
                38,
                39,
                40,
                41,
                42,
                43,
                44,
                45,
                46,
                47,
                48,
                49,
                50,
                51,
                52,
                53,
                54,
                55,
                56,
                57,
                58,
                59,
                60,
                61,
                62,
                63,
                64,
                65,
                66,
                67,
                68,
                69,
                70,
                71,
                72,
                73,
                74,
                75,
                76,
                77,
                78,
                79,
                80,
                81,
                82,
                83,
                84,
                85,
                86,
                87,
                88,
                89,
                90,
                91,
                92,
                93,
                94,
                95,
                96,
                97,
                98,
                100,
                102,
                103,
                104,
                105,
                106,
                107,
                108,
                109,
                110,
                111,
                112,
                113,
                114,
                115,
                116,
                117,
                118,
                119,
                120,
                121,
                122,
                123,
                124,
                125,
                126,
                127,
                128,
                129,
                130,
                131,
                132,
                133,
                134,
                135,
                136,
                137,
                138,
                139,
                140,
                141,
                142,
                143,
                144,
                145,
                146,
                147,
                148,
                149,
                150,
                151,
                152,
                153,
                154,
                155,
                156,
                157,
                158,
                159,
                160,
                161,
                162,
                163,
                164,
                165,
                167,
                168,
                169,
                170,
                171,
                172,
                173,
                174,
                175,
                176,
                177,
                178,
                179,
                180,
                181,
                182,
                183,
                184,
                185,
                186,
                187,
                188,
                189,
                190,
                191,
                192,
                193,
                194,
                195,
                196,
                197,
                198,
                199,
                200,
                201,
                202,
                206,
                207,
                208,
                209,
                210,
                211,
                212,
                213,
                214,
                215,
                216,
                217,
                218,
                219,
                220,
                221,
                222,
                223,
                224,
                225,
                226,
                227,
                228,
                229,
                230,
                231,
                232,
                233,
                234,
                235,
                236,
                237,
                238,
                239,
                240,
                241,
                242,
                243,
                244,
                245,
                246,
                247,
                248,
                249,
                250,
                251,
                252,
                253,
                259,
                261,
                262,
                266,
                273,
                324,
                325
            ],
            "permissionDetails": [
                {
                    "id": 461,
                    "permissionGroupId": 4,
                    "permissionId": 167,
                    "permissionName": "Multi date picking and receiving",
                    "sourceId": 1234,
                    "addPermission": false,
                    "updatePermission": false,
                    "deletePermission": false,
                    "postPermission": false,
                    "appId": 27,
                    "appName": "Picking",
                    "operations": false
                },
                {
                    "id": 472,
                    "permissionGroupId": 4,
                    "permissionId": 180,
                    "permissionName": "View AP Invoice",
                    "sourceId": 1253,
                    "addPermission": false,
                    "updatePermission": false,
                    "deletePermission": false,
                    "postPermission": false,
                    "appId": 22,
                    "appName": "Purchasing",
                    "operations": false
                },
                {
                    "id": 473,
                    "permissionGroupId": 4,
                    "permissionId": 181,
                    "permissionName": "View AP Invoice Detail",
                    "sourceId": 1254,
                    "addPermission": false,
                    "updatePermission": false,
                    "deletePermission": false,
                    "postPermission": false,
                    "appId": 22,
                    "appName": "Purchasing",
                    "operations": false
                },
                {
                    "id": 474,
                    "permissionGroupId": 4,
                    "permissionId": 182,
                    "permissionName": "View Customer Statement",
                    "sourceId": 1255,
                    "addPermission": false,
                    "updatePermission": false,
                    "deletePermission": false,
                    "postPermission": false,
                    "appId": 22,
                    "appName": "Purchasing",
                    "operations": false
                },
                {
                    "id": 536,
                    "permissionGroupId": 4,
                    "permissionId": 217,
                    "permissionName": "Development Plan",
                    "sourceId": 1320,
                    "addPermission": true,
                    "updatePermission": false,
                    "deletePermission": false,
                    "postPermission": false,
                    "appId": 7,
                    "appName": "People",
                    "operations": true
                },
                {
                    "id": 537,
                    "permissionGroupId": 4,
                    "permissionId": 235,
                    "permissionName": "Manage Production Task",
                    "sourceId": 1389,
                    "addPermission": true,
                    "updatePermission": true,
                    "deletePermission": true,
                    "postPermission": true,
                    "appId": 21,
                    "appName": "Production",
                    "operations": false
                },
                {
                    "id": 538,
                    "permissionGroupId": 4,
                    "permissionId": 225,
                    "permissionName": "People-Training Pathway Observer",
                    "sourceId": 1334,
                    "addPermission": false,
                    "updatePermission": false,
                    "deletePermission": false,
                    "postPermission": false,
                    "appId": 7,
                    "appName": "People",
                    "operations": false
                },
                {
                    "id": 464,
                    "permissionGroupId": 4,
                    "permissionId": 168,
                    "permissionName": "Employee Efficiency",
                    "sourceId": 1237,
                    "addPermission": false,
                    "updatePermission": false,
                    "deletePermission": false,
                    "postPermission": false,
                    "appId": 27,
                    "appName": "Picking",
                    "operations": false
                },
                {
                    "id": 465,
                    "permissionGroupId": 4,
                    "permissionId": 169,
                    "permissionName": "Route and Stop Summary",
                    "sourceId": 1238,
                    "addPermission": false,
                    "updatePermission": false,
                    "deletePermission": false,
                    "postPermission": false,
                    "appId": 27,
                    "appName": "Picking",
                    "operations": false
                },
                {
                    "id": 466,
                    "permissionGroupId": 4,
                    "permissionId": 170,
                    "permissionName": "Picking Progress",
                    "sourceId": 1239,
                    "addPermission": false,
                    "updatePermission": false,
                    "deletePermission": false,
                    "postPermission": false,
                    "appId": 27,
                    "appName": "Picking",
                    "operations": false
                },
                {
                    "id": 467,
                    "permissionGroupId": 4,
                    "permissionId": 177,
                    "permissionName": "View cash count for all employees.",
                    "sourceId": 1240,
                    "addPermission": false,
                    "updatePermission": false,
                    "deletePermission": false,
                    "postPermission": false,
                    "appId": 19,
                    "appName": "Sales",
                    "operations": false
                },
                {
                    "id": 548,
                    "permissionGroupId": 4,
                    "permissionId": 229,
                    "permissionName": "Employee Import",
                    "sourceId": 1338,
                    "addPermission": false,
                    "updatePermission": false,
                    "deletePermission": false,
                    "postPermission": false,
                    "appId": 29,
                    "appName": "Admin",
                    "operations": false
                },
                {
                    "id": 556,
                    "permissionGroupId": 4,
                    "permissionId": 226,
                    "permissionName": "Mobile My Task for RMS",
                    "sourceId": 1335,
                    "addPermission": false,
                    "updatePermission": false,
                    "deletePermission": false,
                    "postPermission": false,
                    "appId": 23,
                    "appName": "RMS",
                    "operations": false
                },
                {
                    "id": 552,
                    "permissionGroupId": 4,
                    "permissionId": 223,
                    "permissionName": "People-Training Pathway Management",
                    "sourceId": 1332,
                    "addPermission": false,
                    "updatePermission": false,
                    "deletePermission": false,
                    "postPermission": false,
                    "appId": 7,
                    "appName": "People",
                    "operations": false
                },
                {
                    "id": 540,
                    "permissionGroupId": 4,
                    "permissionId": 213,
                    "permissionName": "Desk Ticket Expiry",
                    "sourceId": 1326,
                    "addPermission": false,
                    "updatePermission": false,
                    "deletePermission": false,
                    "postPermission": false,
                    "appId": 31,
                    "appName": "Desk",
                    "operations": false
                },
                {
                    "id": 543,
                    "permissionGroupId": 4,
                    "permissionId": 228,
                    "permissionName": "Sales Import Exceptions",
                    "sourceId": 1337,
                    "addPermission": false,
                    "updatePermission": false,
                    "deletePermission": false,
                    "postPermission": false,
                    "appId": 19,
                    "appName": "Sales",
                    "operations": false
                },
                {
                    "id": 568,
                    "permissionGroupId": 4,
                    "permissionId": 239,
                    "permissionName": "Blackout Dates",
                    "sourceId": 1390,
                    "addPermission": true,
                    "updatePermission": true,
                    "deletePermission": true,
                    "postPermission": true,
                    "appId": 19,
                    "appName": "Sales",
                    "operations": false
                },
                {
                    "id": 566,
                    "permissionGroupId": 4,
                    "permissionId": 220,
                    "permissionName": "Manager Sign-Off Permission",
                    "sourceId": 1330,
                    "addPermission": false,
                    "updatePermission": false,
                    "deletePermission": false,
                    "postPermission": false,
                    "appId": 6,
                    "appName": "Book",
                    "operations": false
                },
                {
                    "id": 570,
                    "permissionGroupId": 4,
                    "permissionId": 224,
                    "permissionName": "People-Training Pathway Learner",
                    "sourceId": 1333,
                    "addPermission": false,
                    "updatePermission": false,
                    "deletePermission": false,
                    "postPermission": false,
                    "appId": 7,
                    "appName": "People",
                    "operations": false
                },
                {
                    "id": 572,
                    "permissionGroupId": 4,
                    "permissionId": 214,
                    "permissionName": "Desk Ticket Verification",
                    "sourceId": 1327,
                    "addPermission": false,
                    "updatePermission": false,
                    "deletePermission": false,
                    "postPermission": false,
                    "appId": 31,
                    "appName": "Desk",
                    "operations": false
                },
                {
                    "id": 558,
                    "permissionGroupId": 4,
                    "permissionId": 222,
                    "permissionName": "Calculate Payment setup",
                    "sourceId": 1329,
                    "addPermission": true,
                    "updatePermission": true,
                    "deletePermission": true,
                    "postPermission": false,
                    "appId": 22,
                    "appName": "Purchasing",
                    "operations": true
                },
                {
                    "id": 563,
                    "permissionGroupId": 4,
                    "permissionId": 211,
                    "permissionName": "Desk Setting Management",
                    "sourceId": 1324,
                    "addPermission": false,
                    "updatePermission": false,
                    "deletePermission": false,
                    "postPermission": false,
                    "appId": 31,
                    "appName": "Desk",
                    "operations": false
                },
                {
                    "id": 564,
                    "permissionGroupId": 4,
                    "permissionId": 227,
                    "permissionName": "Mobile Purchasing for RMS",
                    "sourceId": 1336,
                    "addPermission": false,
                    "updatePermission": false,
                    "deletePermission": false,
                    "postPermission": false,
                    "appId": 23,
                    "appName": "RMS",
                    "operations": false
                },
                {
                    "id": 256,
                    "permissionGroupId": 4,
                    "permissionId": 160,
                    "permissionName": "Book Forms - Advanced",
                    "sourceId": 1004,
                    "addPermission": false,
                    "updatePermission": false,
                    "deletePermission": false,
                    "postPermission": false,
                    "appId": 6,
                    "appName": "Book",
                    "operations": false
                },
                {
                    "id": 257,
                    "permissionGroupId": 4,
                    "permissionId": 161,
                    "permissionName": "Book Forms - Reports",
                    "sourceId": 1005,
                    "addPermission": false,
                    "updatePermission": false,
                    "deletePermission": false,
                    "postPermission": false,
                    "appId": 6,
                    "appName": "Book",
                    "operations": false
                },
                {
                    "id": 285,
                    "permissionGroupId": 4,
                    "permissionId": 162,
                    "permissionName": "Book Forms - Basic",
                    "sourceId": 1038,
                    "addPermission": false,
                    "updatePermission": false,
                    "deletePermission": false,
                    "postPermission": false,
                    "appId": 6,
                    "appName": "Book",
                    "operations": false
                },
                {
                    "id": 286,
                    "permissionGroupId": 4,
                    "permissionId": 163,
                    "permissionName": "Communication News",
                    "sourceId": 1039,
                    "addPermission": false,
                    "updatePermission": false,
                    "deletePermission": false,
                    "postPermission": false,
                    "appId": 30,
                    "appName": "NewsPublisher",
                    "operations": false
                },
                {
                    "id": 287,
                    "permissionGroupId": 4,
                    "permissionId": 164,
                    "permissionName": "Communication Content",
                    "sourceId": 1040,
                    "addPermission": false,
                    "updatePermission": false,
                    "deletePermission": false,
                    "postPermission": false,
                    "appId": 30,
                    "appName": "NewsPublisher",
                    "operations": false
                },
                {
                    "id": 288,
                    "permissionGroupId": 4,
                    "permissionId": 165,
                    "permissionName": "Knowledge Operations",
                    "sourceId": 1041,
                    "addPermission": true,
                    "updatePermission": true,
                    "deletePermission": true,
                    "postPermission": true,
                    "appId": 17,
                    "appName": "Knowledge",
                    "operations": false
                },
                {
                    "id": 476,
                    "permissionGroupId": 4,
                    "permissionId": 183,
                    "permissionName": "Audit Reassign and Pickup",
                    "sourceId": 1257,
                    "addPermission": false,
                    "updatePermission": false,
                    "deletePermission": false,
                    "postPermission": false,
                    "appId": 2,
                    "appName": "Audit",
                    "operations": false
                },
                {
                    "id": 477,
                    "permissionGroupId": 4,
                    "permissionId": 172,
                    "permissionName": "Task Expiry",
                    "sourceId": 1258,
                    "addPermission": false,
                    "updatePermission": false,
                    "deletePermission": false,
                    "postPermission": false,
                    "appId": 3,
                    "appName": "Task",
                    "operations": false
                },
                {
                    "id": 478,
                    "permissionGroupId": 4,
                    "permissionId": 171,
                    "permissionName": "Order History",
                    "sourceId": 1263,
                    "addPermission": true,
                    "updatePermission": true,
                    "deletePermission": true,
                    "postPermission": true,
                    "appId": 22,
                    "appName": "Purchasing",
                    "operations": true
                },
                {
                    "id": 479,
                    "permissionGroupId": 4,
                    "permissionId": 178,
                    "permissionName": "User Activity Log",
                    "sourceId": 1264,
                    "addPermission": false,
                    "updatePermission": false,
                    "deletePermission": false,
                    "postPermission": false,
                    "appId": 29,
                    "appName": "Admin",
                    "operations": false
                },
                {
                    "id": 480,
                    "permissionGroupId": 4,
                    "permissionId": 179,
                    "permissionName": "Device Management",
                    "sourceId": 1265,
                    "addPermission": false,
                    "updatePermission": false,
                    "deletePermission": false,
                    "postPermission": false,
                    "appId": 29,
                    "appName": "Admin",
                    "operations": false
                },
                {
                    "id": 481,
                    "permissionGroupId": 4,
                    "permissionId": 184,
                    "permissionName": "Task Purchase Invoice",
                    "sourceId": 1266,
                    "addPermission": false,
                    "updatePermission": false,
                    "deletePermission": false,
                    "postPermission": false,
                    "appId": 22,
                    "appName": "Purchasing",
                    "operations": false
                },
                {
                    "id": 482,
                    "permissionGroupId": 4,
                    "permissionId": 185,
                    "permissionName": "Sales Invoice",
                    "sourceId": 1267,
                    "addPermission": false,
                    "updatePermission": false,
                    "deletePermission": false,
                    "postPermission": false,
                    "appId": 19,
                    "appName": "Sales",
                    "operations": false
                },
                {
                    "id": 483,
                    "permissionGroupId": 4,
                    "permissionId": 186,
                    "permissionName": "Picking Unit Setup",
                    "sourceId": 1268,
                    "addPermission": false,
                    "updatePermission": false,
                    "deletePermission": false,
                    "postPermission": false,
                    "appId": 27,
                    "appName": "Picking",
                    "operations": false
                },
                {
                    "id": 484,
                    "permissionGroupId": 4,
                    "permissionId": 188,
                    "permissionName": "Generate Sales Invoice",
                    "sourceId": 1269,
                    "addPermission": false,
                    "updatePermission": false,
                    "deletePermission": false,
                    "postPermission": false,
                    "appId": 19,
                    "appName": "Sales",
                    "operations": false
                },
                {
                    "id": 485,
                    "permissionGroupId": 4,
                    "permissionId": 190,
                    "permissionName": "Sales Customer Groups",
                    "sourceId": 1270,
                    "addPermission": true,
                    "updatePermission": true,
                    "deletePermission": true,
                    "postPermission": true,
                    "appId": 19,
                    "appName": "Sales",
                    "operations": false
                },
                {
                    "id": 486,
                    "permissionGroupId": 4,
                    "permissionId": 189,
                    "permissionName": "Sales Customer Types",
                    "sourceId": 1271,
                    "addPermission": false,
                    "updatePermission": false,
                    "deletePermission": false,
                    "postPermission": false,
                    "appId": 19,
                    "appName": "Sales",
                    "operations": false
                },
                {
                    "id": 487,
                    "permissionGroupId": 4,
                    "permissionId": 192,
                    "permissionName": "Manage Log Form",
                    "sourceId": 1272,
                    "addPermission": false,
                    "updatePermission": false,
                    "deletePermission": false,
                    "postPermission": false,
                    "appId": 6,
                    "appName": "Book",
                    "operations": false
                },
                {
                    "id": 488,
                    "permissionGroupId": 4,
                    "permissionId": 191,
                    "permissionName": "Log Form Permission",
                    "sourceId": 1273,
                    "addPermission": true,
                    "updatePermission": true,
                    "deletePermission": true,
                    "postPermission": true,
                    "appId": 6,
                    "appName": "Book",
                    "operations": true
                },
                {
                    "id": 489,
                    "permissionGroupId": 4,
                    "permissionId": 4,
                    "permissionName": "Book Management Task",
                    "sourceId": 1274,
                    "addPermission": false,
                    "updatePermission": false,
                    "deletePermission": false,
                    "postPermission": false,
                    "appId": 6,
                    "appName": "Book",
                    "operations": false
                },
                {
                    "id": 490,
                    "permissionGroupId": 4,
                    "permissionId": 151,
                    "permissionName": "Critical Task",
                    "sourceId": 1275,
                    "addPermission": false,
                    "updatePermission": false,
                    "deletePermission": false,
                    "postPermission": false,
                    "appId": 6,
                    "appName": "Book",
                    "operations": false
                },
                {
                    "id": 491,
                    "permissionGroupId": 4,
                    "permissionId": 94,
                    "permissionName": "Book Management",
                    "sourceId": 1276,
                    "addPermission": false,
                    "updatePermission": false,
                    "deletePermission": false,
                    "postPermission": false,
                    "appId": 6,
                    "appName": "Book",
                    "operations": false
                },
                {
                    "id": 492,
                    "permissionGroupId": 4,
                    "permissionId": 112,
                    "permissionName": "Book Completion Report",
                    "sourceId": 1277,
                    "addPermission": false,
                    "updatePermission": false,
                    "deletePermission": false,
                    "postPermission": false,
                    "appId": 6,
                    "appName": "Book",
                    "operations": false
                },
                {
                    "id": 493,
                    "permissionGroupId": 4,
                    "permissionId": 173,
                    "permissionName": "Book Dashboard",
                    "sourceId": 1278,
                    "addPermission": false,
                    "updatePermission": false,
                    "deletePermission": false,
                    "postPermission": false,
                    "appId": 6,
                    "appName": "Book",
                    "operations": false
                },
                {
                    "id": 494,
                    "permissionGroupId": 4,
                    "permissionId": 174,
                    "permissionName": "Shift Task",
                    "sourceId": 1279,
                    "addPermission": false,
                    "updatePermission": false,
                    "deletePermission": false,
                    "postPermission": false,
                    "appId": 6,
                    "appName": "Book",
                    "operations": false
                },
                {
                    "id": 495,
                    "permissionGroupId": 4,
                    "permissionId": 175,
                    "permissionName": "General Task",
                    "sourceId": 1280,
                    "addPermission": false,
                    "updatePermission": false,
                    "deletePermission": false,
                    "postPermission": false,
                    "appId": 6,
                    "appName": "Book",
                    "operations": false
                },
                {
                    "id": 496,
                    "permissionGroupId": 4,
                    "permissionId": 176,
                    "permissionName": "Book Advance - CA",
                    "sourceId": 1281,
                    "addPermission": false,
                    "updatePermission": false,
                    "deletePermission": false,
                    "postPermission": false,
                    "appId": 6,
                    "appName": "Book",
                    "operations": false
                },
                {
                    "id": 497,
                    "permissionGroupId": 4,
                    "permissionId": 200,
                    "permissionName": "Throwaway Minimum",
                    "sourceId": 1282,
                    "addPermission": false,
                    "updatePermission": false,
                    "deletePermission": false,
                    "postPermission": false,
                    "appId": 22,
                    "appName": "Purchasing",
                    "operations": false
                },
                {
                    "id": 498,
                    "permissionGroupId": 4,
                    "permissionId": 201,
                    "permissionName": "Throwaway Minimum Detail",
                    "sourceId": 1283,
                    "addPermission": false,
                    "updatePermission": false,
                    "deletePermission": false,
                    "postPermission": false,
                    "appId": 22,
                    "appName": "Purchasing",
                    "operations": false
                },
                {
                    "id": 499,
                    "permissionGroupId": 4,
                    "permissionId": 187,
                    "permissionName": "Task Verification",
                    "sourceId": 1284,
                    "addPermission": false,
                    "updatePermission": false,
                    "deletePermission": false,
                    "postPermission": false,
                    "appId": 3,
                    "appName": "Task",
                    "operations": false
                },
                {
                    "id": 500,
                    "permissionGroupId": 4,
                    "permissionId": 195,
                    "permissionName": "Manage People App Form",
                    "sourceId": 1285,
                    "addPermission": false,
                    "updatePermission": false,
                    "deletePermission": false,
                    "postPermission": false,
                    "appId": 7,
                    "appName": "People",
                    "operations": false
                },
                {
                    "id": 501,
                    "permissionGroupId": 4,
                    "permissionId": 196,
                    "permissionName": "People App Admin",
                    "sourceId": 1286,
                    "addPermission": false,
                    "updatePermission": false,
                    "deletePermission": false,
                    "postPermission": false,
                    "appId": 7,
                    "appName": "People",
                    "operations": false
                },
                {
                    "id": 502,
                    "permissionGroupId": 4,
                    "permissionId": 197,
                    "permissionName": "People Reports",
                    "sourceId": 1287,
                    "addPermission": false,
                    "updatePermission": false,
                    "deletePermission": false,
                    "postPermission": false,
                    "appId": 7,
                    "appName": "People",
                    "operations": false
                },
                {
                    "id": 503,
                    "permissionGroupId": 4,
                    "permissionId": 198,
                    "permissionName": "Dashboard Report",
                    "sourceId": 1288,
                    "addPermission": false,
                    "updatePermission": false,
                    "deletePermission": false,
                    "postPermission": false,
                    "appId": 7,
                    "appName": "People",
                    "operations": false
                },
                {
                    "id": 504,
                    "permissionGroupId": 4,
                    "permissionId": 199,
                    "permissionName": "Evaluation Permission",
                    "sourceId": 1289,
                    "addPermission": false,
                    "updatePermission": false,
                    "deletePermission": false,
                    "postPermission": false,
                    "appId": 7,
                    "appName": "People",
                    "operations": false
                },
                {
                    "id": 505,
                    "permissionGroupId": 4,
                    "permissionId": 202,
                    "permissionName": "People Management",
                    "sourceId": 1290,
                    "addPermission": false,
                    "updatePermission": false,
                    "deletePermission": false,
                    "postPermission": false,
                    "appId": 7,
                    "appName": "People",
                    "operations": false
                },
                {
                    "id": 506,
                    "permissionGroupId": 4,
                    "permissionId": 193,
                    "permissionName": "Desk Service Board Management",
                    "sourceId": 1291,
                    "addPermission": false,
                    "updatePermission": false,
                    "deletePermission": false,
                    "postPermission": false,
                    "appId": 31,
                    "appName": "Desk",
                    "operations": false
                },
                {
                    "id": 507,
                    "permissionGroupId": 4,
                    "permissionId": 194,
                    "permissionName": "Desk Subscription Management",
                    "sourceId": 1292,
                    "addPermission": false,
                    "updatePermission": false,
                    "deletePermission": false,
                    "postPermission": false,
                    "appId": 31,
                    "appName": "Desk",
                    "operations": false
                },
                {
                    "id": 508,
                    "permissionGroupId": 4,
                    "permissionId": 206,
                    "permissionName": "Sales Order Buffer setup",
                    "sourceId": 1293,
                    "addPermission": false,
                    "updatePermission": false,
                    "deletePermission": false,
                    "postPermission": false,
                    "appId": 19,
                    "appName": "Sales",
                    "operations": false
                },
                {
                    "id": 509,
                    "permissionGroupId": 4,
                    "permissionId": 81,
                    "permissionName": "Bank Deposit Tracker",
                    "sourceId": 1294,
                    "addPermission": false,
                    "updatePermission": false,
                    "deletePermission": false,
                    "postPermission": false,
                    "appId": 19,
                    "appName": "Sales",
                    "operations": false
                },
                {
                    "id": 510,
                    "permissionGroupId": 4,
                    "permissionId": 208,
                    "permissionName": "Update Auto Order Status",
                    "sourceId": 1296,
                    "addPermission": false,
                    "updatePermission": false,
                    "deletePermission": false,
                    "postPermission": false,
                    "appId": 22,
                    "appName": "Purchasing",
                    "operations": false
                },
                {
                    "id": 511,
                    "permissionGroupId": 4,
                    "permissionId": 209,
                    "permissionName": "Production Items",
                    "sourceId": 1297,
                    "addPermission": true,
                    "updatePermission": true,
                    "deletePermission": false,
                    "postPermission": false,
                    "appId": 21,
                    "appName": "Production",
                    "operations": true
                },
                {
                    "id": 512,
                    "permissionGroupId": 4,
                    "permissionId": 210,
                    "permissionName": "Production Item Adjustment",
                    "sourceId": 1298,
                    "addPermission": false,
                    "updatePermission": false,
                    "deletePermission": false,
                    "postPermission": false,
                    "appId": 21,
                    "appName": "Production",
                    "operations": false
                },
                {
                    "id": 513,
                    "permissionGroupId": 4,
                    "permissionId": 216,
                    "permissionName": "Orders Threshold",
                    "sourceId": 1299,
                    "addPermission": true,
                    "updatePermission": true,
                    "deletePermission": true,
                    "postPermission": true,
                    "appId": 22,
                    "appName": "Purchasing",
                    "operations": false
                },
                {
                    "id": 514,
                    "permissionGroupId": 4,
                    "permissionId": 215,
                    "permissionName": "Assessment Permission",
                    "sourceId": 1300,
                    "addPermission": false,
                    "updatePermission": false,
                    "deletePermission": false,
                    "postPermission": false,
                    "appId": 7,
                    "appName": "People",
                    "operations": false
                },
                {
                    "id": 515,
                    "permissionGroupId": 4,
                    "permissionId": 207,
                    "permissionName": "People Review",
                    "sourceId": 1301,
                    "addPermission": false,
                    "updatePermission": false,
                    "deletePermission": false,
                    "postPermission": false,
                    "appId": 7,
                    "appName": "People",
                    "operations": false
                },
                {
                    "id": 587,
                    "permissionGroupId": 4,
                    "permissionId": 212,
                    "permissionName": "Desk Reports",
                    "sourceId": 1325,
                    "addPermission": false,
                    "updatePermission": false,
                    "deletePermission": false,
                    "postPermission": false,
                    "appId": 31,
                    "appName": "Desk",
                    "operations": false
                },
                {
                    "id": 588,
                    "permissionGroupId": 4,
                    "permissionId": 221,
                    "permissionName": "PCQI Sign-Off Permission",
                    "sourceId": 1331,
                    "addPermission": false,
                    "updatePermission": false,
                    "deletePermission": false,
                    "postPermission": false,
                    "appId": 6,
                    "appName": "Book",
                    "operations": false
                },
                {
                    "id": 580,
                    "permissionGroupId": 4,
                    "permissionId": 219,
                    "permissionName": "Daily Bakery Prep",
                    "sourceId": 1328,
                    "addPermission": true,
                    "updatePermission": true,
                    "deletePermission": true,
                    "postPermission": true,
                    "appId": 20,
                    "appName": "Prep",
                    "operations": false
                },
                {
                    "id": 581,
                    "permissionGroupId": 4,
                    "permissionId": 238,
                    "permissionName": "Production Buffer Setup",
                    "sourceId": 1388,
                    "addPermission": false,
                    "updatePermission": false,
                    "deletePermission": false,
                    "postPermission": false,
                    "appId": 21,
                    "appName": "Production",
                    "operations": false
                },
                {
                    "id": 582,
                    "permissionGroupId": 4,
                    "permissionId": 218,
                    "permissionName": "Menu Analysis Trends",
                    "sourceId": 1319,
                    "addPermission": false,
                    "updatePermission": false,
                    "deletePermission": false,
                    "postPermission": false,
                    "appId": 19,
                    "appName": "Sales",
                    "operations": false
                },
                {
                    "id": 625,
                    "permissionGroupId": 4,
                    "permissionId": 237,
                    "permissionName": "Production Delivery Report",
                    "sourceId": 1397,
                    "addPermission": false,
                    "updatePermission": false,
                    "deletePermission": false,
                    "postPermission": false,
                    "appId": 21,
                    "appName": "Production",
                    "operations": false
                },
                {
                    "id": 626,
                    "permissionGroupId": 4,
                    "permissionId": 247,
                    "permissionName": "View Invoice by Date",
                    "sourceId": 1403,
                    "addPermission": false,
                    "updatePermission": false,
                    "deletePermission": false,
                    "postPermission": false,
                    "appId": 22,
                    "appName": "Purchasing",
                    "operations": false
                },
                {
                    "id": 627,
                    "permissionGroupId": 4,
                    "permissionId": 248,
                    "permissionName": "Production Item Sequence",
                    "sourceId": 1406,
                    "addPermission": true,
                    "updatePermission": true,
                    "deletePermission": true,
                    "postPermission": true,
                    "appId": 21,
                    "appName": "Production",
                    "operations": false
                },
                {
                    "id": 628,
                    "permissionGroupId": 4,
                    "permissionId": 251,
                    "permissionName": "Missing Bank Deposits",
                    "sourceId": 1409,
                    "addPermission": false,
                    "updatePermission": false,
                    "deletePermission": false,
                    "postPermission": false,
                    "appId": 19,
                    "appName": "Sales",
                    "operations": false
                },
                {
                    "id": 629,
                    "permissionGroupId": 4,
                    "permissionId": 234,
                    "permissionName": "Production Finishing Menu",
                    "sourceId": 1395,
                    "addPermission": false,
                    "updatePermission": false,
                    "deletePermission": false,
                    "postPermission": false,
                    "appId": 21,
                    "appName": "Production",
                    "operations": false
                },
                {
                    "id": 630,
                    "permissionGroupId": 4,
                    "permissionId": 243,
                    "permissionName": "Add PIN-Only Users",
                    "sourceId": 1401,
                    "addPermission": false,
                    "updatePermission": false,
                    "deletePermission": false,
                    "postPermission": false,
                    "appId": 29,
                    "appName": "Admin",
                    "operations": false
                },
                {
                    "id": 631,
                    "permissionGroupId": 4,
                    "permissionId": 240,
                    "permissionName": "Allow Vendor to add News",
                    "sourceId": 1398,
                    "addPermission": false,
                    "updatePermission": false,
                    "deletePermission": false,
                    "postPermission": false,
                    "appId": 30,
                    "appName": "NewsPublisher",
                    "operations": false
                },
                {
                    "id": 632,
                    "permissionGroupId": 4,
                    "permissionId": 245,
                    "permissionName": "View Day by Day Weekly",
                    "sourceId": 1404,
                    "addPermission": false,
                    "updatePermission": false,
                    "deletePermission": false,
                    "postPermission": false,
                    "appId": 22,
                    "appName": "Purchasing",
                    "operations": false
                },
                {
                    "id": 633,
                    "permissionGroupId": 4,
                    "permissionId": 231,
                    "permissionName": "Production Mixing Menu",
                    "sourceId": 1392,
                    "addPermission": false,
                    "updatePermission": false,
                    "deletePermission": false,
                    "postPermission": false,
                    "appId": 21,
                    "appName": "Production",
                    "operations": false
                },
                {
                    "id": 634,
                    "permissionGroupId": 4,
                    "permissionId": 241,
                    "permissionName": "Mass Orders Modify",
                    "sourceId": 1399,
                    "addPermission": true,
                    "updatePermission": true,
                    "deletePermission": true,
                    "postPermission": true,
                    "appId": 19,
                    "appName": "Sales",
                    "operations": false
                },
                {
                    "id": 635,
                    "permissionGroupId": 4,
                    "permissionId": 232,
                    "permissionName": "Production Sheeting Menu",
                    "sourceId": 1393,
                    "addPermission": false,
                    "updatePermission": false,
                    "deletePermission": false,
                    "postPermission": false,
                    "appId": 21,
                    "appName": "Production",
                    "operations": false
                },
                {
                    "id": 636,
                    "permissionGroupId": 4,
                    "permissionId": 249,
                    "permissionName": "Batch mixing Report",
                    "sourceId": 1407,
                    "addPermission": false,
                    "updatePermission": false,
                    "deletePermission": false,
                    "postPermission": false,
                    "appId": 21,
                    "appName": "Production",
                    "operations": false
                },
                {
                    "id": 637,
                    "permissionGroupId": 4,
                    "permissionId": 236,
                    "permissionName": "Baker Report",
                    "sourceId": 1396,
                    "addPermission": false,
                    "updatePermission": false,
                    "deletePermission": false,
                    "postPermission": false,
                    "appId": 21,
                    "appName": "Production",
                    "operations": false
                },
                {
                    "id": 638,
                    "permissionGroupId": 4,
                    "permissionId": 246,
                    "permissionName": "View Weekly Product Trend",
                    "sourceId": 1405,
                    "addPermission": false,
                    "updatePermission": false,
                    "deletePermission": false,
                    "postPermission": false,
                    "appId": 22,
                    "appName": "Purchasing",
                    "operations": false
                },
                {
                    "id": 639,
                    "permissionGroupId": 4,
                    "permissionId": 230,
                    "permissionName": "Production Dashboard Menu",
                    "sourceId": 1391,
                    "addPermission": false,
                    "updatePermission": false,
                    "deletePermission": false,
                    "postPermission": false,
                    "appId": 21,
                    "appName": "Production",
                    "operations": false
                },
                {
                    "id": 640,
                    "permissionGroupId": 4,
                    "permissionId": 233,
                    "permissionName": "Production Frying Menu",
                    "sourceId": 1394,
                    "addPermission": false,
                    "updatePermission": false,
                    "deletePermission": false,
                    "postPermission": false,
                    "appId": 21,
                    "appName": "Production",
                    "operations": false
                },
                {
                    "id": 641,
                    "permissionGroupId": 4,
                    "permissionId": 250,
                    "permissionName": "Close Sales Week",
                    "sourceId": 1408,
                    "addPermission": true,
                    "updatePermission": true,
                    "deletePermission": true,
                    "postPermission": true,
                    "appId": 19,
                    "appName": "Sales",
                    "operations": false
                },
                {
                    "id": 642,
                    "permissionGroupId": 4,
                    "permissionId": 244,
                    "permissionName": "View Purchase Category Summary",
                    "sourceId": 1402,
                    "addPermission": false,
                    "updatePermission": false,
                    "deletePermission": false,
                    "postPermission": false,
                    "appId": 22,
                    "appName": "Purchasing",
                    "operations": false
                },
                {
                    "id": 664,
                    "permissionGroupId": 4,
                    "permissionId": 259,
                    "permissionName": "Generate Ticket in Corrective Action",
                    "sourceId": 259,
                    "addPermission": true,
                    "updatePermission": false,
                    "deletePermission": false,
                    "postPermission": false,
                    "appId": 6,
                    "appName": "Book",
                    "operations": false
                },
                {
                    "id": 1278,
                    "permissionGroupId": 4,
                    "permissionId": 324,
                    "permissionName": "Audit-Action Step",
                    "sourceId": 324,
                    "addPermission": false,
                    "updatePermission": false,
                    "deletePermission": false,
                    "postPermission": false,
                    "appId": 2,
                    "appName": "Audit",
                    "operations": false
                },
                {
                    "id": 1279,
                    "permissionGroupId": 4,
                    "permissionId": 325,
                    "permissionName": "People-Training Pathway Skip Step",
                    "sourceId": 324,
                    "addPermission": false,
                    "updatePermission": false,
                    "deletePermission": false,
                    "postPermission": false,
                    "appId": 7,
                    "appName": "People",
                    "operations": false
                },
                {
                    "id": 658,
                    "permissionGroupId": 4,
                    "permissionId": 273,
                    "permissionName": "Health Verification",
                    "sourceId": 273,
                    "addPermission": false,
                    "updatePermission": false,
                    "deletePermission": false,
                    "postPermission": false,
                    "appId": 34,
                    "appName": "Health & Screening",
                    "operations": false
                },
                {
                    "id": 656,
                    "permissionGroupId": 4,
                    "permissionId": 266,
                    "permissionName": "Team Screening",
                    "sourceId": 266,
                    "addPermission": false,
                    "updatePermission": false,
                    "deletePermission": false,
                    "postPermission": false,
                    "appId": 34,
                    "appName": "Health & Screening",
                    "operations": false
                },
                {
                    "id": 651,
                    "permissionGroupId": 4,
                    "permissionId": 262,
                    "permissionName": "Asset Service Log",
                    "sourceId": 262,
                    "addPermission": true,
                    "updatePermission": true,
                    "deletePermission": true,
                    "postPermission": false,
                    "appId": 32,
                    "appName": "Asset",
                    "operations": false
                },
                {
                    "id": 644,
                    "permissionGroupId": 4,
                    "permissionId": 242,
                    "permissionName": "Missing Orders",
                    "sourceId": 1412,
                    "addPermission": false,
                    "updatePermission": false,
                    "deletePermission": false,
                    "postPermission": false,
                    "appId": 19,
                    "appName": "Sales",
                    "operations": false
                },
                {
                    "id": 645,
                    "permissionGroupId": 4,
                    "permissionId": 252,
                    "permissionName": "Bulk Finisher By Category",
                    "sourceId": 1410,
                    "addPermission": false,
                    "updatePermission": false,
                    "deletePermission": false,
                    "postPermission": false,
                    "appId": 21,
                    "appName": "Production",
                    "operations": false
                },
                {
                    "id": 646,
                    "permissionGroupId": 4,
                    "permissionId": 253,
                    "permissionName": "Daily Sales Tracker",
                    "sourceId": 1411,
                    "addPermission": false,
                    "updatePermission": false,
                    "deletePermission": false,
                    "postPermission": false,
                    "appId": 19,
                    "appName": "Sales",
                    "operations": false
                },
                {
                    "id": 648,
                    "permissionGroupId": 4,
                    "permissionId": 261,
                    "permissionName": "Asset Instance",
                    "sourceId": 261,
                    "addPermission": true,
                    "updatePermission": true,
                    "deletePermission": true,
                    "postPermission": false,
                    "appId": 32,
                    "appName": "Asset",
                    "operations": false
                },
                {
                    "id": 91,
                    "permissionGroupId": 4,
                    "permissionId": 5,
                    "permissionName": "Audit Admin",
                    "sourceId": 18,
                    "addPermission": false,
                    "updatePermission": false,
                    "deletePermission": false,
                    "postPermission": false,
                    "appId": 2,
                    "appName": "Audit",
                    "operations": false
                },
                {
                    "id": 92,
                    "permissionGroupId": 4,
                    "permissionId": 6,
                    "permissionName": "Master Products",
                    "sourceId": 48,
                    "addPermission": false,
                    "updatePermission": false,
                    "deletePermission": false,
                    "postPermission": false,
                    "appId": 29,
                    "appName": "Admin",
                    "operations": false
                },
                {
                    "id": 93,
                    "permissionGroupId": 4,
                    "permissionId": 7,
                    "permissionName": "Physical Inventory - Ingredient",
                    "sourceId": 49,
                    "addPermission": false,
                    "updatePermission": false,
                    "deletePermission": false,
                    "postPermission": false,
                    "appId": 18,
                    "appName": "Inventory",
                    "operations": true
                },
                {
                    "id": 94,
                    "permissionGroupId": 4,
                    "permissionId": 8,
                    "permissionName": "Ingredient Adjustments",
                    "sourceId": 50,
                    "addPermission": false,
                    "updatePermission": false,
                    "deletePermission": false,
                    "postPermission": false,
                    "appId": 18,
                    "appName": "Inventory",
                    "operations": true
                },
                {
                    "id": 95,
                    "permissionGroupId": 4,
                    "permissionId": 9,
                    "permissionName": "Ingredient Transfers",
                    "sourceId": 51,
                    "addPermission": false,
                    "updatePermission": false,
                    "deletePermission": false,
                    "postPermission": false,
                    "appId": 18,
                    "appName": "Inventory",
                    "operations": true
                },
                {
                    "id": 96,
                    "permissionGroupId": 4,
                    "permissionId": 10,
                    "permissionName": "Waste - Donuts/Bakery",
                    "sourceId": 52,
                    "addPermission": false,
                    "updatePermission": false,
                    "deletePermission": false,
                    "postPermission": false,
                    "appId": 18,
                    "appName": "Inventory",
                    "operations": true
                },
                {
                    "id": 97,
                    "permissionGroupId": 4,
                    "permissionId": 11,
                    "permissionName": "Waste - Ingredient",
                    "sourceId": 53,
                    "addPermission": false,
                    "updatePermission": false,
                    "deletePermission": false,
                    "postPermission": false,
                    "appId": 18,
                    "appName": "Inventory",
                    "operations": true
                },
                {
                    "id": 98,
                    "permissionGroupId": 4,
                    "permissionId": 13,
                    "permissionName": "Inventory Templates",
                    "sourceId": 55,
                    "addPermission": false,
                    "updatePermission": false,
                    "deletePermission": false,
                    "postPermission": false,
                    "appId": 18,
                    "appName": "Inventory",
                    "operations": true
                },
                {
                    "id": 99,
                    "permissionGroupId": 4,
                    "permissionId": 14,
                    "permissionName": "Inventory Locations",
                    "sourceId": 56,
                    "addPermission": false,
                    "updatePermission": false,
                    "deletePermission": false,
                    "postPermission": false,
                    "appId": 18,
                    "appName": "Inventory",
                    "operations": true
                },
                {
                    "id": 100,
                    "permissionGroupId": 4,
                    "permissionId": 15,
                    "permissionName": "Inventory Departments",
                    "sourceId": 57,
                    "addPermission": false,
                    "updatePermission": false,
                    "deletePermission": false,
                    "postPermission": false,
                    "appId": 18,
                    "appName": "Inventory",
                    "operations": true
                },
                {
                    "id": 101,
                    "permissionGroupId": 4,
                    "permissionId": 16,
                    "permissionName": "Inventory Bins",
                    "sourceId": 58,
                    "addPermission": false,
                    "updatePermission": false,
                    "deletePermission": false,
                    "postPermission": false,
                    "appId": 18,
                    "appName": "Inventory",
                    "operations": true
                },
                {
                    "id": 102,
                    "permissionGroupId": 4,
                    "permissionId": 17,
                    "permissionName": "Actual Inventory Usage Report",
                    "sourceId": 59,
                    "addPermission": false,
                    "updatePermission": false,
                    "deletePermission": false,
                    "postPermission": false,
                    "appId": 18,
                    "appName": "Inventory",
                    "operations": false
                },
                {
                    "id": 103,
                    "permissionGroupId": 4,
                    "permissionId": 18,
                    "permissionName": "Retail Food Variance Report",
                    "sourceId": 60,
                    "addPermission": false,
                    "updatePermission": false,
                    "deletePermission": false,
                    "postPermission": false,
                    "appId": 18,
                    "appName": "Inventory",
                    "operations": false
                },
                {
                    "id": 104,
                    "permissionGroupId": 4,
                    "permissionId": 19,
                    "permissionName": "Ingredient Usage by Day Report",
                    "sourceId": 61,
                    "addPermission": false,
                    "updatePermission": false,
                    "deletePermission": false,
                    "postPermission": false,
                    "appId": 18,
                    "appName": "Inventory",
                    "operations": false
                },
                {
                    "id": 105,
                    "permissionGroupId": 4,
                    "permissionId": 20,
                    "permissionName": "Ingredient Usage by Week Report",
                    "sourceId": 62,
                    "addPermission": false,
                    "updatePermission": false,
                    "deletePermission": false,
                    "postPermission": false,
                    "appId": 18,
                    "appName": "Inventory",
                    "operations": false
                },
                {
                    "id": 106,
                    "permissionGroupId": 4,
                    "permissionId": 21,
                    "permissionName": "Waste Cost Report",
                    "sourceId": 63,
                    "addPermission": false,
                    "updatePermission": false,
                    "deletePermission": false,
                    "postPermission": false,
                    "appId": 18,
                    "appName": "Inventory",
                    "operations": false
                },
                {
                    "id": 107,
                    "permissionGroupId": 4,
                    "permissionId": 22,
                    "permissionName": "Waste Cost by Day Report",
                    "sourceId": 64,
                    "addPermission": false,
                    "updatePermission": false,
                    "deletePermission": false,
                    "postPermission": false,
                    "appId": 18,
                    "appName": "Inventory",
                    "operations": false
                },
                {
                    "id": 108,
                    "permissionGroupId": 4,
                    "permissionId": 23,
                    "permissionName": "Waste Cost by Week Report",
                    "sourceId": 65,
                    "addPermission": false,
                    "updatePermission": false,
                    "deletePermission": false,
                    "postPermission": false,
                    "appId": 18,
                    "appName": "Inventory",
                    "operations": false
                },
                {
                    "id": 109,
                    "permissionGroupId": 4,
                    "permissionId": 24,
                    "permissionName": "Bakery Variance Report",
                    "sourceId": 66,
                    "addPermission": false,
                    "updatePermission": false,
                    "deletePermission": false,
                    "postPermission": false,
                    "appId": 18,
                    "appName": "Inventory",
                    "operations": false
                },
                {
                    "id": 110,
                    "permissionGroupId": 4,
                    "permissionId": 25,
                    "permissionName": "Bakery Variance by Week Report",
                    "sourceId": 67,
                    "addPermission": false,
                    "updatePermission": false,
                    "deletePermission": false,
                    "postPermission": false,
                    "appId": 18,
                    "appName": "Inventory",
                    "operations": false
                },
                {
                    "id": 111,
                    "permissionGroupId": 4,
                    "permissionId": 26,
                    "permissionName": "Dashboard",
                    "sourceId": 80,
                    "addPermission": false,
                    "updatePermission": false,
                    "deletePermission": false,
                    "postPermission": false,
                    "appId": 19,
                    "appName": "Sales",
                    "operations": false
                },
                {
                    "id": 112,
                    "permissionGroupId": 4,
                    "permissionId": 27,
                    "permissionName": "Daily Sales",
                    "sourceId": 81,
                    "addPermission": false,
                    "updatePermission": false,
                    "deletePermission": false,
                    "postPermission": false,
                    "appId": 19,
                    "appName": "Sales",
                    "operations": false
                },
                {
                    "id": 113,
                    "permissionGroupId": 4,
                    "permissionId": 28,
                    "permissionName": "Product Mix-Task",
                    "sourceId": 82,
                    "addPermission": false,
                    "updatePermission": false,
                    "deletePermission": false,
                    "postPermission": false,
                    "appId": 19,
                    "appName": "Sales",
                    "operations": false
                },
                {
                    "id": 114,
                    "permissionGroupId": 4,
                    "permissionId": 29,
                    "permissionName": "Enter Cash Count",
                    "sourceId": 83,
                    "addPermission": true,
                    "updatePermission": true,
                    "deletePermission": true,
                    "postPermission": false,
                    "appId": 19,
                    "appName": "Sales",
                    "operations": true
                },
                {
                    "id": 115,
                    "permissionGroupId": 4,
                    "permissionId": 30,
                    "permissionName": "Shift Cash Reconciliation",
                    "sourceId": 84,
                    "addPermission": true,
                    "updatePermission": true,
                    "deletePermission": true,
                    "postPermission": true,
                    "appId": 19,
                    "appName": "Sales",
                    "operations": true
                },
                {
                    "id": 116,
                    "permissionGroupId": 4,
                    "permissionId": 31,
                    "permissionName": "End of Day",
                    "sourceId": 85,
                    "addPermission": true,
                    "updatePermission": true,
                    "deletePermission": true,
                    "postPermission": true,
                    "appId": 19,
                    "appName": "Sales",
                    "operations": true
                },
                {
                    "id": 117,
                    "permissionGroupId": 4,
                    "permissionId": 32,
                    "permissionName": "Bank Deposits",
                    "sourceId": 86,
                    "addPermission": true,
                    "updatePermission": true,
                    "deletePermission": true,
                    "postPermission": true,
                    "appId": 19,
                    "appName": "Sales",
                    "operations": true
                },
                {
                    "id": 118,
                    "permissionGroupId": 4,
                    "permissionId": 35,
                    "permissionName": "Sales by Destination",
                    "sourceId": 89,
                    "addPermission": false,
                    "updatePermission": false,
                    "deletePermission": false,
                    "postPermission": false,
                    "appId": 19,
                    "appName": "Sales",
                    "operations": false
                },
                {
                    "id": 119,
                    "permissionGroupId": 4,
                    "permissionId": 36,
                    "permissionName": "Sales by Day part",
                    "sourceId": 90,
                    "addPermission": false,
                    "updatePermission": false,
                    "deletePermission": false,
                    "postPermission": false,
                    "appId": 19,
                    "appName": "Sales",
                    "operations": false
                },
                {
                    "id": 120,
                    "permissionGroupId": 4,
                    "permissionId": 37,
                    "permissionName": "Product Mix-Report",
                    "sourceId": 91,
                    "addPermission": false,
                    "updatePermission": false,
                    "deletePermission": false,
                    "postPermission": false,
                    "appId": 19,
                    "appName": "Sales",
                    "operations": false
                },
                {
                    "id": 121,
                    "permissionGroupId": 4,
                    "permissionId": 38,
                    "permissionName": "POS Transaction Viewer",
                    "sourceId": 92,
                    "addPermission": false,
                    "updatePermission": false,
                    "deletePermission": false,
                    "postPermission": false,
                    "appId": 19,
                    "appName": "Sales",
                    "operations": false
                },
                {
                    "id": 122,
                    "permissionGroupId": 4,
                    "permissionId": 39,
                    "permissionName": "Sales by Employee",
                    "sourceId": 93,
                    "addPermission": false,
                    "updatePermission": false,
                    "deletePermission": false,
                    "postPermission": false,
                    "appId": 19,
                    "appName": "Sales",
                    "operations": false
                },
                {
                    "id": 123,
                    "permissionGroupId": 4,
                    "permissionId": 40,
                    "permissionName": "Sales by Tender Type",
                    "sourceId": 94,
                    "addPermission": false,
                    "updatePermission": false,
                    "deletePermission": false,
                    "postPermission": false,
                    "appId": 19,
                    "appName": "Sales",
                    "operations": false
                },
                {
                    "id": 124,
                    "permissionGroupId": 4,
                    "permissionId": 41,
                    "permissionName": "Menu Analysis",
                    "sourceId": 114,
                    "addPermission": false,
                    "updatePermission": false,
                    "deletePermission": false,
                    "postPermission": false,
                    "appId": 19,
                    "appName": "Sales",
                    "operations": false
                },
                {
                    "id": 125,
                    "permissionGroupId": 4,
                    "permissionId": 42,
                    "permissionName": "Cash Short/Over",
                    "sourceId": 115,
                    "addPermission": false,
                    "updatePermission": false,
                    "deletePermission": false,
                    "postPermission": false,
                    "appId": 19,
                    "appName": "Sales",
                    "operations": false
                },
                {
                    "id": 126,
                    "permissionGroupId": 4,
                    "permissionId": 43,
                    "permissionName": "Sales by Terminal",
                    "sourceId": 116,
                    "addPermission": false,
                    "updatePermission": false,
                    "deletePermission": false,
                    "postPermission": false,
                    "appId": 19,
                    "appName": "Sales",
                    "operations": false
                },
                {
                    "id": 127,
                    "permissionGroupId": 4,
                    "permissionId": 44,
                    "permissionName": "Sales by Time",
                    "sourceId": 117,
                    "addPermission": false,
                    "updatePermission": false,
                    "deletePermission": false,
                    "postPermission": false,
                    "appId": 19,
                    "appName": "Sales",
                    "operations": false
                },
                {
                    "id": 128,
                    "permissionGroupId": 4,
                    "permissionId": 45,
                    "permissionName": "Sales Summary",
                    "sourceId": 118,
                    "addPermission": false,
                    "updatePermission": false,
                    "deletePermission": false,
                    "postPermission": false,
                    "appId": 19,
                    "appName": "Sales",
                    "operations": false
                },
                {
                    "id": 129,
                    "permissionGroupId": 4,
                    "permissionId": 46,
                    "permissionName": "Sales by Revenue Center-Consolidated",
                    "sourceId": 119,
                    "addPermission": false,
                    "updatePermission": false,
                    "deletePermission": false,
                    "postPermission": false,
                    "appId": 19,
                    "appName": "Sales",
                    "operations": false
                },
                {
                    "id": 130,
                    "permissionGroupId": 4,
                    "permissionId": 47,
                    "permissionName": "Sales Trends",
                    "sourceId": 120,
                    "addPermission": false,
                    "updatePermission": false,
                    "deletePermission": false,
                    "postPermission": false,
                    "appId": 19,
                    "appName": "Sales",
                    "operations": false
                },
                {
                    "id": 131,
                    "permissionGroupId": 4,
                    "permissionId": 48,
                    "permissionName": "Labor Trends vs Prior Year",
                    "sourceId": 121,
                    "addPermission": false,
                    "updatePermission": false,
                    "deletePermission": false,
                    "postPermission": false,
                    "appId": 19,
                    "appName": "Sales",
                    "operations": false
                },
                {
                    "id": 132,
                    "permissionGroupId": 4,
                    "permissionId": 49,
                    "permissionName": "COGS Actual",
                    "sourceId": 122,
                    "addPermission": false,
                    "updatePermission": false,
                    "deletePermission": false,
                    "postPermission": false,
                    "appId": 19,
                    "appName": "Sales",
                    "operations": false
                },
                {
                    "id": 133,
                    "permissionGroupId": 4,
                    "permissionId": 50,
                    "permissionName": "Loss Prevention Trends",
                    "sourceId": 123,
                    "addPermission": false,
                    "updatePermission": false,
                    "deletePermission": false,
                    "postPermission": false,
                    "appId": 19,
                    "appName": "Sales",
                    "operations": false
                },
                {
                    "id": 134,
                    "permissionGroupId": 4,
                    "permissionId": 51,
                    "permissionName": "Items",
                    "sourceId": 124,
                    "addPermission": false,
                    "updatePermission": false,
                    "deletePermission": false,
                    "postPermission": false,
                    "appId": 19,
                    "appName": "Sales",
                    "operations": false
                },
                {
                    "id": 135,
                    "permissionGroupId": 4,
                    "permissionId": 52,
                    "permissionName": "Employee",
                    "sourceId": 125,
                    "addPermission": true,
                    "updatePermission": true,
                    "deletePermission": true,
                    "postPermission": true,
                    "appId": 19,
                    "appName": "Sales",
                    "operations": true
                },
                {
                    "id": 136,
                    "permissionGroupId": 4,
                    "permissionId": 53,
                    "permissionName": "Donut/Bakery Adjustments",
                    "sourceId": 126,
                    "addPermission": false,
                    "updatePermission": false,
                    "deletePermission": false,
                    "postPermission": false,
                    "appId": 18,
                    "appName": "Inventory",
                    "operations": true
                },
                {
                    "id": 137,
                    "permissionGroupId": 4,
                    "permissionId": 54,
                    "permissionName": "Donut/Bakery Transfers",
                    "sourceId": 127,
                    "addPermission": false,
                    "updatePermission": false,
                    "deletePermission": false,
                    "postPermission": false,
                    "appId": 18,
                    "appName": "Inventory",
                    "operations": true
                },
                {
                    "id": 138,
                    "permissionGroupId": 4,
                    "permissionId": 55,
                    "permissionName": "Donut/Bakery Show CarryOver",
                    "sourceId": 128,
                    "addPermission": false,
                    "updatePermission": false,
                    "deletePermission": false,
                    "postPermission": false,
                    "appId": 18,
                    "appName": "Inventory",
                    "operations": false
                },
                {
                    "id": 139,
                    "permissionGroupId": 4,
                    "permissionId": 56,
                    "permissionName": "Dashboard-Prep",
                    "sourceId": 139,
                    "addPermission": false,
                    "updatePermission": false,
                    "deletePermission": false,
                    "postPermission": false,
                    "appId": 20,
                    "appName": "Prep",
                    "operations": false
                },
                {
                    "id": 140,
                    "permissionGroupId": 4,
                    "permissionId": 57,
                    "permissionName": "Physical Inventory - Meat & Eggs",
                    "sourceId": 140,
                    "addPermission": false,
                    "updatePermission": false,
                    "deletePermission": false,
                    "postPermission": false,
                    "appId": 20,
                    "appName": "Prep",
                    "operations": true
                },
                {
                    "id": 141,
                    "permissionGroupId": 4,
                    "permissionId": 58,
                    "permissionName": "Meat & Eggs Prep",
                    "sourceId": 141,
                    "addPermission": false,
                    "updatePermission": false,
                    "deletePermission": false,
                    "postPermission": false,
                    "appId": 20,
                    "appName": "Prep",
                    "operations": true
                },
                {
                    "id": 142,
                    "permissionGroupId": 4,
                    "permissionId": 59,
                    "permissionName": "Prep Usage by Day (Report)",
                    "sourceId": 142,
                    "addPermission": false,
                    "updatePermission": false,
                    "deletePermission": false,
                    "postPermission": false,
                    "appId": 20,
                    "appName": "Prep",
                    "operations": false
                },
                {
                    "id": 143,
                    "permissionGroupId": 4,
                    "permissionId": 60,
                    "permissionName": "Template-Prep",
                    "sourceId": 143,
                    "addPermission": false,
                    "updatePermission": false,
                    "deletePermission": false,
                    "postPermission": false,
                    "appId": 20,
                    "appName": "Prep",
                    "operations": true
                },
                {
                    "id": 144,
                    "permissionGroupId": 4,
                    "permissionId": 61,
                    "permissionName": "ParLevel",
                    "sourceId": 144,
                    "addPermission": false,
                    "updatePermission": false,
                    "deletePermission": false,
                    "postPermission": false,
                    "appId": 20,
                    "appName": "Prep",
                    "operations": true
                },
                {
                    "id": 145,
                    "permissionGroupId": 4,
                    "permissionId": 62,
                    "permissionName": "Items-Prep",
                    "sourceId": 145,
                    "addPermission": false,
                    "updatePermission": false,
                    "deletePermission": false,
                    "postPermission": false,
                    "appId": 20,
                    "appName": "Prep",
                    "operations": false
                },
                {
                    "id": 146,
                    "permissionGroupId": 4,
                    "permissionId": 63,
                    "permissionName": "Prep Admin Settings",
                    "sourceId": 146,
                    "addPermission": false,
                    "updatePermission": false,
                    "deletePermission": false,
                    "postPermission": false,
                    "appId": 20,
                    "appName": "Prep",
                    "operations": true
                },
                {
                    "id": 147,
                    "permissionGroupId": 4,
                    "permissionId": 64,
                    "permissionName": "Dashboard-Purchasing",
                    "sourceId": 172,
                    "addPermission": false,
                    "updatePermission": false,
                    "deletePermission": false,
                    "postPermission": false,
                    "appId": 22,
                    "appName": "Purchasing",
                    "operations": false
                },
                {
                    "id": 148,
                    "permissionGroupId": 4,
                    "permissionId": 65,
                    "permissionName": "PurchaseOrder",
                    "sourceId": 173,
                    "addPermission": true,
                    "updatePermission": true,
                    "deletePermission": true,
                    "postPermission": true,
                    "appId": 22,
                    "appName": "Purchasing",
                    "operations": true
                },
                {
                    "id": 149,
                    "permissionGroupId": 4,
                    "permissionId": 66,
                    "permissionName": "CreditRequest",
                    "sourceId": 174,
                    "addPermission": false,
                    "updatePermission": false,
                    "deletePermission": false,
                    "postPermission": false,
                    "appId": 22,
                    "appName": "Purchasing",
                    "operations": false
                },
                {
                    "id": 150,
                    "permissionGroupId": 4,
                    "permissionId": 67,
                    "permissionName": "ReportPurchaseOrder",
                    "sourceId": 175,
                    "addPermission": false,
                    "updatePermission": false,
                    "deletePermission": false,
                    "postPermission": false,
                    "appId": 22,
                    "appName": "Purchasing",
                    "operations": false
                },
                {
                    "id": 151,
                    "permissionGroupId": 4,
                    "permissionId": 68,
                    "permissionName": "Product-Purchasing",
                    "sourceId": 176,
                    "addPermission": false,
                    "updatePermission": false,
                    "deletePermission": false,
                    "postPermission": false,
                    "appId": 22,
                    "appName": "Purchasing",
                    "operations": false
                },
                {
                    "id": 152,
                    "permissionGroupId": 4,
                    "permissionId": 69,
                    "permissionName": "Template-Purchasing",
                    "sourceId": 177,
                    "addPermission": true,
                    "updatePermission": true,
                    "deletePermission": true,
                    "postPermission": false,
                    "appId": 22,
                    "appName": "Purchasing",
                    "operations": true
                },
                {
                    "id": 153,
                    "permissionGroupId": 4,
                    "permissionId": 70,
                    "permissionName": "ParLevel-Purchasing",
                    "sourceId": 178,
                    "addPermission": false,
                    "updatePermission": false,
                    "deletePermission": false,
                    "postPermission": false,
                    "appId": 22,
                    "appName": "Purchasing",
                    "operations": true
                },
                {
                    "id": 154,
                    "permissionGroupId": 4,
                    "permissionId": 71,
                    "permissionName": "ProductCatalog-Purchasing",
                    "sourceId": 179,
                    "addPermission": false,
                    "updatePermission": false,
                    "deletePermission": false,
                    "postPermission": false,
                    "appId": 22,
                    "appName": "Purchasing",
                    "operations": false
                },
                {
                    "id": 155,
                    "permissionGroupId": 4,
                    "permissionId": 72,
                    "permissionName": "Vendor-Purchasing",
                    "sourceId": 180,
                    "addPermission": false,
                    "updatePermission": false,
                    "deletePermission": false,
                    "postPermission": false,
                    "appId": 22,
                    "appName": "Purchasing",
                    "operations": false
                },
                {
                    "id": 156,
                    "permissionGroupId": 4,
                    "permissionId": 73,
                    "permissionName": "Prep Usage by Day Report",
                    "sourceId": 183,
                    "addPermission": false,
                    "updatePermission": false,
                    "deletePermission": false,
                    "postPermission": false,
                    "appId": 18,
                    "appName": "Inventory",
                    "operations": false
                },
                {
                    "id": 157,
                    "permissionGroupId": 4,
                    "permissionId": 74,
                    "permissionName": "Prep Usage by Week Report",
                    "sourceId": 184,
                    "addPermission": false,
                    "updatePermission": false,
                    "deletePermission": false,
                    "postPermission": false,
                    "appId": 18,
                    "appName": "Inventory",
                    "operations": false
                },
                {
                    "id": 158,
                    "permissionGroupId": 4,
                    "permissionId": 75,
                    "permissionName": "Actual Food Usage Report",
                    "sourceId": 185,
                    "addPermission": false,
                    "updatePermission": false,
                    "deletePermission": false,
                    "postPermission": false,
                    "appId": 18,
                    "appName": "Inventory",
                    "operations": false
                },
                {
                    "id": 159,
                    "permissionGroupId": 4,
                    "permissionId": 76,
                    "permissionName": "Web based Cash Management",
                    "sourceId": 239,
                    "addPermission": false,
                    "updatePermission": false,
                    "deletePermission": false,
                    "postPermission": false,
                    "appId": 19,
                    "appName": "Sales",
                    "operations": false
                },
                {
                    "id": 160,
                    "permissionGroupId": 4,
                    "permissionId": 110,
                    "permissionName": "Edit Item Sales Recipe",
                    "sourceId": 617,
                    "addPermission": false,
                    "updatePermission": false,
                    "deletePermission": false,
                    "postPermission": false,
                    "appId": 19,
                    "appName": "Sales",
                    "operations": false
                },
                {
                    "id": 161,
                    "permissionGroupId": 4,
                    "permissionId": 114,
                    "permissionName": "Delivery-Purchasing",
                    "sourceId": 618,
                    "addPermission": false,
                    "updatePermission": false,
                    "deletePermission": false,
                    "postPermission": false,
                    "appId": 22,
                    "appName": "Purchasing",
                    "operations": false
                },
                {
                    "id": 162,
                    "permissionGroupId": 4,
                    "permissionId": 116,
                    "permissionName": "Import GL File",
                    "sourceId": 619,
                    "addPermission": false,
                    "updatePermission": false,
                    "deletePermission": false,
                    "postPermission": false,
                    "appId": 24,
                    "appName": "Integration",
                    "operations": false
                },
                {
                    "id": 163,
                    "permissionGroupId": 4,
                    "permissionId": 117,
                    "permissionName": "GL History",
                    "sourceId": 620,
                    "addPermission": false,
                    "updatePermission": false,
                    "deletePermission": false,
                    "postPermission": false,
                    "appId": 24,
                    "appName": "Integration",
                    "operations": false
                },
                {
                    "id": 164,
                    "permissionGroupId": 4,
                    "permissionId": 118,
                    "permissionName": "Bank Filter",
                    "sourceId": 621,
                    "addPermission": false,
                    "updatePermission": false,
                    "deletePermission": false,
                    "postPermission": false,
                    "appId": 24,
                    "appName": "Integration",
                    "operations": false
                },
                {
                    "id": 165,
                    "permissionGroupId": 4,
                    "permissionId": 119,
                    "permissionName": "GL Filter",
                    "sourceId": 622,
                    "addPermission": false,
                    "updatePermission": false,
                    "deletePermission": false,
                    "postPermission": false,
                    "appId": 24,
                    "appName": "Integration",
                    "operations": false
                },
                {
                    "id": 166,
                    "permissionGroupId": 4,
                    "permissionId": 120,
                    "permissionName": "GL History Detail",
                    "sourceId": 623,
                    "addPermission": false,
                    "updatePermission": false,
                    "deletePermission": false,
                    "postPermission": false,
                    "appId": 24,
                    "appName": "Integration",
                    "operations": false
                },
                {
                    "id": 167,
                    "permissionGroupId": 4,
                    "permissionId": 122,
                    "permissionName": "Bank Settings",
                    "sourceId": 624,
                    "addPermission": false,
                    "updatePermission": false,
                    "deletePermission": false,
                    "postPermission": false,
                    "appId": 24,
                    "appName": "Integration",
                    "operations": false
                },
                {
                    "id": 168,
                    "permissionGroupId": 4,
                    "permissionId": 125,
                    "permissionName": "Intacct Settings",
                    "sourceId": 625,
                    "addPermission": false,
                    "updatePermission": true,
                    "deletePermission": false,
                    "postPermission": false,
                    "appId": 24,
                    "appName": "Integration",
                    "operations": true
                },
                {
                    "id": 169,
                    "permissionGroupId": 4,
                    "permissionId": 126,
                    "permissionName": "Bank File",
                    "sourceId": 626,
                    "addPermission": false,
                    "updatePermission": false,
                    "deletePermission": false,
                    "postPermission": false,
                    "appId": 24,
                    "appName": "Integration",
                    "operations": false
                },
                {
                    "id": 170,
                    "permissionGroupId": 4,
                    "permissionId": 127,
                    "permissionName": "Open Transaction",
                    "sourceId": 627,
                    "addPermission": false,
                    "updatePermission": false,
                    "deletePermission": false,
                    "postPermission": false,
                    "appId": 24,
                    "appName": "Integration",
                    "operations": false
                },
                {
                    "id": 171,
                    "permissionGroupId": 4,
                    "permissionId": 128,
                    "permissionName": "Bank Statement",
                    "sourceId": 628,
                    "addPermission": false,
                    "updatePermission": false,
                    "deletePermission": false,
                    "postPermission": false,
                    "appId": 24,
                    "appName": "Integration",
                    "operations": false
                },
                {
                    "id": 172,
                    "permissionGroupId": 4,
                    "permissionId": 146,
                    "permissionName": "Import Bank Rule",
                    "sourceId": 629,
                    "addPermission": false,
                    "updatePermission": false,
                    "deletePermission": false,
                    "postPermission": false,
                    "appId": 24,
                    "appName": "Integration",
                    "operations": false
                },
                {
                    "id": 173,
                    "permissionGroupId": 4,
                    "permissionId": 1,
                    "permissionName": "Administration",
                    "sourceId": 630,
                    "addPermission": false,
                    "updatePermission": false,
                    "deletePermission": false,
                    "postPermission": false,
                    "appId": 29,
                    "appName": "Admin",
                    "operations": false
                },
                {
                    "id": 174,
                    "permissionGroupId": 4,
                    "permissionId": 2,
                    "permissionName": "Basic User Admin",
                    "sourceId": 631,
                    "addPermission": false,
                    "updatePermission": false,
                    "deletePermission": false,
                    "postPermission": false,
                    "appId": 29,
                    "appName": "Admin",
                    "operations": false
                },
                {
                    "id": 175,
                    "permissionGroupId": 4,
                    "permissionId": 83,
                    "permissionName": "Secure Information",
                    "sourceId": 632,
                    "addPermission": false,
                    "updatePermission": false,
                    "deletePermission": false,
                    "postPermission": false,
                    "appId": 29,
                    "appName": "Admin",
                    "operations": false
                },
                {
                    "id": 176,
                    "permissionGroupId": 4,
                    "permissionId": 92,
                    "permissionName": "Advance User Admin",
                    "sourceId": 633,
                    "addPermission": false,
                    "updatePermission": false,
                    "deletePermission": false,
                    "postPermission": false,
                    "appId": 29,
                    "appName": "Admin",
                    "operations": false
                },
                {
                    "id": 177,
                    "permissionGroupId": 4,
                    "permissionId": 93,
                    "permissionName": "Location Management",
                    "sourceId": 634,
                    "addPermission": false,
                    "updatePermission": false,
                    "deletePermission": false,
                    "postPermission": false,
                    "appId": 29,
                    "appName": "Admin",
                    "operations": false
                },
                {
                    "id": 178,
                    "permissionGroupId": 4,
                    "permissionId": 131,
                    "permissionName": "Appendix Admin",
                    "sourceId": 635,
                    "addPermission": false,
                    "updatePermission": false,
                    "deletePermission": false,
                    "postPermission": false,
                    "appId": 29,
                    "appName": "Admin",
                    "operations": false
                },
                {
                    "id": 179,
                    "permissionGroupId": 4,
                    "permissionId": 136,
                    "permissionName": "Unlinked Employee Admin",
                    "sourceId": 636,
                    "addPermission": false,
                    "updatePermission": false,
                    "deletePermission": false,
                    "postPermission": false,
                    "appId": 29,
                    "appName": "Admin",
                    "operations": false
                },
                {
                    "id": 180,
                    "permissionGroupId": 4,
                    "permissionId": 152,
                    "permissionName": "Email Summary Report",
                    "sourceId": 637,
                    "addPermission": false,
                    "updatePermission": false,
                    "deletePermission": false,
                    "postPermission": false,
                    "appId": 29,
                    "appName": "Admin",
                    "operations": false
                },
                {
                    "id": 181,
                    "permissionGroupId": 4,
                    "permissionId": 149,
                    "permissionName": "IoT",
                    "sourceId": 638,
                    "addPermission": false,
                    "updatePermission": false,
                    "deletePermission": false,
                    "postPermission": false,
                    "appId": 29,
                    "appName": "Admin",
                    "operations": false
                },
                {
                    "id": 182,
                    "permissionGroupId": 4,
                    "permissionId": 150,
                    "permissionName": "Geo Fence",
                    "sourceId": 639,
                    "addPermission": false,
                    "updatePermission": false,
                    "deletePermission": false,
                    "postPermission": false,
                    "appId": 29,
                    "appName": "Admin",
                    "operations": false
                },
                {
                    "id": 183,
                    "permissionGroupId": 4,
                    "permissionId": 134,
                    "permissionName": "GiSMo Reports",
                    "sourceId": 640,
                    "addPermission": false,
                    "updatePermission": false,
                    "deletePermission": false,
                    "postPermission": false,
                    "appId": 1,
                    "appName": "GiSMo",
                    "operations": false
                },
                {
                    "id": 184,
                    "permissionGroupId": 4,
                    "permissionId": 96,
                    "permissionName": "Complaint Management",
                    "sourceId": 641,
                    "addPermission": false,
                    "updatePermission": false,
                    "deletePermission": false,
                    "postPermission": false,
                    "appId": 1,
                    "appName": "GiSMo",
                    "operations": false
                },
                {
                    "id": 185,
                    "permissionGroupId": 4,
                    "permissionId": 98,
                    "permissionName": "Audit Management",
                    "sourceId": 642,
                    "addPermission": false,
                    "updatePermission": false,
                    "deletePermission": false,
                    "postPermission": false,
                    "appId": 2,
                    "appName": "Audit",
                    "operations": false
                },
                {
                    "id": 186,
                    "permissionGroupId": 4,
                    "permissionId": 113,
                    "permissionName": "Audit Completion Report",
                    "sourceId": 643,
                    "addPermission": false,
                    "updatePermission": false,
                    "deletePermission": false,
                    "postPermission": false,
                    "appId": 2,
                    "appName": "Audit",
                    "operations": false
                },
                {
                    "id": 187,
                    "permissionGroupId": 4,
                    "permissionId": 135,
                    "permissionName": "Audit Advance",
                    "sourceId": 644,
                    "addPermission": false,
                    "updatePermission": false,
                    "deletePermission": false,
                    "postPermission": false,
                    "appId": 2,
                    "appName": "Audit",
                    "operations": false
                },
                {
                    "id": 188,
                    "permissionGroupId": 4,
                    "permissionId": 153,
                    "permissionName": "Custom Audit Forms",
                    "sourceId": 645,
                    "addPermission": false,
                    "updatePermission": false,
                    "deletePermission": false,
                    "postPermission": false,
                    "appId": 2,
                    "appName": "Audit",
                    "operations": false
                },
                {
                    "id": 189,
                    "permissionGroupId": 4,
                    "permissionId": 154,
                    "permissionName": "Ad-hoc Audit",
                    "sourceId": 646,
                    "addPermission": false,
                    "updatePermission": false,
                    "deletePermission": false,
                    "postPermission": false,
                    "appId": 2,
                    "appName": "Audit",
                    "operations": false
                },
                {
                    "id": 190,
                    "permissionGroupId": 4,
                    "permissionId": 133,
                    "permissionName": "Task Reports",
                    "sourceId": 647,
                    "addPermission": false,
                    "updatePermission": false,
                    "deletePermission": false,
                    "postPermission": false,
                    "appId": 3,
                    "appName": "Task",
                    "operations": false
                },
                {
                    "id": 191,
                    "permissionGroupId": 4,
                    "permissionId": 95,
                    "permissionName": "Task Management",
                    "sourceId": 648,
                    "addPermission": false,
                    "updatePermission": false,
                    "deletePermission": false,
                    "postPermission": false,
                    "appId": 3,
                    "appName": "Task",
                    "operations": false
                },
                {
                    "id": 192,
                    "permissionGroupId": 4,
                    "permissionId": 139,
                    "permissionName": "WOW Report",
                    "sourceId": 649,
                    "addPermission": false,
                    "updatePermission": false,
                    "deletePermission": false,
                    "postPermission": false,
                    "appId": 4,
                    "appName": "Wow",
                    "operations": false
                },
                {
                    "id": 193,
                    "permissionGroupId": 4,
                    "permissionId": 3,
                    "permissionName": "Wow Admin",
                    "sourceId": 650,
                    "addPermission": false,
                    "updatePermission": false,
                    "deletePermission": false,
                    "postPermission": false,
                    "appId": 4,
                    "appName": "Wow",
                    "operations": false
                },
                {
                    "id": 194,
                    "permissionGroupId": 4,
                    "permissionId": 97,
                    "permissionName": "Quiz Management",
                    "sourceId": 655,
                    "addPermission": false,
                    "updatePermission": false,
                    "deletePermission": false,
                    "postPermission": false,
                    "appId": 14,
                    "appName": "Quiz",
                    "operations": false
                },
                {
                    "id": 195,
                    "permissionGroupId": 4,
                    "permissionId": 132,
                    "permissionName": "Quiz Reports",
                    "sourceId": 656,
                    "addPermission": false,
                    "updatePermission": false,
                    "deletePermission": false,
                    "postPermission": false,
                    "appId": 14,
                    "appName": "Quiz",
                    "operations": false
                },
                {
                    "id": 196,
                    "permissionGroupId": 4,
                    "permissionId": 129,
                    "permissionName": "Inventory Review",
                    "sourceId": 657,
                    "addPermission": false,
                    "updatePermission": false,
                    "deletePermission": false,
                    "postPermission": false,
                    "appId": 18,
                    "appName": "Inventory",
                    "operations": true
                },
                {
                    "id": 197,
                    "permissionGroupId": 4,
                    "permissionId": 91,
                    "permissionName": "Inventory Dashboard",
                    "sourceId": 658,
                    "addPermission": false,
                    "updatePermission": false,
                    "deletePermission": false,
                    "postPermission": false,
                    "appId": 18,
                    "appName": "Inventory",
                    "operations": false
                },
                {
                    "id": 198,
                    "permissionGroupId": 4,
                    "permissionId": 102,
                    "permissionName": "Clone-Inventory-Template",
                    "sourceId": 659,
                    "addPermission": false,
                    "updatePermission": false,
                    "deletePermission": false,
                    "postPermission": false,
                    "appId": 18,
                    "appName": "Inventory",
                    "operations": false
                },
                {
                    "id": 199,
                    "permissionGroupId": 4,
                    "permissionId": 106,
                    "permissionName": "Waste - Iced Beverage",
                    "sourceId": 660,
                    "addPermission": false,
                    "updatePermission": false,
                    "deletePermission": false,
                    "postPermission": false,
                    "appId": 18,
                    "appName": "Inventory",
                    "operations": true
                },
                {
                    "id": 200,
                    "permissionGroupId": 4,
                    "permissionId": 107,
                    "permissionName": "Waste - Hot Beverage",
                    "sourceId": 661,
                    "addPermission": false,
                    "updatePermission": false,
                    "deletePermission": false,
                    "postPermission": false,
                    "appId": 18,
                    "appName": "Inventory",
                    "operations": true
                },
                {
                    "id": 201,
                    "permissionGroupId": 4,
                    "permissionId": 108,
                    "permissionName": "Waste - Meat & Eggs",
                    "sourceId": 662,
                    "addPermission": false,
                    "updatePermission": false,
                    "deletePermission": false,
                    "postPermission": false,
                    "appId": 18,
                    "appName": "Inventory",
                    "operations": true
                },
                {
                    "id": 202,
                    "permissionGroupId": 4,
                    "permissionId": 109,
                    "permissionName": "Physical Inventory - Iced Beverage",
                    "sourceId": 663,
                    "addPermission": false,
                    "updatePermission": false,
                    "deletePermission": false,
                    "postPermission": false,
                    "appId": 18,
                    "appName": "Inventory",
                    "operations": true
                },
                {
                    "id": 203,
                    "permissionGroupId": 4,
                    "permissionId": 79,
                    "permissionName": "Inventory Journal Items Report",
                    "sourceId": 664,
                    "addPermission": false,
                    "updatePermission": false,
                    "deletePermission": false,
                    "postPermission": false,
                    "appId": 18,
                    "appName": "Inventory",
                    "operations": false
                },
                {
                    "id": 204,
                    "permissionGroupId": 4,
                    "permissionId": 12,
                    "permissionName": "Inventory Items",
                    "sourceId": 665,
                    "addPermission": false,
                    "updatePermission": false,
                    "deletePermission": false,
                    "postPermission": false,
                    "appId": 18,
                    "appName": "Inventory",
                    "operations": false
                },
                {
                    "id": 205,
                    "permissionGroupId": 4,
                    "permissionId": 33,
                    "permissionName": "Paid In/Out",
                    "sourceId": 666,
                    "addPermission": true,
                    "updatePermission": true,
                    "deletePermission": true,
                    "postPermission": false,
                    "appId": 19,
                    "appName": "Sales",
                    "operations": true
                },
                {
                    "id": 206,
                    "permissionGroupId": 4,
                    "permissionId": 34,
                    "permissionName": "Daily Sales Summary",
                    "sourceId": 667,
                    "addPermission": false,
                    "updatePermission": false,
                    "deletePermission": false,
                    "postPermission": false,
                    "appId": 19,
                    "appName": "Sales",
                    "operations": false
                },
                {
                    "id": 207,
                    "permissionGroupId": 4,
                    "permissionId": 84,
                    "permissionName": "Sales Admin Settings",
                    "sourceId": 669,
                    "addPermission": false,
                    "updatePermission": false,
                    "deletePermission": false,
                    "postPermission": false,
                    "appId": 19,
                    "appName": "Sales",
                    "operations": false
                },
                {
                    "id": 208,
                    "permissionGroupId": 4,
                    "permissionId": 85,
                    "permissionName": "Sales Upload",
                    "sourceId": 670,
                    "addPermission": false,
                    "updatePermission": false,
                    "deletePermission": false,
                    "postPermission": false,
                    "appId": 19,
                    "appName": "Sales",
                    "operations": false
                },
                {
                    "id": 209,
                    "permissionGroupId": 4,
                    "permissionId": 89,
                    "permissionName": "Labor By Time Report",
                    "sourceId": 671,
                    "addPermission": false,
                    "updatePermission": false,
                    "deletePermission": false,
                    "postPermission": false,
                    "appId": 19,
                    "appName": "Sales",
                    "operations": false
                },
                {
                    "id": 210,
                    "permissionGroupId": 4,
                    "permissionId": 90,
                    "permissionName": "Gross Margin By Time Report",
                    "sourceId": 672,
                    "addPermission": false,
                    "updatePermission": false,
                    "deletePermission": false,
                    "postPermission": false,
                    "appId": 19,
                    "appName": "Sales",
                    "operations": false
                },
                {
                    "id": 211,
                    "permissionGroupId": 4,
                    "permissionId": 121,
                    "permissionName": "Recipe-Sales",
                    "sourceId": 673,
                    "addPermission": false,
                    "updatePermission": false,
                    "deletePermission": false,
                    "postPermission": false,
                    "appId": 19,
                    "appName": "Sales",
                    "operations": false
                },
                {
                    "id": 212,
                    "permissionGroupId": 4,
                    "permissionId": 124,
                    "permissionName": "Daily Sales Edit",
                    "sourceId": 674,
                    "addPermission": false,
                    "updatePermission": false,
                    "deletePermission": false,
                    "postPermission": false,
                    "appId": 19,
                    "appName": "Sales",
                    "operations": false
                },
                {
                    "id": 213,
                    "permissionGroupId": 4,
                    "permissionId": 140,
                    "permissionName": "Route-Sales",
                    "sourceId": 675,
                    "addPermission": false,
                    "updatePermission": false,
                    "deletePermission": false,
                    "postPermission": false,
                    "appId": 19,
                    "appName": "Sales",
                    "operations": false
                },
                {
                    "id": 214,
                    "permissionGroupId": 4,
                    "permissionId": 141,
                    "permissionName": "Delivery-Sales",
                    "sourceId": 676,
                    "addPermission": false,
                    "updatePermission": false,
                    "deletePermission": false,
                    "postPermission": false,
                    "appId": 19,
                    "appName": "Sales",
                    "operations": false
                },
                {
                    "id": 215,
                    "permissionGroupId": 4,
                    "permissionId": 142,
                    "permissionName": "PriceStructure-Sales",
                    "sourceId": 677,
                    "addPermission": false,
                    "updatePermission": false,
                    "deletePermission": false,
                    "postPermission": false,
                    "appId": 19,
                    "appName": "Sales",
                    "operations": false
                },
                {
                    "id": 216,
                    "permissionGroupId": 4,
                    "permissionId": 143,
                    "permissionName": "Trucks-Sales",
                    "sourceId": 678,
                    "addPermission": false,
                    "updatePermission": false,
                    "deletePermission": false,
                    "postPermission": false,
                    "appId": 19,
                    "appName": "Sales",
                    "operations": false
                },
                {
                    "id": 217,
                    "permissionGroupId": 4,
                    "permissionId": 144,
                    "permissionName": "Catalogs-Sales",
                    "sourceId": 679,
                    "addPermission": false,
                    "updatePermission": false,
                    "deletePermission": false,
                    "postPermission": false,
                    "appId": 19,
                    "appName": "Sales",
                    "operations": false
                },
                {
                    "id": 218,
                    "permissionGroupId": 4,
                    "permissionId": 145,
                    "permissionName": "Customer-Sales",
                    "sourceId": 680,
                    "addPermission": false,
                    "updatePermission": false,
                    "deletePermission": false,
                    "postPermission": false,
                    "appId": 19,
                    "appName": "Sales",
                    "operations": false
                },
                {
                    "id": 219,
                    "permissionGroupId": 4,
                    "permissionId": 156,
                    "permissionName": "Sales Order",
                    "sourceId": 681,
                    "addPermission": false,
                    "updatePermission": false,
                    "deletePermission": false,
                    "postPermission": false,
                    "appId": 19,
                    "appName": "Sales",
                    "operations": false
                },
                {
                    "id": 220,
                    "permissionGroupId": 4,
                    "permissionId": 148,
                    "permissionName": "Sales Vendor",
                    "sourceId": 682,
                    "addPermission": false,
                    "updatePermission": false,
                    "deletePermission": false,
                    "postPermission": false,
                    "appId": 19,
                    "appName": "Sales",
                    "operations": false
                },
                {
                    "id": 221,
                    "permissionGroupId": 4,
                    "permissionId": 123,
                    "permissionName": "Prep Forecast",
                    "sourceId": 683,
                    "addPermission": false,
                    "updatePermission": false,
                    "deletePermission": false,
                    "postPermission": false,
                    "appId": 20,
                    "appName": "Prep",
                    "operations": false
                },
                {
                    "id": 222,
                    "permissionGroupId": 4,
                    "permissionId": 105,
                    "permissionName": "Prep Hot Beverage",
                    "sourceId": 684,
                    "addPermission": false,
                    "updatePermission": false,
                    "deletePermission": false,
                    "postPermission": false,
                    "appId": 20,
                    "appName": "Prep",
                    "operations": false
                },
                {
                    "id": 223,
                    "permissionGroupId": 4,
                    "permissionId": 103,
                    "permissionName": "Clone-Prep-Template",
                    "sourceId": 685,
                    "addPermission": false,
                    "updatePermission": false,
                    "deletePermission": false,
                    "postPermission": false,
                    "appId": 20,
                    "appName": "Prep",
                    "operations": false
                },
                {
                    "id": 224,
                    "permissionGroupId": 4,
                    "permissionId": 77,
                    "permissionName": "Donut/Bakery Prep",
                    "sourceId": 686,
                    "addPermission": false,
                    "updatePermission": false,
                    "deletePermission": false,
                    "postPermission": false,
                    "appId": 20,
                    "appName": "Prep",
                    "operations": true
                },
                {
                    "id": 225,
                    "permissionGroupId": 4,
                    "permissionId": 78,
                    "permissionName": "Prep Usage by Week (Report)",
                    "sourceId": 687,
                    "addPermission": false,
                    "updatePermission": false,
                    "deletePermission": false,
                    "postPermission": false,
                    "appId": 20,
                    "appName": "Prep",
                    "operations": false
                },
                {
                    "id": 226,
                    "permissionGroupId": 4,
                    "permissionId": 86,
                    "permissionName": "Prep Iced Beverage Demand",
                    "sourceId": 688,
                    "addPermission": false,
                    "updatePermission": false,
                    "deletePermission": false,
                    "postPermission": false,
                    "appId": 20,
                    "appName": "Prep",
                    "operations": false
                },
                {
                    "id": 227,
                    "permissionGroupId": 4,
                    "permissionId": 87,
                    "permissionName": "Prep Hot Beverage Demand",
                    "sourceId": 689,
                    "addPermission": false,
                    "updatePermission": false,
                    "deletePermission": false,
                    "postPermission": false,
                    "appId": 20,
                    "appName": "Prep",
                    "operations": false
                },
                {
                    "id": 228,
                    "permissionGroupId": 4,
                    "permissionId": 88,
                    "permissionName": "Prep Iced Beverage",
                    "sourceId": 690,
                    "addPermission": false,
                    "updatePermission": false,
                    "deletePermission": false,
                    "postPermission": false,
                    "appId": 20,
                    "appName": "Prep",
                    "operations": false
                },
                {
                    "id": 229,
                    "permissionGroupId": 4,
                    "permissionId": 80,
                    "permissionName": "Prep Hot Holding Demands (Report)",
                    "sourceId": 691,
                    "addPermission": false,
                    "updatePermission": false,
                    "deletePermission": false,
                    "postPermission": false,
                    "appId": 20,
                    "appName": "Prep",
                    "operations": false
                },
                {
                    "id": 230,
                    "permissionGroupId": 4,
                    "permissionId": 82,
                    "permissionName": "Blackout Date",
                    "sourceId": 692,
                    "addPermission": false,
                    "updatePermission": false,
                    "deletePermission": false,
                    "postPermission": false,
                    "appId": 22,
                    "appName": "Purchasing",
                    "operations": true
                },
                {
                    "id": 231,
                    "permissionGroupId": 4,
                    "permissionId": 104,
                    "permissionName": "Clone-Purchase-Template",
                    "sourceId": 693,
                    "addPermission": false,
                    "updatePermission": false,
                    "deletePermission": false,
                    "postPermission": false,
                    "appId": 22,
                    "appName": "Purchasing",
                    "operations": false
                },
                {
                    "id": 232,
                    "permissionGroupId": 4,
                    "permissionId": 111,
                    "permissionName": "Auto-Order",
                    "sourceId": 694,
                    "addPermission": false,
                    "updatePermission": false,
                    "deletePermission": false,
                    "postPermission": false,
                    "appId": 22,
                    "appName": "Purchasing",
                    "operations": false
                },
                {
                    "id": 233,
                    "permissionGroupId": 4,
                    "permissionId": 137,
                    "permissionName": "Purchasing Admin Settings",
                    "sourceId": 695,
                    "addPermission": false,
                    "updatePermission": false,
                    "deletePermission": false,
                    "postPermission": false,
                    "appId": 22,
                    "appName": "Purchasing",
                    "operations": true
                },
                {
                    "id": 234,
                    "permissionGroupId": 4,
                    "permissionId": 138,
                    "permissionName": "Purchasing Forecast",
                    "sourceId": 696,
                    "addPermission": false,
                    "updatePermission": false,
                    "deletePermission": false,
                    "postPermission": false,
                    "appId": 22,
                    "appName": "Purchasing",
                    "operations": false
                },
                {
                    "id": 235,
                    "permissionGroupId": 4,
                    "permissionId": 130,
                    "permissionName": "Admin user can update Accounting",
                    "sourceId": 697,
                    "addPermission": false,
                    "updatePermission": false,
                    "deletePermission": false,
                    "postPermission": false,
                    "appId": 23,
                    "appName": "RMS",
                    "operations": false
                },
                {
                    "id": 236,
                    "permissionGroupId": 4,
                    "permissionId": 100,
                    "permissionName": "RMS Management",
                    "sourceId": 698,
                    "addPermission": false,
                    "updatePermission": false,
                    "deletePermission": false,
                    "postPermission": false,
                    "appId": 23,
                    "appName": "RMS",
                    "operations": false
                },
                {
                    "id": 237,
                    "permissionGroupId": 4,
                    "permissionId": 115,
                    "permissionName": "Dashboard-Finance",
                    "sourceId": 699,
                    "addPermission": false,
                    "updatePermission": false,
                    "deletePermission": false,
                    "postPermission": false,
                    "appId": 24,
                    "appName": "Integration",
                    "operations": false
                },
                {
                    "id": 238,
                    "permissionGroupId": 4,
                    "permissionId": 147,
                    "permissionName": "Export",
                    "sourceId": 700,
                    "addPermission": false,
                    "updatePermission": false,
                    "deletePermission": false,
                    "postPermission": false,
                    "appId": 24,
                    "appName": "Integration",
                    "operations": false
                },
                {
                    "id": 239,
                    "permissionGroupId": 4,
                    "permissionId": 155,
                    "permissionName": "Intacct Export Health",
                    "sourceId": 701,
                    "addPermission": false,
                    "updatePermission": false,
                    "deletePermission": false,
                    "postPermission": false,
                    "appId": 24,
                    "appName": "Integration",
                    "operations": false
                },
                {
                    "id": 240,
                    "permissionGroupId": 4,
                    "permissionId": 159,
                    "permissionName": "Employee Health Summary",
                    "sourceId": 702,
                    "addPermission": false,
                    "updatePermission": false,
                    "deletePermission": false,
                    "postPermission": false,
                    "appId": 2,
                    "appName": "Audit",
                    "operations": false
                },
                {
                    "id": 241,
                    "permissionGroupId": 4,
                    "permissionId": 157,
                    "permissionName": "Picking",
                    "sourceId": 703,
                    "addPermission": false,
                    "updatePermission": false,
                    "deletePermission": false,
                    "postPermission": false,
                    "appId": 27,
                    "appName": "Picking",
                    "operations": false
                },
                {
                    "id": 242,
                    "permissionGroupId": 4,
                    "permissionId": 158,
                    "permissionName": "Receiving",
                    "sourceId": 704,
                    "addPermission": false,
                    "updatePermission": false,
                    "deletePermission": false,
                    "postPermission": false,
                    "appId": 27,
                    "appName": "Picking",
                    "operations": false
                }
            ],
            "appId": null,
            "appName": null,
            "master": true,
            "news": false,
            "sourceId": 4,
            "local": false
        },
        {
            "id": 25,
            "permissionGroupName": "Super User",
            "description": "All permissions EXCLUDING Editing Cash Deposit, Integrations, Accounting Setup",
            "permissionIds": [
                1,
                3,
                7,
                13,
                93,
                139,
                217,
                224,
                424,
                425
            ],
            "permissionDetails": [
                {
                    "id": 2695,
                    "permissionGroupId": 25,
                    "permissionId": 7,
                    "permissionName": "Physical Inventory - Ingredient",
                    "sourceId": null,
                    "addPermission": true,
                    "updatePermission": true,
                    "deletePermission": true,
                    "postPermission": true,
                    "appId": 18,
                    "appName": "Inventory",
                    "operations": true
                },
                {
                    "id": 2696,
                    "permissionGroupId": 25,
                    "permissionId": 13,
                    "permissionName": "Inventory Templates",
                    "sourceId": null,
                    "addPermission": true,
                    "updatePermission": true,
                    "deletePermission": true,
                    "postPermission": true,
                    "appId": 18,
                    "appName": "Inventory",
                    "operations": true
                },
                {
                    "id": 2561,
                    "permissionGroupId": 25,
                    "permissionId": 217,
                    "permissionName": "Development Plan",
                    "sourceId": null,
                    "addPermission": true,
                    "updatePermission": true,
                    "deletePermission": true,
                    "postPermission": true,
                    "appId": 7,
                    "appName": "People",
                    "operations": true
                },
                {
                    "id": 1893,
                    "permissionGroupId": 25,
                    "permissionId": 93,
                    "permissionName": "Location Management",
                    "sourceId": null,
                    "addPermission": false,
                    "updatePermission": false,
                    "deletePermission": false,
                    "postPermission": false,
                    "appId": 29,
                    "appName": "Admin",
                    "operations": false
                },
                {
                    "id": 2035,
                    "permissionGroupId": 25,
                    "permissionId": 139,
                    "permissionName": "WOW Report",
                    "sourceId": null,
                    "addPermission": false,
                    "updatePermission": false,
                    "deletePermission": false,
                    "postPermission": false,
                    "appId": 4,
                    "appName": "Wow",
                    "operations": false
                },
                {
                    "id": 2041,
                    "permissionGroupId": 25,
                    "permissionId": 3,
                    "permissionName": "Wow Admin",
                    "sourceId": null,
                    "addPermission": false,
                    "updatePermission": false,
                    "deletePermission": false,
                    "postPermission": false,
                    "appId": 4,
                    "appName": "Wow",
                    "operations": false
                },
                {
                    "id": 2161,
                    "permissionGroupId": 25,
                    "permissionId": 1,
                    "permissionName": "Administration",
                    "sourceId": null,
                    "addPermission": false,
                    "updatePermission": false,
                    "deletePermission": false,
                    "postPermission": false,
                    "appId": 29,
                    "appName": "Admin",
                    "operations": false
                },
                {
                    "id": 2172,
                    "permissionGroupId": 25,
                    "permissionId": 224,
                    "permissionName": "People-Training Pathway Learner",
                    "sourceId": null,
                    "addPermission": false,
                    "updatePermission": false,
                    "deletePermission": false,
                    "postPermission": false,
                    "appId": 7,
                    "appName": "People",
                    "operations": false
                },
                {
                    "id": 2621,
                    "permissionGroupId": 25,
                    "permissionId": 424,
                    "permissionName": "Learning Path Dashboard",
                    "sourceId": null,
                    "addPermission": false,
                    "updatePermission": false,
                    "deletePermission": false,
                    "postPermission": false,
                    "appId": 7,
                    "appName": "People",
                    "operations": false
                },
                {
                    "id": 2622,
                    "permissionGroupId": 25,
                    "permissionId": 425,
                    "permissionName": "People-Training Skill Assign",
                    "sourceId": null,
                    "addPermission": false,
                    "updatePermission": false,
                    "deletePermission": false,
                    "postPermission": false,
                    "appId": 7,
                    "appName": "People",
                    "operations": false
                }
            ],
            "appId": null,
            "appName": null,
            "master": false,
            "news": false,
            "sourceId": null,
            "local": true
        },
        {
            "id": 16,
            "permissionGroupName": "Test One App Role",
            "description": "",
            "permissionIds": [
                135,
                153,
                154
            ],
            "permissionDetails": [
                {
                    "id": 562,
                    "permissionGroupId": 16,
                    "permissionId": 135,
                    "permissionName": "Audit Advance",
                    "sourceId": 1344,
                    "addPermission": false,
                    "updatePermission": false,
                    "deletePermission": false,
                    "postPermission": false,
                    "appId": 2,
                    "appName": "Audit",
                    "operations": false
                },
                {
                    "id": 573,
                    "permissionGroupId": 16,
                    "permissionId": 153,
                    "permissionName": "Custom Audit Forms",
                    "sourceId": 1345,
                    "addPermission": false,
                    "updatePermission": false,
                    "deletePermission": false,
                    "postPermission": false,
                    "appId": 2,
                    "appName": "Audit",
                    "operations": false
                },
                {
                    "id": 542,
                    "permissionGroupId": 16,
                    "permissionId": 154,
                    "permissionName": "Ad-hoc Audit",
                    "sourceId": 1346,
                    "addPermission": false,
                    "updatePermission": false,
                    "deletePermission": false,
                    "postPermission": false,
                    "appId": 2,
                    "appName": "Audit",
                    "operations": false
                }
            ],
            "appId": null,
            "appName": null,
            "master": false,
            "news": false,
            "sourceId": 211,
            "local": false
        },
        {
            "id": 6,
            "permissionGroupName": "User Admin",
            "description": "Ability to manage users under your hierarchy",
            "permissionIds": [
                2,
                167,
                178,
                195,
                196,
                202,
                212,
                266,
                273
            ],
            "permissionDetails": [
                {
                    "id": 529,
                    "permissionGroupId": 6,
                    "permissionId": 195,
                    "permissionName": "Manage People App Form",
                    "sourceId": 1314,
                    "addPermission": false,
                    "updatePermission": false,
                    "deletePermission": false,
                    "postPermission": false,
                    "appId": 7,
                    "appName": "People",
                    "operations": false
                },
                {
                    "id": 530,
                    "permissionGroupId": 6,
                    "permissionId": 196,
                    "permissionName": "People App Admin",
                    "sourceId": 1315,
                    "addPermission": false,
                    "updatePermission": false,
                    "deletePermission": false,
                    "postPermission": false,
                    "appId": 7,
                    "appName": "People",
                    "operations": false
                },
                {
                    "id": 531,
                    "permissionGroupId": 6,
                    "permissionId": 202,
                    "permissionName": "People Management",
                    "sourceId": 1316,
                    "addPermission": false,
                    "updatePermission": false,
                    "deletePermission": false,
                    "postPermission": false,
                    "appId": 7,
                    "appName": "People",
                    "operations": false
                },
                {
                    "id": 475,
                    "permissionGroupId": 6,
                    "permissionId": 178,
                    "permissionName": "User Activity Log",
                    "sourceId": 1256,
                    "addPermission": false,
                    "updatePermission": false,
                    "deletePermission": false,
                    "postPermission": false,
                    "appId": 29,
                    "appName": "Admin",
                    "operations": false
                },
                {
                    "id": 462,
                    "permissionGroupId": 6,
                    "permissionId": 167,
                    "permissionName": "Multi date picking and receiving",
                    "sourceId": 1235,
                    "addPermission": false,
                    "updatePermission": false,
                    "deletePermission": false,
                    "postPermission": false,
                    "appId": 27,
                    "appName": "Picking",
                    "operations": false
                },
                {
                    "id": 254,
                    "permissionGroupId": 6,
                    "permissionId": 2,
                    "permissionName": "Basic User Admin",
                    "sourceId": 1000,
                    "addPermission": false,
                    "updatePermission": false,
                    "deletePermission": false,
                    "postPermission": false,
                    "appId": 29,
                    "appName": "Admin",
                    "operations": false
                },
                {
                    "id": 660,
                    "permissionGroupId": 6,
                    "permissionId": 266,
                    "permissionName": "Team Screening",
                    "sourceId": 266,
                    "addPermission": false,
                    "updatePermission": false,
                    "deletePermission": false,
                    "postPermission": false,
                    "appId": 34,
                    "appName": "Health & Screening",
                    "operations": false
                },
                {
                    "id": 661,
                    "permissionGroupId": 6,
                    "permissionId": 273,
                    "permissionName": "Health Verification",
                    "sourceId": 273,
                    "addPermission": false,
                    "updatePermission": false,
                    "deletePermission": false,
                    "postPermission": false,
                    "appId": 34,
                    "appName": "Health & Screening",
                    "operations": false
                },
                {
                    "id": 643,
                    "permissionGroupId": 6,
                    "permissionId": 212,
                    "permissionName": "Desk Reports",
                    "sourceId": null,
                    "addPermission": true,
                    "updatePermission": true,
                    "deletePermission": true,
                    "postPermission": true,
                    "appId": 31,
                    "appName": "Desk",
                    "operations": false
                }
            ],
            "appId": null,
            "appName": null,
            "master": true,
            "news": false,
            "sourceId": 6,
            "local": false
        },
        {
            "id": 36,
            "permissionGroupName": "WPS",
            "description": "For WPS",
            "permissionIds": [
                322
            ],
            "permissionDetails": [
                {
                    "id": 2042,
                    "permissionGroupId": 36,
                    "permissionId": 322,
                    "permissionName": "Audit Answer History",
                    "sourceId": null,
                    "addPermission": false,
                    "updatePermission": false,
                    "deletePermission": false,
                    "postPermission": false,
                    "appId": 2,
                    "appName": "Audit",
                    "operations": false
                }
            ],
            "appId": null,
            "appName": null,
            "master": false,
            "news": false,
            "sourceId": null,
            "local": true
        }
    ],
    "empTitleIds": [
        
    ],
    "empRoleIds": [
        
    ],
    "taskType": 1,
    "status": true,
    "master": false,
    "editable": false,
    "signOffVerification": true,
    "enableByRole": false,
    "multiday": false,
    "management": false,
    "groups": [
        {
            "id": 1159,
            "groupName": "Default",
            "equipmentTypeId": null,
            "equipmentType": null,
            "details": [
                {
                    "id": 104060,
                    "taskId": 100392,
                    "questionId": 175,
                    "readingTypeId": 101,
                    "target": "30",
                    "minRange": 15.0,
                    "maxRange": 40.0,
                    "generateCorrAction": true,
                    "inputTypeId": 2,
                    "sequence": 1,
                    "status": true,
                    "master": false,
                    "canAttachImages": false,
                    "startDate": null,
                    "endDate": null,
                    "everyNTimes": null,
                    "weekDayIds": [
                        
                    ],
                    "allowNA": false,
                    "multipleReading": 3,
                    "allowItemSelection": false,
                    "itemSelections": [
                        
                    ],
                    "instructionHtml": null,
                    "contentTypeId": 0,
                    "questionSettings": {
                        "items": null,
                        "instructionHtml": null,
                        "instructionMediaId": null,
                        "contentTypeId": 1,
                        "retakeReading": true,
                        "raisedTicket": false,
                        "categoryId": null,
                        "subcategoryId": null,
                        "priority": null
                    }
                }
            ],
            "notifyExpireSoon": false,
            "notifyOpen": false,
            "hasSchedule": false,
            "schedule": {
                "id": 0,
                "scheduleName": null,
                "scheduleTypeId": 301,
                "durationDays": 1,
                "durationHours": null,
                "intervalHours": null,
                "intervalDays": null,
                "weekOfTheMonth": null,
                "recurring": false,
                "weekDayIds": null,
                "weekDayId": null,
                "startDate": "2024-02-14",
                "endDate": null,
                "timeRange": 2,
                "startTime": null,
                "endTime": null,
                "startAtOpen": false,
                "endAtClose": false,
                "lastModified": "0001-01-01T00:00:00.000",
                "scheduleTypes": [
                    {
                        "text": "# Hours",
                        "value": 308
                    },
                    {
                        "text": "Daily",
                        "value": 301
                    },
                    {
                        "text": "# Days",
                        "value": 307
                    },
                    {
                        "text": "Weekly",
                        "value": 302
                    },
                    {
                        "text": "BiWeekly",
                        "value": 303
                    },
                    {
                        "text": "Monthly",
                        "value": 304
                    },
                    {
                        "text": "Quarterly",
                        "value": 305
                    },
                    {
                        "text": "Yearly",
                        "value": 306
                    }
                ],
                "scheduleSettings": null,
                "showBeforeAfterTime": false
            },
            "status": true
        }
    ],
    "questions": [
        {
            "id": 47,
            "master": true,
            "questionName": " Med Coolatta Cream",
            "instructions": "23",
            "contentTypeId": 2
        },
        {
            "id": 100066,
            "master": false,
            "questionName": "1/2 Hoods & Filters (L)",
            "instructions": "170",
            "contentTypeId": 2
        },
        {
            "id": 100071,
            "master": false,
            "questionName": "1/2 Kitchen Ceiling/Vents",
            "instructions": "",
            "contentTypeId": 0
        },
        {
            "id": 100007,
            "master": false,
            "questionName": "3 Compartment Sink",
            "instructions": "The cash was deposited yesterday, EOD was run yesterday, and there are no issues.",
            "contentTypeId": 0
        },
        {
            "id": 118,
            "master": true,
            "questionName": "3-Bay Sink (set-up, sanitizer tested)",
            "instructions": "32490",
            "contentTypeId": 1
        },
        {
            "id": 100184,
            "master": false,
            "questionName": "3-compartemnt sink set up correctly, sanitizer buckets labelled, towels stored in correct color buckets of sanitizer solution (150 - 400ppm)",
            "instructions": "All products meet quality standards and are within proper hold time. Dispose of any product that doesn’t meet standards (Quality, Hold Time &amp; Temp.) – MOD is accountable for ensuring the actions are followed throughout the shift.",
            "contentTypeId": 0
        },
        {
            "id": 100503,
            "master": false,
            "questionName": "3-compartment sink hot water temperature=120F (minimum)",
            "instructions": "3-compartment sink hot water temperature=120F (minimum)",
            "contentTypeId": 0
        },
        {
            "id": 100655,
            "master": false,
            "questionName": "Add your views about the product ?",
            "instructions": "views here",
            "contentTypeId": 0
        },
        {
            "id": 100314,
            "master": false,
            "questionName": "Additional Cooler on the line",
            "instructions": "Additional Test Help",
            "contentTypeId": 0
        },
        {
            "id": 100322,
            "master": false,
            "questionName": "Additional Freezer",
            "instructions": "",
            "contentTypeId": 0
        },
        {
            "id": 100319,
            "master": false,
            "questionName": "Additional Fryers",
            "instructions": "31323",
            "contentTypeId": 1
        },
        {
            "id": 100251,
            "master": false,
            "questionName": "Additional prep for the day completed as time permits - Guest come first",
            "instructions": "",
            "contentTypeId": 0
        },
        {
            "id": 1058,
            "master": true,
            "questionName": "Air Conditioner Filters",
            "instructions": "",
            "contentTypeId": 0
        },
        {
            "id": 175,
            "master": true,
            "questionName": "Air Temperature",
            "instructions": null,
            "contentTypeId": 0
        },
        {
            "id": 100076,
            "master": false,
            "questionName": "All AC Vents",
            "instructions": "<span class=\"ite-strikethrough\"><span id=\"selectionBoundary_1660745863387_013018201498188997\" class=\"rangySelectionBoundary\" style=\"line-height: 0; display: none;\">﻿</span><span id=\"selectionBoundary_1660745866484_10905905563995422\" class=\"rangySelectionBoundary\" style=\"line-height: 0; display: none;\">﻿</span>All AC Vents<span id=\"selectionBoundary_1660745866483_029764419121209196\" class=\"rangySelectionBoundary\" style=\"line-height: 0; display: none;\">﻿</span><span id=\"selectionBoundary_1660745863387_003679198879108725\" class=\"rangySelectionBoundary\" style=\"line-height: 0; display: none;\">﻿</span></span>",
            "contentTypeId": 0
        },
        {
            "id": 100002,
            "master": false,
            "questionName": "All Available",
            "instructions": "",
            "contentTypeId": 0
        },
        {
            "id": 100714,
            "master": false,
            "questionName": "All employee are practicing recommended interaction and  social distancing",
            "instructions": null,
            "contentTypeId": 0
        },
        {
            "id": 100711,
            "master": false,
            "questionName": "All employee are using approved ppe",
            "instructions": null,
            "contentTypeId": 0
        },
        {
            "id": 100710,
            "master": false,
            "questionName": "All employee have completed an approved pre-shift health check in Workpulse audit",
            "instructions": null,
            "contentTypeId": 0
        },
        {
            "id": 100713,
            "master": false,
            "questionName": "All employee use proper hand washing technique with recommended frequency",
            "instructions": null,
            "contentTypeId": 0
        },
        {
            "id": 100153,
            "master": false,
            "questionName": "All equipment is neat and cleaned to standard",
            "instructions": "",
            "contentTypeId": 0
        },
        {
            "id": 100114,
            "master": false,
            "questionName": "ALL EQUIPMENT IS TURNED ON: REACH INS, SIDE WARMER, BUN WARMER, HEATED CABINETS, FRY DUMP, HOT & COLDWELL (DOUBLE CHECK TO MAKE SURE COLDWELL IS ACTUALLY ON!!!)",
            "instructions": "",
            "contentTypeId": 0
        },
        {
            "id": 112,
            "master": true,
            "questionName": "All food storage (labeled, rotated, fill-levels)",
            "instructions": null,
            "contentTypeId": 0
        },
        {
            "id": 100059,
            "master": false,
            "questionName": "All Fryer Filter Units",
            "instructions": "",
            "contentTypeId": 0
        },
        {
            "id": 100210,
            "master": false,
            "questionName": "All gaskets are clean and in good repair",
            "instructions": null,
            "contentTypeId": 0
        },
        {
            "id": 100024,
            "master": false,
            "questionName": "All Hand Sinks",
            "instructions": "All hand sinks are clean?",
            "contentTypeId": 0
        },
        {
            "id": 100498,
            "master": false,
            "questionName": "All ingredients are labeled with delivery and use-by dates. Ingredients past the use-by date or spoiled are discarded prior to opening",
            "instructions": "",
            "contentTypeId": 0
        },
        {
            "id": 205,
            "master": true,
            "questionName": "All Lights Shielded?",
            "instructions": null,
            "contentTypeId": 0
        },
        {
            "id": 265,
            "master": true,
            "questionName": "All machine prompts for cleaning were followed, the machine rebooted and is now ready for use?",
            "instructions": "",
            "contentTypeId": 0
        },
        {
            "id": 267,
            "master": true,
            "questionName": "All machine prompts for cleaning were followed, the machine rebooted and is now ready for use? ",
            "instructions": "",
            "contentTypeId": 0
        },
        {
            "id": 271,
            "master": true,
            "questionName": "All machine prompts for cleaning were followed, the machine was restarted and is now ready for use? ",
            "instructions": "",
            "contentTypeId": 0
        },
        {
            "id": 100040,
            "master": false,
            "questionName": "All Monitors",
            "instructions": "",
            "contentTypeId": 0
        },
        {
            "id": 152,
            "master": true,
            "questionName": "All Product Labels available",
            "instructions": "3",
            "contentTypeId": 2
        },
        {
            "id": 185,
            "master": true,
            "questionName": "All refrigerated temperatures are 41 F or below?",
            "instructions": "Temperatures are 41 F or below?",
            "contentTypeId": 0
        },
        {
            "id": 100142,
            "master": false,
            "questionName": "All tables and chairs are clean",
            "instructions": "",
            "contentTypeId": 0
        },
        {
            "id": 100115,
            "master": false,
            "questionName": "ALL TIME TAGS ARE PRESENT AND TIMED APPROPRIATELY (COLDWELL AND HOTWELL)",
            "instructions": "",
            "contentTypeId": 0
        },
        {
            "id": 100118,
            "master": false,
            "questionName": "ALL UTENSILS ARE PRESENT: SCOOPS, LADLES",
            "instructions": "",
            "contentTypeId": 0
        },
        {
            "id": 100635,
            "master": false,
            "questionName": "Amount of coffee powder in 80 litre of milk ?",
            "instructions": "",
            "contentTypeId": 0
        },
        {
            "id": 100610,
            "master": false,
            "questionName": "Amount of coffee powder required ?",
            "instructions": "",
            "contentTypeId": 0
        },
        {
            "id": 100608,
            "master": false,
            "questionName": "Amount of coke required ?",
            "instructions": "3",
            "contentTypeId": 2
        },
        {
            "id": 100609,
            "master": false,
            "questionName": "Amount of milk required ?",
            "instructions": "milk required",
            "contentTypeId": 0
        },
        {
            "id": 100578,
            "master": false,
            "questionName": "Amount of the items in production ?",
            "instructions": "3",
            "contentTypeId": 2
        },
        {
            "id": 84,
            "master": true,
            "questionName": "Anti-bacterial Soap stocked",
            "instructions": null,
            "contentTypeId": 0
        },
        {
            "id": 100647,
            "master": false,
            "questionName": "Any complaint regarding food and service ?",
            "instructions": "Mention your complaint.",
            "contentTypeId": 0
        },
        {
            "id": 100656,
            "master": false,
            "questionName": "Any complaint regarding product ?",
            "instructions": "complaint here",
            "contentTypeId": 0
        },
        {
            "id": 40,
            "master": true,
            "questionName": "Any Damaged Product?",
            "instructions": "is there any product damaged?",
            "contentTypeId": 0
        },
        {
            "id": 37,
            "master": true,
            "questionName": "Any Sign of Thawed and Refrozen Product? ",
            "instructions": null,
            "contentTypeId": 0
        },
        {
            "id": 100644,
            "master": false,
            "questionName": "Are all details verified ??",
            "instructions": "",
            "contentTypeId": 0
        },
        {
            "id": 100769,
            "master": false,
            "questionName": "Are all employees in full uniform and clocked in",
            "instructions": null,
            "contentTypeId": 0
        },
        {
            "id": 100768,
            "master": false,
            "questionName": "Are all employees in full uniform and clocked in?",
            "instructions": null,
            "contentTypeId": 0
        },
        {
            "id": 100671,
            "master": false,
            "questionName": "are all equipments clean?",
            "instructions": "22278",
            "contentTypeId": 1
        },
        {
            "id": 100672,
            "master": false,
            "questionName": "are all equipments working",
            "instructions": "22312",
            "contentTypeId": 1
        },
        {
            "id": 100771,
            "master": false,
            "questionName": "Are all hot and cold wells tuned on?",
            "instructions": null,
            "contentTypeId": 0
        },
        {
            "id": 141,
            "master": true,
            "questionName": "Are all ladders in good working condition including rubber feet and no broken or loose hardware?",
            "instructions": null,
            "contentTypeId": 0
        },
        {
            "id": 100745,
            "master": false,
            "questionName": "Are all lights, signage and menu boards on",
            "instructions": null,
            "contentTypeId": 0
        },
        {
            "id": 100744,
            "master": false,
            "questionName": "Are all lights, signage and menu boards on?",
            "instructions": null,
            "contentTypeId": 0
        },
        {
            "id": 100255,
            "master": false,
            "questionName": "Are Bleu Cheese Batches prepared?",
            "instructions": "",
            "contentTypeId": 0
        },
        {
            "id": 100751,
            "master": false,
            "questionName": "Are both the cooking log and line temp log in place at station?",
            "instructions": "Checking of both is important.",
            "contentTypeId": 0
        },
        {
            "id": 100258,
            "master": false,
            "questionName": "Are Brownie Trays prepared?",
            "instructions": "",
            "contentTypeId": 0
        },
        {
            "id": 100259,
            "master": false,
            "questionName": "Are Carrot Buckets prepared?",
            "instructions": "",
            "contentTypeId": 0
        },
        {
            "id": 148,
            "master": true,
            "questionName": "Are casters on ovens locked and are oven doors in good working condition where they do not close automatically on the operator?",
            "instructions": null,
            "contentTypeId": 0
        },
        {
            "id": 100260,
            "master": false,
            "questionName": "Are Celery Buckets prepared?",
            "instructions": "",
            "contentTypeId": 0
        },
        {
            "id": 100674,
            "master": false,
            "questionName": "Are Cold holding Equipments available?",
            "instructions": "Cold holding Equipments",
            "contentTypeId": 0
        },
        {
            "id": 100677,
            "master": false,
            "questionName": "Are cold holding equipments clean",
            "instructions": "3",
            "contentTypeId": 2
        },
        {
            "id": 100257,
            "master": false,
            "questionName": "Are Corn Trays prepared?",
            "instructions": "",
            "contentTypeId": 0
        },
        {
            "id": 150,
            "master": true,
            "questionName": "Are electrical wires in good condition where they are not worn or frayed?",
            "instructions": "particularly on the Edhard (jelly filler) power base and sugar & dairy dispensers?",
            "contentTypeId": 0
        },
        {
            "id": 100670,
            "master": false,
            "questionName": "are equipment available?",
            "instructions": "all equipments should available",
            "contentTypeId": 0
        },
        {
            "id": 100675,
            "master": false,
            "questionName": "are equipments working properly??",
            "instructions": "22400",
            "contentTypeId": 1
        },
        {
            "id": 143,
            "master": true,
            "questionName": "Are floors free and clear of ice cubes or standing water?",
            "instructions": null,
            "contentTypeId": 0
        },
        {
            "id": 145,
            "master": true,
            "questionName": "Are milk crates reasonably stacked so that employees do not have to strain to obtain the top crate?",
            "instructions": null,
            "contentTypeId": 0
        },
        {
            "id": 140,
            "master": true,
            "questionName": "Are oven mitts in good condition?",
            "instructions": null,
            "contentTypeId": 0
        },
        {
            "id": 146,
            "master": true,
            "questionName": "Are pathways clear from debris and equipment, with no racks, trash barrels, or cardboard found in walking lanes?",
            "instructions": "Are pathways clear from debris and equipment, with no racks, trash barrels, or cardboard found in walking lanes?",
            "contentTypeId": 0
        },
        {
            "id": 188,
            "master": true,
            "questionName": "Are pests present?",
            "instructions": null,
            "contentTypeId": 0
        },
        {
            "id": 100253,
            "master": false,
            "questionName": "Are Potato Cases Blanched?",
            "instructions": "",
            "contentTypeId": 0
        },
        {
            "id": 100254,
            "master": false,
            "questionName": "Are Ranch Batches prepared?",
            "instructions": "",
            "contentTypeId": 0
        },
        {
            "id": 100256,
            "master": false,
            "questionName": "Are Roll Trays prepared?",
            "instructions": "",
            "contentTypeId": 0
        },
        {
            "id": 100750,
            "master": false,
            "questionName": "Are sanitizer buckets set up and labeled?",
            "instructions": null,
            "contentTypeId": 0
        },
        {
            "id": 139,
            "master": true,
            "questionName": "Are the oven peels in good working condition and are they being used to remove products from the Turbo Chef ovens?",
            "instructions": null,
            "contentTypeId": 0
        },
        {
            "id": 149,
            "master": true,
            "questionName": "Are trash cans/receptacles properly maintained?",
            "instructions": "Do it properly so that they are not overflowing with baked goods, coffee grinds, or anything that could cause the bag to have excessive weight and be difficult to lift.",
            "contentTypeId": 0
        },
        {
            "id": 100232,
            "master": false,
            "questionName": "Aroma",
            "instructions": "How does the chicken smell and taste?",
            "contentTypeId": 0
        },
        {
            "id": 56,
            "master": true,
            "questionName": "Ash Urns (clean, empty)",
            "instructions": null,
            "contentTypeId": 0
        },
        {
            "id": 100213,
            "master": false,
            "questionName": "Assign Clean way calendar task",
            "instructions": "",
            "contentTypeId": 0
        },
        {
            "id": 100206,
            "master": false,
            "questionName": "Assign clean way calendar tasks",
            "instructions": "MOD is responsible for ensuring the top missed ESCC sanitation items are monitored throughout the shift.",
            "contentTypeId": 0
        },
        {
            "id": 72,
            "master": true,
            "questionName": "Atmosphere (Temp, Music, Plants)",
            "instructions": null,
            "contentTypeId": 0
        },
        {
            "id": 100516,
            "master": false,
            "questionName": "Auto-Filtration Fryer (Oil filtered before and after AM Fry Prep)",
            "instructions": "\"Take temperature of prepped tomatoes and 1 other cold ingredient for each line. If tomatoes are not present, take temperatures of any 2 cold ingredients.&nbsp;<div>For heated cabinet, check 2 potentially hazardous items (beef, beans, chicken, etc.). Cold Food = 33–40°F; Hot Food = 160°F or greater; Rethermalizer Food = 165°F or greater; Frozen Food = Less than 10°F.</div><div>Note: If no product is available, write “N/A”. Record additional pieces of equipment and their associated temperatures in the Comments section below.\"\r</div><div><br></div>",
            "contentTypeId": 0
        },
        {
            "id": 100574,
            "master": false,
            "questionName": "Available items shown?",
            "instructions": "",
            "contentTypeId": 0
        },
        {
            "id": 1040,
            "master": true,
            "questionName": "Awnings",
            "instructions": "",
            "contentTypeId": 0
        },
        {
            "id": 57,
            "master": true,
            "questionName": "Awnings clean, not damaged and faded",
            "instructions": null,
            "contentTypeId": 0
        },
        {
            "id": 1002,
            "master": true,
            "questionName": "Back Case",
            "instructions": "",
            "contentTypeId": 0
        },
        {
            "id": 122,
            "master": true,
            "questionName": "Back Door (locked)",
            "instructions": null,
            "contentTypeId": 0
        },
        {
            "id": 100161,
            "master": false,
            "questionName": "Back door is clean, no rocks, no cigarette butts, or trash trails",
            "instructions": "",
            "contentTypeId": 0
        },
        {
            "id": 100090,
            "master": false,
            "questionName": "Back Door/Threshold",
            "instructions": "",
            "contentTypeId": 0
        },
        {
            "id": 133,
            "master": true,
            "questionName": "Bank Deposit made",
            "instructions": null,
            "contentTypeId": 0
        },
        {
            "id": 88,
            "master": true,
            "questionName": "Baseboards clean",
            "instructions": null,
            "contentTypeId": 0
        },
        {
            "id": 225,
            "master": true,
            "questionName": "Baskin Cake Freezer Merchandising",
            "instructions": null,
            "contentTypeId": 0
        },
        {
            "id": 226,
            "master": true,
            "questionName": "Baskin Dipping Cabinet Merchandising",
            "instructions": null,
            "contentTypeId": 0
        },
        {
            "id": 17,
            "master": true,
            "questionName": "Batch Egg Temp.",
            "instructions": null,
            "contentTypeId": 0
        },
        {
            "id": 18,
            "master": true,
            "questionName": "Batch Meat Temp.",
            "instructions": null,
            "contentTypeId": 0
        },
        {
            "id": 100124,
            "master": false,
            "questionName": "BATHROOMS ARE CLEAN, STOCKED, AND ODOR FREE (TOILET PAPER IS IN THE DISPENSER, NO SOAP RESIDUE ON WALLS OR FLOOR)",
            "instructions": "",
            "contentTypeId": 0
        },
        {
            "id": 100507,
            "master": false,
            "questionName": "Be sure ALL Team Members follow handwashing and glove policies and Taco Bell uniform and grooming policies",
            "instructions": "Record at a minimum 2 times per day, but monitor throughout the day",
            "contentTypeId": 0
        },
        {
            "id": 272,
            "master": true,
            "questionName": "Bean hoppers and covers were all removed, sanitized and air dried in accordance to manufacture instructions ensuring that all components were thoroughly dry before reassembly?",
            "instructions": "",
            "contentTypeId": 0
        },
        {
            "id": 268,
            "master": true,
            "questionName": "Bean hoppers and covers were all removed, sanitized and air dried in accordance to manufacture instructions ensuring that all components were thoroughly dry before reassembly?",
            "instructions": "",
            "contentTypeId": 0
        },
        {
            "id": 100534,
            "master": false,
            "questionName": "Bean's temperature",
            "instructions": "",
            "contentTypeId": 0
        },
        {
            "id": 100533,
            "master": false,
            "questionName": "Beans: Verify carry over procedures followed and temperature at 40F or below",
            "instructions": "",
            "contentTypeId": 0
        },
        {
            "id": 100535,
            "master": false,
            "questionName": "Beef: Verify carry over procedures followed and temperature at 40F or below",
            "instructions": "",
            "contentTypeId": 0
        },
        {
            "id": 100536,
            "master": false,
            "questionName": "Beef's Temperature",
            "instructions": "",
            "contentTypeId": 0
        },
        {
            "id": 2,
            "master": true,
            "questionName": "Beverage temp.",
            "instructions": null,
            "contentTypeId": 0
        },
        {
            "id": 3,
            "master": true,
            "questionName": "Beverage weight.",
            "instructions": "22928",
            "contentTypeId": 1
        },
        {
            "id": 100049,
            "master": false,
            "questionName": "Biscuit Oven(s)",
            "instructions": "",
            "contentTypeId": 0
        },
        {
            "id": 100300,
            "master": false,
            "questionName": "Blanched Fries on the line",
            "instructions": "",
            "contentTypeId": 0
        },
        {
            "id": 100292,
            "master": false,
            "questionName": "Blanched on Rack",
            "instructions": "",
            "contentTypeId": 0
        },
        {
            "id": 100267,
            "master": false,
            "questionName": "Bleu Cheese",
            "instructions": "",
            "contentTypeId": 0
        },
        {
            "id": 100209,
            "master": false,
            "questionName": "BOH floors, walls, ceilings and lights are clean and in good repair",
            "instructions": "MOD is responsible for ensuring the top missed ESCC sanitation items below are monitored throughout the shift.",
            "contentTypeId": 0
        },
        {
            "id": 100068,
            "master": false,
            "questionName": "BOH Shelving",
            "instructions": "",
            "contentTypeId": 0
        },
        {
            "id": 100271,
            "master": false,
            "questionName": "Bone-in Thighs",
            "instructions": "",
            "contentTypeId": 0
        },
        {
            "id": 100317,
            "master": false,
            "questionName": "Boneless and Fries Fryer",
            "instructions": "",
            "contentTypeId": 0
        },
        {
            "id": 100276,
            "master": false,
            "questionName": "Boneless Mis - cuts",
            "instructions": "",
            "contentTypeId": 0
        },
        {
            "id": 100297,
            "master": false,
            "questionName": "Boneless Tenders",
            "instructions": "",
            "contentTypeId": 0
        },
        {
            "id": 100262,
            "master": false,
            "questionName": "Boneless Wings",
            "instructions": "",
            "contentTypeId": 0
        },
        {
            "id": 100273,
            "master": false,
            "questionName": "Boneless Wings (bags)",
            "instructions": "",
            "contentTypeId": 0
        },
        {
            "id": 100320,
            "master": false,
            "questionName": "Boneless Wings/ Tenders Freezer on line",
            "instructions": "",
            "contentTypeId": 0
        },
        {
            "id": 100091,
            "master": false,
            "questionName": "Booths & Chairs",
            "instructions": "",
            "contentTypeId": 0
        },
        {
            "id": 174,
            "master": true,
            "questionName": "Bottom Reachin",
            "instructions": null,
            "contentTypeId": 0
        },
        {
            "id": 45,
            "master": true,
            "questionName": "Bottom Temperature",
            "instructions": null,
            "contentTypeId": 0
        },
        {
            "id": 102,
            "master": true,
            "questionName": "Box O' Joe & Boxes (preassembled, bagged crmrs)",
            "instructions": null,
            "contentTypeId": 0
        },
        {
            "id": 100452,
            "master": false,
            "questionName": "Break down and clean chicken reach in cooler",
            "instructions": "",
            "contentTypeId": 0
        },
        {
            "id": 100451,
            "master": false,
            "questionName": "Break down chicken bucket system",
            "instructions": "",
            "contentTypeId": 0
        },
        {
            "id": 100457,
            "master": false,
            "questionName": "Break down the fry ice system",
            "instructions": "",
            "contentTypeId": 0
        },
        {
            "id": 100438,
            "master": false,
            "questionName": "Breakdown condiment station and front counter (throw away lemons that are left at end of night)",
            "instructions": "",
            "contentTypeId": 0
        },
        {
            "id": 100353,
            "master": false,
            "questionName": "Brew Tea (unsweet and sweet tea). Date label correctly with time",
            "instructions": "",
            "contentTypeId": 0
        },
        {
            "id": 221,
            "master": true,
            "questionName": "Brewer Half Carafe",
            "instructions": null,
            "contentTypeId": 0
        },
        {
            "id": 220,
            "master": true,
            "questionName": "Brewer Water Temp.",
            "instructions": null,
            "contentTypeId": 0
        },
        {
            "id": 219,
            "master": true,
            "questionName": "Brewer Water Volume",
            "instructions": null,
            "contentTypeId": 0
        },
        {
            "id": 100448,
            "master": false,
            "questionName": "Bring in patio furniture using the \"Buddy Systems\" (if applicable)",
            "instructions": "",
            "contentTypeId": 0
        },
        {
            "id": 203,
            "master": true,
            "questionName": "Broken Floor Tiles Replaced?",
            "instructions": null,
            "contentTypeId": 0
        },
        {
            "id": 124,
            "master": true,
            "questionName": "Brooms, Mops, & Mop Bucket (clean)",
            "instructions": null,
            "contentTypeId": 0
        },
        {
            "id": 100270,
            "master": false,
            "questionName": "Brownies",
            "instructions": "",
            "contentTypeId": 0
        },
        {
            "id": 100106,
            "master": false,
            "questionName": "Buffet Cart (If Applied)",
            "instructions": "",
            "contentTypeId": 0
        },
        {
            "id": 100083,
            "master": false,
            "questionName": "Buffet Table (if applies)",
            "instructions": "",
            "contentTypeId": 0
        },
        {
            "id": 208,
            "master": true,
            "questionName": "Building Lights All Working?",
            "instructions": null,
            "contentTypeId": 0
        },
        {
            "id": 193,
            "master": true,
            "questionName": "Bumper Blocks in Place?",
            "instructions": null,
            "contentTypeId": 0
        },
        {
            "id": 100052,
            "master": false,
            "questionName": "Bun Holding Panels",
            "instructions": "",
            "contentTypeId": 0
        },
        {
            "id": 100573,
            "master": false,
            "questionName": "Bun production",
            "instructions": "",
            "contentTypeId": 0
        },
        {
            "id": 100010,
            "master": false,
            "questionName": "Bun Toaster",
            "instructions": "",
            "contentTypeId": 0
        },
        {
            "id": 1003,
            "master": true,
            "questionName": "BUNN Carafe Brewer",
            "instructions": "",
            "contentTypeId": 0
        },
        {
            "id": 100177,
            "master": false,
            "questionName": "Bunn hot water dispenser",
            "instructions": "",
            "contentTypeId": 0
        },
        {
            "id": 100121,
            "master": false,
            "questionName": "BUNS ROTATED AND NOT EXPIRED: CHICKEN LITTLE BUNS, BRIOCHE BUNS",
            "instructions": "",
            "contentTypeId": 0
        },
        {
            "id": 171,
            "master": true,
            "questionName": "Burrito",
            "instructions": null,
            "contentTypeId": 0
        },
        {
            "id": 211,
            "master": true,
            "questionName": "Cameras Pointed in Right Direction?",
            "instructions": null,
            "contentTypeId": 0
        },
        {
            "id": 209,
            "master": true,
            "questionName": "Cameras Working?",
            "instructions": null,
            "contentTypeId": 0
        },
        {
            "id": 100097,
            "master": false,
            "questionName": "Can Opener & Scales",
            "instructions": "",
            "contentTypeId": 0
        },
        {
            "id": 100436,
            "master": false,
            "questionName": "Capture delivery issues on kitchen tickets and escalate issues to GM/DM",
            "instructions": "",
            "contentTypeId": 0
        },
        {
            "id": 178,
            "master": true,
            "questionName": "Caramel",
            "instructions": null,
            "contentTypeId": 0
        },
        {
            "id": 100268,
            "master": false,
            "questionName": "Carrot",
            "instructions": "",
            "contentTypeId": 0
        },
        {
            "id": 100304,
            "master": false,
            "questionName": "Carrot Sticks",
            "instructions": "",
            "contentTypeId": 0
        },
        {
            "id": 100111,
            "master": false,
            "questionName": "CASES OF COLE SLAW ARE NOT EXPIRED",
            "instructions": "",
            "contentTypeId": 0
        },
        {
            "id": 129,
            "master": true,
            "questionName": "Cash deposits from previous day reconciled and EOD performed",
            "instructions": null,
            "contentTypeId": 0
        },
        {
            "id": 126,
            "master": true,
            "questionName": "Cash Drawers Stocked",
            "instructions": "The cash was deposited yesterday, EOD was run yesterday, and there are no issues.",
            "contentTypeId": 0
        },
        {
            "id": 100269,
            "master": false,
            "questionName": "Celery",
            "instructions": "",
            "contentTypeId": 0
        },
        {
            "id": 100305,
            "master": false,
            "questionName": "Celery Sticks",
            "instructions": "",
            "contentTypeId": 0
        },
        {
            "id": 73,
            "master": true,
            "questionName": "Celings/Lights/Vents are clean and working)",
            "instructions": null,
            "contentTypeId": 0
        },
        {
            "id": 100730,
            "master": false,
            "questionName": "Center Hole: 1/4 to 1 in",
            "instructions": null,
            "contentTypeId": 0
        },
        {
            "id": 100726,
            "master": false,
            "questionName": "Center Hole: 5/8 to 7/8 in",
            "instructions": null,
            "contentTypeId": 0
        },
        {
            "id": 100331,
            "master": false,
            "questionName": "Change all ice on the line (Blanched fries, Chicken, ranch bottle)",
            "instructions": "",
            "contentTypeId": 0
        },
        {
            "id": 100476,
            "master": false,
            "questionName": "Change out sauce bowls",
            "instructions": "",
            "contentTypeId": 0
        },
        {
            "id": 100432,
            "master": false,
            "questionName": "Check A/C and heater for appropriate settings",
            "instructions": "",
            "contentTypeId": 0
        },
        {
            "id": 100376,
            "master": false,
            "questionName": "Check all coolers and freezers for proper temperature, (34F to 40F or -10F to 10F)",
            "instructions": "",
            "contentTypeId": 0
        },
        {
            "id": 100416,
            "master": false,
            "questionName": "Check Cheese inventory level and ensure enough is stocked to get through shift",
            "instructions": "",
            "contentTypeId": 0
        },
        {
            "id": 100127,
            "master": false,
            "questionName": "CHECK COMMUNICATION LOG AND BOTH EMAILS",
            "instructions": "",
            "contentTypeId": 0
        },
        {
            "id": 100128,
            "master": false,
            "questionName": "CHECK COMMUNICATION LOG AND BOTH EMAILS",
            "instructions": "",
            "contentTypeId": 0
        },
        {
            "id": 100129,
            "master": false,
            "questionName": "CHECK COMMUNICATION LOG AND BOTH EMAILS",
            "instructions": "",
            "contentTypeId": 0
        },
        {
            "id": 100130,
            "master": false,
            "questionName": "CHECK IN WITH MOD",
            "instructions": "",
            "contentTypeId": 0
        },
        {
            "id": 100604,
            "master": false,
            "questionName": "Check of the atmosphere around ?",
            "instructions": "",
            "contentTypeId": 0
        },
        {
            "id": 100606,
            "master": false,
            "questionName": "Check on surroundings ?",
            "instructions": "24",
            "contentTypeId": 2
        },
        {
            "id": 100359,
            "master": false,
            "questionName": "Check parking lot and landscape for cleanliness",
            "instructions": "",
            "contentTypeId": 0
        },
        {
            "id": 100407,
            "master": false,
            "questionName": "Check parking lot for cleanliness",
            "instructions": "",
            "contentTypeId": 0
        },
        {
            "id": 100122,
            "master": false,
            "questionName": "CHECK TEAM MEMBER UNIFORMS: HATS, PANTS, JEWELERY, FACIAL HAIR, CELL PHONES, HAIRNETS, COATS/JACKETS",
            "instructions": "",
            "contentTypeId": 0
        },
        {
            "id": 100634,
            "master": false,
            "questionName": "check temp of food prepare",
            "instructions": "",
            "contentTypeId": 0
        },
        {
            "id": 100495,
            "master": false,
            "questionName": "Check temperature of freezer",
            "instructions": "Use a thermometer",
            "contentTypeId": 0
        },
        {
            "id": 100363,
            "master": false,
            "questionName": "Check the rugs are clean & placed in correct spots",
            "instructions": "",
            "contentTypeId": 0
        },
        {
            "id": 100429,
            "master": false,
            "questionName": "Check with Manager for deep cleaning duties and complete prior to checking out",
            "instructions": "",
            "contentTypeId": 0
        },
        {
            "id": 100665,
            "master": false,
            "questionName": "Cheese weight",
            "instructions": null,
            "contentTypeId": 0
        },
        {
            "id": 202,
            "master": true,
            "questionName": "Chemicals Properly Stored?",
            "instructions": null,
            "contentTypeId": 0
        },
        {
            "id": 100186,
            "master": false,
            "questionName": "Chemicals stored properly, drains clear with no back-up",
            "instructions": "All products meet quality standards and are within proper hold time. Dispose of any product that doesn’t meet standards (Quality, Hold Time &amp; Temp.) – MOD is accountable for ensuring the actions are followed throughout the shift.",
            "contentTypeId": 0
        },
        {
            "id": 1004,
            "master": true,
            "questionName": "Cherry/Almond Tower",
            "instructions": "",
            "contentTypeId": 0
        },
        {
            "id": 100308,
            "master": false,
            "questionName": "Chicken back RIC/WIC",
            "instructions": "",
            "contentTypeId": 0
        },
        {
            "id": 100173,
            "master": false,
            "questionName": "Chicken Cooler",
            "instructions": "",
            "contentTypeId": 0
        },
        {
            "id": 100004,
            "master": false,
            "questionName": "Chicken Dollies or Racks",
            "instructions": "",
            "contentTypeId": 0
        },
        {
            "id": 100172,
            "master": false,
            "questionName": "Chicken Temperature",
            "instructions": "",
            "contentTypeId": 0
        },
        {
            "id": 46,
            "master": true,
            "questionName": "Chicken/Tuna Salad Temperature",
            "instructions": null,
            "contentTypeId": 0
        },
        {
            "id": 100537,
            "master": false,
            "questionName": "Chicken: Verify carry over procedures followed and temperature at 40F or below",
            "instructions": "",
            "contentTypeId": 0
        },
        {
            "id": 100538,
            "master": false,
            "questionName": "Chicken's Temperature",
            "instructions": "",
            "contentTypeId": 0
        },
        {
            "id": 100543,
            "master": false,
            "questionName": "Chili: Verify carry over procedures followed and temperature at 40F or below",
            "instructions": "",
            "contentTypeId": 0
        },
        {
            "id": 100544,
            "master": false,
            "questionName": "Chili's Temperature",
            "instructions": "",
            "contentTypeId": 0
        },
        {
            "id": 100301,
            "master": false,
            "questionName": "Chunky Bleu Cheese",
            "instructions": "",
            "contentTypeId": 0
        },
        {
            "id": 100028,
            "master": false,
            "questionName": "Clamshell Grill",
            "instructions": "24825",
            "contentTypeId": 1
        },
        {
            "id": 100316,
            "master": false,
            "questionName": "Classic and Boneless Fryer",
            "instructions": "",
            "contentTypeId": 0
        },
        {
            "id": 100315,
            "master": false,
            "questionName": "Classic Fryer",
            "instructions": "",
            "contentTypeId": 0
        },
        {
            "id": 100275,
            "master": false,
            "questionName": "Classic Mis - cuts",
            "instructions": "",
            "contentTypeId": 0
        },
        {
            "id": 100337,
            "master": false,
            "questionName": "Classic Mis-cuts",
            "instructions": "",
            "contentTypeId": 0
        },
        {
            "id": 100261,
            "master": false,
            "questionName": "Classic Wings",
            "instructions": "",
            "contentTypeId": 0
        },
        {
            "id": 100272,
            "master": false,
            "questionName": "Classic Wings (cases)",
            "instructions": "",
            "contentTypeId": 0
        },
        {
            "id": 100394,
            "master": false,
            "questionName": "Clean & sanitize the sink used for blanching",
            "instructions": "",
            "contentTypeId": 0
        },
        {
            "id": 100423,
            "master": false,
            "questionName": "Clean all dirty dishes",
            "instructions": "",
            "contentTypeId": 0
        },
        {
            "id": 100444,
            "master": false,
            "questionName": "Clean and disinfect hand sink. Restock soap and paper towel (if applicable)",
            "instructions": "",
            "contentTypeId": 0
        },
        {
            "id": 100486,
            "master": false,
            "questionName": "Clean and sanitize all coolers, including doors and seals",
            "instructions": "",
            "contentTypeId": 0
        },
        {
            "id": 100449,
            "master": false,
            "questionName": "Clean and sanitize all counters",
            "instructions": "46",
            "contentTypeId": 2
        },
        {
            "id": 100493,
            "master": false,
            "questionName": "Clean and sanitize all prep area walls and all stainless steel tables and shelves",
            "instructions": "",
            "contentTypeId": 0
        },
        {
            "id": 100355,
            "master": false,
            "questionName": "Clean and stock restrooms (put bag in sanitary disposal bin)",
            "instructions": "",
            "contentTypeId": 0
        },
        {
            "id": 100463,
            "master": false,
            "questionName": "Clean and turn off the oven",
            "instructions": "",
            "contentTypeId": 0
        },
        {
            "id": 100425,
            "master": false,
            "questionName": "Clean filter machine including the pre-filter screen and filter pipe",
            "instructions": "",
            "contentTypeId": 0
        },
        {
            "id": 100426,
            "master": false,
            "questionName": "Clean inside and outside the fryers including doors, frames, inside door area and wheels",
            "instructions": "",
            "contentTypeId": 0
        },
        {
            "id": 100406,
            "master": false,
            "questionName": "Clean restroom",
            "instructions": "",
            "contentTypeId": 0
        },
        {
            "id": 100482,
            "master": false,
            "questionName": "Clean the cheese machine inside and out",
            "instructions": "",
            "contentTypeId": 0
        },
        {
            "id": 100453,
            "master": false,
            "questionName": "Clean the chicken table",
            "instructions": "",
            "contentTypeId": 0
        },
        {
            "id": 100360,
            "master": false,
            "questionName": "Clean the front door frame, threshold and windows",
            "instructions": "",
            "contentTypeId": 0
        },
        {
            "id": 100456,
            "master": false,
            "questionName": "Clean the hand washing sink",
            "instructions": "",
            "contentTypeId": 0
        },
        {
            "id": 100464,
            "master": false,
            "questionName": "Clean the oven and rack below the oven",
            "instructions": "",
            "contentTypeId": 0
        },
        {
            "id": 100460,
            "master": false,
            "questionName": "Clean the reach in freezer for the boneless products and take back transfer buckets/tongs to the sink",
            "instructions": "",
            "contentTypeId": 0
        },
        {
            "id": 100479,
            "master": false,
            "questionName": "Clean the sauce table",
            "instructions": "",
            "contentTypeId": 0
        },
        {
            "id": 100458,
            "master": false,
            "questionName": "Clean the scale",
            "instructions": "",
            "contentTypeId": 0
        },
        {
            "id": 100478,
            "master": false,
            "questionName": "Clean the window or wall behind the sauce table",
            "instructions": "",
            "contentTypeId": 0
        },
        {
            "id": 100361,
            "master": false,
            "questionName": "Clean windows (inside and out, including the ledges)",
            "instructions": "",
            "contentTypeId": 0
        },
        {
            "id": 100662,
            "master": false,
            "questionName": "Clean with detergent",
            "instructions": "Need to clean by using detergent",
            "contentTypeId": 0
        },
        {
            "id": 100663,
            "master": false,
            "questionName": "Clean with water only",
            "instructions": "",
            "contentTypeId": 0
        },
        {
            "id": 256,
            "master": true,
            "questionName": "Cleaning Brewing Groups followed by Yes confirmation was selected on the CARE Menu?",
            "instructions": "",
            "contentTypeId": 0
        },
        {
            "id": 261,
            "master": true,
            "questionName": "Cleaning cycle started and lasted the expected timeframe, alerting when it was completed?",
            "instructions": "",
            "contentTypeId": 0
        },
        {
            "id": 100171,
            "master": false,
            "questionName": "Cleaning goal is met",
            "instructions": "",
            "contentTypeId": 0
        },
        {
            "id": 104,
            "master": true,
            "questionName": "Cleaning Supplies (stored in proper location)",
            "instructions": null,
            "contentTypeId": 0
        },
        {
            "id": 100559,
            "master": false,
            "questionName": "cleanness of the floor",
            "instructions": "cleanness of the floor",
            "contentTypeId": 0
        },
        {
            "id": 100390,
            "master": false,
            "questionName": "Clear all floor drains of food and trash",
            "instructions": "",
            "contentTypeId": 0
        },
        {
            "id": 132,
            "master": true,
            "questionName": "CML and or DCP orders placed",
            "instructions": null,
            "contentTypeId": 0
        },
        {
            "id": 127,
            "master": true,
            "questionName": "CML Delivery Received and Shorts noted",
            "instructions": null,
            "contentTypeId": 0
        },
        {
            "id": 100014,
            "master": false,
            "questionName": "CO2 Tank/BB System & Rack",
            "instructions": "",
            "contentTypeId": 0
        },
        {
            "id": 97,
            "master": true,
            "questionName": "Coffee (timers in-use, Pots w/ #'s & rotated)",
            "instructions": null,
            "contentTypeId": 0
        },
        {
            "id": 101,
            "master": true,
            "questionName": "Coffee Filters (pre-pulled ready for use)",
            "instructions": null,
            "contentTypeId": 0
        },
        {
            "id": 156,
            "master": true,
            "questionName": "Coffee pots clean",
            "instructions": null,
            "contentTypeId": 0
        },
        {
            "id": 100627,
            "master": false,
            "questionName": "coffee powder measure",
            "instructions": "",
            "contentTypeId": 0
        },
        {
            "id": 96,
            "master": true,
            "questionName": "Coffee Stations (clean, stocked)",
            "instructions": null,
            "contentTypeId": 0
        },
        {
            "id": 100580,
            "master": false,
            "questionName": "Coffee type",
            "instructions": "",
            "contentTypeId": 0
        },
        {
            "id": 100581,
            "master": false,
            "questionName": "cold coffee with ice cream",
            "instructions": "",
            "contentTypeId": 0
        },
        {
            "id": 100676,
            "master": false,
            "questionName": "Cold holding temp",
            "instructions": "23",
            "contentTypeId": 2
        },
        {
            "id": 100200,
            "master": false,
            "questionName": "Cold Item",
            "instructions": "Evaluate to ensure all products meet hot/cold holding temperatures, within hold times, and meet quality standards (i.e. appearance, taste and properly filled)",
            "contentTypeId": 0
        },
        {
            "id": 100528,
            "master": false,
            "questionName": "Cold Line #1",
            "instructions": "\"Take temperature of prepped tomatoes and 1 other cold ingredient for each line. If tomatoes are not present, take temperatures of any 2 cold ingredients. For heated cabinet, check 2<div>potentially hazardous items (beef, beans, chicken, etc.). Cold Food = 33–40°F; Hot Food = 160°F or greater; Rethermalizer Food = 165°F or greater; Frozen Food = Less than 10°F.</div><div>Note: If no product is available, write “N/A”. Record additional pieces of equipment and their associated temperatures in the Comments section below.\"\r</div><div><br></div>",
            "contentTypeId": 0
        },
        {
            "id": 100531,
            "master": false,
            "questionName": "Cold Line #2",
            "instructions": "\"Take temperature of prepped tomatoes and 1 other cold ingredient for each line. If tomatoes are not present, take temperatures of any 2 cold ingredients. For heated cabinet, check 2<div>potentially hazardous items (beef, beans, chicken, etc.). Cold Food = 33–40°F; Hot Food = 160°F or greater; Rethermalizer Food = 165°F or greater; Frozen Food = Less than 10°F.</div><div>Note: If no product is available, write “N/A”. Record additional pieces of equipment and their associated temperatures in the Comments section below.\"\r</div><div><br></div>",
            "contentTypeId": 0
        },
        {
            "id": 100552,
            "master": false,
            "questionName": "Cold Line Temperature",
            "instructions": "\"Take temperature of prepped tomatoes and 1 other cold ingredient for each line. If tomatoes are not present, take temperatures of any 2 cold ingredients.&nbsp;<div>For heated cabinet, check 2 potentially hazardous items (beef, beans, chicken, etc.). Cold Food = 33–40°F; Hot Food = 160°F or greater; Rethermalizer Food = 165°F or greater; Frozen Food = Less than 10°F.</div><div>Note: If no product is available, write “N/A”. Record additional pieces of equipment and their associated temperatures in the Comments section below.\"\r</div><div><br></div>",
            "contentTypeId": 0
        },
        {
            "id": 100195,
            "master": false,
            "questionName": "Cole Slaw",
            "instructions": "Evaluate to ensure all products meet hot/cold holding temperatures, within hold times, and meet quality standards (i.e. appearance, taste and properly filled)",
            "contentTypeId": 0
        },
        {
            "id": 100003,
            "master": false,
            "questionName": "Cole Slaw Cart & Lug",
            "instructions": "",
            "contentTypeId": 0
        },
        {
            "id": 100084,
            "master": false,
            "questionName": "Coleslaw Refrigerator",
            "instructions": "",
            "contentTypeId": 0
        },
        {
            "id": 100216,
            "master": false,
            "questionName": "Color",
            "instructions": "",
            "contentTypeId": 0
        },
        {
            "id": 100379,
            "master": false,
            "questionName": "Complete all items on the daily prep list",
            "instructions": "",
            "contentTypeId": 0
        },
        {
            "id": 100131,
            "master": false,
            "questionName": "COMPLETE INCOMING MOD TASKS (SAFE COUNT, DAILY NUMBERS EMAIL, DISCOUNT LOG UPDATED)",
            "instructions": "",
            "contentTypeId": 0
        },
        {
            "id": 100467,
            "master": false,
            "questionName": "Complete the boil out",
            "instructions": "",
            "contentTypeId": 0
        },
        {
            "id": 100430,
            "master": false,
            "questionName": "Complete the Closing Workflow in NBO",
            "instructions": "",
            "contentTypeId": 0
        },
        {
            "id": 100703,
            "master": false,
            "questionName": "Completion Date",
            "instructions": null,
            "contentTypeId": 0
        },
        {
            "id": 1059,
            "master": true,
            "questionName": "Condenser Coils",
            "instructions": "",
            "contentTypeId": 0
        },
        {
            "id": 100101,
            "master": false,
            "questionName": "Condenser Units & Fan Guards",
            "instructions": "",
            "contentTypeId": 0
        },
        {
            "id": 100030,
            "master": false,
            "questionName": "Condiment Holders",
            "instructions": "",
            "contentTypeId": 0
        },
        {
            "id": 100150,
            "master": false,
            "questionName": "Condiments stored neatly, cups and packaging not over stocked",
            "instructions": "",
            "contentTypeId": 0
        },
        {
            "id": 100593,
            "master": false,
            "questionName": "Condition of the equipment",
            "instructions": "",
            "contentTypeId": 0
        },
        {
            "id": 100607,
            "master": false,
            "questionName": "Condition of the instruments ?",
            "instructions": "",
            "contentTypeId": 0
        },
        {
            "id": 260,
            "master": true,
            "questionName": "Confirm tablet was inserted and there is nothing under the hot water spout? ",
            "instructions": "",
            "contentTypeId": 0
        },
        {
            "id": 100298,
            "master": false,
            "questionName": "Cooked Bone-In Thighs",
            "instructions": "",
            "contentTypeId": 0
        },
        {
            "id": 100299,
            "master": false,
            "questionName": "Cooked Boneless Thighs",
            "instructions": "",
            "contentTypeId": 0
        },
        {
            "id": 100296,
            "master": false,
            "questionName": "Cooked Classic Wings",
            "instructions": "",
            "contentTypeId": 0
        },
        {
            "id": 1005,
            "master": true,
            "questionName": "COOLATTA Freezer",
            "instructions": "",
            "contentTypeId": 0
        },
        {
            "id": 95,
            "master": true,
            "questionName": "Coolatta Machine (clean, stocked)",
            "instructions": null,
            "contentTypeId": 0
        },
        {
            "id": 100340,
            "master": false,
            "questionName": "Cooling Temperature at start",
            "instructions": "Product must be below 41 F within first 2 hours and below 41 F within nest 4 hours.\r<div>\r</div><div>Place blanched potatoes on cooling rack starting at the bottom and going up, alternative spaces.\r</div><div>Include the first tray of fries blanched and the last tray of fries blanched for the day.</div><div>\r</div>",
            "contentTypeId": 0
        },
        {
            "id": 100264,
            "master": false,
            "questionName": "Corn",
            "instructions": "",
            "contentTypeId": 0
        },
        {
            "id": 100335,
            "master": false,
            "questionName": "Count 1",
            "instructions": "",
            "contentTypeId": 0
        },
        {
            "id": 100336,
            "master": false,
            "questionName": "Count 2",
            "instructions": "",
            "contentTypeId": 0
        },
        {
            "id": 75,
            "master": true,
            "questionName": "Counter Fronts & Woodwork (clean)",
            "instructions": null,
            "contentTypeId": 0
        },
        {
            "id": 100143,
            "master": false,
            "questionName": "Counter tops are clean",
            "instructions": "",
            "contentTypeId": 0
        },
        {
            "id": 92,
            "master": true,
            "questionName": "Counters & Work Surfaces (clutter free/organized)",
            "instructions": null,
            "contentTypeId": 0
        },
        {
            "id": 100484,
            "master": false,
            "questionName": "Cover all sauces pans",
            "instructions": "",
            "contentTypeId": 0
        },
        {
            "id": 100459,
            "master": false,
            "questionName": "Cover the rolls",
            "instructions": "",
            "contentTypeId": 0
        },
        {
            "id": 14,
            "master": true,
            "questionName": "Cream weight",
            "instructions": null,
            "contentTypeId": 0
        },
        {
            "id": 100303,
            "master": false,
            "questionName": "Creamy Ranch",
            "instructions": "",
            "contentTypeId": 0
        },
        {
            "id": 217,
            "master": true,
            "questionName": "Crew Member Illness Placard Posted?",
            "instructions": null,
            "contentTypeId": 0
        },
        {
            "id": 218,
            "master": true,
            "questionName": "Crisis Management Center is Visible?",
            "instructions": null,
            "contentTypeId": 0
        },
        {
            "id": 100701,
            "master": false,
            "questionName": "Crushing time for Ice for Slushes",
            "instructions": null,
            "contentTypeId": 0
        },
        {
            "id": 100158,
            "master": false,
            "questionName": "Curb appeal is Best on Block",
            "instructions": "",
            "contentTypeId": 0
        },
        {
            "id": 100566,
            "master": false,
            "questionName": "currentTemp?",
            "instructions": "",
            "contentTypeId": 0
        },
        {
            "id": 1041,
            "master": true,
            "questionName": "Curtis Carafe Brewing",
            "instructions": "",
            "contentTypeId": 0
        },
        {
            "id": 100378,
            "master": false,
            "questionName": "Cut potatoes, blanch following recipe",
            "instructions": "",
            "contentTypeId": 0
        },
        {
            "id": 115,
            "master": true,
            "questionName": "Cutting Boards (clean, sanitized)",
            "instructions": null,
            "contentTypeId": 0
        },
        {
            "id": 266,
            "master": true,
            "questionName": "Daily cleaning of espresso machines was completed according to the Equipment Care Guide",
            "instructions": "",
            "contentTypeId": 0
        },
        {
            "id": 270,
            "master": true,
            "questionName": "Daily cleaning of espresso machines was completed according to the Equipment Care Guide?",
            "instructions": "",
            "contentTypeId": 0
        },
        {
            "id": 42,
            "master": true,
            "questionName": "Damage Product Picture",
            "instructions": null,
            "contentTypeId": 0
        },
        {
            "id": 180,
            "master": true,
            "questionName": "Dark Dipping Choc.",
            "instructions": null,
            "contentTypeId": 0
        },
        {
            "id": 100697,
            "master": false,
            "questionName": "Date and Time for first restroom clean-up",
            "instructions": null,
            "contentTypeId": 0
        },
        {
            "id": 100110,
            "master": false,
            "questionName": "DEBONED CHICKEN FOR POT PIES ARE TAGGED WITH “RESTAGED-THAW”",
            "instructions": "",
            "contentTypeId": 0
        },
        {
            "id": 50,
            "master": true,
            "questionName": "Decaf Grind Weight",
            "instructions": null,
            "contentTypeId": 0
        },
        {
            "id": 100471,
            "master": false,
            "questionName": "Deck brush",
            "instructions": "",
            "contentTypeId": 0
        },
        {
            "id": 222,
            "master": true,
            "questionName": "Delime",
            "instructions": null,
            "contentTypeId": 0
        },
        {
            "id": 100367,
            "master": false,
            "questionName": "Delivery items stocked at pilot station and condiment station",
            "instructions": "",
            "contentTypeId": 0
        },
        {
            "id": 100328,
            "master": false,
            "questionName": "Delivery Temperature for Frozen Products",
            "instructions": "",
            "contentTypeId": 0
        },
        {
            "id": 100327,
            "master": false,
            "questionName": "Delivery Temperature for Refrigerated Products",
            "instructions": "",
            "contentTypeId": 0
        },
        {
            "id": 1006,
            "master": true,
            "questionName": "Delivery Vehicles",
            "instructions": "",
            "contentTypeId": 0
        },
        {
            "id": 254,
            "master": true,
            "questionName": "Deos right Grind size meet specs?",
            "instructions": "take it on hand",
            "contentTypeId": 0
        },
        {
            "id": 213,
            "master": true,
            "questionName": "Deposits Made Timely?",
            "instructions": null,
            "contentTypeId": 0
        },
        {
            "id": 100095,
            "master": false,
            "questionName": "Detail KGC Oven",
            "instructions": "",
            "contentTypeId": 0
        },
        {
            "id": 235,
            "master": true,
            "questionName": "Did you clean and sanitize machine?",
            "instructions": null,
            "contentTypeId": 0
        },
        {
            "id": 100125,
            "master": false,
            "questionName": "DINING ROOM IS CLEAN AND STOCKED; MUSIC IS ON TEMPERATURE IS COMFORTABLE AND FRONT COUNTER IS CLUTTER FREE: SIGHT LINES ARE CLEAR AND CLEANING SUPPLIES (BROOMS/DUSTPANS/BUCKETS/SPRAY BOTTLES) ARE OUT OF CUSTOMER VIEW",
            "instructions": "",
            "contentTypeId": 0
        },
        {
            "id": 1007,
            "master": true,
            "questionName": "Dipping Cabinet",
            "instructions": "",
            "contentTypeId": 0
        },
        {
            "id": 176,
            "master": true,
            "questionName": "Dipping Cabinet Temp.",
            "instructions": null,
            "contentTypeId": 0
        },
        {
            "id": 100474,
            "master": false,
            "questionName": "Disinfectant mop",
            "instructions": "",
            "contentTypeId": 0
        },
        {
            "id": 154,
            "master": true,
            "questionName": "Dispensing tubes clean and in good condition",
            "instructions": null,
            "contentTypeId": 0
        },
        {
            "id": 151,
            "master": true,
            "questionName": "Display Case Clean",
            "instructions": "Display case",
            "contentTypeId": 0
        },
        {
            "id": 100033,
            "master": false,
            "questionName": "Display Units",
            "instructions": "",
            "contentTypeId": 0
        },
        {
            "id": 100183,
            "master": false,
            "questionName": "Disposable gloves and blue bandage available and used correctly",
            "instructions": "All products meet quality standards and are within proper hold time. Dispose of any product that doesn’t meet standards (Quality, Hold Time &amp; Temp.) – MOD is accountable for ensuring the actions are followed throughout the shift.",
            "contentTypeId": 0
        },
        {
            "id": 100494,
            "master": false,
            "questionName": "Dispose of used/dirty/contaminated towels accordingly per company spec",
            "instructions": "",
            "contentTypeId": 0
        },
        {
            "id": 136,
            "master": true,
            "questionName": "Do all brew baskets have a guard installed?",
            "instructions": null,
            "contentTypeId": 0
        },
        {
            "id": 191,
            "master": true,
            "questionName": "Do any employees show signs of illness?",
            "instructions": null,
            "contentTypeId": 0
        },
        {
            "id": 190,
            "master": true,
            "questionName": "Do any hand soapdispensers, paper towel dispensers need filling or repair?",
            "instructions": null,
            "contentTypeId": 0
        },
        {
            "id": 233,
            "master": true,
            "questionName": "Does bag contain sugar?",
            "instructions": null,
            "contentTypeId": 0
        },
        {
            "id": 51,
            "master": true,
            "questionName": "Does Grind Size meet Specs?",
            "instructions": null,
            "contentTypeId": 0
        },
        {
            "id": 253,
            "master": true,
            "questionName": "Does Left Grind size meet specc?)",
            "instructions": "",
            "contentTypeId": 0
        },
        {
            "id": 144,
            "master": true,
            "questionName": "Does the first-aid kit include band-aids, ointment, and burn spray ONLY? ",
            "instructions": "Please remove all other items, including any over-the-counter medications.",
            "contentTypeId": 0
        },
        {
            "id": 41,
            "master": true,
            "questionName": "Donut Case Merchandising",
            "instructions": "23097",
            "contentTypeId": 1
        },
        {
            "id": 100585,
            "master": false,
            "questionName": "Donut prepared in an hour",
            "instructions": "",
            "contentTypeId": 0
        },
        {
            "id": 100583,
            "master": false,
            "questionName": "Donuts prepared in a day",
            "instructions": "",
            "contentTypeId": 0
        },
        {
            "id": 100584,
            "master": false,
            "questionName": "Donuts prepared in a month",
            "instructions": "",
            "contentTypeId": 0
        },
        {
            "id": 206,
            "master": true,
            "questionName": "Door Locks Working Properly?",
            "instructions": null,
            "contentTypeId": 0
        },
        {
            "id": 79,
            "master": true,
            "questionName": "Doors & Kick plates clean",
            "instructions": null,
            "contentTypeId": 0
        },
        {
            "id": 196,
            "master": true,
            "questionName": "Doors and Drive-Thru Window Locked When Required?",
            "instructions": null,
            "contentTypeId": 0
        },
        {
            "id": 100102,
            "master": false,
            "questionName": "Doors to Kitchen (F&B)",
            "instructions": "",
            "contentTypeId": 0
        },
        {
            "id": 100220,
            "master": false,
            "questionName": "Doughy Interface",
            "instructions": "Do you see or feel any issues with the breading/seasoning?",
            "contentTypeId": 0
        },
        {
            "id": 100219,
            "master": false,
            "questionName": "Doughy/Undercooked",
            "instructions": "Do you see or feel any issues with the breading/seasoning?",
            "contentTypeId": 0
        },
        {
            "id": 195,
            "master": true,
            "questionName": "Drains and Downspouts Attached Securely and Cleaned?",
            "instructions": null,
            "contentTypeId": 0
        },
        {
            "id": 100144,
            "master": false,
            "questionName": "Drink and condiment stations are clean",
            "instructions": "",
            "contentTypeId": 0
        },
        {
            "id": 68,
            "master": true,
            "questionName": "Drink Cooler (clean, stocked, merchandised)",
            "instructions": null,
            "contentTypeId": 0
        },
        {
            "id": 100506,
            "master": false,
            "questionName": "Drink machine nozzles are cleaned daily and free of mold",
            "instructions": "",
            "contentTypeId": 0
        },
        {
            "id": 100057,
            "master": false,
            "questionName": "Drink Machines",
            "instructions": "",
            "contentTypeId": 0
        },
        {
            "id": 1008,
            "master": true,
            "questionName": "Drizzle/Squeeze Bottles/Topping Shakers and Lids",
            "instructions": "",
            "contentTypeId": 0
        },
        {
            "id": 100058,
            "master": false,
            "questionName": "Drop Cords/Plugs",
            "instructions": "",
            "contentTypeId": 0
        },
        {
            "id": 100231,
            "master": false,
            "questionName": "Dry Meat",
            "instructions": "Do you see or feel any issues with the meat?",
            "contentTypeId": 0
        },
        {
            "id": 100473,
            "master": false,
            "questionName": "Dry mop",
            "instructions": "",
            "contentTypeId": 0
        },
        {
            "id": 100661,
            "master": false,
            "questionName": "DSDF",
            "instructions": "SDSD",
            "contentTypeId": 0
        },
        {
            "id": 62,
            "master": true,
            "questionName": "DT Menu Board clean (area, window, frame)",
            "instructions": null,
            "contentTypeId": 0
        },
        {
            "id": 100133,
            "master": false,
            "questionName": "DT menuboards and DT speaker box are clean, no scratched or clouded glass, no light gaps, light out, tape marks, or fading",
            "instructions": "",
            "contentTypeId": 0
        },
        {
            "id": 100139,
            "master": false,
            "questionName": "DT pad is free of litter and oil buildup",
            "instructions": "",
            "contentTypeId": 0
        },
        {
            "id": 63,
            "master": true,
            "questionName": "DT Pads (clean)",
            "instructions": null,
            "contentTypeId": 0
        },
        {
            "id": 64,
            "master": true,
            "questionName": "DT Speaker audible and post clean",
            "instructions": null,
            "contentTypeId": 0
        },
        {
            "id": 100134,
            "master": false,
            "questionName": "DT window is clean, no buildup on outside window frame or wall, minimum window clings",
            "instructions": "",
            "contentTypeId": 0
        },
        {
            "id": 100050,
            "master": false,
            "questionName": "Duck/Prince Castle",
            "instructions": "",
            "contentTypeId": 0
        },
        {
            "id": 61,
            "master": true,
            "questionName": "Dumpster Area (clean, lid closed, gate closed)",
            "instructions": null,
            "contentTypeId": 0
        },
        {
            "id": 100159,
            "master": false,
            "questionName": "Dumpster gates clean, no slats broken or missing",
            "instructions": "",
            "contentTypeId": 0
        },
        {
            "id": 100348,
            "master": false,
            "questionName": "Dust A/C vents and check functionality",
            "instructions": "",
            "contentTypeId": 0
        },
        {
            "id": 100008,
            "master": false,
            "questionName": "EC Breading Table",
            "instructions": "",
            "contentTypeId": 0
        },
        {
            "id": 100203,
            "master": false,
            "questionName": "EC/Spicy COB",
            "instructions": "Evaluate to ensure all products meet hot/cold holding temperatures, within hold times, and meet quality standards (i.e. appearance, taste and properly filled)",
            "contentTypeId": 0
        },
        {
            "id": 16,
            "master": true,
            "questionName": "Eggs Temp.",
            "instructions": "33616",
            "contentTypeId": 1
        },
        {
            "id": 201,
            "master": true,
            "questionName": "Electrical Wiring Checked(No exposed wiring, Proper use of Extension Cords, Surge Protectors Utilized, Exposure to water or moisture)?",
            "instructions": null,
            "contentTypeId": 0
        },
        {
            "id": 214,
            "master": true,
            "questionName": "Emergency Contacts Posted?",
            "instructions": null,
            "contentTypeId": 0
        },
        {
            "id": 100712,
            "master": false,
            "questionName": "Employee are wearing disposable gloves are changing deposable gloves as needed",
            "instructions": null,
            "contentTypeId": 0
        },
        {
            "id": 100182,
            "master": false,
            "questionName": "Employees – hair restraints, complete/clean uniforms, proper grooming/hygiene, no gum/smoking",
            "instructions": "All products meet quality standards and are within proper hold time. Dispose of any product that doesn’t meet standards (Quality, Hold Time &amp; Temp.) – MOD is accountable for ensuring the actions are followed throughout the shift.",
            "contentTypeId": 0
        },
        {
            "id": 100485,
            "master": false,
            "questionName": "Empty and clean seasoning shakers",
            "instructions": "",
            "contentTypeId": 0
        },
        {
            "id": 100437,
            "master": false,
            "questionName": "Empty and clean tea urns (take nozzle apart daily)",
            "instructions": "",
            "contentTypeId": 0
        },
        {
            "id": 1060,
            "master": true,
            "questionName": "Encore",
            "instructions": "",
            "contentTypeId": 0
        },
        {
            "id": 1009,
            "master": true,
            "questionName": "Encore - Air Filter",
            "instructions": "",
            "contentTypeId": 0
        },
        {
            "id": 227,
            "master": true,
            "questionName": "Enough Waffle Cone available and Displayed?",
            "instructions": null,
            "contentTypeId": 0
        },
        {
            "id": 100408,
            "master": false,
            "questionName": "Ensure all green ledges are clean and wiped down",
            "instructions": "",
            "contentTypeId": 0
        },
        {
            "id": 100349,
            "master": false,
            "questionName": "Ensure all items prepped or opened have a day dot with original pepped/opened date.",
            "instructions": "",
            "contentTypeId": 0
        },
        {
            "id": 100441,
            "master": false,
            "questionName": "Ensure all lights are working",
            "instructions": "",
            "contentTypeId": 0
        },
        {
            "id": 100350,
            "master": false,
            "questionName": "Ensure all non-pepped items have a receive date",
            "instructions": "",
            "contentTypeId": 0
        },
        {
            "id": 100393,
            "master": false,
            "questionName": "Ensure all products have prepared date and are not expired",
            "instructions": "",
            "contentTypeId": 0
        },
        {
            "id": 100409,
            "master": false,
            "questionName": "Ensure all walls and décor are clean and wiped down",
            "instructions": "",
            "contentTypeId": 0
        },
        {
            "id": 100362,
            "master": false,
            "questionName": "Ensure all walls are clean and wiped down",
            "instructions": "",
            "contentTypeId": 0
        },
        {
            "id": 100347,
            "master": false,
            "questionName": "Ensure atmosphere is to standard",
            "instructions": "",
            "contentTypeId": 0
        },
        {
            "id": 210,
            "master": true,
            "questionName": "Ensure Digital Video Recorder is Functioning Properly?",
            "instructions": null,
            "contentTypeId": 0
        },
        {
            "id": 100402,
            "master": false,
            "questionName": "Ensure items on the line have day dots with original prepped/opened date",
            "instructions": "",
            "contentTypeId": 0
        },
        {
            "id": 100439,
            "master": false,
            "questionName": "Ensure tables are arranged properly and chairs are put up",
            "instructions": "",
            "contentTypeId": 0
        },
        {
            "id": 100358,
            "master": false,
            "questionName": "Ensure tables are arranged properly and chairs are set in dining room and patio.",
            "instructions": "",
            "contentTypeId": 0
        },
        {
            "id": 100278,
            "master": false,
            "questionName": "Entered into NBO during the Closing workflow",
            "instructions": "",
            "contentTypeId": 0
        },
        {
            "id": 155,
            "master": true,
            "questionName": "Equipment clean",
            "instructions": null,
            "contentTypeId": 0
        },
        {
            "id": 100208,
            "master": false,
            "questionName": "Equipment in use is properly clean, free of excess debris and build up",
            "instructions": "MOD is responsible for ensuring the top missed ESCC sanitation items below are monitored throughout the shift.",
            "contentTypeId": 0
        },
        {
            "id": 100167,
            "master": false,
            "questionName": "Equipment Temperature",
            "instructions": "Verify Products tagged",
            "contentTypeId": 0
        },
        {
            "id": 100673,
            "master": true,
            "questionName": "Equipment temprature",
            "instructions": "Equipment temprature",
            "contentTypeId": 0
        },
        {
            "id": 255,
            "master": true,
            "questionName": "Espresso grounds were removed using the brew group brush?",
            "instructions": "",
            "contentTypeId": 0
        },
        {
            "id": 4,
            "master": true,
            "questionName": "Espresso shot temp.",
            "instructions": "How to take the readings of equipments.",
            "contentTypeId": 0
        },
        {
            "id": 98,
            "master": true,
            "questionName": "Espresso Station (clean, stocked)",
            "instructions": null,
            "contentTypeId": 0
        },
        {
            "id": 1,
            "master": true,
            "questionName": "Espresso volume (Med)",
            "instructions": null,
            "contentTypeId": 0
        },
        {
            "id": 100683,
            "master": false,
            "questionName": "Estimated time of preparing burger?",
            "instructions": "18",
            "contentTypeId": 0
        },
        {
            "id": 1055,
            "master": true,
            "questionName": "Exhaust Hood",
            "instructions": "",
            "contentTypeId": 0
        },
        {
            "id": 100651,
            "master": false,
            "questionName": "Experience about restraunt ?",
            "instructions": "",
            "contentTypeId": 0
        },
        {
            "id": 100169,
            "master": false,
            "questionName": "Expiration Date",
            "instructions": "",
            "contentTypeId": 0
        },
        {
            "id": 100696,
            "master": false,
            "questionName": "Expiration Date on cleaning liquid",
            "instructions": null,
            "contentTypeId": 0
        },
        {
            "id": 100168,
            "master": false,
            "questionName": "Expired",
            "instructions": "Choose Yes to generate corrective action.",
            "contentTypeId": 0
        },
        {
            "id": 1061,
            "master": true,
            "questionName": "Exterior Signs",
            "instructions": "",
            "contentTypeId": 0
        },
        {
            "id": 100244,
            "master": false,
            "questionName": "Extra Crispy Color",
            "instructions": "",
            "contentTypeId": 0
        },
        {
            "id": 100237,
            "master": false,
            "questionName": "Extra Crispy Temperature",
            "instructions": "",
            "contentTypeId": 0
        },
        {
            "id": 100246,
            "master": false,
            "questionName": "Extra Crispy Tenders Color",
            "instructions": "",
            "contentTypeId": 0
        },
        {
            "id": 100238,
            "master": false,
            "questionName": "Extra Crispy Tenders Temperature",
            "instructions": "",
            "contentTypeId": 0
        },
        {
            "id": 100242,
            "master": false,
            "questionName": "Extra Crispy Tenders Undercooked",
            "instructions": "",
            "contentTypeId": 0
        },
        {
            "id": 100240,
            "master": false,
            "questionName": "Extra Crispy Undercooked",
            "instructions": "",
            "contentTypeId": 0
        },
        {
            "id": 34,
            "master": true,
            "questionName": "Extra Large",
            "instructions": null,
            "contentTypeId": 0
        },
        {
            "id": 30,
            "master": true,
            "questionName": "Extra Small",
            "instructions": null,
            "contentTypeId": 0
        },
        {
            "id": 1010,
            "master": true,
            "questionName": "Fan Guards in Refrigerators",
            "instructions": "",
            "contentTypeId": 0
        },
        {
            "id": 100613,
            "master": false,
            "questionName": "Feedback about instrument and items ?",
            "instructions": "Can update about the condition of instruments and hygiene of the place.",
            "contentTypeId": 0
        },
        {
            "id": 100648,
            "master": false,
            "questionName": "Feedback about restraunt ?",
            "instructions": "Feedback",
            "contentTypeId": 0
        },
        {
            "id": 100692,
            "master": false,
            "questionName": "Feedback regarding product",
            "instructions": "Add your feedback.",
            "contentTypeId": 0
        },
        {
            "id": 100164,
            "master": false,
            "questionName": "Fences are clean and in good repair",
            "instructions": "",
            "contentTypeId": 0
        },
        {
            "id": 100212,
            "master": false,
            "questionName": "FEW Humidity Control Holding Unit Setting =185F, 50% humidity",
            "instructions": "",
            "contentTypeId": 0
        },
        {
            "id": 100435,
            "master": false,
            "questionName": "File delivery kitchen tickets",
            "instructions": "",
            "contentTypeId": 0
        },
        {
            "id": 100356,
            "master": false,
            "questionName": "Fill labeled red sanitizer buckets with sanitizing towels and tested sanitized water. Place in designated areas",
            "instructions": "",
            "contentTypeId": 0
        },
        {
            "id": 100343,
            "master": false,
            "questionName": "Fill out daily prep list and deployment guide",
            "instructions": "",
            "contentTypeId": 0
        },
        {
            "id": 100466,
            "master": false,
            "questionName": "Filter all fryers",
            "instructions": "",
            "contentTypeId": 0
        },
        {
            "id": 100427,
            "master": false,
            "questionName": "Filter all fryers or clean filter box (when applicable)",
            "instructions": "",
            "contentTypeId": 0
        },
        {
            "id": 100351,
            "master": false,
            "questionName": "Final walk-thru",
            "instructions": "",
            "contentTypeId": 0
        },
        {
            "id": 100073,
            "master": false,
            "questionName": "Fire Extinguisher",
            "instructions": "",
            "contentTypeId": 0
        },
        {
            "id": 198,
            "master": true,
            "questionName": "Fire Extinguisher Charged (Current Date)?",
            "instructions": null,
            "contentTypeId": 0
        },
        {
            "id": 199,
            "master": true,
            "questionName": "Fire Suppression (Ansul)/Hoods/Screens Cleaned and Maintained?",
            "instructions": null,
            "contentTypeId": 0
        },
        {
            "id": 197,
            "master": true,
            "questionName": "First Aid Kit Stocked?",
            "instructions": null,
            "contentTypeId": 0
        },
        {
            "id": 125,
            "master": true,
            "questionName": "First-Aid Kit Supplies (Band-Aids, Cream, Burn Spray)",
            "instructions": null,
            "contentTypeId": 0
        },
        {
            "id": 82,
            "master": true,
            "questionName": "Fixtures - Sink, Toilet and Urinal clean and odor free",
            "instructions": null,
            "contentTypeId": 0
        },
        {
            "id": 100233,
            "master": false,
            "questionName": "Flavor",
            "instructions": "How does the chicken smell and taste?",
            "contentTypeId": 0
        },
        {
            "id": 183,
            "master": true,
            "questionName": "Flavor Weight",
            "instructions": null,
            "contentTypeId": 0
        },
        {
            "id": 1056,
            "master": true,
            "questionName": "FlavorShot Dispenser",
            "instructions": "",
            "contentTypeId": 0
        },
        {
            "id": 1057,
            "master": true,
            "questionName": "FlavorShot Pumps",
            "instructions": "",
            "contentTypeId": 0
        },
        {
            "id": 100475,
            "master": false,
            "questionName": "Flip all sauce pans and ensure date of sauce bottle was opened or made is on container",
            "instructions": "",
            "contentTypeId": 0
        },
        {
            "id": 100480,
            "master": false,
            "questionName": "Flip the carrots, celery, and thawed fried corn pans and insert for the Pilot",
            "instructions": "",
            "contentTypeId": 0
        },
        {
            "id": 1011,
            "master": true,
            "questionName": "Floor Cleaning Tools",
            "instructions": "",
            "contentTypeId": 0
        },
        {
            "id": 1012,
            "master": true,
            "questionName": "Floor Drains",
            "instructions": "",
            "contentTypeId": 0
        },
        {
            "id": 100512,
            "master": false,
            "questionName": "Floor mat at customer entrances and in front of the drink station are in good condition",
            "instructions": "Record at a minimum 2 times per day, but monitor throughout the day\r<div><br></div>",
            "contentTypeId": 0
        },
        {
            "id": 100560,
            "master": false,
            "questionName": "Floor security",
            "instructions": "security",
            "contentTypeId": 0
        },
        {
            "id": 71,
            "master": true,
            "questionName": "Floors (clean)",
            "instructions": null,
            "contentTypeId": 0
        },
        {
            "id": 86,
            "master": true,
            "questionName": "Floors clean and dry",
            "instructions": null,
            "contentTypeId": 0
        },
        {
            "id": 100248,
            "master": false,
            "questionName": "Focus for the day (Product Execution)",
            "instructions": "",
            "contentTypeId": 0
        },
        {
            "id": 100247,
            "master": false,
            "questionName": "Focus for the day (Sales)",
            "instructions": "",
            "contentTypeId": 0
        },
        {
            "id": 120,
            "master": true,
            "questionName": "Food (properly labeled, stored)",
            "instructions": "21336",
            "contentTypeId": 1
        },
        {
            "id": 100132,
            "master": false,
            "questionName": "FOOD SAFETY CHECKLIST/PEST WALK FOR APPLICABLE DAY / DAYPART COMPLETED",
            "instructions": "",
            "contentTypeId": 0
        },
        {
            "id": 100505,
            "master": false,
            "questionName": "Food, equipment, smallwares and utensils are free from cross contamination",
            "instructions": "",
            "contentTypeId": 0
        },
        {
            "id": 100078,
            "master": false,
            "questionName": "Foyer Walls/Thresholds",
            "instructions": "",
            "contentTypeId": 0
        },
        {
            "id": 100548,
            "master": false,
            "questionName": "Freezer",
            "instructions": "\"Take temperature of prepped tomatoes and 1 other cold ingredient for each line. If tomatoes are not present, take temperatures of any 2 cold ingredients.&nbsp;<div>For heated cabinet, check 2 potentially hazardous items (beef, beans, chicken, etc.). Cold Food = 33–40°F; Hot Food = 160°F or greater; Rethermalizer Food = 165°F or greater; Frozen Food = Less than 10°F.</div><div>Note: If no product is available, write “N/A”. Record additional pieces of equipment and their associated temperatures in the Comments section below.\"\r</div><div><br></div>",
            "contentTypeId": 0
        },
        {
            "id": 100519,
            "master": false,
            "questionName": "Freezer # 1",
            "instructions": "",
            "contentTypeId": 0
        },
        {
            "id": 100521,
            "master": false,
            "questionName": "Freezer # 1",
            "instructions": "",
            "contentTypeId": 0
        },
        {
            "id": 100522,
            "master": false,
            "questionName": "Freezer # 2",
            "instructions": "\"Take temperature of prepped tomatoes and 1 other cold ingredient for each line. If tomatoes are not present, take temperatures of any 2 cold ingredients. For heated cabinet, check 2<div>potentially hazardous items (beef, beans, chicken, etc.). Cold Food = 33–40°F; Hot Food = 160°F or greater; Rethermalizer Food = 165°F or greater; Frozen Food = Less than 10°F.</div><div>Note: If no product is available, write “N/A”. Record additional pieces of equipment and their associated temperatures in the Comments section below.\"\r</div><div><br></div>",
            "contentTypeId": 0
        },
        {
            "id": 100082,
            "master": false,
            "questionName": "Freezer Shelving/Walls",
            "instructions": "",
            "contentTypeId": 0
        },
        {
            "id": 100517,
            "master": false,
            "questionName": "Freezer Temperature",
            "instructions": "Take temperature of prepped tomatoes and 1 other cold ingredient for each line. If tomatoes are not present, take temperatures of any 2 cold ingredients.&nbsp;<div>For heated cabinet, check 2 potentially hazardous items (beef, beans, chicken, etc.). Cold Food = 33–40°F; Hot Food = 160°F or greater; Rethermalizer Food = 165°F or greater; Frozen Food = Less than 10°F.<div>Note: If no product is available, write “N/A”. Record additional pieces of equipment and their associated temperatures in the Comments section below.</div></div>",
            "contentTypeId": 0
        },
        {
            "id": 100520,
            "master": false,
            "questionName": "Freezer#1",
            "instructions": "\"Take temperature of prepped tomatoes and 1 other cold ingredient for each line. If tomatoes are not present, take temperatures of any 2 cold ingredients. For heated cabinet, check 2<div>potentially hazardous items (beef, beans, chicken, etc.). Cold Food = 33–40°F; Hot Food = 160°F or greater; Rethermalizer Food = 165°F or greater; Frozen Food = Less than 10°F.</div><div>Note: If no product is available, write “N/A”. Record additional pieces of equipment and their associated temperatures in the Comments section below.\"\r</div><div><br></div>",
            "contentTypeId": 0
        },
        {
            "id": 100318,
            "master": false,
            "questionName": "Fries Fryers",
            "instructions": "",
            "contentTypeId": 0
        },
        {
            "id": 100080,
            "master": false,
            "questionName": "Front Counter",
            "instructions": "",
            "contentTypeId": 0
        },
        {
            "id": 59,
            "master": true,
            "questionName": "Front Door Glass & Frame (clean)",
            "instructions": null,
            "contentTypeId": 0
        },
        {
            "id": 100061,
            "master": false,
            "questionName": "Fry Dump & Filter",
            "instructions": "",
            "contentTypeId": 0
        },
        {
            "id": 1042,
            "master": true,
            "questionName": "Fryer",
            "instructions": "",
            "contentTypeId": 0
        },
        {
            "id": 10,
            "master": true,
            "questionName": "Full Batch water volume",
            "instructions": null,
            "contentTypeId": 0
        },
        {
            "id": 100510,
            "master": false,
            "questionName": "Full boxes weighing more than 30 lb. are stored below 5 feet from the floor",
            "instructions": "Record at a minimum 2 times per day, but monitor throughout the day\r<div><br></div>",
            "contentTypeId": 0
        },
        {
            "id": 100031,
            "master": false,
            "questionName": "Garbage Cans",
            "instructions": "",
            "contentTypeId": 0
        },
        {
            "id": 100324,
            "master": false,
            "questionName": "Gehl's Cheese Machine",
            "instructions": "",
            "contentTypeId": 0
        },
        {
            "id": 100295,
            "master": false,
            "questionName": "Gehl's Cheese Sause",
            "instructions": "",
            "contentTypeId": 0
        },
        {
            "id": 100383,
            "master": false,
            "questionName": "Get all ladles, spoons and tongs and place on the line.",
            "instructions": "",
            "contentTypeId": 0
        },
        {
            "id": 100387,
            "master": false,
            "questionName": "Get transfer containers and tongs for fries, boneless wings and tenders (red tongs for boneless where available)",
            "instructions": "",
            "contentTypeId": 0
        },
        {
            "id": 100386,
            "master": false,
            "questionName": "Get Waste container for fries, boneless, and classic.",
            "instructions": "",
            "contentTypeId": 0
        },
        {
            "id": 110,
            "master": true,
            "questionName": "Gloves (available, in-use)",
            "instructions": null,
            "contentTypeId": 0
        },
        {
            "id": 100346,
            "master": false,
            "questionName": "Go to bank for deposit",
            "instructions": "",
            "contentTypeId": 0
        },
        {
            "id": 1043,
            "master": true,
            "questionName": "Grease Trap",
            "instructions": "",
            "contentTypeId": 0
        },
        {
            "id": 100217,
            "master": false,
            "questionName": "Greasy",
            "instructions": "Do you see or feel any issues with the breading/seasoning?",
            "contentTypeId": 0
        },
        {
            "id": 170,
            "master": true,
            "questionName": "Grilled Cheese Sandwich",
            "instructions": null,
            "contentTypeId": 0
        },
        {
            "id": 100175,
            "master": false,
            "questionName": "Grilled Chicken",
            "instructions": "",
            "contentTypeId": 0
        },
        {
            "id": 100202,
            "master": false,
            "questionName": "Grilled Chicken COB",
            "instructions": "Evaluate to ensure all products meet hot/cold holding temperatures, within hold times, and meet quality standards (i.e. appearance, taste and properly filled)",
            "contentTypeId": 0
        },
        {
            "id": 223,
            "master": true,
            "questionName": "Grind Weight",
            "instructions": null,
            "contentTypeId": 0
        },
        {
            "id": 1013,
            "master": true,
            "questionName": "Grinders",
            "instructions": "",
            "contentTypeId": 0
        },
        {
            "id": 9,
            "master": true,
            "questionName": "Half Batch water volume",
            "instructions": null,
            "contentTypeId": 0
        },
        {
            "id": 230,
            "master": true,
            "questionName": "Half batch water volume (Dilution Spout)",
            "instructions": null,
            "contentTypeId": 0
        },
        {
            "id": 229,
            "master": true,
            "questionName": "Half batch water volume (Spray Head)",
            "instructions": null,
            "contentTypeId": 0
        },
        {
            "id": 83,
            "master": true,
            "questionName": "Hand dryer/Towel Dispenser stocked and tested",
            "instructions": null,
            "contentTypeId": 0
        },
        {
            "id": 105,
            "master": true,
            "questionName": "Hand Wash Sink (clean, soap & p.towel stocked)",
            "instructions": null,
            "contentTypeId": 0
        },
        {
            "id": 114,
            "master": true,
            "questionName": "Hand Wash Sink (clean, soap & p.towel stocked)",
            "instructions": null,
            "contentTypeId": 0
        },
        {
            "id": 100502,
            "master": false,
            "questionName": "Handwashing sinks accessible and stocked with required supplies (gloves, hand sanitizer, antibacterial soap, paper towels, trash can)",
            "instructions": "",
            "contentTypeId": 0
        },
        {
            "id": 100501,
            "master": false,
            "questionName": "Handwashing sinks water temperature =100F (minimum)",
            "instructions": "",
            "contentTypeId": 0
        },
        {
            "id": 100218,
            "master": false,
            "questionName": "Hard Breading",
            "instructions": "Do you see or feel any issues with the breading/seasoning?",
            "contentTypeId": 0
        },
        {
            "id": 1044,
            "master": true,
            "questionName": "Hardening Cabinet(s)",
            "instructions": "",
            "contentTypeId": 0
        },
        {
            "id": 100758,
            "master": false,
            "questionName": "Has back up product been panned out?",
            "instructions": null,
            "contentTypeId": 0
        },
        {
            "id": 100770,
            "master": false,
            "questionName": "Has everyone washed their hands?",
            "instructions": null,
            "contentTypeId": 0
        },
        {
            "id": 100739,
            "master": false,
            "questionName": "Has first round of rice been marinated and put in the oven at least 2 hours before opening?",
            "instructions": null,
            "contentTypeId": 0
        },
        {
            "id": 100755,
            "master": false,
            "questionName": "Has the chicken been cooked?",
            "instructions": null,
            "contentTypeId": 0
        },
        {
            "id": 100759,
            "master": false,
            "questionName": "Has the first batch of rice been panned out, placed in hot box and labeled?",
            "instructions": "it's an important task.",
            "contentTypeId": 0
        },
        {
            "id": 100762,
            "master": false,
            "questionName": "Has the freezer in the FOH been stocked?",
            "instructions": null,
            "contentTypeId": 0
        },
        {
            "id": 100765,
            "master": false,
            "questionName": "Has the POS been set up and is it on?",
            "instructions": null,
            "contentTypeId": 0
        },
        {
            "id": 100740,
            "master": false,
            "questionName": "Has the rice immediately been soaked for the next day after the first round of rice was placed in the oven.",
            "instructions": "Second round of rice should be in after the first round, all rice for the day should be cooked as possible.",
            "contentTypeId": 0
        },
        {
            "id": 100764,
            "master": false,
            "questionName": "Has the second round of rice been placed in the oven?",
            "instructions": null,
            "contentTypeId": 0
        },
        {
            "id": 100766,
            "master": false,
            "questionName": "Has the soda fountain been turned on?",
            "instructions": null,
            "contentTypeId": 0
        },
        {
            "id": 100760,
            "master": false,
            "questionName": "Has the team began cooking the gyro beef?",
            "instructions": null,
            "contentTypeId": 0
        },
        {
            "id": 1014,
            "master": true,
            "questionName": "Hash Brown Freezer",
            "instructions": "",
            "contentTypeId": 0
        },
        {
            "id": 19,
            "master": true,
            "questionName": "Hash Browns Temp.",
            "instructions": null,
            "contentTypeId": 0
        },
        {
            "id": 100748,
            "master": false,
            "questionName": "Have all orders been checked in and rotated properly?",
            "instructions": null,
            "contentTypeId": 0
        },
        {
            "id": 100752,
            "master": false,
            "questionName": "Have all shifts been confirmed for the day?",
            "instructions": null,
            "contentTypeId": 0
        },
        {
            "id": 100330,
            "master": false,
            "questionName": "Have Bowls flipped at Wingman Station?",
            "instructions": "",
            "contentTypeId": 0
        },
        {
            "id": 100309,
            "master": false,
            "questionName": "Have Brewed Tea Checked within 8 hour shelf life?",
            "instructions": "",
            "contentTypeId": 0
        },
        {
            "id": 100741,
            "master": false,
            "questionName": "Have chickpea korma and black beans been prepared for the day?",
            "instructions": null,
            "contentTypeId": 0
        },
        {
            "id": 100761,
            "master": false,
            "questionName": "Have paper products been stocked(cups/cup lids/straws/utensils/napkins/bowls/bowl lids)?",
            "instructions": null,
            "contentTypeId": 0
        },
        {
            "id": 100753,
            "master": false,
            "questionName": "Have prep needs been evaluated and a plan prepared for the team?",
            "instructions": null,
            "contentTypeId": 0
        },
        {
            "id": 100747,
            "master": false,
            "questionName": "Have the cooler and freezer temperatures been taken?",
            "instructions": null,
            "contentTypeId": 0
        },
        {
            "id": 100767,
            "master": false,
            "questionName": "Have the line, glass and countertops been cleaned?",
            "instructions": null,
            "contentTypeId": 0
        },
        {
            "id": 100773,
            "master": false,
            "questionName": "Have you assisted with prepping if needed?",
            "instructions": null,
            "contentTypeId": 0
        },
        {
            "id": 100772,
            "master": false,
            "questionName": "Have you communicated with management if you are out of any items for front line?",
            "instructions": null,
            "contentTypeId": 0
        },
        {
            "id": 100085,
            "master": false,
            "questionName": "Headset/Battery Charger",
            "instructions": "",
            "contentTypeId": 0
        },
        {
            "id": 100550,
            "master": false,
            "questionName": "Heated Cabinet",
            "instructions": "\"Take temperature of prepped tomatoes and 1 other cold ingredient for each line. If tomatoes are not present, take temperatures of any 2 cold ingredients.&nbsp;<div>For heated cabinet, check 2 potentially hazardous items (beef, beans, chicken, etc.). Cold Food = 33–40°F; Hot Food = 160°F or greater; Rethermalizer Food = 165°F or greater; Frozen Food = Less than 10°F.</div><div>Note: If no product is available, write “N/A”. Record additional pieces of equipment and their associated temperatures in the Comments section below.\"\r</div><div><br></div>",
            "contentTypeId": 0
        },
        {
            "id": 100525,
            "master": false,
            "questionName": "Heated Cabinet #1",
            "instructions": "\"Take temperature of prepped tomatoes and 1 other cold ingredient for each line. If tomatoes are not present, take temperatures of any 2 cold ingredients. For heated cabinet, check 2<div>potentially hazardous items (beef, beans, chicken, etc.). Cold Food = 33–40°F; Hot Food = 160°F or greater; Rethermalizer Food = 165°F or greater; Frozen Food = Less than 10°F.</div><div>Note: If no product is available, write “N/A”. Record additional pieces of equipment and their associated temperatures in the Comments section below.\"\r</div><div><br></div>",
            "contentTypeId": 0
        },
        {
            "id": 100526,
            "master": false,
            "questionName": "Heated Cabinet #2",
            "instructions": "\"Take temperature of prepped tomatoes and 1 other cold ingredient for each line. If tomatoes are not present, take temperatures of any 2 cold ingredients. For heated cabinet, check 2<div>potentially hazardous items (beef, beans, chicken, etc.). Cold Food = 33–40°F; Hot Food = 160°F or greater; Rethermalizer Food = 165°F or greater; Frozen Food = Less than 10°F.</div><div>Note: If no product is available, write “N/A”. Record additional pieces of equipment and their associated temperatures in the Comments section below.\"\r</div><div><br></div>",
            "contentTypeId": 0
        },
        {
            "id": 100555,
            "master": false,
            "questionName": "Heated Cabinet Temperature",
            "instructions": "\"Take temperature of prepped tomatoes and 1 other cold ingredient for each line. If tomatoes are not present, take temperatures of any 2 cold ingredients.&nbsp;<div>For heated cabinet, check 2 potentially hazardous items (beef, beans, chicken, etc.). Cold Food = 33–40°F; Hot Food = 160°F or greater; Rethermalizer Food = 165°F or greater; Frozen Food = Less than 10°F.</div><div>Note: If no product is available, write “N/A”. Record additional pieces of equipment and their associated temperatures in the Comments section below.\"\r</div><div><br></div>",
            "contentTypeId": 0
        },
        {
            "id": 100088,
            "master": false,
            "questionName": "Heated Drawers",
            "instructions": "",
            "contentTypeId": 0
        },
        {
            "id": 100732,
            "master": false,
            "questionName": "Height (1): 2-3/8 to 3-3/8 in",
            "instructions": null,
            "contentTypeId": 0
        },
        {
            "id": 100724,
            "master": false,
            "questionName": "Height (3): 4 to 4-3/4 in",
            "instructions": null,
            "contentTypeId": 0
        },
        {
            "id": 100728,
            "master": false,
            "questionName": "Height (3): 4-3/16 to 4-13/16 in",
            "instructions": null,
            "contentTypeId": 0
        },
        {
            "id": 100205,
            "master": false,
            "questionName": "Henny Penny Humidity Control Holding",
            "instructions": "",
            "contentTypeId": 0
        },
        {
            "id": 100211,
            "master": false,
            "questionName": "Henny Penny Humidity Control Holding Unit Setting =185F, 50% humidity",
            "instructions": "",
            "contentTypeId": 0
        },
        {
            "id": 100207,
            "master": false,
            "questionName": "Henny Penny Humidity Unit Setting",
            "instructions": "",
            "contentTypeId": 0
        },
        {
            "id": 100051,
            "master": false,
            "questionName": "High Chairs & Boosters",
            "instructions": "",
            "contentTypeId": 0
        },
        {
            "id": 1015,
            "master": true,
            "questionName": "High-Volume Brewer & Assembly Faucet",
            "instructions": "",
            "contentTypeId": 0
        },
        {
            "id": 1016,
            "master": true,
            "questionName": "High-Volume Soft Heat Server",
            "instructions": "",
            "contentTypeId": 0
        },
        {
            "id": 100026,
            "master": false,
            "questionName": "Holding Cabinet #1",
            "instructions": "",
            "contentTypeId": 0
        },
        {
            "id": 100036,
            "master": false,
            "questionName": "Holding Cabinet #2",
            "instructions": "",
            "contentTypeId": 0
        },
        {
            "id": 100044,
            "master": false,
            "questionName": "Holding Cabinet #3",
            "instructions": "",
            "contentTypeId": 0
        },
        {
            "id": 100302,
            "master": false,
            "questionName": "Honey Mustard",
            "instructions": "",
            "contentTypeId": 0
        },
        {
            "id": 100054,
            "master": false,
            "questionName": "Hoods & Filters",
            "instructions": "",
            "contentTypeId": 0
        },
        {
            "id": 189,
            "master": true,
            "questionName": "Hot and cold water are available?",
            "instructions": null,
            "contentTypeId": 0
        },
        {
            "id": 177,
            "master": true,
            "questionName": "Hot Fudge",
            "instructions": null,
            "contentTypeId": 0
        },
        {
            "id": 100204,
            "master": false,
            "questionName": "Hot Item",
            "instructions": "Evaluate to ensure all products meet hot/cold holding temperatures, within hold times, and meet quality standards (i.e. appearance, taste and properly filled)",
            "contentTypeId": 0
        },
        {
            "id": 100527,
            "master": false,
            "questionName": "Hot Line #1",
            "instructions": "\"Take temperature of prepped tomatoes and 1 other cold ingredient for each line. If tomatoes are not present, take temperatures of any 2 cold ingredients. For heated cabinet, check 2<div>potentially hazardous items (beef, beans, chicken, etc.). Cold Food = 33–40°F; Hot Food = 160°F or greater; Rethermalizer Food = 165°F or greater; Frozen Food = Less than 10°F.</div><div>Note: If no product is available, write “N/A”. Record additional pieces of equipment and their associated temperatures in the Comments section below.\"\r</div><div><br></div>",
            "contentTypeId": 0
        },
        {
            "id": 100530,
            "master": false,
            "questionName": "Hot Line #2",
            "instructions": "\"Take temperature of prepped tomatoes and 1 other cold ingredient for each line. If tomatoes are not present, take temperatures of any 2 cold ingredients. For heated cabinet, check 2<div>potentially hazardous items (beef, beans, chicken, etc.). Cold Food = 33–40°F; Hot Food = 160°F or greater; Rethermalizer Food = 165°F or greater; Frozen Food = Less than 10°F.</div><div>Note: If no product is available, write “N/A”. Record additional pieces of equipment and their associated temperatures in the Comments section below.\"\r</div><div><br></div>",
            "contentTypeId": 0
        },
        {
            "id": 100554,
            "master": false,
            "questionName": "Hot line Temperature",
            "instructions": "\"Take temperature of prepped tomatoes and 1 other cold ingredient for each line. If tomatoes are not present, take temperatures of any 2 cold ingredients.&nbsp;<div>For heated cabinet, check 2 potentially hazardous items (beef, beans, chicken, etc.). Cold Food = 33–40°F; Hot Food = 160°F or greater; Rethermalizer Food = 165°F or greater; Frozen Food = Less than 10°F.</div><div>Note: If no product is available, write “N/A”. Record additional pieces of equipment and their associated temperatures in the Comments section below.\"\r</div><div><br></div>",
            "contentTypeId": 0
        },
        {
            "id": 1017,
            "master": true,
            "questionName": "Hot Topping Warmers",
            "instructions": "",
            "contentTypeId": 0
        },
        {
            "id": 100189,
            "master": false,
            "questionName": "Hot water available at 3 Sink compartment",
            "instructions": "",
            "contentTypeId": 0
        },
        {
            "id": 100178,
            "master": false,
            "questionName": "Hot water available at Compartment Sink",
            "instructions": "",
            "contentTypeId": 0
        },
        {
            "id": 100086,
            "master": false,
            "questionName": "Hot Water Dispensers",
            "instructions": "",
            "contentTypeId": 0
        },
        {
            "id": 100197,
            "master": false,
            "questionName": "Hot Wings",
            "instructions": "Evaluate to ensure all products meet hot/cold holding temperatures, within hold times, and meet quality standards (i.e. appearance, taste and properly filled)",
            "contentTypeId": 0
        },
        {
            "id": 1018,
            "master": true,
            "questionName": "Hot Winter Beverage Machine",
            "instructions": "",
            "contentTypeId": 0
        },
        {
            "id": 161,
            "master": true,
            "questionName": "Hot Winter Beverage Temp",
            "instructions": null,
            "contentTypeId": 0
        },
        {
            "id": 100034,
            "master": false,
            "questionName": "Hotwells Clean/Delime",
            "instructions": "",
            "contentTypeId": 0
        },
        {
            "id": 100140,
            "master": false,
            "questionName": "Hours of operation sign is posted and in good condition",
            "instructions": "",
            "contentTypeId": 0
        },
        {
            "id": 100691,
            "master": false,
            "questionName": "How is the environment?",
            "instructions": "18",
            "contentTypeId": 0
        },
        {
            "id": 100119,
            "master": false,
            "questionName": "How many boxes for Chicken-purple",
            "instructions": "",
            "contentTypeId": 0
        },
        {
            "id": 100694,
            "master": false,
            "questionName": "How many Guards are on Duty",
            "instructions": null,
            "contentTypeId": 0
        },
        {
            "id": 100681,
            "master": false,
            "questionName": "How many types of burger are available at the store?",
            "instructions": "18",
            "contentTypeId": 2
        },
        {
            "id": 100650,
            "master": false,
            "questionName": "How was the service ?",
            "instructions": "",
            "contentTypeId": 0
        },
        {
            "id": 1019,
            "master": true,
            "questionName": "IC3 Brewer",
            "instructions": "",
            "contentTypeId": 0
        },
        {
            "id": 100,
            "master": true,
            "questionName": "Ice Caddy (full, clean)",
            "instructions": null,
            "contentTypeId": 0
        },
        {
            "id": 100096,
            "master": false,
            "questionName": "Ice Machine",
            "instructions": "",
            "contentTypeId": 0
        },
        {
            "id": 1039,
            "master": true,
            "questionName": "Ice Machine Bin Chute, Harvest Area and Water Trough",
            "instructions": "",
            "contentTypeId": 0
        },
        {
            "id": 1038,
            "master": true,
            "questionName": "Ice Machines (Bin, Drop, Zone, Harvester)",
            "instructions": "",
            "contentTypeId": 0
        },
        {
            "id": 1063,
            "master": true,
            "questionName": "Ice Machines (Including all Internal Parts)",
            "instructions": "",
            "contentTypeId": 0
        },
        {
            "id": 12,
            "master": true,
            "questionName": "Ice Weight",
            "instructions": null,
            "contentTypeId": 0
        },
        {
            "id": 100117,
            "master": false,
            "questionName": "IF GRAVY CUPS ARE MADE, MAKE SURE 2-HOUR TIME TAG IS USED",
            "instructions": "",
            "contentTypeId": 0
        },
        {
            "id": 100384,
            "master": false,
            "questionName": "If necessary add water to carrots and celery sticks (ensure both have a day dot with original prep date)",
            "instructions": "",
            "contentTypeId": 0
        },
        {
            "id": 100757,
            "master": false,
            "questionName": "If needed, has all cold line products, sauces, and zoodles been prepared?",
            "instructions": null,
            "contentTypeId": 0
        },
        {
            "id": 100006,
            "master": false,
            "questionName": "Inside Menuboard",
            "instructions": "",
            "contentTypeId": 0
        },
        {
            "id": 257,
            "master": true,
            "questionName": "Instructions were followed to ensure steam wands are cleaned at same time?",
            "instructions": "This includes using 24 oz of cold water to each Vollrath pitcher, 1 ounce per 30 ml of Sheerer Milk cleaner to each pitcher",
            "contentTypeId": 0
        },
        {
            "id": 1023,
            "master": true,
            "questionName": "In-use Containers",
            "instructions": "",
            "contentTypeId": 0
        },
        {
            "id": 1024,
            "master": true,
            "questionName": "In-use Toppings Containers",
            "instructions": "",
            "contentTypeId": 0
        },
        {
            "id": 100746,
            "master": false,
            "questionName": "Is all equipment on (flat tops, hot box, warming drawer, oven, hot well, cold well)?",
            "instructions": null,
            "contentTypeId": 0
        },
        {
            "id": 100570,
            "master": false,
            "questionName": "Is correct temperature shown ?",
            "instructions": null,
            "contentTypeId": 0
        },
        {
            "id": 147,
            "master": true,
            "questionName": "Is equipment stable, with sturdy legs that are properly adjusted, and do all carts have working casters?",
            "instructions": null,
            "contentTypeId": 0
        },
        {
            "id": 100736,
            "master": false,
            "questionName": "Is equipment working?",
            "instructions": "Status of equipment",
            "contentTypeId": 0
        },
        {
            "id": 100737,
            "master": false,
            "questionName": "Is espresso machine clean?",
            "instructions": null,
            "contentTypeId": 0
        },
        {
            "id": 100600,
            "master": false,
            "questionName": "Is instrument clean ?",
            "instructions": "",
            "contentTypeId": 0
        },
        {
            "id": 100733,
            "master": false,
            "questionName": "Is it green?",
            "instructions": null,
            "contentTypeId": 0
        },
        {
            "id": 234,
            "master": true,
            "questionName": "Is it installed properly and free of kinks?",
            "instructions": "22577",
            "contentTypeId": 1
        },
        {
            "id": 100669,
            "master": false,
            "questionName": "is microwave utensils available",
            "instructions": null,
            "contentTypeId": 0
        },
        {
            "id": 100666,
            "master": false,
            "questionName": "is microwave working",
            "instructions": "22124",
            "contentTypeId": 1
        },
        {
            "id": 100667,
            "master": false,
            "questionName": "is sandwich station clean",
            "instructions": "15",
            "contentTypeId": 2
        },
        {
            "id": 142,
            "master": true,
            "questionName": "Is stock organized so that the heaviest boxes are not on the top shelf and all boxes are easily accessible by all employees?",
            "instructions": null,
            "contentTypeId": 0
        },
        {
            "id": 100749,
            "master": false,
            "questionName": "Is the 3 compartment sink set up?",
            "instructions": "Check Compartment done or not.",
            "contentTypeId": 0
        },
        {
            "id": 100776,
            "master": false,
            "questionName": "Is the beverage cooler stocked with product?",
            "instructions": null,
            "contentTypeId": 0
        },
        {
            "id": 100679,
            "master": false,
            "questionName": "Is the burger stall clean ??",
            "instructions": "Is the burger stall clean.",
            "contentTypeId": 0
        },
        {
            "id": 100680,
            "master": false,
            "questionName": "Is the employee available at the counter?",
            "instructions": "23573",
            "contentTypeId": 1
        },
        {
            "id": 100598,
            "master": false,
            "questionName": "Is the food hygenic",
            "instructions": "",
            "contentTypeId": 0
        },
        {
            "id": 100589,
            "master": false,
            "questionName": "Is the guest satisfied ?",
            "instructions": "",
            "contentTypeId": 0
        },
        {
            "id": 137,
            "master": true,
            "questionName": "Is the iced coffee brew basket in good condition and free of worn rims that would cause it to fall out of the brewer?",
            "instructions": null,
            "contentTypeId": 0
        },
        {
            "id": 138,
            "master": true,
            "questionName": "Is the iced tea brew basket in good condition and free of worn rims that would cause it to fall out of the brewer?",
            "instructions": null,
            "contentTypeId": 0
        },
        {
            "id": 100599,
            "master": false,
            "questionName": "Is the instrument available ?",
            "instructions": "instrument available",
            "contentTypeId": 0
        },
        {
            "id": 100774,
            "master": false,
            "questionName": "Is the line set up (station needs to be ready 5 minutes before opening)?",
            "instructions": null,
            "contentTypeId": 0
        },
        {
            "id": 100778,
            "master": false,
            "questionName": "Is the online ordering tablet on and is the printer stocked with paper?",
            "instructions": null,
            "contentTypeId": 0
        },
        {
            "id": 100645,
            "master": false,
            "questionName": "is validation done ??",
            "instructions": "",
            "contentTypeId": 0
        },
        {
            "id": 100567,
            "master": false,
            "questionName": "isAvailable?",
            "instructions": "",
            "contentTypeId": 0
        },
        {
            "id": 1020,
            "master": true,
            "questionName": "Island Oasis Blender Bag in Box Sugar Connector",
            "instructions": "",
            "contentTypeId": 0
        },
        {
            "id": 1022,
            "master": true,
            "questionName": "Island Oasis Storage Rack - 3 tiered",
            "instructions": "",
            "contentTypeId": 0
        },
        {
            "id": 1021,
            "master": true,
            "questionName": "Island Oasis Storage Rack Shelf & Measuring Cup Holder",
            "instructions": "",
            "contentTypeId": 0
        },
        {
            "id": 100575,
            "master": false,
            "questionName": "Items storage specificationd?",
            "instructions": "",
            "contentTypeId": 0
        },
        {
            "id": 100576,
            "master": false,
            "questionName": "Items storage specifications ?",
            "instructions": null,
            "contentTypeId": 0
        },
        {
            "id": 1025,
            "master": true,
            "questionName": "Jelly Pumps",
            "instructions": "",
            "contentTypeId": 0
        },
        {
            "id": 100311,
            "master": false,
            "questionName": "Keg Cooler",
            "instructions": "",
            "contentTypeId": 0
        },
        {
            "id": 100245,
            "master": false,
            "questionName": "Kentucky Grilled Chicken Color",
            "instructions": "",
            "contentTypeId": 0
        },
        {
            "id": 100236,
            "master": false,
            "questionName": "Kentucky Grilled Chicken Temperature",
            "instructions": "",
            "contentTypeId": 0
        },
        {
            "id": 100241,
            "master": false,
            "questionName": "Kentucky Grilled Chicken Undercooked",
            "instructions": "",
            "contentTypeId": 0
        },
        {
            "id": 100152,
            "master": false,
            "questionName": "Kitchen is neat, organized and floors swept",
            "instructions": "",
            "contentTypeId": 0
        },
        {
            "id": 100154,
            "master": false,
            "questionName": "Landscape: Grass trimmed, fresh mulch, no weeds, or litter",
            "instructions": "",
            "contentTypeId": 0
        },
        {
            "id": 53,
            "master": true,
            "questionName": "Landscaping (clean, appealing)",
            "instructions": null,
            "contentTypeId": 0
        },
        {
            "id": 100136,
            "master": false,
            "questionName": "Landscaping at DT menuboard is Best on Block",
            "instructions": "",
            "contentTypeId": 0
        },
        {
            "id": 33,
            "master": true,
            "questionName": "Large",
            "instructions": null,
            "contentTypeId": 0
        },
        {
            "id": 25,
            "master": true,
            "questionName": "Large Espresso Shot Time",
            "instructions": null,
            "contentTypeId": 0
        },
        {
            "id": 232,
            "master": true,
            "questionName": "Large Espresso Volume",
            "instructions": "",
            "contentTypeId": 0
        },
        {
            "id": 238,
            "master": true,
            "questionName": "Large Shot Weight",
            "instructions": null,
            "contentTypeId": 0
        },
        {
            "id": 100230,
            "master": false,
            "questionName": "Leathery Meat",
            "instructions": "&nbsp;Do you see or feel any issues with the meat?&nbsp;",
            "contentTypeId": 0
        },
        {
            "id": 22,
            "master": true,
            "questionName": "Left Brewer Volume (Bypass)",
            "instructions": null,
            "contentTypeId": 0
        },
        {
            "id": 21,
            "master": true,
            "questionName": "Left Brewer Volume (Spray Head)",
            "instructions": null,
            "contentTypeId": 0
        },
        {
            "id": 6,
            "master": true,
            "questionName": "Left Brewer Water Temp.",
            "instructions": null,
            "contentTypeId": 0
        },
        {
            "id": 5,
            "master": true,
            "questionName": "Left Brewer Water Volume",
            "instructions": null,
            "contentTypeId": 0
        },
        {
            "id": 249,
            "master": true,
            "questionName": "Left Grind Weight 1 (Lg)",
            "instructions": "",
            "contentTypeId": 0
        },
        {
            "id": 245,
            "master": true,
            "questionName": "Left Grind Weight 1 (Med)",
            "instructions": "",
            "contentTypeId": 0
        },
        {
            "id": 241,
            "master": true,
            "questionName": "Left Grind Weight 1 (Small)",
            "instructions": "",
            "contentTypeId": 0
        },
        {
            "id": 251,
            "master": true,
            "questionName": "Left Grind Weight 2 (Lg)",
            "instructions": "",
            "contentTypeId": 0
        },
        {
            "id": 247,
            "master": true,
            "questionName": "Left Grind Weight 2 (Med)",
            "instructions": "",
            "contentTypeId": 0
        },
        {
            "id": 243,
            "master": true,
            "questionName": "Left Grind Weight 2 (Small)",
            "instructions": "",
            "contentTypeId": 0
        },
        {
            "id": 29,
            "master": true,
            "questionName": "Lg Espresso Shot Temp.",
            "instructions": null,
            "contentTypeId": 0
        },
        {
            "id": 28,
            "master": true,
            "questionName": "Lg Latte Steamed Dairy Temp.",
            "instructions": null,
            "contentTypeId": 0
        },
        {
            "id": 54,
            "master": true,
            "questionName": "Lights & Signs (clean, working)",
            "instructions": null,
            "contentTypeId": 0
        },
        {
            "id": 274,
            "master": true,
            "questionName": "Lines have been flushed with water?",
            "instructions": "",
            "contentTypeId": 0
        },
        {
            "id": 275,
            "master": true,
            "questionName": "Lines have been sanitized and flushed?",
            "instructions": "",
            "contentTypeId": 0
        },
        {
            "id": 36,
            "master": true,
            "questionName": "Liquid Cane Sugar Weight",
            "instructions": null,
            "contentTypeId": 0
        },
        {
            "id": 100104,
            "master": false,
            "questionName": "Lobby & BOH Trash Cans",
            "instructions": "",
            "contentTypeId": 0
        },
        {
            "id": 100098,
            "master": false,
            "questionName": "Lobby Baseboards",
            "instructions": "",
            "contentTypeId": 0
        },
        {
            "id": 100170,
            "master": false,
            "questionName": "Lobby Ceiling Tiles- Dust",
            "instructions": "",
            "contentTypeId": 0
        },
        {
            "id": 100065,
            "master": false,
            "questionName": "Lobby Ceiling Tiles-Dust",
            "instructions": "Tiles-Dust",
            "contentTypeId": 0
        },
        {
            "id": 100015,
            "master": false,
            "questionName": "Lobby Chairs",
            "instructions": "",
            "contentTypeId": 0
        },
        {
            "id": 100072,
            "master": false,
            "questionName": "Lobby Drink Station",
            "instructions": "",
            "contentTypeId": 0
        },
        {
            "id": 100053,
            "master": false,
            "questionName": "Lobby Floor Zone 1",
            "instructions": "",
            "contentTypeId": 0
        },
        {
            "id": 100062,
            "master": false,
            "questionName": "Lobby Floor Zone 2",
            "instructions": "",
            "contentTypeId": 0
        },
        {
            "id": 100011,
            "master": false,
            "questionName": "Lobby Floor Zone 3",
            "instructions": "",
            "contentTypeId": 0
        },
        {
            "id": 100029,
            "master": false,
            "questionName": "Lobby Floor Zone 5",
            "instructions": "",
            "contentTypeId": 0
        },
        {
            "id": 100037,
            "master": false,
            "questionName": "Lobby Floor Zone 6",
            "instructions": "",
            "contentTypeId": 0
        },
        {
            "id": 100045,
            "master": false,
            "questionName": "Lobby Floor Zone 7",
            "instructions": "",
            "contentTypeId": 0
        },
        {
            "id": 100141,
            "master": false,
            "questionName": "Lobby floors are clean and litter free",
            "instructions": "",
            "contentTypeId": 0
        },
        {
            "id": 100041,
            "master": false,
            "questionName": "Lobby Light Covers",
            "instructions": "",
            "contentTypeId": 0
        },
        {
            "id": 100032,
            "master": false,
            "questionName": "Lobby Pictures",
            "instructions": "",
            "contentTypeId": 0
        },
        {
            "id": 100060,
            "master": false,
            "questionName": "Lobby Tables",
            "instructions": "",
            "contentTypeId": 0
        },
        {
            "id": 100042,
            "master": false,
            "questionName": "Lobby Vents",
            "instructions": "",
            "contentTypeId": 0
        },
        {
            "id": 100070,
            "master": false,
            "questionName": "Lobby Walls",
            "instructions": "",
            "contentTypeId": 0
        },
        {
            "id": 100020,
            "master": false,
            "questionName": "Lobby Zone 4",
            "instructions": "",
            "contentTypeId": 0
        },
        {
            "id": 135,
            "master": true,
            "questionName": "Loss prevention metrics reviewed and investigated",
            "instructions": null,
            "contentTypeId": 0
        },
        {
            "id": 224,
            "master": true,
            "questionName": "LTO Meat Temp.",
            "instructions": null,
            "contentTypeId": 0
        },
        {
            "id": 100199,
            "master": false,
            "questionName": "Macaroni and Cheese",
            "instructions": "Evaluate to ensure all products meet hot/cold holding temperatures, within hold times, and meet quality standards (i.e. appearance, taste and properly filled)",
            "contentTypeId": 0
        },
        {
            "id": 259,
            "master": true,
            "questionName": "Machine procedures were followed to initialize the cleaning cycle?",
            "instructions": "",
            "contentTypeId": 0
        },
        {
            "id": 100225,
            "master": false,
            "questionName": "Major Blown Drums",
            "instructions": "Do you see or feel any issues with the breading/seasoning?",
            "contentTypeId": 0
        },
        {
            "id": 100462,
            "master": false,
            "questionName": "Make sure all boneless containers are covered",
            "instructions": "",
            "contentTypeId": 0
        },
        {
            "id": 100433,
            "master": false,
            "questionName": "Make sure back door is locked",
            "instructions": "",
            "contentTypeId": 0
        },
        {
            "id": 100660,
            "master": false,
            "questionName": "Manager sign",
            "instructions": "Signature&nbsp;",
            "contentTypeId": 0
        },
        {
            "id": 100103,
            "master": false,
            "questionName": "Manager's Office",
            "instructions": "",
            "contentTypeId": 0
        },
        {
            "id": 100087,
            "master": false,
            "questionName": "Mark V Oven",
            "instructions": "",
            "contentTypeId": 0
        },
        {
            "id": 100222,
            "master": false,
            "questionName": "Marriages",
            "instructions": "Do you see or feel any issues with the breading/seasoning?",
            "contentTypeId": 0
        },
        {
            "id": 100198,
            "master": false,
            "questionName": "Mashed Potatoes / Gravy",
            "instructions": "Evaluate to ensure all products meet hot/cold holding temperatures, within hold times, and meet quality standards (i.e. appearance, taste and properly filled)",
            "contentTypeId": 0
        },
        {
            "id": 215,
            "master": true,
            "questionName": "Material Safety Data Sheets Posted and Available?",
            "instructions": "Safety",
            "contentTypeId": 0
        },
        {
            "id": 100100,
            "master": false,
            "questionName": "MB Cooking Equipment",
            "instructions": "",
            "contentTypeId": 0
        },
        {
            "id": 100093,
            "master": false,
            "questionName": "MB Holding Unit",
            "instructions": "",
            "contentTypeId": 0
        },
        {
            "id": 100099,
            "master": false,
            "questionName": "MB Refrigerator",
            "instructions": "",
            "contentTypeId": 0
        },
        {
            "id": 100092,
            "master": false,
            "questionName": "MB Steam Table & Delime",
            "instructions": "",
            "contentTypeId": 0
        },
        {
            "id": 32,
            "master": true,
            "questionName": "Medium",
            "instructions": null,
            "contentTypeId": 0
        },
        {
            "id": 26,
            "master": true,
            "questionName": "Medium Espresso Shot Time",
            "instructions": null,
            "contentTypeId": 0
        },
        {
            "id": 27,
            "master": true,
            "questionName": "Medium Espresso Volume",
            "instructions": null,
            "contentTypeId": 0
        },
        {
            "id": 48,
            "master": true,
            "questionName": "Medium Latte Milk",
            "instructions": null,
            "contentTypeId": 0
        },
        {
            "id": 237,
            "master": true,
            "questionName": "Medium Shot Weight",
            "instructions": null,
            "contentTypeId": 0
        },
        {
            "id": 100649,
            "master": false,
            "questionName": "Mention your queries ?",
            "instructions": "",
            "contentTypeId": 0
        },
        {
            "id": 78,
            "master": true,
            "questionName": "Menu Boards (clean, accurate)",
            "instructions": null,
            "contentTypeId": 0
        },
        {
            "id": 100668,
            "master": false,
            "questionName": "Microwave temprature",
            "instructions": "22203",
            "contentTypeId": 1
        },
        {
            "id": 100571,
            "master": false,
            "questionName": "Microwave utensils available?",
            "instructions": "item",
            "contentTypeId": 0
        },
        {
            "id": 100187,
            "master": false,
            "questionName": "Microwave/oven/steamer heated products – 165° F minimum temp verified",
            "instructions": "All products meet quality standards and are within proper hold time. Dispose of any product that doesn’t meet standards (Quality, Hold Time &amp; Temp.) – MOD is accountable for ensuring the actions are followed throughout the shift.",
            "contentTypeId": 0
        },
        {
            "id": 100081,
            "master": false,
            "questionName": "Microwaves",
            "instructions": "",
            "contentTypeId": 0
        },
        {
            "id": 100700,
            "master": false,
            "questionName": "Milk concentration",
            "instructions": null,
            "contentTypeId": 0
        },
        {
            "id": 276,
            "master": true,
            "questionName": "Milk Cooler Temperature",
            "instructions": "30628",
            "contentTypeId": 1
        },
        {
            "id": 100625,
            "master": false,
            "questionName": "Milk measure",
            "instructions": "",
            "contentTypeId": 0
        },
        {
            "id": 13,
            "master": true,
            "questionName": "Milk weight",
            "instructions": null,
            "contentTypeId": 0
        },
        {
            "id": 100630,
            "master": false,
            "questionName": "Milk's Teampreture",
            "instructions": "",
            "contentTypeId": 0
        },
        {
            "id": 81,
            "master": true,
            "questionName": "Mirrors clean",
            "instructions": null,
            "contentTypeId": 0
        },
        {
            "id": 100228,
            "master": false,
            "questionName": "Missing Skin",
            "instructions": "&nbsp;Do you see or feel any issues with the breading/seasoning?&nbsp;",
            "contentTypeId": 0
        },
        {
            "id": 100047,
            "master": false,
            "questionName": "Mixer/Can Opener",
            "instructions": "",
            "contentTypeId": 0
        },
        {
            "id": 1026,
            "master": true,
            "questionName": "Mixer/Exterior Surfaces",
            "instructions": "",
            "contentTypeId": 0
        },
        {
            "id": 100440,
            "master": false,
            "questionName": "Mop dining room floor",
            "instructions": "",
            "contentTypeId": 0
        },
        {
            "id": 100067,
            "master": false,
            "questionName": "Mop Sinc Area & Buckets",
            "instructions": "",
            "contentTypeId": 0
        },
        {
            "id": 123,
            "master": true,
            "questionName": "Mop Sink Area (clean, organized)",
            "instructions": null,
            "contentTypeId": 0
        },
        {
            "id": 100541,
            "master": false,
            "questionName": "Nacho Cheese: Verify carry over procedures followed and temperature at 40F or below",
            "instructions": "",
            "contentTypeId": 0
        },
        {
            "id": 100542,
            "master": false,
            "questionName": "Nacho Cheese's Temperature",
            "instructions": "",
            "contentTypeId": 0
        },
        {
            "id": 67,
            "master": true,
            "questionName": "Napkin, Straw, & Condiment Bins (clean, stocked)",
            "instructions": null,
            "contentTypeId": 0
        },
        {
            "id": 159,
            "master": true,
            "questionName": "Neutral Base Left",
            "instructions": null,
            "contentTypeId": 0
        },
        {
            "id": 160,
            "master": true,
            "questionName": "Neutral Base Right",
            "instructions": null,
            "contentTypeId": 0
        },
        {
            "id": 158,
            "master": true,
            "questionName": "Neutral Base Temperature",
            "instructions": null,
            "contentTypeId": 0
        },
        {
            "id": 100120,
            "master": false,
            "questionName": "NO BOXES ON THE FLOOR, NO CLEANING CHEMICAL CROSS-CONTAMINATION WITH FOOD",
            "instructions": "",
            "contentTypeId": 0
        },
        {
            "id": 100148,
            "master": false,
            "questionName": "No counter clutter, only KFC approved materials, registers clean with no tape residue",
            "instructions": "",
            "contentTypeId": 0
        },
        {
            "id": 100185,
            "master": false,
            "questionName": "No cross contamination observed; two color towel system used",
            "instructions": "All products meet quality standards and are within proper hold time. Dispose of any product that doesn’t meet standards (Quality, Hold Time &amp; Temp.) – MOD is accountable for ensuring the actions are followed throughout the shift.",
            "contentTypeId": 0
        },
        {
            "id": 100181,
            "master": false,
            "questionName": "No employees working with symptoms of illness or infection",
            "instructions": "All products meet quality standards and are within proper hold time. Dispose of any product that doesn’t meet standards (Quality, Hold Time &amp; Temp.) – MOD is accountable for ensuring the actions are followed throughout the shift.",
            "contentTypeId": 0
        },
        {
            "id": 100163,
            "master": false,
            "questionName": "No equipment in dumpster enclosure",
            "instructions": "",
            "contentTypeId": 0
        },
        {
            "id": 100499,
            "master": false,
            "questionName": "NO food is contaminated by chemicals. Chemicals ard sanitized water buckets are stored at least 1 ft. from or below food/packaging and labeled properly",
            "instructions": "",
            "contentTypeId": 0
        },
        {
            "id": 100227,
            "master": false,
            "questionName": "No Grill Marks",
            "instructions": "&nbsp;Do you see or feel any issues with the breading/seasoning?&nbsp;",
            "contentTypeId": 0
        },
        {
            "id": 100151,
            "master": false,
            "questionName": "No plastic sleeves hanging down",
            "instructions": "",
            "contentTypeId": 0
        },
        {
            "id": 100149,
            "master": false,
            "questionName": "No visible boxes in guest viewing area",
            "instructions": "",
            "contentTypeId": 0
        },
        {
            "id": 100137,
            "master": false,
            "questionName": "No weeds, litter, or cigarette butts in landscaping",
            "instructions": "",
            "contentTypeId": 0
        },
        {
            "id": 100715,
            "master": false,
            "questionName": "None of the employees are showing sign off illness over fever",
            "instructions": null,
            "contentTypeId": 0
        },
        {
            "id": 100572,
            "master": false,
            "questionName": "Number of dishes prepared?",
            "instructions": "22891",
            "contentTypeId": 1
        },
        {
            "id": 100591,
            "master": false,
            "questionName": "Number of equipments available",
            "instructions": "3",
            "contentTypeId": 2
        },
        {
            "id": 100601,
            "master": false,
            "questionName": "Number of items required ?",
            "instructions": "",
            "contentTypeId": 0
        },
        {
            "id": 100695,
            "master": false,
            "questionName": "Number pf fire extinguisher.",
            "instructions": null,
            "contentTypeId": 0
        },
        {
            "id": 100223,
            "master": false,
            "questionName": "Odd Color Specks",
            "instructions": "Do you see or feel any issues with the breading/seasoning?",
            "contentTypeId": 0
        },
        {
            "id": 100515,
            "master": false,
            "questionName": "Oil Filtered: Standard Fryer (Oil filtered before AM Fry Prep)",
            "instructions": "\"Take temperature of prepped tomatoes and 1 other cold ingredient for each line. If tomatoes are not present, take temperatures of any 2 cold ingredients.&nbsp;<div>For heated cabinet, check 2 potentially hazardous items (beef, beans, chicken, etc.). Cold Food = 33–40°F; Hot Food = 160°F or greater; Rethermalizer Food = 165°F or greater; Frozen Food = Less than 10°F.</div><div>Note: If no product is available, write “N/A”. Record additional pieces of equipment and their associated temperatures in the Comments section below.\"\r</div><div><br></div>",
            "contentTypeId": 0
        },
        {
            "id": 100547,
            "master": false,
            "questionName": "Oil Management: Auto-Filtration Fryer (Oil filtered before and after AM Fry Prep)",
            "instructions": "",
            "contentTypeId": 0
        },
        {
            "id": 100546,
            "master": false,
            "questionName": "Oil Management: Oil Filtered: Standard Fryer (Oil filtered before AM Fry Prep)",
            "instructions": "",
            "contentTypeId": 0
        },
        {
            "id": 100545,
            "master": false,
            "questionName": "Oil Management: Oil visibility: > 2 inches and not smoking",
            "instructions": "",
            "contentTypeId": 0
        },
        {
            "id": 100628,
            "master": false,
            "questionName": "Oil Measure",
            "instructions": "give oil measure",
            "contentTypeId": 0
        },
        {
            "id": 100514,
            "master": false,
            "questionName": "Oil visibility: > 2 inches and not smoking",
            "instructions": "\"Take temperature of prepped tomatoes and 1 other cold ingredient for each line. If tomatoes are not present, take temperatures of any 2 cold ingredients.&nbsp;<div>For heated cabinet, check 2 potentially hazardous items (beef, beans, chicken, etc.). Cold Food = 33–40°F; Hot Food = 160°F or greater; Rethermalizer Food = 165°F or greater; Frozen Food = Less than 10°F.</div><div>Note: If no product is available, write “N/A”. Record additional pieces of equipment and their associated temperatures in the Comments section below.\"\r</div><div><br></div>",
            "contentTypeId": 0
        },
        {
            "id": 263,
            "master": true,
            "questionName": "Once boiler reached proper temperature, all portafilters and sieves were taken to a properly prepared ware washing sink, disassembled, washed, rinsed, sanitized and air dried then reassembled?",
            "instructions": "",
            "contentTypeId": 0
        },
        {
            "id": 100569,
            "master": false,
            "questionName": "one?",
            "instructions": "",
            "contentTypeId": 0
        },
        {
            "id": 100568,
            "master": false,
            "questionName": "oneGroupOneQuestionType?",
            "instructions": "",
            "contentTypeId": 0
        },
        {
            "id": 100192,
            "master": false,
            "questionName": "Only approved ingredients in use, no spoilage and following proper restage procedures",
            "instructions": "All products meet quality standards and are within proper hold time. Dispose of any product that doesn’t meet standards (Quality, Hold Time &amp; Temp.) – MOD is accountable for ensuring the actions are followed throughout the shift.",
            "contentTypeId": 0
        },
        {
            "id": 100188,
            "master": false,
            "questionName": "Only approved ingredients in use, so spoilage and following proper restage procedures",
            "instructions": "",
            "contentTypeId": 0
        },
        {
            "id": 100116,
            "master": false,
            "questionName": "OPEN BAG OF FRY SEASONING IS TAGGED, ALONG WITH SHAKERS",
            "instructions": "",
            "contentTypeId": 0
        },
        {
            "id": 100017,
            "master": false,
            "questionName": "Open Fryer #1",
            "instructions": "",
            "contentTypeId": 0
        },
        {
            "id": 100025,
            "master": false,
            "questionName": "Open Fryer #2",
            "instructions": "",
            "contentTypeId": 0
        },
        {
            "id": 100043,
            "master": false,
            "questionName": "Open Fryer #3",
            "instructions": "",
            "contentTypeId": 0
        },
        {
            "id": 1027,
            "master": true,
            "questionName": "Ops Smart Ready Next DT Cart - Condiment Bins",
            "instructions": "",
            "contentTypeId": 0
        },
        {
            "id": 100016,
            "master": false,
            "questionName": "OR Breading Table",
            "instructions": "",
            "contentTypeId": 0
        },
        {
            "id": 100492,
            "master": false,
            "questionName": "Organize all dishes as they are put away",
            "instructions": "",
            "contentTypeId": 0
        },
        {
            "id": 100201,
            "master": false,
            "questionName": "Original Recipe COB",
            "instructions": "Evaluate to ensure all products meet hot/cold holding temperatures, within hold times, and meet quality standards (i.e. appearance, taste and properly filled)",
            "contentTypeId": 0
        },
        {
            "id": 100243,
            "master": false,
            "questionName": "Original Recipe Color",
            "instructions": "",
            "contentTypeId": 0
        },
        {
            "id": 100235,
            "master": false,
            "questionName": "Original Recipe temperature",
            "instructions": "",
            "contentTypeId": 0
        },
        {
            "id": 100239,
            "master": false,
            "questionName": "Original Recipe Undercooked",
            "instructions": "",
            "contentTypeId": 0
        },
        {
            "id": 200,
            "master": true,
            "questionName": "Outlet Caps in Place?",
            "instructions": null,
            "contentTypeId": 0
        },
        {
            "id": 100326,
            "master": false,
            "questionName": "Oven/Range Convection",
            "instructions": "",
            "contentTypeId": 0
        },
        {
            "id": 100325,
            "master": false,
            "questionName": "Oven/Range Conventional",
            "instructions": "",
            "contentTypeId": 0
        },
        {
            "id": 103,
            "master": true,
            "questionName": "Ovens & Hoods (clean)",
            "instructions": null,
            "contentTypeId": 0
        },
        {
            "id": 1028,
            "master": true,
            "questionName": "Ovens (Bakery)- Clean",
            "instructions": "",
            "contentTypeId": 0
        },
        {
            "id": 1045,
            "master": true,
            "questionName": "Ovens (Bakery)- Monthly Inspection",
            "instructions": "",
            "contentTypeId": 0
        },
        {
            "id": 76,
            "master": true,
            "questionName": "P.O.P. (front-line inserts, change mats, reg toprs)",
            "instructions": null,
            "contentTypeId": 0
        },
        {
            "id": 60,
            "master": true,
            "questionName": "P.O.P. Current (exterior, windows, menu board, banners)",
            "instructions": null,
            "contentTypeId": 0
        },
        {
            "id": 100018,
            "master": false,
            "questionName": "Pack Table Shelves FC",
            "instructions": "",
            "contentTypeId": 0
        },
        {
            "id": 100009,
            "master": false,
            "questionName": "Pack Table/Shelves DT",
            "instructions": "",
            "contentTypeId": 0
        },
        {
            "id": 100160,
            "master": false,
            "questionName": "Pad is clean, no buildup",
            "instructions": "",
            "contentTypeId": 0
        },
        {
            "id": 111,
            "master": true,
            "questionName": "Paper (rcpt. tape, bags w/napkins, folded wraps)",
            "instructions": null,
            "contentTypeId": 0
        },
        {
            "id": 89,
            "master": true,
            "questionName": "Paper Stocking (boxes,bags, wax tissues, etc.)",
            "instructions": null,
            "contentTypeId": 0
        },
        {
            "id": 207,
            "master": true,
            "questionName": "Parking Lot and Curbing in Good Condition?",
            "instructions": null,
            "contentTypeId": 0
        },
        {
            "id": 52,
            "master": true,
            "questionName": "Parking Lot clean and ice patches salted",
            "instructions": null,
            "contentTypeId": 0
        },
        {
            "id": 100165,
            "master": false,
            "questionName": "Parking lot is clean, no potholes or cracking, well striped",
            "instructions": "",
            "contentTypeId": 0
        },
        {
            "id": 192,
            "master": true,
            "questionName": "Parking Lot Lit?",
            "instructions": null,
            "contentTypeId": 0
        },
        {
            "id": 100123,
            "master": false,
            "questionName": "PARKING/LOT DUMPSTER AREAS ARE CLEAN OF DEBRIS",
            "instructions": "",
            "contentTypeId": 0
        },
        {
            "id": 1046,
            "master": true,
            "questionName": "Party Case(s)",
            "instructions": "",
            "contentTypeId": 0
        },
        {
            "id": 100511,
            "master": false,
            "questionName": "Pathway leading to back door emergency exit is unobstructed and 3 foot wide (no box or barriers)",
            "instructions": "Record at a minimum 2 times per day, but monitor throughout the day\r<div><br></div>",
            "contentTypeId": 0
        },
        {
            "id": 179,
            "master": true,
            "questionName": "Peanut Butter Sauce",
            "instructions": null,
            "contentTypeId": 0
        },
        {
            "id": 100344,
            "master": false,
            "questionName": "Perform Daily Opening Process in NBO",
            "instructions": "",
            "contentTypeId": 0
        },
        {
            "id": 100074,
            "master": false,
            "questionName": "Pictures & Posters",
            "instructions": "",
            "contentTypeId": 0
        },
        {
            "id": 100229,
            "master": false,
            "questionName": "Pinking",
            "instructions": "Do you see or feel any issues with the meat?",
            "contentTypeId": 0
        },
        {
            "id": 1029,
            "master": true,
            "questionName": "Piping Icing Bags",
            "instructions": "",
            "contentTypeId": 0
        },
        {
            "id": 100641,
            "master": false,
            "questionName": "Please provide your original signature",
            "instructions": "&nbsp;draw your signature here",
            "contentTypeId": 0
        },
        {
            "id": 100640,
            "master": false,
            "questionName": "Please provide your signature",
            "instructions": "&nbsp;draw your signature here",
            "contentTypeId": 0
        },
        {
            "id": 1047,
            "master": true,
            "questionName": "Polar Pizza Merchandiser",
            "instructions": "",
            "contentTypeId": 0
        },
        {
            "id": 100155,
            "master": false,
            "questionName": "Pole sign is clean, no paint issues, readerboard is clean and has current message",
            "instructions": "",
            "contentTypeId": 0
        },
        {
            "id": 100224,
            "master": false,
            "questionName": "Poor Adhesion",
            "instructions": "Do you see or feel any issues with the breading/seasoning?",
            "contentTypeId": 0
        },
        {
            "id": 100135,
            "master": false,
            "questionName": "POP mounted properly and in good condition",
            "instructions": "",
            "contentTypeId": 0
        },
        {
            "id": 100689,
            "master": false,
            "questionName": "Portion of milk used ?",
            "instructions": "18",
            "contentTypeId": 0
        },
        {
            "id": 100690,
            "master": false,
            "questionName": "Portion of water used?",
            "instructions": "Portion of water used?",
            "contentTypeId": 0
        },
        {
            "id": 100005,
            "master": false,
            "questionName": "POS/Printer Systems",
            "instructions": "",
            "contentTypeId": 0
        },
        {
            "id": 100294,
            "master": false,
            "questionName": "Potatoes in Storage",
            "instructions": "",
            "contentTypeId": 0
        },
        {
            "id": 100293,
            "master": false,
            "questionName": "Potatoes on Storage",
            "instructions": "",
            "contentTypeId": 0
        },
        {
            "id": 100263,
            "master": false,
            "questionName": "Potatoes/Fries",
            "instructions": "",
            "contentTypeId": 0
        },
        {
            "id": 100735,
            "master": false,
            "questionName": "Prep for morning meal is ready?",
            "instructions": "This is about the preparation of the morning meal",
            "contentTypeId": 0
        },
        {
            "id": 100126,
            "master": false,
            "questionName": "PREP GUIDE, DEPLOYMENT AND GOALS ARE FILLED OUT AND COMMUNICATED, TRAINING ASSIGNED AND COMPLETED",
            "instructions": "",
            "contentTypeId": 0
        },
        {
            "id": 100250,
            "master": false,
            "questionName": "Prep items needed before opening",
            "instructions": "",
            "contentTypeId": 0
        },
        {
            "id": 107,
            "master": true,
            "questionName": "Prep Levels (sufficient)",
            "instructions": null,
            "contentTypeId": 0
        },
        {
            "id": 100075,
            "master": false,
            "questionName": "Prep Table & Shelf",
            "instructions": "",
            "contentTypeId": 0
        },
        {
            "id": 100470,
            "master": false,
            "questionName": "Prepare and dispense the mop water",
            "instructions": "",
            "contentTypeId": 0
        },
        {
            "id": 100352,
            "master": false,
            "questionName": "Prepare information for shift huddle",
            "instructions": "",
            "contentTypeId": 0
        },
        {
            "id": 100513,
            "master": false,
            "questionName": "Prepared ingredients, including 2 hours for Potato Bites, are within correct hold time and labeled accordingly",
            "instructions": "Record at a minimum 2 times per day, but monitor throughout the day\r<div><br></div>",
            "contentTypeId": 0
        },
        {
            "id": 100112,
            "master": false,
            "questionName": "PREPPED FOOD DATED CORRECTLY – COLE SLAW, POT PIES, MAYO BOTTLES",
            "instructions": "",
            "contentTypeId": 0
        },
        {
            "id": 100306,
            "master": false,
            "questionName": "Prepped Fried Corn",
            "instructions": "",
            "contentTypeId": 0
        },
        {
            "id": 100027,
            "master": false,
            "questionName": "Pressure Fryer #1",
            "instructions": "",
            "contentTypeId": 0
        },
        {
            "id": 100035,
            "master": false,
            "questionName": "Pressure Fryer #2",
            "instructions": "",
            "contentTypeId": 0
        },
        {
            "id": 99,
            "master": true,
            "questionName": "Product Cases (clean, stocked, merchandised)",
            "instructions": null,
            "contentTypeId": 0
        },
        {
            "id": 100577,
            "master": false,
            "questionName": "Product display type ?",
            "instructions": "Product display",
            "contentTypeId": 0
        },
        {
            "id": 131,
            "master": true,
            "questionName": "Product Mix and Sales report uploaded in PAROS",
            "instructions": null,
            "contentTypeId": 0
        },
        {
            "id": 43,
            "master": true,
            "questionName": "Product Temperature",
            "instructions": null,
            "contentTypeId": 0
        },
        {
            "id": 100249,
            "master": false,
            "questionName": "Product Update",
            "instructions": "",
            "contentTypeId": 0
        },
        {
            "id": 100013,
            "master": false,
            "questionName": "Production Shelving Units",
            "instructions": "",
            "contentTypeId": 0
        },
        {
            "id": 1062,
            "master": true,
            "questionName": "Proof Box",
            "instructions": "",
            "contentTypeId": 0
        },
        {
            "id": 100180,
            "master": false,
            "questionName": "Proper hand washing observed when required (soap, rinse, dry, sanitize)",
            "instructions": "All products meet quality standards and are within proper hold time. Dispose of any product that doesn’t meet standards (Quality, Hold Time &amp; Temp.) – MOD is accountable for ensuring the actions are followed throughout the shift.",
            "contentTypeId": 0
        },
        {
            "id": 269,
            "master": true,
            "questionName": "Proper hexagon tool was used to unlock/lock hoppers before and after cleaning?",
            "instructions": "",
            "contentTypeId": 0
        },
        {
            "id": 212,
            "master": true,
            "questionName": "Properly Trained Safety Procedures?",
            "instructions": null,
            "contentTypeId": 0
        },
        {
            "id": 100487,
            "master": false,
            "questionName": "Pull out saucing table and equipment; wipe and clean wall",
            "instructions": "",
            "contentTypeId": 0
        },
        {
            "id": 100385,
            "master": false,
            "questionName": "Pull thawed rolls from walk-in and place on proofing rack below the oven.",
            "instructions": "",
            "contentTypeId": 0
        },
        {
            "id": 100113,
            "master": false,
            "questionName": "PULLED TO THAW ITEMS DATED CORRECTLY (AND THERE IS ENOUGH PULLED -- MAC&CHEESE, DEBONED)",
            "instructions": "",
            "contentTypeId": 0
        },
        {
            "id": 100345,
            "master": false,
            "questionName": "Put cash drawers in register and assign AM resisters",
            "instructions": "",
            "contentTypeId": 0
        },
        {
            "id": 100401,
            "master": false,
            "questionName": "Put cash drawers in register and assign PM resisters",
            "instructions": "",
            "contentTypeId": 0
        },
        {
            "id": 100422,
            "master": false,
            "questionName": "Put newly blanched fries in walk-in (should be done around 1:00pm. Record cooling temperatures)",
            "instructions": "",
            "contentTypeId": 0
        },
        {
            "id": 100623,
            "master": false,
            "questionName": "Quantity of bread",
            "instructions": "",
            "contentTypeId": 0
        },
        {
            "id": 100582,
            "master": false,
            "questionName": "Quantity of coffee glass prepared",
            "instructions": "",
            "contentTypeId": 0
        },
        {
            "id": 100595,
            "master": false,
            "questionName": "Quantity of coffee prepared",
            "instructions": "",
            "contentTypeId": 0
        },
        {
            "id": 100615,
            "master": false,
            "questionName": "Quantity of coffee prepared ?",
            "instructions": "",
            "contentTypeId": 0
        },
        {
            "id": 100629,
            "master": false,
            "questionName": "Quantity of potato",
            "instructions": "",
            "contentTypeId": 0
        },
        {
            "id": 100590,
            "master": false,
            "questionName": "Quantity of tea glass prepared",
            "instructions": "",
            "contentTypeId": 0
        },
        {
            "id": 100596,
            "master": false,
            "questionName": "Quantity of tea prepared",
            "instructions": "",
            "contentTypeId": 0
        },
        {
            "id": 1048,
            "master": true,
            "questionName": "Rack Washers",
            "instructions": "",
            "contentTypeId": 0
        },
        {
            "id": 100266,
            "master": false,
            "questionName": "Ranch",
            "instructions": "",
            "contentTypeId": 0
        },
        {
            "id": 100313,
            "master": false,
            "questionName": "Raw Chicken Cooler on the line",
            "instructions": "",
            "contentTypeId": 0
        },
        {
            "id": 100307,
            "master": false,
            "questionName": "Raw Wings on line",
            "instructions": "",
            "contentTypeId": 0
        },
        {
            "id": 100553,
            "master": false,
            "questionName": "Reach In Cooler Temperature",
            "instructions": "\"Take temperature of prepped tomatoes and 1 other cold ingredient for each line. If tomatoes are not present, take temperatures of any 2 cold ingredients.&nbsp;<div>For heated cabinet, check 2 potentially hazardous items (beef, beans, chicken, etc.). Cold Food = 33–40°F; Hot Food = 160°F or greater; Rethermalizer Food = 165°F or greater; Frozen Food = Less than 10°F.</div><div>Note: If no product is available, write “N/A”. Record additional pieces of equipment and their associated temperatures in the Comments section below.\"\r</div><div><br></div>",
            "contentTypeId": 0
        },
        {
            "id": 100529,
            "master": false,
            "questionName": "Reach-in Cooler #1",
            "instructions": "\"Take temperature of prepped tomatoes and 1 other cold ingredient for each line. If tomatoes are not present, take temperatures of any 2 cold ingredients. For heated cabinet, check 2<div>potentially hazardous items (beef, beans, chicken, etc.). Cold Food = 33–40°F; Hot Food = 160°F or greater; Rethermalizer Food = 165°F or greater; Frozen Food = Less than 10°F.</div><div>Note: If no product is available, write “N/A”. Record additional pieces of equipment and their associated temperatures in the Comments section below.\"\r</div><div><br></div>",
            "contentTypeId": 0
        },
        {
            "id": 100532,
            "master": false,
            "questionName": "Reach-in Cooler #2",
            "instructions": "\"Take temperature of prepped tomatoes and 1 other cold ingredient for each line. If tomatoes are not present, take temperatures of any 2 cold ingredients. For heated cabinet, check 2<div>potentially hazardous items (beef, beans, chicken, etc.). Cold Food = 33–40°F; Hot Food = 160°F or greater; Rethermalizer Food = 165°F or greater; Frozen Food = Less than 10°F.</div><div>Note: If no product is available, write “N/A”. Record additional pieces of equipment and their associated temperatures in the Comments section below.\"\r</div><div><br></div>",
            "contentTypeId": 0
        },
        {
            "id": 100069,
            "master": false,
            "questionName": "Reach-ins 1 & 2",
            "instructions": "",
            "contentTypeId": 0
        },
        {
            "id": 100077,
            "master": false,
            "questionName": "Reach-ins 3 & 4",
            "instructions": "",
            "contentTypeId": 0
        },
        {
            "id": 39,
            "master": true,
            "questionName": "Receiving Cooler Product Temperature 1",
            "instructions": null,
            "contentTypeId": 0
        },
        {
            "id": 228,
            "master": true,
            "questionName": "Receiving Cooler Product Temperature 2",
            "instructions": null,
            "contentTypeId": 0
        },
        {
            "id": 38,
            "master": true,
            "questionName": "Receiving Freezer Product Temperature",
            "instructions": null,
            "contentTypeId": 0
        },
        {
            "id": 100252,
            "master": false,
            "questionName": "Recognition (B-day's, promotions, celebrations)",
            "instructions": "",
            "contentTypeId": 0
        },
        {
            "id": 100685,
            "master": false,
            "questionName": "Record waiting time.",
            "instructions": "add time",
            "contentTypeId": 0
        },
        {
            "id": 1000,
            "master": true,
            "questionName": "Refrigerated Dairy Dispenser Tanks",
            "instructions": "",
            "contentTypeId": 0
        },
        {
            "id": 1030,
            "master": true,
            "questionName": "Refrigeration Units",
            "instructions": "",
            "contentTypeId": 0
        },
        {
            "id": 74,
            "master": true,
            "questionName": "Register Area (clean, organized, & Clutter Free)",
            "instructions": null,
            "contentTypeId": 0
        },
        {
            "id": 94,
            "master": true,
            "questionName": "Register Receipt Tape (stocked)",
            "instructions": null,
            "contentTypeId": 0
        },
        {
            "id": 49,
            "master": true,
            "questionName": "Regular Grind Weight",
            "instructions": null,
            "contentTypeId": 0
        },
        {
            "id": 100381,
            "master": false,
            "questionName": "Remove covers from Carrots, Celery, and Corn",
            "instructions": "",
            "contentTypeId": 0
        },
        {
            "id": 100380,
            "master": false,
            "questionName": "Remove covers from sauces on the line",
            "instructions": "",
            "contentTypeId": 0
        },
        {
            "id": 100382,
            "master": false,
            "questionName": "Remove plastic wrap and refill seasoning shakers.",
            "instructions": "",
            "contentTypeId": 0
        },
        {
            "id": 100424,
            "master": false,
            "questionName": "Replace dirty sauce bowls with clean bowls",
            "instructions": "",
            "contentTypeId": 0
        },
        {
            "id": 100329,
            "master": false,
            "questionName": "Replace Sanitation Buckets",
            "instructions": "(Record PPM)",
            "contentTypeId": 0
        },
        {
            "id": 100417,
            "master": false,
            "questionName": "Re-set up the chicken bucket system with ice using the \"buddy system\"",
            "instructions": "",
            "contentTypeId": 0
        },
        {
            "id": 100419,
            "master": false,
            "questionName": "Re-set up the ice for fries on the line and ranch bottle",
            "instructions": "",
            "contentTypeId": 0
        },
        {
            "id": 100500,
            "master": false,
            "questionName": "Restaurant free of pest activity (no evidence of live or dead rodents, insects, droppings, chew marks or nesting)",
            "instructions": "",
            "contentTypeId": 0
        },
        {
            "id": 187,
            "master": true,
            "questionName": "Restaurant is free of flood and sewer backup?",
            "instructions": null,
            "contentTypeId": 0
        },
        {
            "id": 100421,
            "master": false,
            "questionName": "Restock all boats, hoagies, bags and trays",
            "instructions": "",
            "contentTypeId": 0
        },
        {
            "id": 100461,
            "master": false,
            "questionName": "Restock all boneless products in the freezer, ensure every bag has receiving date",
            "instructions": "",
            "contentTypeId": 0
        },
        {
            "id": 100477,
            "master": false,
            "questionName": "Restock all products at sauce table",
            "instructions": "",
            "contentTypeId": 0
        },
        {
            "id": 100369,
            "master": false,
            "questionName": "Restock brownies",
            "instructions": "",
            "contentTypeId": 0
        },
        {
            "id": 100410,
            "master": false,
            "questionName": "Restock carrots and celery, add or refresh the water if necessary",
            "instructions": "",
            "contentTypeId": 0
        },
        {
            "id": 100403,
            "master": false,
            "questionName": "Restock condiment station and front counter (cut lemons/limes if needed)",
            "instructions": "",
            "contentTypeId": 0
        },
        {
            "id": 100411,
            "master": false,
            "questionName": "Restock thawed fried corn, if necessary",
            "instructions": "",
            "contentTypeId": 0
        },
        {
            "id": 100465,
            "master": false,
            "questionName": "Restock the fries in the reach in cooler (where necessary)",
            "instructions": "",
            "contentTypeId": 0
        },
        {
            "id": 100046,
            "master": false,
            "questionName": "Restroom Walls/Vents",
            "instructions": "",
            "contentTypeId": 0
        },
        {
            "id": 100147,
            "master": false,
            "questionName": "Restrooms are clean, litter free, and stocked",
            "instructions": "",
            "contentTypeId": 0
        },
        {
            "id": 77,
            "master": true,
            "questionName": "Retail Displays (Mrchndsr, Wall of Coff, App Cards)",
            "instructions": null,
            "contentTypeId": 0
        },
        {
            "id": 100549,
            "master": false,
            "questionName": "Rethermalizer",
            "instructions": "\"Take temperature of prepped tomatoes and 1 other cold ingredient for each line. If tomatoes are not present, take temperatures of any 2 cold ingredients.&nbsp;<div>For heated cabinet, check 2 potentially hazardous items (beef, beans, chicken, etc.). Cold Food = 33–40°F; Hot Food = 160°F or greater; Rethermalizer Food = 165°F or greater; Frozen Food = Less than 10°F.</div><div>Note: If no product is available, write “N/A”. Record additional pieces of equipment and their associated temperatures in the Comments section below.\"\r</div><div><br></div>",
            "contentTypeId": 0
        },
        {
            "id": 100523,
            "master": false,
            "questionName": "Rethermalizer # 1",
            "instructions": "\"Take temperature of prepped tomatoes and 1 other cold ingredient for each line. If tomatoes are not present, take temperatures of any 2 cold ingredients. For heated cabinet, check 2<div>potentially hazardous items (beef, beans, chicken, etc.). Cold Food = 33–40°F; Hot Food = 160°F or greater; Rethermalizer Food = 165°F or greater; Frozen Food = Less than 10°F.</div><div>Note: If no product is available, write “N/A”. Record additional pieces of equipment and their associated temperatures in the Comments section below.\"\r</div><div><br></div>",
            "contentTypeId": 0
        },
        {
            "id": 100524,
            "master": false,
            "questionName": "Rethermalizer # 2",
            "instructions": "\"Take temperature of prepped tomatoes and 1 other cold ingredient for each line. If tomatoes are not present, take temperatures of any 2 cold ingredients. For heated cabinet, check 2<div>potentially hazardous items (beef, beans, chicken, etc.). Cold Food = 33–40°F; Hot Food = 160°F or greater; Rethermalizer Food = 165°F or greater; Frozen Food = Less than 10°F.</div><div>Note: If no product is available, write “N/A”. Record additional pieces of equipment and their associated temperatures in the Comments section below.\"\r</div><div><br></div>",
            "contentTypeId": 0
        },
        {
            "id": 100551,
            "master": false,
            "questionName": "Rethermalizer Temperature",
            "instructions": "\"Take temperature of prepped tomatoes and 1 other cold ingredient for each line. If tomatoes are not present, take temperatures of any 2 cold ingredients.&nbsp;<div>For heated cabinet, check 2 potentially hazardous items (beef, beans, chicken, etc.). Cold Food = 33–40°F; Hot Food = 160°F or greater; Rethermalizer Food = 165°F or greater; Frozen Food = Less than 10°F.</div><div>Note: If no product is available, write “N/A”. Record additional pieces of equipment and their associated temperatures in the Comments section below.\"\n</div><div><br></div>",
            "contentTypeId": 0
        },
        {
            "id": 24,
            "master": true,
            "questionName": "Right Brewer Volume (Bypass)",
            "instructions": null,
            "contentTypeId": 0
        },
        {
            "id": 23,
            "master": true,
            "questionName": "Right Brewer Volume (Spray Head)",
            "instructions": null,
            "contentTypeId": 0
        },
        {
            "id": 8,
            "master": true,
            "questionName": "Right Brewer Water Temp.",
            "instructions": null,
            "contentTypeId": 0
        },
        {
            "id": 7,
            "master": true,
            "questionName": "Right Brewer Water Volume",
            "instructions": null,
            "contentTypeId": 0
        },
        {
            "id": 250,
            "master": true,
            "questionName": "Right Grind Weight 1 (Lg)",
            "instructions": "",
            "contentTypeId": 0
        },
        {
            "id": 246,
            "master": true,
            "questionName": "Right Grind Weight 1 (Med)",
            "instructions": "",
            "contentTypeId": 0
        },
        {
            "id": 242,
            "master": true,
            "questionName": "Right Grind Weight 1 (Small)",
            "instructions": "",
            "contentTypeId": 0
        },
        {
            "id": 252,
            "master": true,
            "questionName": "Right Grind Weight 2 (Lg)",
            "instructions": "",
            "contentTypeId": 0
        },
        {
            "id": 248,
            "master": true,
            "questionName": "Right Grind Weight 2 (Med)",
            "instructions": "",
            "contentTypeId": 0
        },
        {
            "id": 244,
            "master": true,
            "questionName": "Right Grind Weight 2 (Small)",
            "instructions": "",
            "contentTypeId": 0
        },
        {
            "id": 100719,
            "master": false,
            "questionName": "Rings - Center Hole: 3/4 to 1 in",
            "instructions": null,
            "contentTypeId": 0
        },
        {
            "id": 100717,
            "master": false,
            "questionName": "Rings - Height (3): 4-1/8 to 5-1/8 in",
            "instructions": null,
            "contentTypeId": 0
        },
        {
            "id": 100716,
            "master": false,
            "questionName": "Rings - Weight (3): 4.25 to 5.75 oz",
            "instructions": null,
            "contentTypeId": 0
        },
        {
            "id": 100718,
            "master": false,
            "questionName": "Rings - Width (1): 3-1/4 to 4 in",
            "instructions": null,
            "contentTypeId": 0
        },
        {
            "id": 100265,
            "master": false,
            "questionName": "Rolls",
            "instructions": "",
            "contentTypeId": 0
        },
        {
            "id": 100698,
            "master": false,
            "questionName": "Room humidity.",
            "instructions": null,
            "contentTypeId": 0
        },
        {
            "id": 100481,
            "master": false,
            "questionName": "Rotate and restock the dips (ranch, blue cheese, honey mustard)",
            "instructions": "",
            "contentTypeId": 0
        },
        {
            "id": 134,
            "master": true,
            "questionName": "Safe counted and change fund replenished",
            "instructions": null,
            "contentTypeId": 0
        },
        {
            "id": 100561,
            "master": false,
            "questionName": "safety checklist",
            "instructions": "safety checklist",
            "contentTypeId": 0
        },
        {
            "id": 100312,
            "master": false,
            "questionName": "Sandwich Cooler",
            "instructions": "",
            "contentTypeId": 0
        },
        {
            "id": 106,
            "master": true,
            "questionName": "Sandwich Stations (clean, stocked)",
            "instructions": null,
            "contentTypeId": 0
        },
        {
            "id": 100190,
            "master": false,
            "questionName": "Sanitizer available at 3 Sink compartment",
            "instructions": "",
            "contentTypeId": 0
        },
        {
            "id": 100179,
            "master": false,
            "questionName": "Sanitizer available at Compartment Sink",
            "instructions": "",
            "contentTypeId": 0
        },
        {
            "id": 181,
            "master": true,
            "questionName": "Sanitizer Concentration",
            "instructions": null,
            "contentTypeId": 0
        },
        {
            "id": 184,
            "master": true,
            "questionName": "Sanitizer is available for all stations and has been tested for the appropriate strength?",
            "instructions": null,
            "contentTypeId": 0
        },
        {
            "id": 91,
            "master": true,
            "questionName": "Sanitizing Buckets & Cloths (clean, strength)",
            "instructions": null,
            "contentTypeId": 0
        },
        {
            "id": 109,
            "master": true,
            "questionName": "Sanitizing Buckets & Cloths (clean, strength)",
            "instructions": null,
            "contentTypeId": 0
        },
        {
            "id": 20,
            "master": true,
            "questionName": "Sausage Temp.",
            "instructions": null,
            "contentTypeId": 0
        },
        {
            "id": 262,
            "master": true,
            "questionName": "Screen and front to machine was surface wiped?",
            "instructions": "",
            "contentTypeId": 0
        },
        {
            "id": 100558,
            "master": false,
            "questionName": "Security services are good",
            "instructions": "security services",
            "contentTypeId": 0
        },
        {
            "id": 100702,
            "master": false,
            "questionName": "Self Assessment completed?",
            "instructions": null,
            "contentTypeId": 0
        },
        {
            "id": 100450,
            "master": false,
            "questionName": "Send dirty towels to the kitchen to be washed or store appropriately",
            "instructions": "",
            "contentTypeId": 0
        },
        {
            "id": 100021,
            "master": false,
            "questionName": "Service/Prep Baseboards",
            "instructions": "",
            "contentTypeId": 0
        },
        {
            "id": 100366,
            "master": false,
            "questionName": "Set up condiment station and front counter (cut lemons if needed; date dot products appropriately)",
            "instructions": "",
            "contentTypeId": 0
        },
        {
            "id": 100392,
            "master": false,
            "questionName": "Set up red sanitizer buckets and towels at each station",
            "instructions": "",
            "contentTypeId": 0
        },
        {
            "id": 100398,
            "master": false,
            "questionName": "Set up the chicken bucket system with ice using the \"Buddy System\"",
            "instructions": "",
            "contentTypeId": 0
        },
        {
            "id": 100397,
            "master": false,
            "questionName": "Set up the Gunner Station",
            "instructions": "",
            "contentTypeId": 0
        },
        {
            "id": 100686,
            "master": false,
            "questionName": "Share the image of burger.",
            "instructions": "18",
            "contentTypeId": 0
        },
        {
            "id": 100699,
            "master": false,
            "questionName": "Shelf measure after display of the day.",
            "instructions": null,
            "contentTypeId": 0
        },
        {
            "id": 100720,
            "master": false,
            "questionName": "Shells - Weight (3): 4.5 to 5.75 oz",
            "instructions": null,
            "contentTypeId": 0
        },
        {
            "id": 100722,
            "master": false,
            "questionName": "Shells - Width (1): 3 to 3-3/4 in",
            "instructions": null,
            "contentTypeId": 0
        },
        {
            "id": 100721,
            "master": false,
            "questionName": "Shells- Height (3): 4-1/4 to 5-3/4 in",
            "instructions": null,
            "contentTypeId": 0
        },
        {
            "id": 116,
            "master": true,
            "questionName": "Shelves & Cabinets (clean, organized)",
            "instructions": null,
            "contentTypeId": 0
        },
        {
            "id": 153,
            "master": true,
            "questionName": "Shelves organized and product rotated",
            "instructions": null,
            "contentTypeId": 0
        },
        {
            "id": 1049,
            "master": true,
            "questionName": "Shortening Fryolators",
            "instructions": "",
            "contentTypeId": 0
        },
        {
            "id": 100019,
            "master": false,
            "questionName": "Sides Holding Panels",
            "instructions": "",
            "contentTypeId": 0
        },
        {
            "id": 55,
            "master": true,
            "questionName": "Sidewalks (clean, no hazards, shovel, salt ice patches)",
            "instructions": null,
            "contentTypeId": 0
        },
        {
            "id": 194,
            "master": true,
            "questionName": "Sidewalks (Swept/Shoveled)?",
            "instructions": null,
            "contentTypeId": 0
        },
        {
            "id": 100157,
            "master": false,
            "questionName": "Sidewalks and pads are clean, no gum or oil buildup",
            "instructions": "",
            "contentTypeId": 0
        },
        {
            "id": 100693,
            "master": false,
            "questionName": "Signature",
            "instructions": "18",
            "contentTypeId": 0
        },
        {
            "id": 100657,
            "master": false,
            "questionName": "Signature here",
            "instructions": "sign",
            "contentTypeId": 0
        },
        {
            "id": 100654,
            "master": false,
            "questionName": "Signature of supervisior ?",
            "instructions": "",
            "contentTypeId": 0
        },
        {
            "id": 100658,
            "master": false,
            "questionName": "Signature of the manager",
            "instructions": "sign here",
            "contentTypeId": 0
        },
        {
            "id": 100653,
            "master": false,
            "questionName": "Signature of the validator ?",
            "instructions": "",
            "contentTypeId": 0
        },
        {
            "id": 100659,
            "master": false,
            "questionName": "Sigture of location Manager",
            "instructions": "Signture type question",
            "contentTypeId": 0
        },
        {
            "id": 166,
            "master": true,
            "questionName": "Single Bacon",
            "instructions": null,
            "contentTypeId": 0
        },
        {
            "id": 169,
            "master": true,
            "questionName": "Single Chicken Breast",
            "instructions": null,
            "contentTypeId": 0
        },
        {
            "id": 172,
            "master": true,
            "questionName": "Single Egg",
            "instructions": null,
            "contentTypeId": 0
        },
        {
            "id": 167,
            "master": true,
            "questionName": "Single EW Veggie",
            "instructions": null,
            "contentTypeId": 0
        },
        {
            "id": 165,
            "master": true,
            "questionName": "Single Ham",
            "instructions": null,
            "contentTypeId": 0
        },
        {
            "id": 164,
            "master": true,
            "questionName": "Single Sausage",
            "instructions": null,
            "contentTypeId": 0
        },
        {
            "id": 168,
            "master": true,
            "questionName": "Single Turkey Sausage",
            "instructions": null,
            "contentTypeId": 0
        },
        {
            "id": 163,
            "master": true,
            "questionName": "Single Wrap",
            "instructions": null,
            "contentTypeId": 0
        },
        {
            "id": 100504,
            "master": false,
            "questionName": "Sink set up properly, water level clearly marked and sanitizer at correct concentration (Chlorine=100ppm; QUAT=200ppm)",
            "instructions": "",
            "contentTypeId": 0
        },
        {
            "id": 100594,
            "master": false,
            "questionName": "Size of the equipment",
            "instructions": "",
            "contentTypeId": 0
        },
        {
            "id": 15,
            "master": true,
            "questionName": "Skim Milk weight",
            "instructions": null,
            "contentTypeId": 0
        },
        {
            "id": 31,
            "master": true,
            "questionName": "Small",
            "instructions": null,
            "contentTypeId": 0
        },
        {
            "id": 239,
            "master": true,
            "questionName": "Small Espresso Shot Temperature",
            "instructions": null,
            "contentTypeId": 0
        },
        {
            "id": 231,
            "master": true,
            "questionName": "Small Espresso Volume",
            "instructions": "",
            "contentTypeId": 0
        },
        {
            "id": 236,
            "master": true,
            "questionName": "Small Shot Weight",
            "instructions": null,
            "contentTypeId": 0
        },
        {
            "id": 100226,
            "master": false,
            "questionName": "Smooth Breading",
            "instructions": "Do you see or feel any issues with the breading/seasoning?",
            "contentTypeId": 0
        },
        {
            "id": 100022,
            "master": false,
            "questionName": "Soap/Paper Towel Units",
            "instructions": "",
            "contentTypeId": 0
        },
        {
            "id": 1031,
            "master": true,
            "questionName": "Soft Server Machine",
            "instructions": "",
            "contentTypeId": 0
        },
        {
            "id": 182,
            "master": true,
            "questionName": "Solution Temp.",
            "instructions": null,
            "contentTypeId": 0
        },
        {
            "id": 100138,
            "master": false,
            "questionName": "Sound level of speaker appropriate and clear",
            "instructions": "",
            "contentTypeId": 0
        },
        {
            "id": 100472,
            "master": false,
            "questionName": "Squeegee",
            "instructions": "",
            "contentTypeId": 0
        },
        {
            "id": 100038,
            "master": false,
            "questionName": "Stanchion Sign Frame",
            "instructions": "",
            "contentTypeId": 0
        },
        {
            "id": 100338,
            "master": false,
            "questionName": "Start Cooling Temperature",
            "instructions": "",
            "contentTypeId": 0
        },
        {
            "id": 100339,
            "master": false,
            "questionName": "Start Cooling Temperature",
            "instructions": "",
            "contentTypeId": 0
        },
        {
            "id": 100332,
            "master": false,
            "questionName": "Start Cooling Time",
            "instructions": "",
            "contentTypeId": 0
        },
        {
            "id": 100605,
            "master": false,
            "questionName": "Status of environment around ?",
            "instructions": "",
            "contentTypeId": 0
        },
        {
            "id": 100539,
            "master": false,
            "questionName": "Steak: Verify carry over procedures followed and temperature at 40F or below",
            "instructions": "",
            "contentTypeId": 0
        },
        {
            "id": 100540,
            "master": false,
            "questionName": "Steak's Temperature",
            "instructions": "",
            "contentTypeId": 0
        },
        {
            "id": 240,
            "master": true,
            "questionName": "Steam Dairy Large Latte Temperature",
            "instructions": null,
            "contentTypeId": 0
        },
        {
            "id": 258,
            "master": true,
            "questionName": "Steam wands were soaked for a total of 10 minutes?",
            "instructions": "",
            "contentTypeId": 0
        },
        {
            "id": 100056,
            "master": false,
            "questionName": "Stickers & Job Aids",
            "instructions": "",
            "contentTypeId": 0
        },
        {
            "id": 121,
            "master": true,
            "questionName": "Stock Area (clean, organized, off of floor)",
            "instructions": "3",
            "contentTypeId": 2
        },
        {
            "id": 100483,
            "master": false,
            "questionName": "Stock cheese in the warmer",
            "instructions": "",
            "contentTypeId": 0
        },
        {
            "id": 100428,
            "master": false,
            "questionName": "Stock cheese on the warmer",
            "instructions": "",
            "contentTypeId": 0
        },
        {
            "id": 90,
            "master": true,
            "questionName": "Stock Shelves (clean/organized/shopping bags)",
            "instructions": null,
            "contentTypeId": 0
        },
        {
            "id": 100563,
            "master": false,
            "questionName": "stopwatch calculation",
            "instructions": "stopwatch calculation",
            "contentTypeId": 0
        },
        {
            "id": 1032,
            "master": true,
            "questionName": "Sugar Dispenser",
            "instructions": "",
            "contentTypeId": 0
        },
        {
            "id": 1050,
            "master": true,
            "questionName": "Sugar Dispensors - Change Sugar Tube",
            "instructions": "",
            "contentTypeId": 0
        },
        {
            "id": 100626,
            "master": false,
            "questionName": "Sugar measure",
            "instructions": "",
            "contentTypeId": 0
        },
        {
            "id": 1051,
            "master": true,
            "questionName": "SureShot Dairy Dispenser Valve Assembly with Thermistor",
            "instructions": "",
            "contentTypeId": 0
        },
        {
            "id": 100162,
            "master": false,
            "questionName": "Surrounding landscaping is litter free",
            "instructions": "",
            "contentTypeId": 0
        },
        {
            "id": 100389,
            "master": false,
            "questionName": "Sweep and mop the floor",
            "instructions": "",
            "contentTypeId": 0
        },
        {
            "id": 100404,
            "master": false,
            "questionName": "Sweep dining room floor",
            "instructions": "",
            "contentTypeId": 0
        },
        {
            "id": 100354,
            "master": false,
            "questionName": "Sweep dining room floor, patio (where applicable)",
            "instructions": "",
            "contentTypeId": 0
        },
        {
            "id": 100420,
            "master": false,
            "questionName": "Sweep the floor",
            "instructions": "",
            "contentTypeId": 0
        },
        {
            "id": 100469,
            "master": false,
            "questionName": "Sweep the kitchen (front to back)",
            "instructions": "",
            "contentTypeId": 0
        },
        {
            "id": 1033,
            "master": true,
            "questionName": "Syrup Pumps/Syrup Rail",
            "instructions": "",
            "contentTypeId": 0
        },
        {
            "id": 117,
            "master": true,
            "questionName": "T.Chef, Toaster, Hot Hold units (on, clean, timers)",
            "instructions": null,
            "contentTypeId": 0
        },
        {
            "id": 204,
            "master": true,
            "questionName": "Tables and Seats in Good Condition?",
            "instructions": null,
            "contentTypeId": 0
        },
        {
            "id": 65,
            "master": true,
            "questionName": "Tables/Chairs/Highchairs/Signage (clean)",
            "instructions": null,
            "contentTypeId": 0
        },
        {
            "id": 100431,
            "master": false,
            "questionName": "Tablet(s) returned to charging station",
            "instructions": "",
            "contentTypeId": 0
        },
        {
            "id": 100743,
            "master": false,
            "questionName": "Take a picture of the black beans.",
            "instructions": null,
            "contentTypeId": 0
        },
        {
            "id": 100742,
            "master": false,
            "questionName": "Take a picture of the chickpea korma.",
            "instructions": null,
            "contentTypeId": 0
        },
        {
            "id": 100756,
            "master": false,
            "questionName": "Take a picture of the cooked chicken.",
            "instructions": null,
            "contentTypeId": 0
        },
        {
            "id": 100754,
            "master": false,
            "questionName": "Take a picture of the prep board.",
            "instructions": "taking picture is important.",
            "contentTypeId": 0
        },
        {
            "id": 100738,
            "master": false,
            "questionName": "Take a picture of the rice.",
            "instructions": "Has the rice immediately been soaked for the next day after the first round of rice was placed in the oven. NOTE: Second round of rice should be in after the first round, all rice for the day should be cooked as soon as possible.",
            "contentTypeId": 0
        },
        {
            "id": 100775,
            "master": false,
            "questionName": "Take a picture of the station set up and ready to go.",
            "instructions": null,
            "contentTypeId": 0
        },
        {
            "id": 100777,
            "master": false,
            "questionName": "Take a picture of the stocked beverage cooler.",
            "instructions": null,
            "contentTypeId": 0
        },
        {
            "id": 100763,
            "master": false,
            "questionName": "Take a picture of the stocked freezer.",
            "instructions": null,
            "contentTypeId": 0
        },
        {
            "id": 100445,
            "master": false,
            "questionName": "Take apart tea urn, include valves, and use wire brush to clean parts",
            "instructions": "",
            "contentTypeId": 0
        },
        {
            "id": 100388,
            "master": false,
            "questionName": "Take out all trash using the \"buddy system\"",
            "instructions": "",
            "contentTypeId": 0
        },
        {
            "id": 273,
            "master": true,
            "questionName": "TAPS Cooler temp (right side only)",
            "instructions": "",
            "contentTypeId": 0
        },
        {
            "id": 100564,
            "master": false,
            "questionName": "Task date",
            "instructions": "Task date",
            "contentTypeId": 0
        },
        {
            "id": 100631,
            "master": false,
            "questionName": "TDS",
            "instructions": "Take TDS every day",
            "contentTypeId": 0
        },
        {
            "id": 100579,
            "master": false,
            "questionName": "tea making process ?",
            "instructions": "3",
            "contentTypeId": 2
        },
        {
            "id": 100509,
            "master": false,
            "questionName": "Team members are NOT chewing, eating, drinking or smoking in food area",
            "instructions": "Record at a minimum 2 times per day, but monitor throughout the day\r<div><br></div>",
            "contentTypeId": 0
        },
        {
            "id": 100508,
            "master": false,
            "questionName": "Team Members show no sign of illness, visible cuts or sores. Blue bandages and gloves worn on visible cuts.",
            "instructions": "Record at a minimum 2 times per day, but monitor throughout the day\r<div><br></div>",
            "contentTypeId": 0
        },
        {
            "id": 100664,
            "master": false,
            "questionName": "Temp status of coke",
            "instructions": "",
            "contentTypeId": 0
        },
        {
            "id": 100194,
            "master": false,
            "questionName": "Temperature",
            "instructions": "",
            "contentTypeId": 0
        },
        {
            "id": 100333,
            "master": false,
            "questionName": "Temperature (after 2 hours)",
            "instructions": "Product must be below 41 F within first 2 hours and below 41 F within nest 4 hours.\r<div>\r</div><div>Place blanched potatoes on cooling rack starting at the bottom and going up, alternative spaces.\r</div><div>Include the first tray of fries blanched and the last tray of fries blanched for the day.</div><div>\r</div>",
            "contentTypeId": 0
        },
        {
            "id": 100334,
            "master": false,
            "questionName": "Temperature (after 4 hours)",
            "instructions": "Product must be below 41 F within first 2 hours and below 41 F within nest 4 hours.<div><br><div></div><div>Place blanched potatoes on cooling rack starting at the bottom and going up, alternative spaces.\r</div><div><br></div><div>Include the first tray of fries blanched and the last tray of fries blanched for the day.</div><div>\r</div></div>",
            "contentTypeId": 0
        },
        {
            "id": 100734,
            "master": false,
            "questionName": "Temperature is too high",
            "instructions": "23",
            "contentTypeId": 2
        },
        {
            "id": 100637,
            "master": false,
            "questionName": "temperature of coffee",
            "instructions": "",
            "contentTypeId": 0
        },
        {
            "id": 100619,
            "master": false,
            "questionName": "Temperature of cold coffee",
            "instructions": "",
            "contentTypeId": 0
        },
        {
            "id": 100611,
            "master": false,
            "questionName": "Temperature of cold coffee ?",
            "instructions": "Temperature should be not more than desired.",
            "contentTypeId": 0
        },
        {
            "id": 100636,
            "master": false,
            "questionName": "Temperature of food",
            "instructions": "",
            "contentTypeId": 0
        },
        {
            "id": 100612,
            "master": false,
            "questionName": "Temperature of hot coffee ?",
            "instructions": "",
            "contentTypeId": 0
        },
        {
            "id": 100234,
            "master": false,
            "questionName": "Temperature Record",
            "instructions": "",
            "contentTypeId": 0
        },
        {
            "id": 100565,
            "master": false,
            "questionName": "Temperature?",
            "instructions": "",
            "contentTypeId": 0
        },
        {
            "id": 100277,
            "master": false,
            "questionName": "Tender Mis - cuts",
            "instructions": "",
            "contentTypeId": 0
        },
        {
            "id": 100196,
            "master": false,
            "questionName": "Tenders",
            "instructions": "",
            "contentTypeId": 0
        },
        {
            "id": 100274,
            "master": false,
            "questionName": "Tenders (bags)",
            "instructions": "",
            "contentTypeId": 0
        },
        {
            "id": 100289,
            "master": false,
            "questionName": "Tenders in Container",
            "instructions": "",
            "contentTypeId": 0
        },
        {
            "id": 100290,
            "master": false,
            "questionName": "Tenders in Freezer#1",
            "instructions": "",
            "contentTypeId": 0
        },
        {
            "id": 100291,
            "master": false,
            "questionName": "Tenders in Freezer#2",
            "instructions": "",
            "contentTypeId": 0
        },
        {
            "id": 100000,
            "master": false,
            "questionName": "Test 1 Status",
            "instructions": "",
            "contentTypeId": 0
        },
        {
            "id": 100001,
            "master": false,
            "questionName": "Test 2 Status",
            "instructions": "",
            "contentTypeId": 0
        },
        {
            "id": 186,
            "master": true,
            "questionName": "The thermocouple has been cleaned, sanitized, and caliberated and is ready to use for documentring internal product temperatures every 4 hours?",
            "instructions": null,
            "contentTypeId": 0
        },
        {
            "id": 100496,
            "master": false,
            "questionName": "Thermometer available, calibrated and in use",
            "instructions": "Thermometer must be calibrated 2 times per day prior to completing the checklist",
            "contentTypeId": 0
        },
        {
            "id": 162,
            "master": true,
            "questionName": "Thermometer Calibration",
            "instructions": null,
            "contentTypeId": 0
        },
        {
            "id": 100282,
            "master": false,
            "questionName": "Thighs in Container",
            "instructions": "",
            "contentTypeId": 0
        },
        {
            "id": 100283,
            "master": false,
            "questionName": "Thighs in Cooler",
            "instructions": "",
            "contentTypeId": 0
        },
        {
            "id": 100284,
            "master": false,
            "questionName": "Thighs in Freezer",
            "instructions": "",
            "contentTypeId": 0
        },
        {
            "id": 100287,
            "master": false,
            "questionName": "Thighs in Freezer#1",
            "instructions": "",
            "contentTypeId": 0
        },
        {
            "id": 100288,
            "master": false,
            "questionName": "Thighs in Freezer#2",
            "instructions": "",
            "contentTypeId": 0
        },
        {
            "id": 128,
            "master": true,
            "questionName": "Throwaways and In Store Baking documented for previous day",
            "instructions": null,
            "contentTypeId": 0
        },
        {
            "id": 100176,
            "master": false,
            "questionName": "Time after removing from freyer",
            "instructions": "Pre-breaded Tenders temp below 41F within 6 hrs after removing from fryer (check 1st cart of day and record temperature)",
            "contentTypeId": 0
        },
        {
            "id": 100214,
            "master": false,
            "questionName": "Time after removing from fryer",
            "instructions": "Pre-breaded Tenders temp below 70F within 2 hrs after removing from fryer (check 1st cart of day and record temperature)",
            "contentTypeId": 0
        },
        {
            "id": 100603,
            "master": false,
            "questionName": "Time of starting ?",
            "instructions": "",
            "contentTypeId": 0
        },
        {
            "id": 130,
            "master": true,
            "questionName": "Time punches from previous day verified",
            "instructions": null,
            "contentTypeId": 0
        },
        {
            "id": 100193,
            "master": false,
            "questionName": "Time since removed from fryer",
            "instructions": "",
            "contentTypeId": 0
        },
        {
            "id": 100587,
            "master": true,
            "questionName": "Time taken by milk for cooling ?",
            "instructions": "22558",
            "contentTypeId": 1
        },
        {
            "id": 100586,
            "master": false,
            "questionName": "Time taken by milk for heating",
            "instructions": "19",
            "contentTypeId": 2
        },
        {
            "id": 100562,
            "master": false,
            "questionName": "Time taken during the task",
            "instructions": "Time taken during the task",
            "contentTypeId": 0
        },
        {
            "id": 100597,
            "master": false,
            "questionName": "Time taken to complete the task",
            "instructions": "",
            "contentTypeId": 0
        },
        {
            "id": 100105,
            "master": false,
            "questionName": "Toaster/Grill",
            "instructions": "",
            "contentTypeId": 0
        },
        {
            "id": 85,
            "master": true,
            "questionName": "Toilet Paper stocked",
            "instructions": null,
            "contentTypeId": 0
        },
        {
            "id": 100592,
            "master": false,
            "questionName": "Tolerance of equipment",
            "instructions": "22597",
            "contentTypeId": 1
        },
        {
            "id": 173,
            "master": true,
            "questionName": "Top Reachin",
            "instructions": null,
            "contentTypeId": 0
        },
        {
            "id": 44,
            "master": true,
            "questionName": "Top Temperature",
            "instructions": null,
            "contentTypeId": 0
        },
        {
            "id": 100588,
            "master": false,
            "questionName": "Total time for coffee preparation",
            "instructions": "23",
            "contentTypeId": 2
        },
        {
            "id": 100614,
            "master": false,
            "questionName": "Total time for coffee preparation ?",
            "instructions": "",
            "contentTypeId": 0
        },
        {
            "id": 100146,
            "master": false,
            "questionName": "Trash bins are not full and free of litter",
            "instructions": "",
            "contentTypeId": 0
        },
        {
            "id": 100166,
            "master": false,
            "questionName": "Trash cans clean and have no trash liners showing",
            "instructions": "",
            "contentTypeId": 0
        },
        {
            "id": 66,
            "master": true,
            "questionName": "Trash Receptacles (clean, empty, bag tucked)",
            "instructions": null,
            "contentTypeId": 0
        },
        {
            "id": 113,
            "master": true,
            "questionName": "Trash Receptacles (clean, empty, bags tucked)",
            "instructions": null,
            "contentTypeId": 0
        },
        {
            "id": 80,
            "master": true,
            "questionName": "Trash Receptacles clean, lids and bags tucked",
            "instructions": null,
            "contentTypeId": 0
        },
        {
            "id": 157,
            "master": true,
            "questionName": "Turbochef oven clean in and out",
            "instructions": null,
            "contentTypeId": 0
        },
        {
            "id": 1034,
            "master": true,
            "questionName": "TurboChef/Encore-Back Exhaust",
            "instructions": "",
            "contentTypeId": 0
        },
        {
            "id": 100434,
            "master": false,
            "questionName": "Turn off all lights, set alarm, and lock front door",
            "instructions": "",
            "contentTypeId": 0
        },
        {
            "id": 100442,
            "master": false,
            "questionName": "Turn off music and TVs",
            "instructions": "",
            "contentTypeId": 0
        },
        {
            "id": 100447,
            "master": false,
            "questionName": "Turn off Open sign (if applicable)",
            "instructions": "",
            "contentTypeId": 0
        },
        {
            "id": 100375,
            "master": false,
            "questionName": "Turn on Fryer to 350F",
            "instructions": "",
            "contentTypeId": 0
        },
        {
            "id": 100446,
            "master": false,
            "questionName": "Turn on maglock",
            "instructions": "",
            "contentTypeId": 0
        },
        {
            "id": 100364,
            "master": false,
            "questionName": "Turn on music and TVs (sports stations only)",
            "instructions": "",
            "contentTypeId": 0
        },
        {
            "id": 100370,
            "master": false,
            "questionName": "Turn on Open sign",
            "instructions": "",
            "contentTypeId": 0
        },
        {
            "id": 100374,
            "master": false,
            "questionName": "Turn on Oven to 325F for convection, 350F for conventional",
            "instructions": "",
            "contentTypeId": 0
        },
        {
            "id": 100368,
            "master": false,
            "questionName": "Turn on soda machine. Ensure the soda machine is not out of any flavors and filled with ice",
            "instructions": "",
            "contentTypeId": 0
        },
        {
            "id": 100373,
            "master": false,
            "questionName": "Turn on vent hood",
            "instructions": "",
            "contentTypeId": 0
        },
        {
            "id": 93,
            "master": true,
            "questionName": "Under Counter Coolers (clean, stocked)",
            "instructions": null,
            "contentTypeId": 0
        },
        {
            "id": 100055,
            "master": false,
            "questionName": "Under Counter Storage",
            "instructions": "",
            "contentTypeId": 0
        },
        {
            "id": 100215,
            "master": false,
            "questionName": "Undercooked",
            "instructions": "",
            "contentTypeId": 0
        },
        {
            "id": 100371,
            "master": false,
            "questionName": "Unlock front door",
            "instructions": "",
            "contentTypeId": 0
        },
        {
            "id": 1052,
            "master": true,
            "questionName": "Upright Dessert Freezer",
            "instructions": "",
            "contentTypeId": 0
        },
        {
            "id": 100039,
            "master": false,
            "questionName": "Upright Freezer",
            "instructions": "",
            "contentTypeId": 0
        },
        {
            "id": 100652,
            "master": false,
            "questionName": "user's feedback ?",
            "instructions": "feedback here",
            "contentTypeId": 0
        },
        {
            "id": 100646,
            "master": false,
            "questionName": "user's view about the product ??",
            "instructions": "user's view",
            "contentTypeId": 0
        },
        {
            "id": 100396,
            "master": false,
            "questionName": "Using FIFO bring enough boneless wings and tenders to cover the shift from the walk-in-cooler and place it in the reach-in-freezer",
            "instructions": "",
            "contentTypeId": 0
        },
        {
            "id": 100415,
            "master": false,
            "questionName": "Using FIFO bring enough boneless wings and tenders to cover the shift from the walk-in-cooler and place it in walk-in-freezer",
            "instructions": "",
            "contentTypeId": 0
        },
        {
            "id": 100414,
            "master": false,
            "questionName": "Using FIFO bring enough classic wings to cover the shift from the walk-in-cooler and place in the chicken cooler",
            "instructions": "",
            "contentTypeId": 0
        },
        {
            "id": 100395,
            "master": false,
            "questionName": "Using FIFO bring enough classic wings to cover the shift from walk-in-cooler and place in the chicken cooler",
            "instructions": "",
            "contentTypeId": 0
        },
        {
            "id": 100413,
            "master": false,
            "questionName": "Using FIFO refill all sauces",
            "instructions": "",
            "contentTypeId": 0
        },
        {
            "id": 100412,
            "master": false,
            "questionName": "Using FIFO rotate and restock RAN, BC and HM",
            "instructions": "",
            "contentTypeId": 0
        },
        {
            "id": 108,
            "master": true,
            "questionName": "Utensils (clean, stocked)",
            "instructions": null,
            "contentTypeId": 0
        },
        {
            "id": 100638,
            "master": false,
            "questionName": "Validated Values of Data on the points",
            "instructions": "Validated Values of Data on the points",
            "contentTypeId": 0
        },
        {
            "id": 100174,
            "master": false,
            "questionName": "Vegetable Cooler",
            "instructions": "",
            "contentTypeId": 0
        },
        {
            "id": 100678,
            "master": false,
            "questionName": "verification of outlets",
            "instructions": "all outlets",
            "contentTypeId": 0
        },
        {
            "id": 100639,
            "master": false,
            "questionName": "Verify all the food quality and safety guideline",
            "instructions": "Please do the quality&nbsp;",
            "contentTypeId": 0
        },
        {
            "id": 100497,
            "master": false,
            "questionName": "Verify carry over procedures followed and temperature at 40F or below",
            "instructions": "",
            "contentTypeId": 0
        },
        {
            "id": 100399,
            "master": false,
            "questionName": "Verify Midday Workflow was completed by AM Manager/Team Leader",
            "instructions": "",
            "contentTypeId": 0
        },
        {
            "id": 100342,
            "master": false,
            "questionName": "Verify prep list from the night before",
            "instructions": "",
            "contentTypeId": 0
        },
        {
            "id": 100341,
            "master": false,
            "questionName": "Verify previous night's close, make notes for coaching opportunities",
            "instructions": "",
            "contentTypeId": 0
        },
        {
            "id": 100377,
            "master": false,
            "questionName": "Verify the boneless wings and tenders were stocked, labeled, and rotated by previous closing shift",
            "instructions": "",
            "contentTypeId": 0
        },
        {
            "id": 100557,
            "master": false,
            "questionName": "verify the cleaningness",
            "instructions": "Cleaningness",
            "contentTypeId": 0
        },
        {
            "id": 100400,
            "master": false,
            "questionName": "Verify there is enough product prepped for evening shift",
            "instructions": "",
            "contentTypeId": 0
        },
        {
            "id": 100391,
            "master": false,
            "questionName": "Verify time and temp log for corrective actions needed/taken",
            "instructions": "",
            "contentTypeId": 0
        },
        {
            "id": 100310,
            "master": false,
            "questionName": "Visi Cooler",
            "instructions": "",
            "contentTypeId": 0
        },
        {
            "id": 100443,
            "master": false,
            "questionName": "Visi-cooler: Rotate/stock products and clean the glass/door rail",
            "instructions": "",
            "contentTypeId": 0
        },
        {
            "id": 100221,
            "master": false,
            "questionName": "Voids Present (bare sports, seasoning blank spots, etc.)",
            "instructions": "Do you see or feel any issues with the breading/seasoning?",
            "contentTypeId": 0
        },
        {
            "id": 100323,
            "master": false,
            "questionName": "Walk in Cooler",
            "instructions": "\"Take temperature of prepped tomatoes and 1 other cold ingredient for each line. If tomatoes are not present, take temperatures of any 2 cold ingredients.&nbsp;<div>For heated cabinet, check 2 potentially hazardous items (beef, beans, chicken, etc.). Cold Food = 33–40°F; Hot Food = 160°F or greater; Rethermalizer Food = 165°F or greater; Frozen Food = Less than 10°F.</div><div>Note: If no product is available, write “N/A”. Record additional pieces of equipment and their associated temperatures in the Comments section below.\"\r</div><div><br></div>",
            "contentTypeId": 0
        },
        {
            "id": 100321,
            "master": false,
            "questionName": "Walk in Freezer",
            "instructions": "",
            "contentTypeId": 0
        },
        {
            "id": 100518,
            "master": false,
            "questionName": "Walk-in Cooler",
            "instructions": "\"Take temperature of prepped tomatoes and 1 other cold ingredient for each line. If tomatoes are not present, take temperatures of any 2 cold ingredients. For heated cabinet, check 2<div>potentially hazardous items (beef, beans, chicken, etc.). Cold Food = 33–40°F; Hot Food = 160°F or greater; Rethermalizer Food = 165°F or greater; Frozen Food = Less than 10°F.</div><div>Note: If no product is available, write “N/A”. Record additional pieces of equipment and their associated temperatures in the Comments section below.\"\n</div><div><br></div>",
            "contentTypeId": 0
        },
        {
            "id": 100556,
            "master": false,
            "questionName": "Walk-in Cooler Temperature",
            "instructions": "\"Take temperature of prepped tomatoes and 1 other cold ingredient for each line. If tomatoes are not present, take temperatures of any 2 cold ingredients.&nbsp;<div>For heated cabinet, check 2 potentially hazardous items (beef, beans, chicken, etc.). Cold Food = 33–40°F; Hot Food = 160°F or greater; Rethermalizer Food = 165°F or greater; Frozen Food = Less than 10°F.</div><div>Note: If no product is available, write “N/A”. Record additional pieces of equipment and their associated temperatures in the Comments section below.\"\r</div><div><br></div>",
            "contentTypeId": 0
        },
        {
            "id": 100109,
            "master": false,
            "questionName": "WALK-IN COOLER, FREEZER, HEATED CABINETS, FRYERS AND ALL LINE EQUIPMENT ARE WORKING",
            "instructions": "",
            "contentTypeId": 0
        },
        {
            "id": 1035,
            "master": true,
            "questionName": "Walk-in Cooler/Freezer",
            "instructions": "",
            "contentTypeId": 0
        },
        {
            "id": 100094,
            "master": false,
            "questionName": "Walk-in Fan Guards",
            "instructions": "",
            "contentTypeId": 0
        },
        {
            "id": 1053,
            "master": true,
            "questionName": "Walk-in Freezer and Freezer Walls",
            "instructions": "",
            "contentTypeId": 0
        },
        {
            "id": 100079,
            "master": false,
            "questionName": "Walk-in Shelving/Walls",
            "instructions": "",
            "contentTypeId": 0
        },
        {
            "id": 100023,
            "master": false,
            "questionName": "Walk-in-Doors",
            "instructions": "",
            "contentTypeId": 0
        },
        {
            "id": 119,
            "master": true,
            "questionName": "Walk-Ins (clean, organized, temp)",
            "instructions": null,
            "contentTypeId": 0
        },
        {
            "id": 100705,
            "master": false,
            "questionName": "Walk-ins(Clean,Organised,Temp)",
            "instructions": null,
            "contentTypeId": 0
        },
        {
            "id": 100063,
            "master": false,
            "questionName": "Walk-in-Shelving",
            "instructions": "",
            "contentTypeId": 0
        },
        {
            "id": 100064,
            "master": false,
            "questionName": "Walk-in-Shelving",
            "instructions": "",
            "contentTypeId": 0
        },
        {
            "id": 1054,
            "master": true,
            "questionName": "Walls and Ceilings",
            "instructions": "",
            "contentTypeId": 0
        },
        {
            "id": 100012,
            "master": false,
            "questionName": "Walls Behind Fryers",
            "instructions": "",
            "contentTypeId": 0
        },
        {
            "id": 87,
            "master": true,
            "questionName": "Walls clean",
            "instructions": null,
            "contentTypeId": 0
        },
        {
            "id": 70,
            "master": true,
            "questionName": "Walls, Baseboards, & Décor (clean)",
            "instructions": null,
            "contentTypeId": 0
        },
        {
            "id": 100191,
            "master": false,
            "questionName": "Warm Water",
            "instructions": "Hand sink accessible, Clean, working, stocked and used for only hand washing",
            "contentTypeId": 0
        },
        {
            "id": 100107,
            "master": false,
            "questionName": "WASH AND SANITIZE HAND/GLOVE UP",
            "instructions": "",
            "contentTypeId": 0
        },
        {
            "id": 100108,
            "master": false,
            "questionName": "WASH AND SANITIZE HANDS/GLOVE UP",
            "instructions": "",
            "contentTypeId": 0
        },
        {
            "id": 100490,
            "master": false,
            "questionName": "Wash, rinse and sanitize the 2 compartment sink.",
            "instructions": "",
            "contentTypeId": 0
        },
        {
            "id": 100491,
            "master": false,
            "questionName": "Wash, rinse and sanitize the 3 compartment sink after finishing all dishes",
            "instructions": "",
            "contentTypeId": 0
        },
        {
            "id": 100488,
            "master": false,
            "questionName": "Wash, rinse, and sanitize all dishes",
            "instructions": "",
            "contentTypeId": 0
        },
        {
            "id": 100372,
            "master": false,
            "questionName": "Wash, rinse, and sanitize sinks",
            "instructions": "",
            "contentTypeId": 0
        },
        {
            "id": 100489,
            "master": false,
            "questionName": "Wash, rinse, and sanitize the chicken bucket system and the table/reach-in-last each night to avoid cross contamination",
            "instructions": "",
            "contentTypeId": 0
        },
        {
            "id": 1036,
            "master": true,
            "questionName": "Water Meter Spout",
            "instructions": "",
            "contentTypeId": 0
        },
        {
            "id": 11,
            "master": true,
            "questionName": "Water temp.",
            "instructions": null,
            "contentTypeId": 0
        },
        {
            "id": 35,
            "master": true,
            "questionName": "Water Weight",
            "instructions": null,
            "contentTypeId": 0
        },
        {
            "id": 100089,
            "master": false,
            "questionName": "Wedge Workstation",
            "instructions": "",
            "contentTypeId": 0
        },
        {
            "id": 100418,
            "master": false,
            "questionName": "Weigh the waste and miss-cut chicken and record in the Manager's Red Book and NBO",
            "instructions": "",
            "contentTypeId": 0
        },
        {
            "id": 100620,
            "master": false,
            "questionName": "Weighing and measuring of sandwich ingredients",
            "instructions": "",
            "contentTypeId": 0
        },
        {
            "id": 100621,
            "master": false,
            "questionName": "Weighing and measuring of sandwich ingredients 1",
            "instructions": "",
            "contentTypeId": 0
        },
        {
            "id": 100622,
            "master": false,
            "questionName": "Weighing and measuring of sandwich ingredients 2",
            "instructions": "",
            "contentTypeId": 0
        },
        {
            "id": 100624,
            "master": false,
            "questionName": "Weighing and measuring of sandwich ingredients 3",
            "instructions": "",
            "contentTypeId": 0
        },
        {
            "id": 100727,
            "master": false,
            "questionName": "Weight (1): 4.0 to 4.5 oz",
            "instructions": null,
            "contentTypeId": 0
        },
        {
            "id": 100731,
            "master": false,
            "questionName": "Weight (1): 4.3 to 5.9 oz",
            "instructions": null,
            "contentTypeId": 0
        },
        {
            "id": 100723,
            "master": false,
            "questionName": "Weight (3): 6.0 to 7.5 oz",
            "instructions": null,
            "contentTypeId": 0
        },
        {
            "id": 100618,
            "master": false,
            "questionName": "weight of coffee glass ?",
            "instructions": "",
            "contentTypeId": 0
        },
        {
            "id": 100617,
            "master": false,
            "questionName": "Weight of instrument ?",
            "instructions": "",
            "contentTypeId": 0
        },
        {
            "id": 100616,
            "master": false,
            "questionName": "Weight of the machine ?",
            "instructions": "",
            "contentTypeId": 0
        },
        {
            "id": 264,
            "master": true,
            "questionName": "Were all trays and grills sanitized?",
            "instructions": "",
            "contentTypeId": 0
        },
        {
            "id": 100048,
            "master": false,
            "questionName": "Wet floor Signs",
            "instructions": "",
            "contentTypeId": 0
        },
        {
            "id": 216,
            "master": true,
            "questionName": "Wet Floor Signs Available and Used as Needed?",
            "instructions": "19",
            "contentTypeId": 2
        },
        {
            "id": 100632,
            "master": false,
            "questionName": "What is need of new machine?",
            "instructions": "What is need of new machine?",
            "contentTypeId": 0
        },
        {
            "id": 100633,
            "master": false,
            "questionName": "What is need of new machine1?",
            "instructions": "What is need of new machine?",
            "contentTypeId": 0
        },
        {
            "id": 100706,
            "master": false,
            "questionName": "What is the EP NITRATES over 6 must call DL or Director of Ops",
            "instructions": "This is the Nitrate level after the Filter System",
            "contentTypeId": 0
        },
        {
            "id": 100684,
            "master": false,
            "questionName": "What is the least waiting time?",
            "instructions": "18",
            "contentTypeId": 0
        },
        {
            "id": 100708,
            "master": false,
            "questionName": "What is the Main Meter Reading",
            "instructions": "This is the number from the meter",
            "contentTypeId": 0
        },
        {
            "id": 100709,
            "master": false,
            "questionName": "What is the Main Meter Usage",
            "instructions": "This is the Main Meter Reading subtracted from the prior day to get the usage.",
            "contentTypeId": 0
        },
        {
            "id": 100707,
            "master": false,
            "questionName": "What is the Raw Nitrate Count?",
            "instructions": "This is the first reading taken right from the tap before the filtration",
            "contentTypeId": 0
        },
        {
            "id": 100704,
            "master": false,
            "questionName": "what is the temperature in second time",
            "instructions": "5",
            "contentTypeId": 2
        },
        {
            "id": 100682,
            "master": false,
            "questionName": "What is the time of opening the stall?",
            "instructions": "18",
            "contentTypeId": 0
        },
        {
            "id": 100688,
            "master": false,
            "questionName": "what is the weight of drink ?",
            "instructions": "what is the weight of drink",
            "contentTypeId": 0
        },
        {
            "id": 100687,
            "master": false,
            "questionName": "What is the weight of the machine?",
            "instructions": "18",
            "contentTypeId": 0
        },
        {
            "id": 100602,
            "master": false,
            "questionName": "When does the task started ?",
            "instructions": "",
            "contentTypeId": 0
        },
        {
            "id": 100725,
            "master": false,
            "questionName": "Width (1): 3-1/4 to 3-1/2 in",
            "instructions": null,
            "contentTypeId": 0
        },
        {
            "id": 100729,
            "master": false,
            "questionName": "Width (1): 4 to 4-5/8 in",
            "instructions": null,
            "contentTypeId": 0
        },
        {
            "id": 1037,
            "master": true,
            "questionName": "Windows",
            "instructions": "https://opssite.workpulse.com/People/StepPreview?stepId=2323&actionId=9",
            "contentTypeId": 0
        },
        {
            "id": 58,
            "master": true,
            "questionName": "Windows & Sills (clean)",
            "instructions": null,
            "contentTypeId": 0
        },
        {
            "id": 100145,
            "master": false,
            "questionName": "Windows are clean and free of fingerprints",
            "instructions": "",
            "contentTypeId": 0
        },
        {
            "id": 100156,
            "master": false,
            "questionName": "Windows are clean, POP window clings straight with no tears or bubbles",
            "instructions": "",
            "contentTypeId": 0
        },
        {
            "id": 69,
            "master": true,
            "questionName": "Windows/Doors/Sills (clean)",
            "instructions": null,
            "contentTypeId": 0
        },
        {
            "id": 100279,
            "master": false,
            "questionName": "Wings in Container",
            "instructions": "",
            "contentTypeId": 0
        },
        {
            "id": 100280,
            "master": false,
            "questionName": "Wings in Cooler",
            "instructions": "",
            "contentTypeId": 0
        },
        {
            "id": 100281,
            "master": false,
            "questionName": "Wings in Freezer",
            "instructions": "",
            "contentTypeId": 0
        },
        {
            "id": 100285,
            "master": false,
            "questionName": "Wings in Freezer#1",
            "instructions": "",
            "contentTypeId": 0
        },
        {
            "id": 100286,
            "master": false,
            "questionName": "Wings in Freezer#2",
            "instructions": "",
            "contentTypeId": 0
        },
        {
            "id": 100365,
            "master": false,
            "questionName": "Wipe all green ledges",
            "instructions": "",
            "contentTypeId": 0
        },
        {
            "id": 100468,
            "master": false,
            "questionName": "Wipe clean all fryers, inside and out",
            "instructions": "",
            "contentTypeId": 0
        },
        {
            "id": 100405,
            "master": false,
            "questionName": "Wipe down all tables & chairs",
            "instructions": "",
            "contentTypeId": 0
        },
        {
            "id": 100357,
            "master": false,
            "questionName": "Wipe down and clean chair and table legs, chair backs and seat cushions",
            "instructions": "",
            "contentTypeId": 0
        },
        {
            "id": 100454,
            "master": false,
            "questionName": "Wipe down stainless steel wall behind the fryers",
            "instructions": "",
            "contentTypeId": 0
        },
        {
            "id": 100455,
            "master": false,
            "questionName": "Wipe down the vent hood",
            "instructions": "",
            "contentTypeId": 0
        },
        {
            "id": 1001,
            "master": true,
            "questionName": "WMF Espresso Machine -  Milk Containers",
            "instructions": "",
            "contentTypeId": 0
        },
        {
            "id": 100643,
            "master": false,
            "questionName": "Your Family Name??",
            "instructions": "",
            "contentTypeId": 0
        },
        {
            "id": 100642,
            "master": false,
            "questionName": "Your Name??",
            "instructions": "",
            "contentTypeId": 0
        }
    ],
    "readingTypes": [
        {
            "text": "Device",
            "value": 102
        },
        {
            "text": "Manual",
            "value": 101
        }
    ],
    "inputTypes": [
        {
            "id": 14,
            "unitId": null,
            "inputName": "Checkbox",
            "inputType": "Checkbox",
            "decimalValue": 0,
            "master": true,
            "unitName": null
        },
        {
            "id": 13,
            "unitId": 15,
            "inputName": "Count (ea)",
            "inputType": "Numeric",
            "decimalValue": 0,
            "master": true,
            "unitName": null
        },
        {
            "id": 18,
            "unitId": null,
            "inputName": "Date",
            "inputType": "Date",
            "decimalValue": 0,
            "master": true,
            "unitName": null
        },
        {
            "id": 19,
            "unitId": null,
            "inputName": "DateTime",
            "inputType": "DateTime",
            "decimalValue": 0,
            "master": true,
            "unitName": null
        },
        {
            "id": 5,
            "unitId": 12,
            "inputName": "Humidity",
            "inputType": "Numeric",
            "decimalValue": 1,
            "master": true,
            "unitName": null
        },
        {
            "id": 10,
            "unitId": null,
            "inputName": "Image",
            "inputType": "Image",
            "decimalValue": 0,
            "master": true,
            "unitName": null
        },
        {
            "id": 15,
            "unitId": 16,
            "inputName": "Measure (in)",
            "inputType": "Numeric",
            "decimalValue": 0,
            "master": true,
            "unitName": null
        },
        {
            "id": 12,
            "unitId": 14,
            "inputName": "PPM",
            "inputType": "Numeric",
            "decimalValue": 0,
            "master": true,
            "unitName": null
        },
        {
            "id": 21,
            "unitId": null,
            "inputName": "Signature",
            "inputType": "Signature",
            "decimalValue": 0,
            "master": true,
            "unitName": null
        },
        {
            "id": 17,
            "unitId": 17,
            "inputName": "TDS",
            "inputType": "Numeric",
            "decimalValue": 2,
            "master": true,
            "unitName": null
        },
        {
            "id": 2,
            "unitId": 11,
            "inputName": "Temperature",
            "inputType": "Numeric",
            "decimalValue": 1,
            "master": true,
            "unitName": null
        },
        {
            "id": 20,
            "unitId": null,
            "inputName": "Text",
            "inputType": "Text",
            "decimalValue": 0,
            "master": true,
            "unitName": null
        },
        {
            "id": 1,
            "unitId": 2,
            "inputName": "Time (mins)",
            "inputType": "Numeric",
            "decimalValue": 2,
            "master": true,
            "unitName": null
        },
        {
            "id": 8,
            "unitId": 1,
            "inputName": "Time (secs)",
            "inputType": "Numeric",
            "decimalValue": 0,
            "master": true,
            "unitName": null
        },
        {
            "id": 16,
            "unitId": 1,
            "inputName": "Timer",
            "inputType": "Timer",
            "decimalValue": 0,
            "master": true,
            "unitName": null
        },
        {
            "id": 3,
            "unitId": 7,
            "inputName": "Volume (gal)",
            "inputType": "Numeric",
            "decimalValue": 0,
            "master": true,
            "unitName": null
        },
        {
            "id": 6,
            "unitId": 8,
            "inputName": "Volume (oz)",
            "inputType": "Numeric",
            "decimalValue": 2,
            "master": true,
            "unitName": null
        },
        {
            "id": 7,
            "unitId": 13,
            "inputName": "Weight (g)",
            "inputType": "Numeric",
            "decimalValue": 2,
            "master": true,
            "unitName": null
        },
        {
            "id": 4,
            "unitId": 9,
            "inputName": "Weight (lb)",
            "inputType": "Numeric",
            "decimalValue": 2,
            "master": true,
            "unitName": null
        },
        {
            "id": 11,
            "unitId": 8,
            "inputName": "Weight (oz)",
            "inputType": "Numeric",
            "decimalValue": 2,
            "master": true,
            "unitName": null
        },
        {
            "id": 9,
            "unitId": null,
            "inputName": "Yes/No",
            "inputType": "YesNo",
            "decimalValue": 0,
            "master": true,
            "unitName": null
        }
    ],
    "multipleReadingOptions": [
        {
            "text": "Single Reading",
            "value": 1
        },
        {
            "text": "Middle Number",
            "value": 2
        },
        {
            "text": "Three Readings",
            "value": 3
        }
    ],
    "isCriticalTask": false,
    "help": null,
    "settingDto": {
        "label": null
    }
}
Task generated with name as: Task Created by Automation_47
]]></system-out>
  </testcase>
</testsuite>