<?xml version="1.0" encoding="UTF-8"?>
<!-- Generated by org.testng.reporters.JUnitReportReporter -->
<testsuite hostname="DESKTOP-7AROHI4" failures="0" tests="1" name="workpulseapi.JournalNote" time="1.931" errors="0" timestamp="2024-02-14T12:33:11 IST" skipped="0">
  <testcase classname="workpulseapi.JournalNote" name="addjournalnote" time="1.931"/>
</testsuite> <!-- workpulseapi.JournalNote -->
